[ 2019-12-21T10:44:26+08:00 ] 10.6.0.32 /Experiment/
INFO: [ app_init ] --START--
INFO: Run Behavior\BuildLiteBehavior [ RunTime:0.000019s ]
INFO: [ app_init ] --END-- [ RunTime:0.000131s ]
INFO: [ app_begin ] --START--
INFO: Run Behavior\ReadHtmlCacheBehavior [ RunTime:0.000056s ]
INFO: [ app_begin ] --END-- [ RunTime:0.000105s ]

[ 2019-12-21T10:44:26+08:00 ] 10.6.0.32 /Experiment/index.php/Home/Login/login
INFO: [ app_init ] --START--
INFO: Run Behavior\BuildLiteBehavior [ RunTime:0.000012s ]
INFO: [ app_init ] --END-- [ RunTime:0.000083s ]
INFO: [ app_begin ] --START--
INFO: Run Behavior\ReadHtmlCacheBehavior [ RunTime:0.000042s ]
INFO: [ app_begin ] --END-- [ RunTime:0.000087s ]
INFO: [ view_parse ] --START--
INFO: [ template_filter ] --START--
INFO: Run Behavior\ContentReplaceBehavior [ RunTime:0.000054s ]
INFO: [ template_filter ] --END-- [ RunTime:0.000105s ]
INFO: Run Behavior\ParseTemplateBehavior [ RunTime:0.002185s ]
INFO: [ view_parse ] --END-- [ RunTime:0.002236s ]
INFO: [ view_filter ] --START--
INFO: Run Behavior\WriteHtmlCacheBehavior [ RunTime:0.000057s ]
INFO: [ view_filter ] --END-- [ RunTime:0.000089s ]
INFO: [ app_end ] --START--
INFO: Run Behavior\ShowPageTraceBehavior [ RunTime:0.000047s ]
INFO: [ app_end ] --END-- [ RunTime:0.000080s ]

[ 2019-12-21T10:44:29+08:00 ] 10.6.0.32 /Experiment/index.php/Home/Login/checkLogin
INFO: [ app_init ] --START--
INFO: Run Behavior\BuildLiteBehavior [ RunTime:0.000014s ]
INFO: [ app_init ] --END-- [ RunTime:0.000094s ]
INFO: [ app_begin ] --START--
INFO: Run Behavior\ReadHtmlCacheBehavior [ RunTime:0.000044s ]
INFO: [ app_begin ] --END-- [ RunTime:0.000090s ]
SQL: SHOW COLUMNS FROM `student` [ RunTime:0.0007s ]
SQL: SELECT * FROM `student` WHERE `Sid` = 1 AND `Spwd` = 'c4ca4238a0b923820dcc509a6f75849b' LIMIT 1   [ RunTime:0.0001s ]

[ 2019-12-21T10:44:29+08:00 ] 10.6.0.32 /Experiment/index.php/Home/Index/index
INFO: [ app_init ] --START--
INFO: Run Behavior\BuildLiteBehavior [ RunTime:0.000013s ]
INFO: [ app_init ] --END-- [ RunTime:0.000084s ]
INFO: [ app_begin ] --START--
INFO: Run Behavior\ReadHtmlCacheBehavior [ RunTime:0.000041s ]
INFO: [ app_begin ] --END-- [ RunTime:0.000087s ]
INFO: [ view_parse ] --START--
INFO: [ template_filter ] --START--
INFO: Run Behavior\ContentReplaceBehavior [ RunTime:0.000039s ]
INFO: [ template_filter ] --END-- [ RunTime:0.000091s ]
INFO: Run Behavior\ParseTemplateBehavior [ RunTime:0.003058s ]
INFO: [ view_parse ] --END-- [ RunTime:0.003106s ]
INFO: [ view_filter ] --START--
INFO: Run Behavior\WriteHtmlCacheBehavior [ RunTime:0.000052s ]
INFO: [ view_filter ] --END-- [ RunTime:0.000085s ]
INFO: [ app_end ] --START--
INFO: Run Behavior\ShowPageTraceBehavior [ RunTime:0.000042s ]
INFO: [ app_end ] --END-- [ RunTime:0.000076s ]

[ 2019-12-21T10:44:29+08:00 ] 10.6.0.32 /Experiment/index.php/Home/Experiment/showExperiment
INFO: [ app_init ] --START--
INFO: Run Behavior\BuildLiteBehavior [ RunTime:0.000013s ]
INFO: [ app_init ] --END-- [ RunTime:0.000084s ]
INFO: [ app_begin ] --START--
INFO: Run Behavior\ReadHtmlCacheBehavior [ RunTime:0.000040s ]
INFO: [ app_begin ] --END-- [ RunTime:0.000085s ]
SQL: SHOW COLUMNS FROM `experiment` [ RunTime:0.0007s ]
SQL: SELECT * FROM `experiment` ORDER BY Eid desc  [ RunTime:0.0001s ]
SQL: SHOW COLUMNS FROM `student_experiment` [ RunTime:0.0005s ]
SQL: SELECT * FROM `student_experiment` WHERE ( Sid='1' and Eid='15' ) LIMIT 1   [ RunTime:0.0001s ]
SQL: SELECT * FROM `student_experiment` WHERE ( Sid='1' and Eid='14' ) LIMIT 1   [ RunTime:0.0001s ]
SQL: SELECT * FROM `student_experiment` WHERE ( Sid='1' and Eid='13' ) LIMIT 1   [ RunTime:0.0001s ]
SQL: SELECT * FROM `student_experiment` WHERE ( Sid='1' and Eid='12' ) LIMIT 1   [ RunTime:0.0001s ]
SQL: SELECT * FROM `student_experiment` WHERE ( Sid='1' and Eid='10' ) LIMIT 1   [ RunTime:0.0001s ]
SQL: SELECT * FROM `student_experiment` WHERE ( Sid='1' and Eid='3' ) LIMIT 1   [ RunTime:0.0001s ]
SQL: SELECT * FROM `student_experiment` WHERE ( Sid='1' and Eid='2' ) LIMIT 1   [ RunTime:0.0001s ]
SQL: SELECT * FROM `student_experiment` WHERE ( Sid='1' and Eid='1' ) LIMIT 1   [ RunTime:0.0001s ]
INFO: [ view_parse ] --START--
INFO: [ template_filter ] --START--
INFO: Run Behavior\ContentReplaceBehavior [ RunTime:0.000032s ]
INFO: [ template_filter ] --END-- [ RunTime:0.000075s ]
INFO: Run Behavior\ParseTemplateBehavior [ RunTime:0.003008s ]
INFO: [ view_parse ] --END-- [ RunTime:0.003051s ]
INFO: [ view_filter ] --START--
INFO: Run Behavior\WriteHtmlCacheBehavior [ RunTime:0.000037s ]
INFO: [ view_filter ] --END-- [ RunTime:0.000063s ]
INFO: [ app_end ] --START--
INFO: Run Behavior\ShowPageTraceBehavior [ RunTime:0.000030s ]
INFO: [ app_end ] --END-- [ RunTime:0.000057s ]

