[ 2019-12-20T00:00:12+08:00 ] 10.6.248.59 /Experiment/index.php/Home/Index/index
INFO: [ app_init ] --START--
INFO: Run Behavior\BuildLiteBehavior [ RunTime:0.000018s ]
INFO: [ app_init ] --END-- [ RunTime:0.000131s ]
INFO: [ app_begin ] --START--
INFO: Run Behavior\ReadHtmlCacheBehavior [ RunTime:0.000057s ]
INFO: [ app_begin ] --END-- [ RunTime:0.000108s ]
INFO: [ view_parse ] --START--
INFO: [ template_filter ] --START--
INFO: Run Behavior\ContentReplaceBehavior [ RunTime:0.000044s ]
INFO: [ template_filter ] --END-- [ RunTime:0.000104s ]
INFO: Run Behavior\ParseTemplateBehavior [ RunTime:0.003302s ]
INFO: [ view_parse ] --END-- [ RunTime:0.003367s ]
INFO: [ view_filter ] --START--
INFO: Run Behavior\WriteHtmlCacheBehavior [ RunTime:0.000062s ]
INFO: [ view_filter ] --END-- [ RunTime:0.000097s ]
INFO: [ app_end ] --START--
INFO: Run Behavior\ShowPageTraceBehavior [ RunTime:0.000051s ]
INFO: [ app_end ] --END-- [ RunTime:0.000088s ]

[ 2019-12-20T00:00:12+08:00 ] 10.6.248.59 /Experiment/index.php/Home/Experiment/showExperiment
INFO: [ app_init ] --START--
INFO: Run Behavior\BuildLiteBehavior [ RunTime:0.000013s ]
INFO: [ app_init ] --END-- [ RunTime:0.000084s ]
INFO: [ app_begin ] --START--
INFO: Run Behavior\ReadHtmlCacheBehavior [ RunTime:0.000041s ]
INFO: [ app_begin ] --END-- [ RunTime:0.000086s ]
SQL: SHOW COLUMNS FROM `experiment` [ RunTime:0.0007s ]
SQL: SELECT * FROM `experiment` ORDER BY Eid desc  [ RunTime:0.0001s ]
SQL: SHOW COLUMNS FROM `student_experiment` [ RunTime:0.0005s ]
SQL: SELECT * FROM `student_experiment` WHERE ( Sid='174' and Eid='15' ) LIMIT 1   [ RunTime:0.0001s ]
SQL: SELECT * FROM `student_experiment` WHERE ( Sid='174' and Eid='14' ) LIMIT 1   [ RunTime:0.0001s ]
SQL: SELECT * FROM `student_experiment` WHERE ( Sid='174' and Eid='13' ) LIMIT 1   [ RunTime:0.0001s ]
SQL: SELECT * FROM `student_experiment` WHERE ( Sid='174' and Eid='12' ) LIMIT 1   [ RunTime:0.0001s ]
SQL: SELECT * FROM `student_experiment` WHERE ( Sid='174' and Eid='10' ) LIMIT 1   [ RunTime:0.0001s ]
SQL: SELECT * FROM `student_experiment` WHERE ( Sid='174' and Eid='3' ) LIMIT 1   [ RunTime:0.0001s ]
SQL: SELECT * FROM `student_experiment` WHERE ( Sid='174' and Eid='2' ) LIMIT 1   [ RunTime:0.0001s ]
SQL: SELECT * FROM `student_experiment` WHERE ( Sid='174' and Eid='1' ) LIMIT 1   [ RunTime:0.0001s ]
INFO: [ view_parse ] --START--
INFO: [ template_filter ] --START--
INFO: Run Behavior\ContentReplaceBehavior [ RunTime:0.000042s ]
INFO: [ template_filter ] --END-- [ RunTime:0.000099s ]
INFO: Run Behavior\ParseTemplateBehavior [ RunTime:0.004199s ]
INFO: [ view_parse ] --END-- [ RunTime:0.004265s ]
INFO: [ view_filter ] --START--
INFO: Run Behavior\WriteHtmlCacheBehavior [ RunTime:0.000045s ]
INFO: [ view_filter ] --END-- [ RunTime:0.000078s ]
INFO: [ app_end ] --START--
INFO: Run Behavior\ShowPageTraceBehavior [ RunTime:0.000038s ]
INFO: [ app_end ] --END-- [ RunTime:0.000071s ]

[ 2019-12-20T00:00:14+08:00 ] 10.6.248.59 /Experiment/index.php/Home/Course/showMyCourse
INFO: [ app_init ] --START--
INFO: Run Behavior\BuildLiteBehavior [ RunTime:0.000012s ]
INFO: [ app_init ] --END-- [ RunTime:0.000080s ]
INFO: [ app_begin ] --START--
INFO: Run Behavior\ReadHtmlCacheBehavior [ RunTime:0.000038s ]
INFO: [ app_begin ] --END-- [ RunTime:0.000080s ]
SQL: SHOW COLUMNS FROM `student` [ RunTime:0.0009s ]
SQL: SELECT * FROM `student` WHERE `Sid` = 174 LIMIT 1   [ RunTime:0.0001s ]
NOTIC: [8] Undefined variable: datas /home/jianhanke/Experiment/Application/Home/Controller/CourseController.class.php 第 25 行.
INFO: [ view_parse ] --START--
INFO: [ template_filter ] --START--
INFO: Run Behavior\ContentReplaceBehavior [ RunTime:0.000037s ]
INFO: [ template_filter ] --END-- [ RunTime:0.000083s ]
INFO: Run Behavior\ParseTemplateBehavior [ RunTime:0.002558s ]
INFO: [ view_parse ] --END-- [ RunTime:0.002610s ]
INFO: [ view_filter ] --START--
INFO: Run Behavior\WriteHtmlCacheBehavior [ RunTime:0.000041s ]
INFO: [ view_filter ] --END-- [ RunTime:0.000073s ]
INFO: [ app_end ] --START--
INFO: Run Behavior\ShowPageTraceBehavior [ RunTime:0.000034s ]
INFO: [ app_end ] --END-- [ RunTime:0.000063s ]

[ 2019-12-20T00:00:16+08:00 ] 10.6.248.59 /Experiment/index.php/Home/Experiment/showExperiment
INFO: [ app_init ] --START--
INFO: Run Behavior\BuildLiteBehavior [ RunTime:0.000016s ]
INFO: [ app_init ] --END-- [ RunTime:0.000103s ]
INFO: [ app_begin ] --START--
INFO: Run Behavior\ReadHtmlCacheBehavior [ RunTime:0.000046s ]
INFO: [ app_begin ] --END-- [ RunTime:0.000090s ]
SQL: SHOW COLUMNS FROM `experiment` [ RunTime:0.0007s ]
SQL: SELECT * FROM `experiment` ORDER BY Eid desc  [ RunTime:0.0001s ]
SQL: SHOW COLUMNS FROM `student_experiment` [ RunTime:0.0006s ]
SQL: SELECT * FROM `student_experiment` WHERE ( Sid='174' and Eid='15' ) LIMIT 1   [ RunTime:0.0001s ]
SQL: SELECT * FROM `student_experiment` WHERE ( Sid='174' and Eid='14' ) LIMIT 1   [ RunTime:0.0001s ]
SQL: SELECT * FROM `student_experiment` WHERE ( Sid='174' and Eid='13' ) LIMIT 1   [ RunTime:0.0001s ]
SQL: SELECT * FROM `student_experiment` WHERE ( Sid='174' and Eid='12' ) LIMIT 1   [ RunTime:0.0001s ]
SQL: SELECT * FROM `student_experiment` WHERE ( Sid='174' and Eid='10' ) LIMIT 1   [ RunTime:0.0001s ]
SQL: SELECT * FROM `student_experiment` WHERE ( Sid='174' and Eid='3' ) LIMIT 1   [ RunTime:0.0001s ]
SQL: SELECT * FROM `student_experiment` WHERE ( Sid='174' and Eid='2' ) LIMIT 1   [ RunTime:0.0001s ]
SQL: SELECT * FROM `student_experiment` WHERE ( Sid='174' and Eid='1' ) LIMIT 1   [ RunTime:0.0001s ]
INFO: [ view_parse ] --START--
INFO: [ template_filter ] --START--
INFO: Run Behavior\ContentReplaceBehavior [ RunTime:0.000044s ]
INFO: [ template_filter ] --END-- [ RunTime:0.000091s ]
INFO: Run Behavior\ParseTemplateBehavior [ RunTime:0.003327s ]
INFO: [ view_parse ] --END-- [ RunTime:0.003375s ]
INFO: [ view_filter ] --START--
INFO: Run Behavior\WriteHtmlCacheBehavior [ RunTime:0.000049s ]
INFO: [ view_filter ] --END-- [ RunTime:0.000080s ]
INFO: [ app_end ] --START--
INFO: Run Behavior\ShowPageTraceBehavior [ RunTime:0.000042s ]
INFO: [ app_end ] --END-- [ RunTime:0.000074s ]

[ 2019-12-20T00:00:21+08:00 ] 10.6.248.59 /Experiment/index.php/Home/Experiment/judgeExperimentType/experimentId/14
INFO: [ app_init ] --START--
INFO: Run Behavior\BuildLiteBehavior [ RunTime:0.000014s ]
INFO: [ app_init ] --END-- [ RunTime:0.000095s ]
INFO: [ app_begin ] --START--
INFO: Run Behavior\ReadHtmlCacheBehavior [ RunTime:0.000042s ]
INFO: [ app_begin ] --END-- [ RunTime:0.000080s ]
SQL: SHOW COLUMNS FROM `experiment_image` [ RunTime:0.0007s ]
SQL: SELECT COUNT(*) AS tp_count FROM `experiment_image` WHERE ( Eid=14 ) LIMIT 1   [ RunTime:0.0001s ]

[ 2019-12-20T00:00:21+08:00 ] 10.6.248.59 /Experiment/index.php/Home/Experiment/joinExperiment/experimentId/14
INFO: [ app_init ] --START--
INFO: Run Behavior\BuildLiteBehavior [ RunTime:0.000011s ]
INFO: [ app_init ] --END-- [ RunTime:0.000078s ]
INFO: [ app_begin ] --START--
INFO: Run Behavior\ReadHtmlCacheBehavior [ RunTime:0.000039s ]
INFO: [ app_begin ] --END-- [ RunTime:0.000080s ]
SQL: SHOW COLUMNS FROM `student_experiment` [ RunTime:0.0009s ]
SQL: SELECT * FROM `student_experiment` WHERE ( Sid='174' and Eid='14' ) LIMIT 1   [ RunTime:0.0001s ]
SQL: SHOW COLUMNS FROM `docker_container` [ RunTime:0.0006s ]
SQL: SELECT * FROM `docker_container` WHERE `student_id` = 174 AND `to_experiment` = '14' LIMIT 1   [ RunTime:0.0004s ]
SQL: SHOW COLUMNS FROM `experiment` [ RunTime:0.0011s ]
SQL: SELECT * FROM `experiment` WHERE `Eid` = 14 LIMIT 1   [ RunTime:0.0001s ]
INFO: [ app_end ] --START--
INFO: Run Behavior\ShowPageTraceBehavior [ RunTime:0.000051s ]
INFO: [ app_end ] --END-- [ RunTime:0.000103s ]

[ 2019-12-20T00:00:23+08:00 ] 10.6.248.59 /Experiment/index.php/Home/Index/index
INFO: [ app_init ] --START--
INFO: Run Behavior\BuildLiteBehavior [ RunTime:0.000015s ]
INFO: [ app_init ] --END-- [ RunTime:0.000102s ]
INFO: [ app_begin ] --START--
INFO: Run Behavior\ReadHtmlCacheBehavior [ RunTime:0.000043s ]
INFO: [ app_begin ] --END-- [ RunTime:0.000087s ]
INFO: [ view_parse ] --START--
INFO: [ template_filter ] --START--
INFO: Run Behavior\ContentReplaceBehavior [ RunTime:0.000039s ]
INFO: [ template_filter ] --END-- [ RunTime:0.000089s ]
INFO: Run Behavior\ParseTemplateBehavior [ RunTime:0.003123s ]
INFO: [ view_parse ] --END-- [ RunTime:0.003173s ]
INFO: [ view_filter ] --START--
INFO: Run Behavior\WriteHtmlCacheBehavior [ RunTime:0.000050s ]
INFO: [ view_filter ] --END-- [ RunTime:0.000080s ]
INFO: [ app_end ] --START--
INFO: Run Behavior\ShowPageTraceBehavior [ RunTime:0.000036s ]
INFO: [ app_end ] --END-- [ RunTime:0.000066s ]

[ 2019-12-20T00:00:24+08:00 ] 10.6.248.59 /Experiment/index.php/Home/Experiment/showExperiment
INFO: [ app_init ] --START--
INFO: Run Behavior\BuildLiteBehavior [ RunTime:0.000012s ]
INFO: [ app_init ] --END-- [ RunTime:0.000087s ]
INFO: [ app_begin ] --START--
INFO: Run Behavior\ReadHtmlCacheBehavior [ RunTime:0.000048s ]
INFO: [ app_begin ] --END-- [ RunTime:0.000091s ]
SQL: SHOW COLUMNS FROM `experiment` [ RunTime:0.0007s ]
SQL: SELECT * FROM `experiment` ORDER BY Eid desc  [ RunTime:0.0001s ]
SQL: SHOW COLUMNS FROM `student_experiment` [ RunTime:0.0005s ]
SQL: SELECT * FROM `student_experiment` WHERE ( Sid='174' and Eid='15' ) LIMIT 1   [ RunTime:0.0001s ]
SQL: SELECT * FROM `student_experiment` WHERE ( Sid='174' and Eid='14' ) LIMIT 1   [ RunTime:0.0001s ]
SQL: SELECT * FROM `student_experiment` WHERE ( Sid='174' and Eid='13' ) LIMIT 1   [ RunTime:0.0001s ]
SQL: SELECT * FROM `student_experiment` WHERE ( Sid='174' and Eid='12' ) LIMIT 1   [ RunTime:0.0001s ]
SQL: SELECT * FROM `student_experiment` WHERE ( Sid='174' and Eid='10' ) LIMIT 1   [ RunTime:0.0001s ]
SQL: SELECT * FROM `student_experiment` WHERE ( Sid='174' and Eid='3' ) LIMIT 1   [ RunTime:0.0001s ]
SQL: SELECT * FROM `student_experiment` WHERE ( Sid='174' and Eid='2' ) LIMIT 1   [ RunTime:0.0001s ]
SQL: SELECT * FROM `student_experiment` WHERE ( Sid='174' and Eid='1' ) LIMIT 1   [ RunTime:0.0001s ]
INFO: [ view_parse ] --START--
INFO: [ template_filter ] --START--
INFO: Run Behavior\ContentReplaceBehavior [ RunTime:0.000045s ]
INFO: [ template_filter ] --END-- [ RunTime:0.000095s ]
INFO: Run Behavior\ParseTemplateBehavior [ RunTime:0.003795s ]
INFO: [ view_parse ] --END-- [ RunTime:0.003845s ]
INFO: [ view_filter ] --START--
INFO: Run Behavior\WriteHtmlCacheBehavior [ RunTime:0.000051s ]
INFO: [ view_filter ] --END-- [ RunTime:0.000082s ]
INFO: [ app_end ] --START--
INFO: Run Behavior\ShowPageTraceBehavior [ RunTime:0.000042s ]
INFO: [ app_end ] --END-- [ RunTime:0.000073s ]

[ 2019-12-20T00:00:28+08:00 ] 10.6.248.59 /Experiment/index.php/Home/Course/showCourse
INFO: [ app_init ] --START--
INFO: Run Behavior\BuildLiteBehavior [ RunTime:0.000015s ]
INFO: [ app_init ] --END-- [ RunTime:0.000110s ]
INFO: [ app_begin ] --START--
INFO: Run Behavior\ReadHtmlCacheBehavior [ RunTime:0.000051s ]
INFO: [ app_begin ] --END-- [ RunTime:0.000101s ]
SQL: SHOW COLUMNS FROM `course` [ RunTime:0.0007s ]
SQL: SELECT * FROM `course`  [ RunTime:0.0001s ]
INFO: [ view_parse ] --START--
INFO: [ template_filter ] --START--
INFO: Run Behavior\ContentReplaceBehavior [ RunTime:0.000048s ]
INFO: [ template_filter ] --END-- [ RunTime:0.000099s ]
NOTIC: [8] Undefined index: name /home/jianhanke/Experiment/Runtime/Cache/Home/47c1b5d76035ddc18cdc2f3633888318.php 第 42 行.
NOTIC: [8] Undefined index: name /home/jianhanke/Experiment/Runtime/Cache/Home/47c1b5d76035ddc18cdc2f3633888318.php 第 42 行.
INFO: Run Behavior\ParseTemplateBehavior [ RunTime:0.003390s ]
INFO: [ view_parse ] --END-- [ RunTime:0.003439s ]
INFO: [ view_filter ] --START--
INFO: Run Behavior\WriteHtmlCacheBehavior [ RunTime:0.000052s ]
INFO: [ view_filter ] --END-- [ RunTime:0.000086s ]
INFO: [ app_end ] --START--
INFO: Run Behavior\ShowPageTraceBehavior [ RunTime:0.000043s ]
INFO: [ app_end ] --END-- [ RunTime:0.000076s ]

[ 2019-12-20T00:00:29+08:00 ] 10.6.248.59 /Experiment/index.php/Home/Course/showCourseById/id/1
INFO: [ app_init ] --START--
INFO: Run Behavior\BuildLiteBehavior [ RunTime:0.000012s ]
INFO: [ app_init ] --END-- [ RunTime:0.000079s ]
INFO: [ app_begin ] --START--
INFO: Run Behavior\ReadHtmlCacheBehavior [ RunTime:0.000038s ]
INFO: [ app_begin ] --END-- [ RunTime:0.000080s ]
SQL: SHOW COLUMNS FROM `chapter` [ RunTime:0.0005s ]
SQL: SHOW COLUMNS FROM `chapter` [ RunTime:0.0005s ]
SQL: SELECT t1.*,t2.id as upload_id FROM chapter as t1 left join chapter_report as t2 on t1.id=t2.chapter_id and t2.student_id=174  WHERE ( t1.to_course=1  )  [ RunTime:0.0001s ]
INFO: [ view_parse ] --START--
INFO: [ template_filter ] --START--
INFO: Run Behavior\ContentReplaceBehavior [ RunTime:0.000053s ]
INFO: [ template_filter ] --END-- [ RunTime:0.000105s ]
INFO: Run Behavior\ParseTemplateBehavior [ RunTime:0.005074s ]
INFO: [ view_parse ] --END-- [ RunTime:0.005123s ]
INFO: [ view_filter ] --START--
INFO: Run Behavior\WriteHtmlCacheBehavior [ RunTime:0.000044s ]
INFO: [ view_filter ] --END-- [ RunTime:0.000076s ]
INFO: [ app_end ] --START--
INFO: Run Behavior\ShowPageTraceBehavior [ RunTime:0.000035s ]
INFO: [ app_end ] --END-- [ RunTime:0.000064s ]

[ 2019-12-20T00:00:30+08:00 ] 10.6.248.59 /Experiment/index.php/Home/Course/joinChapterById/chapter_id/1
INFO: [ app_init ] --START--
INFO: Run Behavior\BuildLiteBehavior [ RunTime:0.000015s ]
INFO: [ app_init ] --END-- [ RunTime:0.000094s ]
INFO: [ app_begin ] --START--
INFO: Run Behavior\ReadHtmlCacheBehavior [ RunTime:0.000043s ]
INFO: [ app_begin ] --END-- [ RunTime:0.000087s ]
SQL: SHOW COLUMNS FROM `chapter_image` [ RunTime:0.0007s ]
SQL: SELECT * FROM `chapter_image` WHERE ( Cid=1 ) LIMIT 1   [ RunTime:0.0001s ]
SQL: SHOW COLUMNS FROM `docker_container` [ RunTime:0.0008s ]
SQL: SELECT * FROM `docker_container` WHERE ( student_id='174' and Image_id='a236a0d909cd' and to_chapter='1' ) LIMIT 1   [ RunTime:0.0001s ]
SQL: SELECT * FROM `docker_container` WHERE (  student_id='174' and  Image_id='a236a0d909cd' and to_chapter='1' ) LIMIT 1   [ RunTime:0.0001s ]
SQL: SELECT * FROM `docker_container` WHERE ( student_id='174' and Image_id='a236a0d909cd' and to_chapter='1'  ) LIMIT 1   [ RunTime:0.0001s ]
SQL: SELECT * FROM `docker_container` WHERE ( ip_num=66 ) LIMIT 1   [ RunTime:0.0001s ]
NOTIC: [8] Undefined index: note /home/jianhanke/Experiment/Application/Home/Controller/NoVNCController.class.php 第 18 行.
SQL: SHOW COLUMNS FROM `chapter` [ RunTime:0.0005s ]
SQL: SELECT `doc`,`video` FROM `chapter` WHERE `id` = 1 LIMIT 1   [ RunTime:0.0001s ]
INFO: [ view_parse ] --START--
INFO: [ template_filter ] --START--
INFO: Run Behavior\ContentReplaceBehavior [ RunTime:0.000064s ]
INFO: [ template_filter ] --END-- [ RunTime:0.000113s ]
INFO: Run Behavior\ParseTemplateBehavior [ RunTime:0.004155s ]
INFO: [ view_parse ] --END-- [ RunTime:0.004213s ]
INFO: [ view_filter ] --START--
INFO: Run Behavior\WriteHtmlCacheBehavior [ RunTime:0.000043s ]
INFO: [ view_filter ] --END-- [ RunTime:0.000074s ]

[ 2019-12-20T00:00:35+08:00 ] 10.6.248.59 /Experiment/index.php/Home/NoVNC/showOnlyView/ip_num/66
INFO: [ app_init ] --START--
INFO: Run Behavior\BuildLiteBehavior [ RunTime:0.000018s ]
INFO: [ app_init ] --END-- [ RunTime:0.000132s ]
INFO: [ app_begin ] --START--
INFO: Run Behavior\ReadHtmlCacheBehavior [ RunTime:0.000058s ]
INFO: [ app_begin ] --END-- [ RunTime:0.000109s ]
INFO: [ view_parse ] --START--
INFO: [ template_filter ] --START--
INFO: Run Behavior\ContentReplaceBehavior [ RunTime:0.000045s ]
INFO: [ template_filter ] --END-- [ RunTime:0.000102s ]
INFO: Run Behavior\ParseTemplateBehavior [ RunTime:0.001808s ]
INFO: [ view_parse ] --END-- [ RunTime:0.001865s ]
INFO: [ view_filter ] --START--
INFO: Run Behavior\WriteHtmlCacheBehavior [ RunTime:0.000060s ]
INFO: [ view_filter ] --END-- [ RunTime:0.000093s ]
INFO: [ app_end ] --START--
INFO: Run Behavior\ShowPageTraceBehavior [ RunTime:0.000049s ]
INFO: [ app_end ] --END-- [ RunTime:0.000086s ]

[ 2019-12-20T00:00:46+08:00 ] 10.6.248.59 /Experiment/index.php/Home/NoVNC/showShareOperate/ip_num/66
INFO: [ app_init ] --START--
INFO: Run Behavior\BuildLiteBehavior [ RunTime:0.000019s ]
INFO: [ app_init ] --END-- [ RunTime:0.000153s ]
INFO: [ app_begin ] --START--
INFO: Run Behavior\ReadHtmlCacheBehavior [ RunTime:0.000054s ]
INFO: [ app_begin ] --END-- [ RunTime:0.000102s ]
INFO: [ view_parse ] --START--
INFO: [ template_filter ] --START--
INFO: Run Behavior\ContentReplaceBehavior [ RunTime:0.000043s ]
INFO: [ template_filter ] --END-- [ RunTime:0.000095s ]
INFO: Run Behavior\ParseTemplateBehavior [ RunTime:0.001669s ]
INFO: [ view_parse ] --END-- [ RunTime:0.001722s ]
INFO: [ view_filter ] --START--
INFO: Run Behavior\WriteHtmlCacheBehavior [ RunTime:0.000056s ]
INFO: [ view_filter ] --END-- [ RunTime:0.000087s ]
INFO: [ app_end ] --START--
INFO: Run Behavior\ShowPageTraceBehavior [ RunTime:0.000046s ]
INFO: [ app_end ] --END-- [ RunTime:0.000078s ]

