[ 2019-12-31T15:01:01+08:00 ] 10.6.0.32 /Experiment10/index.php/Home/Index/index
INFO: [ app_init ] --START--
INFO: Run Behavior\BuildLiteBehavior [ RunTime:0.000043s ]
INFO: [ app_init ] --END-- [ RunTime:0.000154s ]
INFO: [ app_begin ] --START--
INFO: Run Behavior\ReadHtmlCacheBehavior [ RunTime:0.000056s ]
INFO: [ app_begin ] --END-- [ RunTime:0.000106s ]
INFO: [ view_parse ] --START--
INFO: [ template_filter ] --START--
INFO: Run Behavior\ContentReplaceBehavior [ RunTime:0.000061s ]
INFO: [ template_filter ] --END-- [ RunTime:0.000111s ]
INFO: Run Behavior\ParseTemplateBehavior [ RunTime:0.004169s ]
INFO: [ view_parse ] --END-- [ RunTime:0.004223s ]
INFO: [ view_filter ] --START--
INFO: Run Behavior\WriteHtmlCacheBehavior [ RunTime:0.000059s ]
INFO: [ view_filter ] --END-- [ RunTime:0.000092s ]
INFO: [ app_end ] --START--
INFO: Run Behavior\ShowPageTraceBehavior [ RunTime:0.000049s ]
INFO: [ app_end ] --END-- [ RunTime:0.000085s ]

[ 2019-12-31T15:01:01+08:00 ] 10.6.0.32 /Experiment10/index.php/Home/Experiment/showExperiment
INFO: [ app_init ] --START--
INFO: Run Behavior\BuildLiteBehavior [ RunTime:0.000018s ]
INFO: [ app_init ] --END-- [ RunTime:0.000104s ]
INFO: [ app_begin ] --START--
INFO: Run Behavior\ReadHtmlCacheBehavior [ RunTime:0.000042s ]
INFO: [ app_begin ] --END-- [ RunTime:0.000099s ]
SQL: SHOW COLUMNS FROM `experiment` [ RunTime:0.0008s ]
SQL: SHOW COLUMNS FROM `experiment` [ RunTime:0.0006s ]
SQL: SELECT t1.*,t2.id FROM experiment as t1 left join student_experiment as t2 on t1.Eid=t2.experiment_id and t2.stu_id=1  ORDER BY Eid desc  [ RunTime:0.0001s ]
INFO: [ view_parse ] --START--
INFO: [ template_filter ] --START--
INFO: Run Behavior\ContentReplaceBehavior [ RunTime:0.000040s ]
INFO: [ template_filter ] --END-- [ RunTime:0.000097s ]
NOTIC: [8] Undefined index: is_Join /home/jianhanke/Experiment10/Runtime/Cache/Home/ecca4ced3b946e9566e6c462f3e5b84f.php 第 33 行.
NOTIC: [8] Undefined index: is_Join /home/jianhanke/Experiment10/Runtime/Cache/Home/ecca4ced3b946e9566e6c462f3e5b84f.php 第 33 行.
NOTIC: [8] Undefined index: is_Join /home/jianhanke/Experiment10/Runtime/Cache/Home/ecca4ced3b946e9566e6c462f3e5b84f.php 第 33 行.
NOTIC: [8] Undefined index: is_Join /home/jianhanke/Experiment10/Runtime/Cache/Home/ecca4ced3b946e9566e6c462f3e5b84f.php 第 33 行.
NOTIC: [8] Undefined index: is_Join /home/jianhanke/Experiment10/Runtime/Cache/Home/ecca4ced3b946e9566e6c462f3e5b84f.php 第 33 行.
NOTIC: [8] Undefined index: is_Join /home/jianhanke/Experiment10/Runtime/Cache/Home/ecca4ced3b946e9566e6c462f3e5b84f.php 第 33 行.
NOTIC: [8] Undefined index: is_Join /home/jianhanke/Experiment10/Runtime/Cache/Home/ecca4ced3b946e9566e6c462f3e5b84f.php 第 33 行.
NOTIC: [8] Undefined index: is_Join /home/jianhanke/Experiment10/Runtime/Cache/Home/ecca4ced3b946e9566e6c462f3e5b84f.php 第 33 行.
INFO: Run Behavior\ParseTemplateBehavior [ RunTime:0.003856s ]
INFO: [ view_parse ] --END-- [ RunTime:0.003904s ]
INFO: [ view_filter ] --START--
INFO: Run Behavior\WriteHtmlCacheBehavior [ RunTime:0.000037s ]
INFO: [ view_filter ] --END-- [ RunTime:0.000068s ]
INFO: [ app_end ] --START--
INFO: Run Behavior\ShowPageTraceBehavior [ RunTime:0.000032s ]
INFO: [ app_end ] --END-- [ RunTime:0.000058s ]

[ 2019-12-31T15:01:05+08:00 ] 10.6.0.32 /Experiment10/index.php/Home/Course/showMyCourse
INFO: [ app_init ] --START--
INFO: Run Behavior\BuildLiteBehavior [ RunTime:0.000016s ]
INFO: [ app_init ] --END-- [ RunTime:0.000112s ]
INFO: [ app_begin ] --START--
INFO: Run Behavior\ReadHtmlCacheBehavior [ RunTime:0.000057s ]
INFO: [ app_begin ] --END-- [ RunTime:0.000107s ]
SQL: SHOW COLUMNS FROM `student` [ RunTime:0.0009s ]
SQL: SELECT * FROM `student` WHERE `Sid` = 1 LIMIT 1   [ RunTime:0.0002s ]
SQL: SHOW COLUMNS FROM `course_class` [ RunTime:0.0006s ]
SQL: SHOW COLUMNS FROM `course_class` [ RunTime:0.0005s ]
SQL: SELECT * FROM course_class as t1,course as t2 WHERE ( t1.class_id=1 and t1.course_id=t2.cid )  [ RunTime:0.0001s ]
INFO: [ view_parse ] --START--
INFO: [ template_filter ] --START--
INFO: Run Behavior\ContentReplaceBehavior [ RunTime:0.000046s ]
INFO: [ template_filter ] --END-- [ RunTime:0.000097s ]
NOTIC: [8] Undefined index: name /home/jianhanke/Experiment10/Runtime/Cache/Home/78318cc46eb365744a6b7a36afff9d51.php 第 42 行.
INFO: Run Behavior\ParseTemplateBehavior [ RunTime:0.003360s ]
INFO: [ view_parse ] --END-- [ RunTime:0.003410s ]
INFO: [ view_filter ] --START--
INFO: Run Behavior\WriteHtmlCacheBehavior [ RunTime:0.000058s ]
INFO: [ view_filter ] --END-- [ RunTime:0.000089s ]
INFO: [ app_end ] --START--
INFO: Run Behavior\ShowPageTraceBehavior [ RunTime:0.000047s ]
INFO: [ app_end ] --END-- [ RunTime:0.000079s ]

[ 2019-12-31T15:01:06+08:00 ] 10.6.0.32 /Experiment10/index.php/Home/Experiment/showMyExperiment
INFO: [ app_init ] --START--
INFO: Run Behavior\BuildLiteBehavior [ RunTime:0.000013s ]
INFO: [ app_init ] --END-- [ RunTime:0.000092s ]
INFO: [ app_begin ] --START--
INFO: Run Behavior\ReadHtmlCacheBehavior [ RunTime:0.000044s ]
INFO: [ app_begin ] --END-- [ RunTime:0.000093s ]
SQL: SHOW COLUMNS FROM `student_experiment` [ RunTime:0.0006s ]
SQL: SHOW COLUMNS FROM `student_experiment` [ RunTime:0.0006s ]
SQL: SELECT * FROM student_experiment as t1,experiment as t2 WHERE ( t1.stu_id=1 and t1.experiment_id=t2.Eid )  [ RunTime:0.0001s ]
INFO: [ view_parse ] --START--
INFO: [ template_filter ] --START--
INFO: Run Behavior\ContentReplaceBehavior [ RunTime:0.000044s ]
INFO: [ template_filter ] --END-- [ RunTime:0.000094s ]
INFO: Run Behavior\ParseTemplateBehavior [ RunTime:0.003424s ]
INFO: [ view_parse ] --END-- [ RunTime:0.003477s ]
INFO: [ view_filter ] --START--
INFO: Run Behavior\WriteHtmlCacheBehavior [ RunTime:0.000045s ]
INFO: [ view_filter ] --END-- [ RunTime:0.000080s ]
INFO: [ app_end ] --START--
INFO: Run Behavior\ShowPageTraceBehavior [ RunTime:0.000038s ]
INFO: [ app_end ] --END-- [ RunTime:0.000072s ]

[ 2019-12-31T15:01:06+08:00 ] 10.6.0.32 /Experiment10/index.php/Home/OnlineCompile/showCompile
INFO: [ app_init ] --START--
INFO: Run Behavior\BuildLiteBehavior [ RunTime:0.000013s ]
INFO: [ app_init ] --END-- [ RunTime:0.000087s ]
INFO: [ app_begin ] --START--
INFO: Run Behavior\ReadHtmlCacheBehavior [ RunTime:0.000046s ]
INFO: [ app_begin ] --END-- [ RunTime:0.000131s ]
INFO: [ view_parse ] --START--
INFO: [ template_filter ] --START--
INFO: Run Behavior\ContentReplaceBehavior [ RunTime:0.000048s ]
INFO: [ template_filter ] --END-- [ RunTime:0.000098s ]
INFO: Run Behavior\ParseTemplateBehavior [ RunTime:0.002686s ]
INFO: [ view_parse ] --END-- [ RunTime:0.002743s ]
INFO: [ view_filter ] --START--
INFO: Run Behavior\WriteHtmlCacheBehavior [ RunTime:0.000047s ]
INFO: [ view_filter ] --END-- [ RunTime:0.000079s ]
INFO: [ app_end ] --START--
INFO: Run Behavior\ShowPageTraceBehavior [ RunTime:0.000038s ]
INFO: [ app_end ] --END-- [ RunTime:0.000071s ]

[ 2019-12-31T15:01:07+08:00 ] 10.6.0.32 /Experiment10/index.php/Home/Student/showStudentInfoById
INFO: [ app_init ] --START--
INFO: Run Behavior\BuildLiteBehavior [ RunTime:0.000014s ]
INFO: [ app_init ] --END-- [ RunTime:0.000093s ]
INFO: [ app_begin ] --START--
INFO: Run Behavior\ReadHtmlCacheBehavior [ RunTime:0.000044s ]
INFO: [ app_begin ] --END-- [ RunTime:0.000092s ]
SQL: SHOW COLUMNS FROM `student` [ RunTime:0.0007s ]
SQL: SELECT * FROM `student` WHERE `Sid` = 1 LIMIT 1   [ RunTime:0.0001s ]
INFO: [ view_parse ] --START--
INFO: [ template_filter ] --START--
INFO: Run Behavior\ContentReplaceBehavior [ RunTime:0.000046s ]
INFO: [ template_filter ] --END-- [ RunTime:0.000097s ]
INFO: Run Behavior\ParseTemplateBehavior [ RunTime:0.003156s ]
INFO: [ view_parse ] --END-- [ RunTime:0.003209s ]
INFO: [ view_filter ] --START--
INFO: Run Behavior\WriteHtmlCacheBehavior [ RunTime:0.000045s ]
INFO: [ view_filter ] --END-- [ RunTime:0.000078s ]
INFO: [ app_end ] --START--
INFO: Run Behavior\ShowPageTraceBehavior [ RunTime:0.000039s ]
INFO: [ app_end ] --END-- [ RunTime:0.000072s ]

[ 2019-12-31T15:01:08+08:00 ] 10.6.0.32 /Experiment10/index.php/Home/Experiment/showExperiment
INFO: [ app_init ] --START--
INFO: Run Behavior\BuildLiteBehavior [ RunTime:0.000014s ]
INFO: [ app_init ] --END-- [ RunTime:0.000105s ]
INFO: [ app_begin ] --START--
INFO: Run Behavior\ReadHtmlCacheBehavior [ RunTime:0.000056s ]
INFO: [ app_begin ] --END-- [ RunTime:0.000109s ]
SQL: SHOW COLUMNS FROM `experiment` [ RunTime:0.0007s ]
SQL: SHOW COLUMNS FROM `experiment` [ RunTime:0.0006s ]
SQL: SELECT t1.*,t2.id FROM experiment as t1 left join student_experiment as t2 on t1.Eid=t2.experiment_id and t2.stu_id=1  ORDER BY Eid desc  [ RunTime:0.0001s ]
INFO: [ view_parse ] --START--
INFO: [ template_filter ] --START--
INFO: Run Behavior\ContentReplaceBehavior [ RunTime:0.000047s ]
INFO: [ template_filter ] --END-- [ RunTime:0.000098s ]
NOTIC: [8] Undefined index: is_Join /home/jianhanke/Experiment10/Runtime/Cache/Home/ecca4ced3b946e9566e6c462f3e5b84f.php 第 33 行.
NOTIC: [8] Undefined index: is_Join /home/jianhanke/Experiment10/Runtime/Cache/Home/ecca4ced3b946e9566e6c462f3e5b84f.php 第 33 行.
NOTIC: [8] Undefined index: is_Join /home/jianhanke/Experiment10/Runtime/Cache/Home/ecca4ced3b946e9566e6c462f3e5b84f.php 第 33 行.
NOTIC: [8] Undefined index: is_Join /home/jianhanke/Experiment10/Runtime/Cache/Home/ecca4ced3b946e9566e6c462f3e5b84f.php 第 33 行.
NOTIC: [8] Undefined index: is_Join /home/jianhanke/Experiment10/Runtime/Cache/Home/ecca4ced3b946e9566e6c462f3e5b84f.php 第 33 行.
NOTIC: [8] Undefined index: is_Join /home/jianhanke/Experiment10/Runtime/Cache/Home/ecca4ced3b946e9566e6c462f3e5b84f.php 第 33 行.
NOTIC: [8] Undefined index: is_Join /home/jianhanke/Experiment10/Runtime/Cache/Home/ecca4ced3b946e9566e6c462f3e5b84f.php 第 33 行.
NOTIC: [8] Undefined index: is_Join /home/jianhanke/Experiment10/Runtime/Cache/Home/ecca4ced3b946e9566e6c462f3e5b84f.php 第 33 行.
INFO: Run Behavior\ParseTemplateBehavior [ RunTime:0.004371s ]
INFO: [ view_parse ] --END-- [ RunTime:0.004432s ]
INFO: [ view_filter ] --START--
INFO: Run Behavior\WriteHtmlCacheBehavior [ RunTime:0.000058s ]
INFO: [ view_filter ] --END-- [ RunTime:0.000092s ]
INFO: [ app_end ] --START--
INFO: Run Behavior\ShowPageTraceBehavior [ RunTime:0.000048s ]
INFO: [ app_end ] --END-- [ RunTime:0.000082s ]

[ 2019-12-31T16:16:24+08:00 ] 10.6.0.32 /Experiment10/index.php/Home/Index/index
INFO: [ app_init ] --START--
INFO: Run Behavior\BuildLiteBehavior [ RunTime:0.000017s ]
INFO: [ app_init ] --END-- [ RunTime:0.000121s ]
INFO: [ app_begin ] --START--
INFO: Run Behavior\ReadHtmlCacheBehavior [ RunTime:0.000052s ]
INFO: [ app_begin ] --END-- [ RunTime:0.000100s ]

[ 2019-12-31T16:16:24+08:00 ] 10.6.0.32 /Experiment10/index.php/Home/Login/login
INFO: [ app_init ] --START--
INFO: Run Behavior\BuildLiteBehavior [ RunTime:0.000013s ]
INFO: [ app_init ] --END-- [ RunTime:0.000100s ]
INFO: [ app_begin ] --START--
INFO: Run Behavior\ReadHtmlCacheBehavior [ RunTime:0.000045s ]
INFO: [ app_begin ] --END-- [ RunTime:0.000091s ]
INFO: [ view_parse ] --START--
INFO: [ template_filter ] --START--
INFO: Run Behavior\ContentReplaceBehavior [ RunTime:0.000054s ]
INFO: [ template_filter ] --END-- [ RunTime:0.000106s ]
INFO: Run Behavior\ParseTemplateBehavior [ RunTime:0.002576s ]
INFO: [ view_parse ] --END-- [ RunTime:0.002628s ]
INFO: [ view_filter ] --START--
INFO: Run Behavior\WriteHtmlCacheBehavior [ RunTime:0.000059s ]
INFO: [ view_filter ] --END-- [ RunTime:0.000093s ]
INFO: [ app_end ] --START--
INFO: Run Behavior\ShowPageTraceBehavior [ RunTime:0.000050s ]
INFO: [ app_end ] --END-- [ RunTime:0.000082s ]

[ 2019-12-31T16:26:36+08:00 ] 10.6.0.32 /Experiment10/index.php/Home/Login/login
INFO: [ app_init ] --START--
INFO: Run Behavior\BuildLiteBehavior [ RunTime:0.000020s ]
INFO: [ app_init ] --END-- [ RunTime:0.000135s ]
INFO: [ app_begin ] --START--
INFO: Run Behavior\ReadHtmlCacheBehavior [ RunTime:0.000056s ]
INFO: [ app_begin ] --END-- [ RunTime:0.000110s ]
INFO: [ view_parse ] --START--
INFO: [ template_filter ] --START--
INFO: Run Behavior\ContentReplaceBehavior [ RunTime:0.000056s ]
INFO: [ template_filter ] --END-- [ RunTime:0.000108s ]
INFO: Run Behavior\ParseTemplateBehavior [ RunTime:0.002399s ]
INFO: [ view_parse ] --END-- [ RunTime:0.002454s ]
INFO: [ view_filter ] --START--
INFO: Run Behavior\WriteHtmlCacheBehavior [ RunTime:0.000061s ]
INFO: [ view_filter ] --END-- [ RunTime:0.000096s ]
INFO: [ app_end ] --START--
INFO: Run Behavior\ShowPageTraceBehavior [ RunTime:0.000070s ]
INFO: [ app_end ] --END-- [ RunTime:0.000109s ]

[ 2019-12-31T16:28:47+08:00 ] 10.6.0.32 /Experiment10/index.php/Home/Login/checkLogin
INFO: [ app_init ] --START--
INFO: Run Behavior\BuildLiteBehavior [ RunTime:0.000017s ]
INFO: [ app_init ] --END-- [ RunTime:0.000121s ]
INFO: [ app_begin ] --START--
INFO: Run Behavior\ReadHtmlCacheBehavior [ RunTime:0.000051s ]
INFO: [ app_begin ] --END-- [ RunTime:0.000098s ]
SQL: SHOW COLUMNS FROM `student` [ RunTime:0.0007s ]
SQL: SELECT * FROM `student` WHERE `Sid` = 1 AND `Spwd` = 'c4ca4238a0b923820dcc509a6f75849b' LIMIT 1   [ RunTime:0.0001s ]

[ 2019-12-31T16:28:47+08:00 ] 10.6.0.32 /Experiment10/index.php/Home/Index/index
INFO: [ app_init ] --START--
INFO: Run Behavior\BuildLiteBehavior [ RunTime:0.000012s ]
INFO: [ app_init ] --END-- [ RunTime:0.000081s ]
INFO: [ app_begin ] --START--
INFO: Run Behavior\ReadHtmlCacheBehavior [ RunTime:0.000040s ]
INFO: [ app_begin ] --END-- [ RunTime:0.000082s ]
INFO: [ view_parse ] --START--
INFO: [ template_filter ] --START--
INFO: Run Behavior\ContentReplaceBehavior [ RunTime:0.000056s ]
INFO: [ template_filter ] --END-- [ RunTime:0.000110s ]
INFO: Run Behavior\ParseTemplateBehavior [ RunTime:0.003577s ]
INFO: [ view_parse ] --END-- [ RunTime:0.003625s ]
INFO: [ view_filter ] --START--
INFO: Run Behavior\WriteHtmlCacheBehavior [ RunTime:0.000056s ]
INFO: [ view_filter ] --END-- [ RunTime:0.000087s ]
INFO: [ app_end ] --START--
INFO: Run Behavior\ShowPageTraceBehavior [ RunTime:0.000050s ]
INFO: [ app_end ] --END-- [ RunTime:0.000082s ]

[ 2019-12-31T16:28:47+08:00 ] 10.6.0.32 /Experiment10/index.php/Home/Experiment/showExperiment
INFO: [ app_init ] --START--
INFO: Run Behavior\BuildLiteBehavior [ RunTime:0.000014s ]
INFO: [ app_init ] --END-- [ RunTime:0.000093s ]
INFO: [ app_begin ] --START--
INFO: Run Behavior\ReadHtmlCacheBehavior [ RunTime:0.000044s ]
INFO: [ app_begin ] --END-- [ RunTime:0.000091s ]
SQL: SHOW COLUMNS FROM `experiment` [ RunTime:0.0006s ]
SQL: SHOW COLUMNS FROM `experiment` [ RunTime:0.0006s ]
SQL: SELECT t1.*,t2.id FROM experiment as t1 left join student_experiment as t2 on t1.Eid=t2.experiment_id and t2.stu_id=1  ORDER BY Eid desc  [ RunTime:0.0001s ]
INFO: [ view_parse ] --START--
INFO: [ template_filter ] --START--
INFO: Run Behavior\ContentReplaceBehavior [ RunTime:0.000045s ]
INFO: [ template_filter ] --END-- [ RunTime:0.000093s ]
NOTIC: [8] Undefined index: is_Join /home/jianhanke/Experiment10/Runtime/Cache/Home/ecca4ced3b946e9566e6c462f3e5b84f.php 第 33 行.
NOTIC: [8] Undefined index: is_Join /home/jianhanke/Experiment10/Runtime/Cache/Home/ecca4ced3b946e9566e6c462f3e5b84f.php 第 33 行.
NOTIC: [8] Undefined index: is_Join /home/jianhanke/Experiment10/Runtime/Cache/Home/ecca4ced3b946e9566e6c462f3e5b84f.php 第 33 行.
NOTIC: [8] Undefined index: is_Join /home/jianhanke/Experiment10/Runtime/Cache/Home/ecca4ced3b946e9566e6c462f3e5b84f.php 第 33 行.
NOTIC: [8] Undefined index: is_Join /home/jianhanke/Experiment10/Runtime/Cache/Home/ecca4ced3b946e9566e6c462f3e5b84f.php 第 33 行.
NOTIC: [8] Undefined index: is_Join /home/jianhanke/Experiment10/Runtime/Cache/Home/ecca4ced3b946e9566e6c462f3e5b84f.php 第 33 行.
NOTIC: [8] Undefined index: is_Join /home/jianhanke/Experiment10/Runtime/Cache/Home/ecca4ced3b946e9566e6c462f3e5b84f.php 第 33 行.
NOTIC: [8] Undefined index: is_Join /home/jianhanke/Experiment10/Runtime/Cache/Home/ecca4ced3b946e9566e6c462f3e5b84f.php 第 33 行.
INFO: Run Behavior\ParseTemplateBehavior [ RunTime:0.004680s ]
INFO: [ view_parse ] --END-- [ RunTime:0.004726s ]
INFO: [ view_filter ] --START--
INFO: Run Behavior\WriteHtmlCacheBehavior [ RunTime:0.000045s ]
INFO: [ view_filter ] --END-- [ RunTime:0.000076s ]
INFO: [ app_end ] --START--
INFO: Run Behavior\ShowPageTraceBehavior [ RunTime:0.000036s ]
INFO: [ app_end ] --END-- [ RunTime:0.000066s ]

[ 2019-12-31T16:28:51+08:00 ] 10.6.0.32 /Experiment10/index.php/Home/Index/index
INFO: [ app_init ] --START--
INFO: Run Behavior\BuildLiteBehavior [ RunTime:0.000017s ]
INFO: [ app_init ] --END-- [ RunTime:0.000124s ]
INFO: [ app_begin ] --START--
INFO: Run Behavior\ReadHtmlCacheBehavior [ RunTime:0.000054s ]
INFO: [ app_begin ] --END-- [ RunTime:0.000103s ]
INFO: [ view_parse ] --START--
INFO: [ template_filter ] --START--
INFO: Run Behavior\ContentReplaceBehavior [ RunTime:0.000062s ]
INFO: [ template_filter ] --END-- [ RunTime:0.000113s ]
INFO: Run Behavior\ParseTemplateBehavior [ RunTime:0.003936s ]
INFO: [ view_parse ] --END-- [ RunTime:0.003990s ]
INFO: [ view_filter ] --START--
INFO: Run Behavior\WriteHtmlCacheBehavior [ RunTime:0.000056s ]
INFO: [ view_filter ] --END-- [ RunTime:0.000090s ]
INFO: [ app_end ] --START--
INFO: Run Behavior\ShowPageTraceBehavior [ RunTime:0.000075s ]
INFO: [ app_end ] --END-- [ RunTime:0.000113s ]

[ 2019-12-31T16:28:51+08:00 ] 10.6.0.32 /Experiment10/index.php/Home/Experiment/showExperiment
INFO: [ app_init ] --START--
INFO: Run Behavior\BuildLiteBehavior [ RunTime:0.000012s ]
INFO: [ app_init ] --END-- [ RunTime:0.000085s ]
INFO: [ app_begin ] --START--
INFO: Run Behavior\ReadHtmlCacheBehavior [ RunTime:0.000044s ]
INFO: [ app_begin ] --END-- [ RunTime:0.000092s ]
SQL: SHOW COLUMNS FROM `experiment` [ RunTime:0.0007s ]
SQL: SHOW COLUMNS FROM `experiment` [ RunTime:0.0006s ]
SQL: SELECT t1.*,t2.id FROM experiment as t1 left join student_experiment as t2 on t1.Eid=t2.experiment_id and t2.stu_id=1  ORDER BY Eid desc  [ RunTime:0.0001s ]
INFO: [ view_parse ] --START--
INFO: [ template_filter ] --START--
INFO: Run Behavior\ContentReplaceBehavior [ RunTime:0.000041s ]
INFO: [ template_filter ] --END-- [ RunTime:0.000086s ]
NOTIC: [8] Undefined index: is_Join /home/jianhanke/Experiment10/Runtime/Cache/Home/ecca4ced3b946e9566e6c462f3e5b84f.php 第 33 行.
NOTIC: [8] Undefined index: is_Join /home/jianhanke/Experiment10/Runtime/Cache/Home/ecca4ced3b946e9566e6c462f3e5b84f.php 第 33 行.
NOTIC: [8] Undefined index: is_Join /home/jianhanke/Experiment10/Runtime/Cache/Home/ecca4ced3b946e9566e6c462f3e5b84f.php 第 33 行.
NOTIC: [8] Undefined index: is_Join /home/jianhanke/Experiment10/Runtime/Cache/Home/ecca4ced3b946e9566e6c462f3e5b84f.php 第 33 行.
NOTIC: [8] Undefined index: is_Join /home/jianhanke/Experiment10/Runtime/Cache/Home/ecca4ced3b946e9566e6c462f3e5b84f.php 第 33 行.
NOTIC: [8] Undefined index: is_Join /home/jianhanke/Experiment10/Runtime/Cache/Home/ecca4ced3b946e9566e6c462f3e5b84f.php 第 33 行.
NOTIC: [8] Undefined index: is_Join /home/jianhanke/Experiment10/Runtime/Cache/Home/ecca4ced3b946e9566e6c462f3e5b84f.php 第 33 行.
NOTIC: [8] Undefined index: is_Join /home/jianhanke/Experiment10/Runtime/Cache/Home/ecca4ced3b946e9566e6c462f3e5b84f.php 第 33 行.
INFO: Run Behavior\ParseTemplateBehavior [ RunTime:0.003625s ]
INFO: [ view_parse ] --END-- [ RunTime:0.003667s ]
INFO: [ view_filter ] --START--
INFO: Run Behavior\WriteHtmlCacheBehavior [ RunTime:0.000040s ]
INFO: [ view_filter ] --END-- [ RunTime:0.000068s ]
INFO: [ app_end ] --START--
INFO: Run Behavior\ShowPageTraceBehavior [ RunTime:0.000033s ]
INFO: [ app_end ] --END-- [ RunTime:0.000062s ]

