[ 2019-12-25T21:29:56+08:00 ] 192.168.255.176 /Experiment10/
INFO: [ app_init ] --START--
INFO: Run Behavior\BuildLiteBehavior [ RunTime:0.000012s ]
INFO: [ app_init ] --END-- [ RunTime:0.000421s ]
INFO: [ app_begin ] --START--
INFO: Run Behavior\ReadHtmlCacheBehavior [ RunTime:0.000585s ]
INFO: [ app_begin ] --END-- [ RunTime:0.000624s ]
INFO: [ view_parse ] --START--
INFO: [ template_filter ] --START--
INFO: Run Behavior\ContentReplaceBehavior [ RunTime:0.000034s ]
INFO: [ template_filter ] --END-- [ RunTime:0.000068s ]
INFO: Run Behavior\ParseTemplateBehavior [ RunTime:0.006871s ]
INFO: [ view_parse ] --END-- [ RunTime:0.006905s ]
INFO: [ view_filter ] --START--
INFO: Run Behavior\WriteHtmlCacheBehavior [ RunTime:0.000195s ]
INFO: [ view_filter ] --END-- [ RunTime:0.000221s ]
INFO: [ app_end ] --START--
INFO: Run Behavior\ShowPageTraceBehavior [ RunTime:0.000874s ]
INFO: [ app_end ] --END-- [ RunTime:0.000906s ]

[ 2019-12-25T21:29:56+08:00 ] 192.168.255.176 /Experiment10/index.php/Home/Experiment/showExperiment
INFO: [ app_init ] --START--
INFO: Run Behavior\BuildLiteBehavior [ RunTime:0.000015s ]
INFO: [ app_init ] --END-- [ RunTime:0.000099s ]
INFO: [ app_begin ] --START--
INFO: Run Behavior\ReadHtmlCacheBehavior [ RunTime:0.000062s ]
INFO: [ app_begin ] --END-- [ RunTime:0.000115s ]
SQL: SHOW COLUMNS FROM `experiment` [ RunTime:0.0008s ]
SQL: SHOW COLUMNS FROM `experiment` [ RunTime:0.0005s ]
SQL: SELECT t1.*,t2.id FROM experiment as t1 left join student_experiment as t2 on t1.Eid=t2.experiment_id and t2.stu_id=1  ORDER BY Eid desc  [ RunTime:0.0001s ]
INFO: [ view_parse ] --START--
INFO: [ template_filter ] --START--
INFO: Run Behavior\ContentReplaceBehavior [ RunTime:0.000029s ]
INFO: [ template_filter ] --END-- [ RunTime:0.000060s ]
NOTIC: [8] Undefined index: is_Join /home/jianhanke/Experiment10/Runtime/Cache/Home/ecca4ced3b946e9566e6c462f3e5b84f.php 第 33 行.
NOTIC: [8] Undefined index: is_Join /home/jianhanke/Experiment10/Runtime/Cache/Home/ecca4ced3b946e9566e6c462f3e5b84f.php 第 33 行.
NOTIC: [8] Undefined index: is_Join /home/jianhanke/Experiment10/Runtime/Cache/Home/ecca4ced3b946e9566e6c462f3e5b84f.php 第 33 行.
NOTIC: [8] Undefined index: is_Join /home/jianhanke/Experiment10/Runtime/Cache/Home/ecca4ced3b946e9566e6c462f3e5b84f.php 第 33 行.
NOTIC: [8] Undefined index: is_Join /home/jianhanke/Experiment10/Runtime/Cache/Home/ecca4ced3b946e9566e6c462f3e5b84f.php 第 33 行.
NOTIC: [8] Undefined index: is_Join /home/jianhanke/Experiment10/Runtime/Cache/Home/ecca4ced3b946e9566e6c462f3e5b84f.php 第 33 行.
NOTIC: [8] Undefined index: is_Join /home/jianhanke/Experiment10/Runtime/Cache/Home/ecca4ced3b946e9566e6c462f3e5b84f.php 第 33 行.
NOTIC: [8] Undefined index: is_Join /home/jianhanke/Experiment10/Runtime/Cache/Home/ecca4ced3b946e9566e6c462f3e5b84f.php 第 33 行.
INFO: Run Behavior\ParseTemplateBehavior [ RunTime:0.002461s ]
INFO: [ view_parse ] --END-- [ RunTime:0.002493s ]
INFO: [ view_filter ] --START--
INFO: Run Behavior\WriteHtmlCacheBehavior [ RunTime:0.000028s ]
INFO: [ view_filter ] --END-- [ RunTime:0.000047s ]
INFO: [ app_end ] --START--
INFO: Run Behavior\ShowPageTraceBehavior [ RunTime:0.000030s ]
INFO: [ app_end ] --END-- [ RunTime:0.000051s ]

[ 2019-12-25T21:30:00+08:00 ] 192.168.255.176 /Experiment10/index.php/Home/Docker/joinExperiment/id/14
INFO: [ app_init ] --START--
INFO: Run Behavior\BuildLiteBehavior [ RunTime:0.000017s ]
INFO: [ app_init ] --END-- [ RunTime:0.000116s ]
INFO: [ app_begin ] --START--
INFO: Run Behavior\ReadHtmlCacheBehavior [ RunTime:0.000057s ]
INFO: [ app_begin ] --END-- [ RunTime:0.000107s ]
ERR: 无法加载控制器:Docker

