[ 2019-11-24T09:57:42+08:00 ] 10.6.0.32 /Experiment/index.php/Home/Docker/startContainerByIp/false_ip/host25?
INFO: [ app_init ] --START--
INFO: Run Behavior\BuildLiteBehavior [ RunTime:0.000011s ]
INFO: [ app_init ] --END-- [ RunTime:0.000435s ]
INFO: [ app_begin ] --START--
INFO: Run Behavior\ReadHtmlCacheBehavior [ RunTime:0.000554s ]
INFO: [ app_begin ] --END-- [ RunTime:0.000591s ]
SQL: SHOW COLUMNS FROM `docker_container` [ RunTime:0.0005s ]
SQL: SELECT * FROM `docker_container` WHERE ( ip_num='25' ) LIMIT 1   [ RunTime:0.0004s ]

[ 2019-11-24T09:57:59+08:00 ] 10.6.0.32 /Experiment/index.php/Home/Docker/stopContainerByIp/false_ip/host25?
INFO: [ app_init ] --START--
INFO: Run Behavior\BuildLiteBehavior [ RunTime:0.000021s ]
INFO: [ app_init ] --END-- [ RunTime:0.000187s ]
INFO: [ app_begin ] --START--
INFO: Run Behavior\ReadHtmlCacheBehavior [ RunTime:0.000076s ]
INFO: [ app_begin ] --END-- [ RunTime:0.000137s ]
SQL: SHOW COLUMNS FROM `docker_container` [ RunTime:0.0007s ]
SQL: SELECT * FROM `docker_container` WHERE ( ip_num='25' ) LIMIT 1   [ RunTime:0.0001s ]

[ 2019-11-24T11:22:08+08:00 ] 10.6.0.32 /Experiment/
INFO: [ app_init ] --START--
INFO: Run Behavior\BuildLiteBehavior [ RunTime:0.000028s ]
INFO: [ app_init ] --END-- [ RunTime:0.000171s ]
INFO: [ app_begin ] --START--
INFO: Run Behavior\ReadHtmlCacheBehavior [ RunTime:0.000068s ]
INFO: [ app_begin ] --END-- [ RunTime:0.000116s ]

[ 2019-11-24T11:22:08+08:00 ] 10.6.0.32 /Experiment/index.php/Home/Login/login
INFO: [ app_init ] --START--
INFO: Run Behavior\BuildLiteBehavior [ RunTime:0.000012s ]
INFO: [ app_init ] --END-- [ RunTime:0.000083s ]
INFO: [ app_begin ] --START--
INFO: Run Behavior\ReadHtmlCacheBehavior [ RunTime:0.000041s ]
INFO: [ app_begin ] --END-- [ RunTime:0.000085s ]
INFO: [ view_parse ] --START--
INFO: [ template_filter ] --START--
INFO: Run Behavior\ContentReplaceBehavior [ RunTime:0.000061s ]
INFO: [ template_filter ] --END-- [ RunTime:0.000117s ]
INFO: Run Behavior\ParseTemplateBehavior [ RunTime:0.010600s ]
INFO: [ view_parse ] --END-- [ RunTime:0.010654s ]
INFO: [ view_filter ] --START--
INFO: Run Behavior\WriteHtmlCacheBehavior [ RunTime:0.000308s ]
INFO: [ view_filter ] --END-- [ RunTime:0.000349s ]
INFO: [ app_end ] --START--
INFO: Run Behavior\ShowPageTraceBehavior [ RunTime:0.001013s ]
INFO: [ app_end ] --END-- [ RunTime:0.001065s ]

[ 2019-11-24T11:22:12+08:00 ] 10.6.0.32 /Experiment/index.php/Home/Login/checkLogin
INFO: [ app_init ] --START--
INFO: Run Behavior\BuildLiteBehavior [ RunTime:0.000020s ]
INFO: [ app_init ] --END-- [ RunTime:0.000170s ]
INFO: [ app_begin ] --START--
INFO: Run Behavior\ReadHtmlCacheBehavior [ RunTime:0.000071s ]
INFO: [ app_begin ] --END-- [ RunTime:0.000124s ]
SQL: SHOW COLUMNS FROM `student` [ RunTime:0.0008s ]
SQL: SELECT * FROM `student` WHERE `Sid` = 1 AND `Spwd` = 'c4ca4238a0b923820dcc509a6f75849b' LIMIT 1   [ RunTime:0.0001s ]

[ 2019-11-24T11:22:12+08:00 ] 10.6.0.32 /Experiment/index.php/Home/Index/index
INFO: [ app_init ] --START--
INFO: Run Behavior\BuildLiteBehavior [ RunTime:0.000010s ]
INFO: [ app_init ] --END-- [ RunTime:0.000063s ]
INFO: [ app_begin ] --START--
INFO: Run Behavior\ReadHtmlCacheBehavior [ RunTime:0.000030s ]
INFO: [ app_begin ] --END-- [ RunTime:0.000062s ]
INFO: [ view_parse ] --START--
INFO: [ template_filter ] --START--
INFO: Run Behavior\ContentReplaceBehavior [ RunTime:0.000037s ]
INFO: [ template_filter ] --END-- [ RunTime:0.000075s ]
INFO: Run Behavior\ParseTemplateBehavior [ RunTime:0.002154s ]
INFO: [ view_parse ] --END-- [ RunTime:0.002192s ]
INFO: [ view_filter ] --START--
INFO: Run Behavior\WriteHtmlCacheBehavior [ RunTime:0.000044s ]
INFO: [ view_filter ] --END-- [ RunTime:0.000068s ]
INFO: [ app_end ] --START--
INFO: Run Behavior\ShowPageTraceBehavior [ RunTime:0.000047s ]
INFO: [ app_end ] --END-- [ RunTime:0.000072s ]

[ 2019-11-24T11:22:12+08:00 ] 10.6.0.32 /Experiment/index.php/Home/Index/showExperiment
INFO: [ app_init ] --START--
INFO: Run Behavior\BuildLiteBehavior [ RunTime:0.000013s ]
INFO: [ app_init ] --END-- [ RunTime:0.000091s ]
INFO: [ app_begin ] --START--
INFO: Run Behavior\ReadHtmlCacheBehavior [ RunTime:0.000042s ]
INFO: [ app_begin ] --END-- [ RunTime:0.000088s ]
SQL: SHOW COLUMNS FROM `experiment` [ RunTime:0.0007s ]
SQL: SELECT * FROM `experiment`  [ RunTime:0.0001s ]
SQL: SELECT `Eid` FROM `experiment`  [ RunTime:0.0001s ]
SQL: SHOW COLUMNS FROM `student_experiment` [ RunTime:0.0006s ]
SQL: SELECT * FROM `student_experiment` WHERE ( Sid='1' and Eid='1' ) LIMIT 1   [ RunTime:0.0001s ]
SQL: SHOW COLUMNS FROM `student_experiment` [ RunTime:0.0005s ]
SQL: SELECT * FROM `student_experiment` WHERE ( Sid='1' and Eid='2' ) LIMIT 1   [ RunTime:0.0001s ]
SQL: SHOW COLUMNS FROM `student_experiment` [ RunTime:0.0010s ]
SQL: SELECT * FROM `student_experiment` WHERE ( Sid='1' and Eid='3' ) LIMIT 1   [ RunTime:0.0001s ]
SQL: SHOW COLUMNS FROM `student_experiment` [ RunTime:0.0005s ]
SQL: SELECT * FROM `student_experiment` WHERE ( Sid='1' and Eid='10' ) LIMIT 1   [ RunTime:0.0001s ]
SQL: SHOW COLUMNS FROM `student_experiment` [ RunTime:0.0005s ]
SQL: SELECT * FROM `student_experiment` WHERE ( Sid='1' and Eid='12' ) LIMIT 1   [ RunTime:0.0001s ]
SQL: SHOW COLUMNS FROM `student_experiment` [ RunTime:0.0005s ]
SQL: SELECT * FROM `student_experiment` WHERE ( Sid='1' and Eid='13' ) LIMIT 1   [ RunTime:0.0001s ]
SQL: SHOW COLUMNS FROM `student_experiment` [ RunTime:0.0010s ]
SQL: SELECT * FROM `student_experiment` WHERE ( Sid='1' and Eid='14' ) LIMIT 1   [ RunTime:0.0001s ]
INFO: [ view_parse ] --START--
INFO: [ template_filter ] --START--
INFO: Run Behavior\ContentReplaceBehavior [ RunTime:0.000037s ]
INFO: [ template_filter ] --END-- [ RunTime:0.000075s ]
INFO: Run Behavior\ParseTemplateBehavior [ RunTime:0.002770s ]
INFO: [ view_parse ] --END-- [ RunTime:0.002827s ]
INFO: [ view_filter ] --START--
INFO: Run Behavior\WriteHtmlCacheBehavior [ RunTime:0.000034s ]
INFO: [ view_filter ] --END-- [ RunTime:0.000059s ]
INFO: [ app_end ] --START--
INFO: Run Behavior\ShowPageTraceBehavior [ RunTime:0.000042s ]
INFO: [ app_end ] --END-- [ RunTime:0.000069s ]

[ 2019-11-24T14:43:37+08:00 ] 10.6.0.32 /Experiment/
INFO: [ app_init ] --START--
INFO: Run Behavior\BuildLiteBehavior [ RunTime:0.000017s ]
INFO: [ app_init ] --END-- [ RunTime:0.000115s ]
INFO: [ app_begin ] --START--
INFO: Run Behavior\ReadHtmlCacheBehavior [ RunTime:0.000049s ]
INFO: [ app_begin ] --END-- [ RunTime:0.000088s ]

[ 2019-11-24T14:43:37+08:00 ] 10.6.0.32 /Experiment/index.php/Home/Login/login
INFO: [ app_init ] --START--
INFO: Run Behavior\BuildLiteBehavior [ RunTime:0.000011s ]
INFO: [ app_init ] --END-- [ RunTime:0.000071s ]
INFO: [ app_begin ] --START--
INFO: Run Behavior\ReadHtmlCacheBehavior [ RunTime:0.000035s ]
INFO: [ app_begin ] --END-- [ RunTime:0.000073s ]
INFO: [ view_parse ] --START--
INFO: [ template_filter ] --START--
INFO: Run Behavior\ContentReplaceBehavior [ RunTime:0.000079s ]
INFO: [ template_filter ] --END-- [ RunTime:0.000124s ]
INFO: Run Behavior\ParseTemplateBehavior [ RunTime:0.001975s ]
INFO: [ view_parse ] --END-- [ RunTime:0.002019s ]
INFO: [ view_filter ] --START--
INFO: Run Behavior\WriteHtmlCacheBehavior [ RunTime:0.000048s ]
INFO: [ view_filter ] --END-- [ RunTime:0.000076s ]
INFO: [ app_end ] --START--
INFO: Run Behavior\ShowPageTraceBehavior [ RunTime:0.000042s ]
INFO: [ app_end ] --END-- [ RunTime:0.000069s ]

[ 2019-11-24T17:29:34+08:00 ] 10.6.0.32 /Experiment/index.php
INFO: [ app_init ] --START--
INFO: Run Behavior\BuildLiteBehavior [ RunTime:0.000017s ]
INFO: [ app_init ] --END-- [ RunTime:0.000132s ]
INFO: [ app_begin ] --START--
INFO: Run Behavior\ReadHtmlCacheBehavior [ RunTime:0.000056s ]
INFO: [ app_begin ] --END-- [ RunTime:0.000103s ]

[ 2019-11-24T17:29:34+08:00 ] 10.6.0.32 /Experiment/index.php/Home/Login/login
INFO: [ app_init ] --START--
INFO: Run Behavior\BuildLiteBehavior [ RunTime:0.000015s ]
INFO: [ app_init ] --END-- [ RunTime:0.000098s ]
INFO: [ app_begin ] --START--
INFO: Run Behavior\ReadHtmlCacheBehavior [ RunTime:0.000045s ]
INFO: [ app_begin ] --END-- [ RunTime:0.000091s ]
INFO: [ view_parse ] --START--
INFO: [ template_filter ] --START--
INFO: Run Behavior\ContentReplaceBehavior [ RunTime:0.000067s ]
INFO: [ template_filter ] --END-- [ RunTime:0.000121s ]
INFO: Run Behavior\ParseTemplateBehavior [ RunTime:0.002502s ]
INFO: [ view_parse ] --END-- [ RunTime:0.002558s ]
INFO: [ view_filter ] --START--
INFO: Run Behavior\WriteHtmlCacheBehavior [ RunTime:0.000061s ]
INFO: [ view_filter ] --END-- [ RunTime:0.000095s ]
INFO: [ app_end ] --START--
INFO: Run Behavior\ShowPageTraceBehavior [ RunTime:0.000050s ]
INFO: [ app_end ] --END-- [ RunTime:0.000087s ]

[ 2019-11-24T17:29:38+08:00 ] 10.6.0.32 /Experiment/index.php/Home/Login/checkLogin
INFO: [ app_init ] --START--
INFO: Run Behavior\BuildLiteBehavior [ RunTime:0.000016s ]
INFO: [ app_init ] --END-- [ RunTime:0.000121s ]
INFO: [ app_begin ] --START--
INFO: Run Behavior\ReadHtmlCacheBehavior [ RunTime:0.000053s ]
INFO: [ app_begin ] --END-- [ RunTime:0.000098s ]
SQL: SHOW COLUMNS FROM `student` [ RunTime:0.0008s ]
SQL: SELECT * FROM `student` WHERE `Sid` = 1 AND `Spwd` = 'c4ca4238a0b923820dcc509a6f75849b' LIMIT 1   [ RunTime:0.0001s ]

[ 2019-11-24T17:29:38+08:00 ] 10.6.0.32 /Experiment/index.php/Home/Index/index
INFO: [ app_init ] --START--
INFO: Run Behavior\BuildLiteBehavior [ RunTime:0.000013s ]
INFO: [ app_init ] --END-- [ RunTime:0.000085s ]
INFO: [ app_begin ] --START--
INFO: Run Behavior\ReadHtmlCacheBehavior [ RunTime:0.000040s ]
INFO: [ app_begin ] --END-- [ RunTime:0.000085s ]
INFO: [ view_parse ] --START--
INFO: [ template_filter ] --START--
INFO: Run Behavior\ContentReplaceBehavior [ RunTime:0.000047s ]
INFO: [ template_filter ] --END-- [ RunTime:0.000096s ]
INFO: Run Behavior\ParseTemplateBehavior [ RunTime:0.002722s ]
INFO: [ view_parse ] --END-- [ RunTime:0.002773s ]
INFO: [ view_filter ] --START--
INFO: Run Behavior\WriteHtmlCacheBehavior [ RunTime:0.000060s ]
INFO: [ view_filter ] --END-- [ RunTime:0.000092s ]
INFO: [ app_end ] --START--
INFO: Run Behavior\ShowPageTraceBehavior [ RunTime:0.000045s ]
INFO: [ app_end ] --END-- [ RunTime:0.000079s ]

[ 2019-11-24T17:29:38+08:00 ] 10.6.0.32 /Experiment/index.php/Home/Index/showExperiment
INFO: [ app_init ] --START--
INFO: Run Behavior\BuildLiteBehavior [ RunTime:0.000012s ]
INFO: [ app_init ] --END-- [ RunTime:0.000085s ]
INFO: [ app_begin ] --START--
INFO: Run Behavior\ReadHtmlCacheBehavior [ RunTime:0.000038s ]
INFO: [ app_begin ] --END-- [ RunTime:0.000080s ]
SQL: SHOW COLUMNS FROM `experiment` [ RunTime:0.0006s ]
SQL: SELECT * FROM `experiment`  [ RunTime:0.0001s ]
SQL: SELECT `Eid` FROM `experiment`  [ RunTime:0.0001s ]
SQL: SHOW COLUMNS FROM `student_experiment` [ RunTime:0.0006s ]
SQL: SELECT * FROM `student_experiment` WHERE ( Sid='1' and Eid='1' ) LIMIT 1   [ RunTime:0.0001s ]
SQL: SHOW COLUMNS FROM `student_experiment` [ RunTime:0.0005s ]
SQL: SELECT * FROM `student_experiment` WHERE ( Sid='1' and Eid='2' ) LIMIT 1   [ RunTime:0.0001s ]
SQL: SHOW COLUMNS FROM `student_experiment` [ RunTime:0.0005s ]
SQL: SELECT * FROM `student_experiment` WHERE ( Sid='1' and Eid='3' ) LIMIT 1   [ RunTime:0.0001s ]
SQL: SHOW COLUMNS FROM `student_experiment` [ RunTime:0.0004s ]
SQL: SELECT * FROM `student_experiment` WHERE ( Sid='1' and Eid='10' ) LIMIT 1   [ RunTime:0.0001s ]
SQL: SHOW COLUMNS FROM `student_experiment` [ RunTime:0.0004s ]
SQL: SELECT * FROM `student_experiment` WHERE ( Sid='1' and Eid='12' ) LIMIT 1   [ RunTime:0.0001s ]
SQL: SHOW COLUMNS FROM `student_experiment` [ RunTime:0.0007s ]
SQL: SELECT * FROM `student_experiment` WHERE ( Sid='1' and Eid='13' ) LIMIT 1   [ RunTime:0.0001s ]
SQL: SHOW COLUMNS FROM `student_experiment` [ RunTime:0.0004s ]
SQL: SELECT * FROM `student_experiment` WHERE ( Sid='1' and Eid='14' ) LIMIT 1   [ RunTime:0.0001s ]
INFO: [ view_parse ] --START--
INFO: [ template_filter ] --START--
INFO: Run Behavior\ContentReplaceBehavior [ RunTime:0.000074s ]
INFO: [ template_filter ] --END-- [ RunTime:0.000371s ]
INFO: Run Behavior\ParseTemplateBehavior [ RunTime:0.003922s ]
INFO: [ view_parse ] --END-- [ RunTime:0.003989s ]
INFO: [ view_filter ] --START--
INFO: Run Behavior\WriteHtmlCacheBehavior [ RunTime:0.000046s ]
INFO: [ view_filter ] --END-- [ RunTime:0.000077s ]
INFO: [ app_end ] --START--
INFO: Run Behavior\ShowPageTraceBehavior [ RunTime:0.000037s ]
INFO: [ app_end ] --END-- [ RunTime:0.000072s ]

[ 2019-11-24T18:17:52+08:00 ] 10.6.0.32 /Experiment/index.php/Home/Index/index
INFO: [ app_init ] --START--
INFO: Run Behavior\BuildLiteBehavior [ RunTime:0.000018s ]
INFO: [ app_init ] --END-- [ RunTime:0.000113s ]
INFO: [ app_begin ] --START--
INFO: Run Behavior\ReadHtmlCacheBehavior [ RunTime:0.000050s ]
INFO: [ app_begin ] --END-- [ RunTime:0.000093s ]
INFO: [ view_parse ] --START--
INFO: [ template_filter ] --START--
INFO: Run Behavior\ContentReplaceBehavior [ RunTime:0.000047s ]
INFO: [ template_filter ] --END-- [ RunTime:0.000092s ]
INFO: Run Behavior\ParseTemplateBehavior [ RunTime:0.002584s ]
INFO: [ view_parse ] --END-- [ RunTime:0.002632s ]
INFO: [ view_filter ] --START--
INFO: Run Behavior\WriteHtmlCacheBehavior [ RunTime:0.000054s ]
INFO: [ view_filter ] --END-- [ RunTime:0.000083s ]
INFO: [ app_end ] --START--
INFO: Run Behavior\ShowPageTraceBehavior [ RunTime:0.000044s ]
INFO: [ app_end ] --END-- [ RunTime:0.000076s ]

[ 2019-11-24T18:17:52+08:00 ] 10.6.0.32 /Experiment/index.php/Home/Index/showExperiment
INFO: [ app_init ] --START--
INFO: Run Behavior\BuildLiteBehavior [ RunTime:0.000012s ]
INFO: [ app_init ] --END-- [ RunTime:0.000083s ]
INFO: [ app_begin ] --START--
INFO: Run Behavior\ReadHtmlCacheBehavior [ RunTime:0.000040s ]
INFO: [ app_begin ] --END-- [ RunTime:0.000082s ]
SQL: SHOW COLUMNS FROM `experiment` [ RunTime:0.0013s ]
SQL: SELECT * FROM `experiment`  [ RunTime:0.0001s ]
SQL: SELECT `Eid` FROM `experiment`  [ RunTime:0.0001s ]
SQL: SHOW COLUMNS FROM `student_experiment` [ RunTime:0.0006s ]
SQL: SELECT * FROM `student_experiment` WHERE ( Sid='1' and Eid='1' ) LIMIT 1   [ RunTime:0.0001s ]
SQL: SHOW COLUMNS FROM `student_experiment` [ RunTime:0.0005s ]
SQL: SELECT * FROM `student_experiment` WHERE ( Sid='1' and Eid='2' ) LIMIT 1   [ RunTime:0.0001s ]
SQL: SHOW COLUMNS FROM `student_experiment` [ RunTime:0.0005s ]
SQL: SELECT * FROM `student_experiment` WHERE ( Sid='1' and Eid='3' ) LIMIT 1   [ RunTime:0.0001s ]
SQL: SHOW COLUMNS FROM `student_experiment` [ RunTime:0.0005s ]
SQL: SELECT * FROM `student_experiment` WHERE ( Sid='1' and Eid='10' ) LIMIT 1   [ RunTime:0.0001s ]
SQL: SHOW COLUMNS FROM `student_experiment` [ RunTime:0.0005s ]
SQL: SELECT * FROM `student_experiment` WHERE ( Sid='1' and Eid='12' ) LIMIT 1   [ RunTime:0.0001s ]
SQL: SHOW COLUMNS FROM `student_experiment` [ RunTime:0.0005s ]
SQL: SELECT * FROM `student_experiment` WHERE ( Sid='1' and Eid='13' ) LIMIT 1   [ RunTime:0.0001s ]
SQL: SHOW COLUMNS FROM `student_experiment` [ RunTime:0.0004s ]
SQL: SELECT * FROM `student_experiment` WHERE ( Sid='1' and Eid='14' ) LIMIT 1   [ RunTime:0.0001s ]
INFO: [ view_parse ] --START--
INFO: [ template_filter ] --START--
INFO: Run Behavior\ContentReplaceBehavior [ RunTime:0.000049s ]
INFO: [ template_filter ] --END-- [ RunTime:0.000097s ]
INFO: Run Behavior\ParseTemplateBehavior [ RunTime:0.003414s ]
INFO: [ view_parse ] --END-- [ RunTime:0.003465s ]
INFO: [ view_filter ] --START--
INFO: Run Behavior\WriteHtmlCacheBehavior [ RunTime:0.000043s ]
INFO: [ view_filter ] --END-- [ RunTime:0.000076s ]
INFO: [ app_end ] --START--
INFO: Run Behavior\ShowPageTraceBehavior [ RunTime:0.000036s ]
INFO: [ app_end ] --END-- [ RunTime:0.000071s ]

[ 2019-11-24T19:18:46+08:00 ] 10.6.0.32 /Experiment/
INFO: [ app_init ] --START--
INFO: Run Behavior\BuildLiteBehavior [ RunTime:0.000019s ]
INFO: [ app_init ] --END-- [ RunTime:0.000132s ]
INFO: [ app_begin ] --START--
INFO: Run Behavior\ReadHtmlCacheBehavior [ RunTime:0.000056s ]
INFO: [ app_begin ] --END-- [ RunTime:0.000100s ]
INFO: [ view_parse ] --START--
INFO: [ template_filter ] --START--
INFO: Run Behavior\ContentReplaceBehavior [ RunTime:0.000051s ]
INFO: [ template_filter ] --END-- [ RunTime:0.000101s ]
INFO: Run Behavior\ParseTemplateBehavior [ RunTime:0.002830s ]
INFO: [ view_parse ] --END-- [ RunTime:0.002883s ]
INFO: [ view_filter ] --START--
INFO: Run Behavior\WriteHtmlCacheBehavior [ RunTime:0.000062s ]
INFO: [ view_filter ] --END-- [ RunTime:0.000094s ]
INFO: [ app_end ] --START--
INFO: Run Behavior\ShowPageTraceBehavior [ RunTime:0.000050s ]
INFO: [ app_end ] --END-- [ RunTime:0.000082s ]

[ 2019-11-24T19:18:46+08:00 ] 10.6.0.32 /Experiment/index.php/Home/Index/showExperiment
INFO: [ app_init ] --START--
INFO: Run Behavior\BuildLiteBehavior [ RunTime:0.000013s ]
INFO: [ app_init ] --END-- [ RunTime:0.000084s ]
INFO: [ app_begin ] --START--
INFO: Run Behavior\ReadHtmlCacheBehavior [ RunTime:0.000038s ]
INFO: [ app_begin ] --END-- [ RunTime:0.000081s ]
SQL: SHOW COLUMNS FROM `experiment` [ RunTime:0.0037s ]
SQL: SELECT * FROM `experiment`  [ RunTime:0.0001s ]
SQL: SELECT `Eid` FROM `experiment`  [ RunTime:0.0001s ]
SQL: SHOW COLUMNS FROM `student_experiment` [ RunTime:0.0006s ]
SQL: SELECT * FROM `student_experiment` WHERE ( Sid='1' and Eid='1' ) LIMIT 1   [ RunTime:0.0001s ]
SQL: SHOW COLUMNS FROM `student_experiment` [ RunTime:0.0005s ]
SQL: SELECT * FROM `student_experiment` WHERE ( Sid='1' and Eid='2' ) LIMIT 1   [ RunTime:0.0001s ]
SQL: SHOW COLUMNS FROM `student_experiment` [ RunTime:0.0004s ]
SQL: SELECT * FROM `student_experiment` WHERE ( Sid='1' and Eid='3' ) LIMIT 1   [ RunTime:0.0001s ]
SQL: SHOW COLUMNS FROM `student_experiment` [ RunTime:0.0004s ]
SQL: SELECT * FROM `student_experiment` WHERE ( Sid='1' and Eid='10' ) LIMIT 1   [ RunTime:0.0001s ]
SQL: SHOW COLUMNS FROM `student_experiment` [ RunTime:0.0004s ]
SQL: SELECT * FROM `student_experiment` WHERE ( Sid='1' and Eid='12' ) LIMIT 1   [ RunTime:0.0001s ]
SQL: SHOW COLUMNS FROM `student_experiment` [ RunTime:0.0004s ]
SQL: SELECT * FROM `student_experiment` WHERE ( Sid='1' and Eid='13' ) LIMIT 1   [ RunTime:0.0001s ]
SQL: SHOW COLUMNS FROM `student_experiment` [ RunTime:0.0004s ]
SQL: SELECT * FROM `student_experiment` WHERE ( Sid='1' and Eid='14' ) LIMIT 1   [ RunTime:0.0001s ]
INFO: [ view_parse ] --START--
INFO: [ template_filter ] --START--
INFO: Run Behavior\ContentReplaceBehavior [ RunTime:0.000035s ]
INFO: [ template_filter ] --END-- [ RunTime:0.000072s ]
INFO: Run Behavior\ParseTemplateBehavior [ RunTime:0.006045s ]
INFO: [ view_parse ] --END-- [ RunTime:0.006085s ]
INFO: [ view_filter ] --START--
INFO: Run Behavior\WriteHtmlCacheBehavior [ RunTime:0.000033s ]
INFO: [ view_filter ] --END-- [ RunTime:0.000055s ]
INFO: [ app_end ] --START--
INFO: Run Behavior\ShowPageTraceBehavior [ RunTime:0.000026s ]
INFO: [ app_end ] --END-- [ RunTime:0.000050s ]

[ 2019-11-24T19:18:47+08:00 ] 10.6.0.32 /Experiment/index.php/Home/Index/showExperiment
INFO: [ app_init ] --START--
INFO: Run Behavior\BuildLiteBehavior [ RunTime:0.000015s ]
INFO: [ app_init ] --END-- [ RunTime:0.000099s ]
INFO: [ app_begin ] --START--
INFO: Run Behavior\ReadHtmlCacheBehavior [ RunTime:0.000042s ]
INFO: [ app_begin ] --END-- [ RunTime:0.000087s ]
SQL: SHOW COLUMNS FROM `experiment` [ RunTime:0.0007s ]
SQL: SELECT * FROM `experiment`  [ RunTime:0.0001s ]
SQL: SELECT `Eid` FROM `experiment`  [ RunTime:0.0001s ]
SQL: SHOW COLUMNS FROM `student_experiment` [ RunTime:0.0005s ]
SQL: SELECT * FROM `student_experiment` WHERE ( Sid='1' and Eid='1' ) LIMIT 1   [ RunTime:0.0001s ]
SQL: SHOW COLUMNS FROM `student_experiment` [ RunTime:0.0005s ]
SQL: SELECT * FROM `student_experiment` WHERE ( Sid='1' and Eid='2' ) LIMIT 1   [ RunTime:0.0001s ]
SQL: SHOW COLUMNS FROM `student_experiment` [ RunTime:0.0004s ]
SQL: SELECT * FROM `student_experiment` WHERE ( Sid='1' and Eid='3' ) LIMIT 1   [ RunTime:0.0001s ]
SQL: SHOW COLUMNS FROM `student_experiment` [ RunTime:0.0004s ]
SQL: SELECT * FROM `student_experiment` WHERE ( Sid='1' and Eid='10' ) LIMIT 1   [ RunTime:0.0001s ]
SQL: SHOW COLUMNS FROM `student_experiment` [ RunTime:0.0004s ]
SQL: SELECT * FROM `student_experiment` WHERE ( Sid='1' and Eid='12' ) LIMIT 1   [ RunTime:0.0001s ]
SQL: SHOW COLUMNS FROM `student_experiment` [ RunTime:0.0004s ]
SQL: SELECT * FROM `student_experiment` WHERE ( Sid='1' and Eid='13' ) LIMIT 1   [ RunTime:0.0001s ]
SQL: SHOW COLUMNS FROM `student_experiment` [ RunTime:0.0004s ]
SQL: SELECT * FROM `student_experiment` WHERE ( Sid='1' and Eid='14' ) LIMIT 1   [ RunTime:0.0001s ]
INFO: [ view_parse ] --START--
INFO: [ template_filter ] --START--
INFO: Run Behavior\ContentReplaceBehavior [ RunTime:0.000053s ]
INFO: [ template_filter ] --END-- [ RunTime:0.000103s ]
INFO: Run Behavior\ParseTemplateBehavior [ RunTime:0.003511s ]
INFO: [ view_parse ] --END-- [ RunTime:0.003562s ]
INFO: [ view_filter ] --START--
INFO: Run Behavior\WriteHtmlCacheBehavior [ RunTime:0.000045s ]
INFO: [ view_filter ] --END-- [ RunTime:0.000077s ]
INFO: [ app_end ] --START--
INFO: Run Behavior\ShowPageTraceBehavior [ RunTime:0.000038s ]
INFO: [ app_end ] --END-- [ RunTime:0.000073s ]

[ 2019-11-24T19:18:48+08:00 ] 10.6.0.32 /Experiment/index.php/Home/Index/showCourse
INFO: [ app_init ] --START--
INFO: Run Behavior\BuildLiteBehavior [ RunTime:0.000015s ]
INFO: [ app_init ] --END-- [ RunTime:0.000099s ]
INFO: [ app_begin ] --START--
INFO: Run Behavior\ReadHtmlCacheBehavior [ RunTime:0.000043s ]
INFO: [ app_begin ] --END-- [ RunTime:0.000089s ]
SQL: SHOW COLUMNS FROM `course` [ RunTime:0.0006s ]
SQL: SELECT * FROM `course`  [ RunTime:0.0001s ]
INFO: [ view_parse ] --START--
INFO: [ template_filter ] --START--
INFO: Run Behavior\ContentReplaceBehavior [ RunTime:0.000035s ]
INFO: [ template_filter ] --END-- [ RunTime:0.000070s ]
NOTIC: [8] Undefined index: name /home/jianhanke/Experiment/Application/Runtime/Cache/Home/9b653ca157623fe95df0e6306293c727.php 第 42 行.
NOTIC: [8] Undefined index: name /home/jianhanke/Experiment/Application/Runtime/Cache/Home/9b653ca157623fe95df0e6306293c727.php 第 42 行.
NOTIC: [8] Undefined index: name /home/jianhanke/Experiment/Application/Runtime/Cache/Home/9b653ca157623fe95df0e6306293c727.php 第 42 行.
NOTIC: [8] Undefined index: name /home/jianhanke/Experiment/Application/Runtime/Cache/Home/9b653ca157623fe95df0e6306293c727.php 第 42 行.
INFO: Run Behavior\ParseTemplateBehavior [ RunTime:0.003648s ]
INFO: [ view_parse ] --END-- [ RunTime:0.003685s ]
INFO: [ view_filter ] --START--
INFO: Run Behavior\WriteHtmlCacheBehavior [ RunTime:0.000031s ]
INFO: [ view_filter ] --END-- [ RunTime:0.000051s ]
INFO: [ app_end ] --START--
INFO: Run Behavior\ShowPageTraceBehavior [ RunTime:0.000023s ]
INFO: [ app_end ] --END-- [ RunTime:0.000043s ]

[ 2019-11-24T19:18:49+08:00 ] 10.6.0.32 /Experiment/index.php/Home/Index/showMyCourse
INFO: [ app_init ] --START--
INFO: Run Behavior\BuildLiteBehavior [ RunTime:0.000013s ]
INFO: [ app_init ] --END-- [ RunTime:0.000090s ]
INFO: [ app_begin ] --START--
INFO: Run Behavior\ReadHtmlCacheBehavior [ RunTime:0.000047s ]
INFO: [ app_begin ] --END-- [ RunTime:0.000086s ]
SQL: SHOW COLUMNS FROM `student_experiment` [ RunTime:0.0005s ]
SQL: SHOW COLUMNS FROM `student_experiment` [ RunTime:0.0004s ]
SQL: SELECT * FROM student_experiment as t1,experiment as t2 WHERE ( t1.Sid=1 and t1.Eid=t2.Eid )  [ RunTime:0.0001s ]
INFO: [ view_parse ] --START--
INFO: [ template_filter ] --START--
INFO: Run Behavior\ContentReplaceBehavior [ RunTime:0.000048s ]
INFO: [ template_filter ] --END-- [ RunTime:0.000092s ]
INFO: Run Behavior\ParseTemplateBehavior [ RunTime:0.002827s ]
INFO: [ view_parse ] --END-- [ RunTime:0.002866s ]
INFO: [ view_filter ] --START--
INFO: Run Behavior\WriteHtmlCacheBehavior [ RunTime:0.000039s ]
INFO: [ view_filter ] --END-- [ RunTime:0.000061s ]
INFO: [ app_end ] --START--
INFO: Run Behavior\ShowPageTraceBehavior [ RunTime:0.000031s ]
INFO: [ app_end ] --END-- [ RunTime:0.000053s ]

[ 2019-11-24T19:18:50+08:00 ] 10.6.0.32 /Experiment/index.php/Home/OnlineCompile/showCompile
INFO: [ app_init ] --START--
INFO: Run Behavior\BuildLiteBehavior [ RunTime:0.000014s ]
INFO: [ app_init ] --END-- [ RunTime:0.000089s ]
INFO: [ app_begin ] --START--
INFO: Run Behavior\ReadHtmlCacheBehavior [ RunTime:0.000040s ]
INFO: [ app_begin ] --END-- [ RunTime:0.000084s ]
INFO: [ view_parse ] --START--
INFO: [ template_filter ] --START--
INFO: Run Behavior\ContentReplaceBehavior [ RunTime:0.000055s ]
INFO: [ template_filter ] --END-- [ RunTime:0.000104s ]
INFO: Run Behavior\ParseTemplateBehavior [ RunTime:0.002049s ]
INFO: [ view_parse ] --END-- [ RunTime:0.002103s ]
INFO: [ view_filter ] --START--
INFO: Run Behavior\WriteHtmlCacheBehavior [ RunTime:0.000043s ]
INFO: [ view_filter ] --END-- [ RunTime:0.000075s ]
INFO: [ app_end ] --START--
INFO: Run Behavior\ShowPageTraceBehavior [ RunTime:0.000034s ]
INFO: [ app_end ] --END-- [ RunTime:0.000067s ]

[ 2019-11-24T19:18:51+08:00 ] 10.6.0.32 /Experiment/index.php/Home/Index/showCourse
INFO: [ app_init ] --START--
INFO: Run Behavior\BuildLiteBehavior [ RunTime:0.000016s ]
INFO: [ app_init ] --END-- [ RunTime:0.000098s ]
INFO: [ app_begin ] --START--
INFO: Run Behavior\ReadHtmlCacheBehavior [ RunTime:0.000046s ]
INFO: [ app_begin ] --END-- [ RunTime:0.000090s ]
SQL: SHOW COLUMNS FROM `course` [ RunTime:0.0007s ]
SQL: SELECT * FROM `course`  [ RunTime:0.0001s ]
INFO: [ view_parse ] --START--
INFO: [ template_filter ] --START--
INFO: Run Behavior\ContentReplaceBehavior [ RunTime:0.000053s ]
INFO: [ template_filter ] --END-- [ RunTime:0.000102s ]
NOTIC: [8] Undefined index: name /home/jianhanke/Experiment/Application/Runtime/Cache/Home/9b653ca157623fe95df0e6306293c727.php 第 42 行.
NOTIC: [8] Undefined index: name /home/jianhanke/Experiment/Application/Runtime/Cache/Home/9b653ca157623fe95df0e6306293c727.php 第 42 行.
NOTIC: [8] Undefined index: name /home/jianhanke/Experiment/Application/Runtime/Cache/Home/9b653ca157623fe95df0e6306293c727.php 第 42 行.
NOTIC: [8] Undefined index: name /home/jianhanke/Experiment/Application/Runtime/Cache/Home/9b653ca157623fe95df0e6306293c727.php 第 42 行.
INFO: Run Behavior\ParseTemplateBehavior [ RunTime:0.003482s ]
INFO: [ view_parse ] --END-- [ RunTime:0.003531s ]
INFO: [ view_filter ] --START--
INFO: Run Behavior\WriteHtmlCacheBehavior [ RunTime:0.000054s ]
INFO: [ view_filter ] --END-- [ RunTime:0.000080s ]
INFO: [ app_end ] --START--
INFO: Run Behavior\ShowPageTraceBehavior [ RunTime:0.000027s ]
INFO: [ app_end ] --END-- [ RunTime:0.000050s ]

[ 2019-11-24T19:18:51+08:00 ] 10.6.0.32 /Experiment/index.php/Home/Index/showExperiment
INFO: [ app_init ] --START--
INFO: Run Behavior\BuildLiteBehavior [ RunTime:0.000013s ]
INFO: [ app_init ] --END-- [ RunTime:0.000085s ]
INFO: [ app_begin ] --START--
INFO: Run Behavior\ReadHtmlCacheBehavior [ RunTime:0.000040s ]
INFO: [ app_begin ] --END-- [ RunTime:0.000082s ]
SQL: SHOW COLUMNS FROM `experiment` [ RunTime:0.0007s ]
SQL: SELECT * FROM `experiment`  [ RunTime:0.0001s ]
SQL: SELECT `Eid` FROM `experiment`  [ RunTime:0.0001s ]
SQL: SHOW COLUMNS FROM `student_experiment` [ RunTime:0.0006s ]
SQL: SELECT * FROM `student_experiment` WHERE ( Sid='1' and Eid='1' ) LIMIT 1   [ RunTime:0.0001s ]
SQL: SHOW COLUMNS FROM `student_experiment` [ RunTime:0.0005s ]
SQL: SELECT * FROM `student_experiment` WHERE ( Sid='1' and Eid='2' ) LIMIT 1   [ RunTime:0.0001s ]
SQL: SHOW COLUMNS FROM `student_experiment` [ RunTime:0.0005s ]
SQL: SELECT * FROM `student_experiment` WHERE ( Sid='1' and Eid='3' ) LIMIT 1   [ RunTime:0.0001s ]
SQL: SHOW COLUMNS FROM `student_experiment` [ RunTime:0.0005s ]
SQL: SELECT * FROM `student_experiment` WHERE ( Sid='1' and Eid='10' ) LIMIT 1   [ RunTime:0.0001s ]
SQL: SHOW COLUMNS FROM `student_experiment` [ RunTime:0.0005s ]
SQL: SELECT * FROM `student_experiment` WHERE ( Sid='1' and Eid='12' ) LIMIT 1   [ RunTime:0.0001s ]
SQL: SHOW COLUMNS FROM `student_experiment` [ RunTime:0.0005s ]
SQL: SELECT * FROM `student_experiment` WHERE ( Sid='1' and Eid='13' ) LIMIT 1   [ RunTime:0.0001s ]
SQL: SHOW COLUMNS FROM `student_experiment` [ RunTime:0.0005s ]
SQL: SELECT * FROM `student_experiment` WHERE ( Sid='1' and Eid='14' ) LIMIT 1   [ RunTime:0.0001s ]
INFO: [ view_parse ] --START--
INFO: [ template_filter ] --START--
INFO: Run Behavior\ContentReplaceBehavior [ RunTime:0.000051s ]
INFO: [ template_filter ] --END-- [ RunTime:0.000106s ]
INFO: Run Behavior\ParseTemplateBehavior [ RunTime:0.003610s ]
INFO: [ view_parse ] --END-- [ RunTime:0.003665s ]
INFO: [ view_filter ] --START--
INFO: Run Behavior\WriteHtmlCacheBehavior [ RunTime:0.000047s ]
INFO: [ view_filter ] --END-- [ RunTime:0.000081s ]
INFO: [ app_end ] --START--
INFO: Run Behavior\ShowPageTraceBehavior [ RunTime:0.000040s ]
INFO: [ app_end ] --END-- [ RunTime:0.000077s ]

[ 2019-11-24T19:18:55+08:00 ] 10.6.0.32 /Experiment/index.php/Home/Index/showCourse
INFO: [ app_init ] --START--
INFO: Run Behavior\BuildLiteBehavior [ RunTime:0.000016s ]
INFO: [ app_init ] --END-- [ RunTime:0.000102s ]
INFO: [ app_begin ] --START--
INFO: Run Behavior\ReadHtmlCacheBehavior [ RunTime:0.000056s ]
INFO: [ app_begin ] --END-- [ RunTime:0.000103s ]
SQL: SHOW COLUMNS FROM `course` [ RunTime:0.0007s ]
SQL: SELECT * FROM `course`  [ RunTime:0.0001s ]
INFO: [ view_parse ] --START--
INFO: [ template_filter ] --START--
INFO: Run Behavior\ContentReplaceBehavior [ RunTime:0.000056s ]
INFO: [ template_filter ] --END-- [ RunTime:0.000109s ]
NOTIC: [8] Undefined index: name /home/jianhanke/Experiment/Application/Runtime/Cache/Home/9b653ca157623fe95df0e6306293c727.php 第 42 行.
NOTIC: [8] Undefined index: name /home/jianhanke/Experiment/Application/Runtime/Cache/Home/9b653ca157623fe95df0e6306293c727.php 第 42 行.
NOTIC: [8] Undefined index: name /home/jianhanke/Experiment/Application/Runtime/Cache/Home/9b653ca157623fe95df0e6306293c727.php 第 42 行.
NOTIC: [8] Undefined index: name /home/jianhanke/Experiment/Application/Runtime/Cache/Home/9b653ca157623fe95df0e6306293c727.php 第 42 行.
INFO: Run Behavior\ParseTemplateBehavior [ RunTime:0.003511s ]
INFO: [ view_parse ] --END-- [ RunTime:0.003564s ]
INFO: [ view_filter ] --START--
INFO: Run Behavior\WriteHtmlCacheBehavior [ RunTime:0.000056s ]
INFO: [ view_filter ] --END-- [ RunTime:0.000091s ]
INFO: [ app_end ] --START--
INFO: Run Behavior\ShowPageTraceBehavior [ RunTime:0.000049s ]
INFO: [ app_end ] --END-- [ RunTime:0.000083s ]

[ 2019-11-24T19:18:55+08:00 ] 10.6.0.32 /Experiment/index.php/Home/Index/showMyCourse
INFO: [ app_init ] --START--
INFO: Run Behavior\BuildLiteBehavior [ RunTime:0.000014s ]
INFO: [ app_init ] --END-- [ RunTime:0.000086s ]
INFO: [ app_begin ] --START--
INFO: Run Behavior\ReadHtmlCacheBehavior [ RunTime:0.000042s ]
INFO: [ app_begin ] --END-- [ RunTime:0.000085s ]
SQL: SHOW COLUMNS FROM `student_experiment` [ RunTime:0.0006s ]
SQL: SHOW COLUMNS FROM `student_experiment` [ RunTime:0.0005s ]
SQL: SELECT * FROM student_experiment as t1,experiment as t2 WHERE ( t1.Sid=1 and t1.Eid=t2.Eid )  [ RunTime:0.0001s ]
INFO: [ view_parse ] --START--
INFO: [ template_filter ] --START--
INFO: Run Behavior\ContentReplaceBehavior [ RunTime:0.000049s ]
INFO: [ template_filter ] --END-- [ RunTime:0.000095s ]
INFO: Run Behavior\ParseTemplateBehavior [ RunTime:0.003316s ]
INFO: [ view_parse ] --END-- [ RunTime:0.003366s ]
INFO: [ view_filter ] --START--
INFO: Run Behavior\WriteHtmlCacheBehavior [ RunTime:0.000042s ]
INFO: [ view_filter ] --END-- [ RunTime:0.000074s ]
INFO: [ app_end ] --START--
INFO: Run Behavior\ShowPageTraceBehavior [ RunTime:0.000035s ]
INFO: [ app_end ] --END-- [ RunTime:0.000065s ]

[ 2019-11-24T19:18:56+08:00 ] 10.6.0.32 /Experiment/index.php/Home/OnlineCompile/showCompile
INFO: [ app_init ] --START--
INFO: Run Behavior\BuildLiteBehavior [ RunTime:0.000013s ]
INFO: [ app_init ] --END-- [ RunTime:0.000087s ]
INFO: [ app_begin ] --START--
INFO: Run Behavior\ReadHtmlCacheBehavior [ RunTime:0.000043s ]
INFO: [ app_begin ] --END-- [ RunTime:0.000084s ]
INFO: [ view_parse ] --START--
INFO: [ template_filter ] --START--
INFO: Run Behavior\ContentReplaceBehavior [ RunTime:0.000061s ]
INFO: [ template_filter ] --END-- [ RunTime:0.000109s ]
INFO: Run Behavior\ParseTemplateBehavior [ RunTime:0.002461s ]
INFO: [ view_parse ] --END-- [ RunTime:0.002519s ]
INFO: [ view_filter ] --START--
INFO: Run Behavior\WriteHtmlCacheBehavior [ RunTime:0.000043s ]
INFO: [ view_filter ] --END-- [ RunTime:0.000073s ]
INFO: [ app_end ] --START--
INFO: Run Behavior\ShowPageTraceBehavior [ RunTime:0.000048s ]
INFO: [ app_end ] --END-- [ RunTime:0.000080s ]

[ 2019-11-24T19:18:56+08:00 ] 10.6.0.32 /Experiment/index.php/Home/Index/showStudentInfoById
INFO: [ app_init ] --START--
INFO: Run Behavior\BuildLiteBehavior [ RunTime:0.000013s ]
INFO: [ app_init ] --END-- [ RunTime:0.000089s ]
INFO: [ app_begin ] --START--
INFO: Run Behavior\ReadHtmlCacheBehavior [ RunTime:0.000041s ]
INFO: [ app_begin ] --END-- [ RunTime:0.000086s ]
SQL: SHOW COLUMNS FROM `student` [ RunTime:0.0007s ]
SQL: SELECT * FROM `student` WHERE `Sid` = 1 LIMIT 1   [ RunTime:0.0001s ]
INFO: [ view_parse ] --START--
INFO: [ template_filter ] --START--
INFO: Run Behavior\ContentReplaceBehavior [ RunTime:0.000041s ]
INFO: [ template_filter ] --END-- [ RunTime:0.000083s ]
INFO: Run Behavior\ParseTemplateBehavior [ RunTime:0.002562s ]
INFO: [ view_parse ] --END-- [ RunTime:0.002613s ]
INFO: [ view_filter ] --START--
INFO: Run Behavior\WriteHtmlCacheBehavior [ RunTime:0.000035s ]
INFO: [ view_filter ] --END-- [ RunTime:0.000060s ]
INFO: [ app_end ] --START--
INFO: Run Behavior\ShowPageTraceBehavior [ RunTime:0.000030s ]
INFO: [ app_end ] --END-- [ RunTime:0.000055s ]

[ 2019-11-24T19:18:56+08:00 ] 10.6.0.32 /Experiment/
INFO: [ app_init ] --START--
INFO: Run Behavior\BuildLiteBehavior [ RunTime:0.000011s ]
INFO: [ app_init ] --END-- [ RunTime:0.000077s ]
INFO: [ app_begin ] --START--
INFO: Run Behavior\ReadHtmlCacheBehavior [ RunTime:0.000036s ]
INFO: [ app_begin ] --END-- [ RunTime:0.000074s ]
INFO: [ view_parse ] --START--
INFO: [ template_filter ] --START--
INFO: Run Behavior\ContentReplaceBehavior [ RunTime:0.000039s ]
INFO: [ template_filter ] --END-- [ RunTime:0.000083s ]
INFO: Run Behavior\ParseTemplateBehavior [ RunTime:0.002263s ]
INFO: [ view_parse ] --END-- [ RunTime:0.002613s ]
INFO: [ view_filter ] --START--
INFO: Run Behavior\WriteHtmlCacheBehavior [ RunTime:0.000031s ]
INFO: [ view_filter ] --END-- [ RunTime:0.000050s ]
INFO: [ app_end ] --START--
INFO: Run Behavior\ShowPageTraceBehavior [ RunTime:0.000023s ]
INFO: [ app_end ] --END-- [ RunTime:0.000042s ]

[ 2019-11-24T19:18:56+08:00 ] 10.6.0.32 /Experiment/index.php/Home/Index/showExperiment
INFO: [ app_init ] --START--
INFO: Run Behavior\BuildLiteBehavior [ RunTime:0.000013s ]
INFO: [ app_init ] --END-- [ RunTime:0.000085s ]
INFO: [ app_begin ] --START--
INFO: Run Behavior\ReadHtmlCacheBehavior [ RunTime:0.000040s ]
INFO: [ app_begin ] --END-- [ RunTime:0.000082s ]
SQL: SHOW COLUMNS FROM `experiment` [ RunTime:0.0006s ]
SQL: SELECT * FROM `experiment`  [ RunTime:0.0001s ]
SQL: SELECT `Eid` FROM `experiment`  [ RunTime:0.0001s ]
SQL: SHOW COLUMNS FROM `student_experiment` [ RunTime:0.0006s ]
SQL: SELECT * FROM `student_experiment` WHERE ( Sid='1' and Eid='1' ) LIMIT 1   [ RunTime:0.0001s ]
SQL: SHOW COLUMNS FROM `student_experiment` [ RunTime:0.0005s ]
SQL: SELECT * FROM `student_experiment` WHERE ( Sid='1' and Eid='2' ) LIMIT 1   [ RunTime:0.0001s ]
SQL: SHOW COLUMNS FROM `student_experiment` [ RunTime:0.0011s ]
SQL: SELECT * FROM `student_experiment` WHERE ( Sid='1' and Eid='3' ) LIMIT 1   [ RunTime:0.0001s ]
SQL: SHOW COLUMNS FROM `student_experiment` [ RunTime:0.0004s ]
SQL: SELECT * FROM `student_experiment` WHERE ( Sid='1' and Eid='10' ) LIMIT 1   [ RunTime:0.0001s ]
SQL: SHOW COLUMNS FROM `student_experiment` [ RunTime:0.0004s ]
SQL: SELECT * FROM `student_experiment` WHERE ( Sid='1' and Eid='12' ) LIMIT 1   [ RunTime:0.0001s ]
SQL: SHOW COLUMNS FROM `student_experiment` [ RunTime:0.0004s ]
SQL: SELECT * FROM `student_experiment` WHERE ( Sid='1' and Eid='13' ) LIMIT 1   [ RunTime:0.0001s ]
SQL: SHOW COLUMNS FROM `student_experiment` [ RunTime:0.0004s ]
SQL: SELECT * FROM `student_experiment` WHERE ( Sid='1' and Eid='14' ) LIMIT 1   [ RunTime:0.0003s ]
INFO: [ view_parse ] --START--
INFO: [ template_filter ] --START--
INFO: Run Behavior\ContentReplaceBehavior [ RunTime:0.000038s ]
INFO: [ template_filter ] --END-- [ RunTime:0.000081s ]
INFO: Run Behavior\ParseTemplateBehavior [ RunTime:0.002745s ]
INFO: [ view_parse ] --END-- [ RunTime:0.002794s ]
INFO: [ view_filter ] --START--
INFO: Run Behavior\WriteHtmlCacheBehavior [ RunTime:0.000037s ]
INFO: [ view_filter ] --END-- [ RunTime:0.000062s ]
INFO: [ app_end ] --START--
INFO: Run Behavior\ShowPageTraceBehavior [ RunTime:0.000030s ]
INFO: [ app_end ] --END-- [ RunTime:0.000058s ]

[ 2019-11-24T19:18:57+08:00 ] 10.6.0.32 /Experiment/index.php/Home/Login/logout
INFO: [ app_init ] --START--
INFO: Run Behavior\BuildLiteBehavior [ RunTime:0.000013s ]
INFO: [ app_init ] --END-- [ RunTime:0.000092s ]
INFO: [ app_begin ] --START--
INFO: Run Behavior\ReadHtmlCacheBehavior [ RunTime:0.000043s ]
INFO: [ app_begin ] --END-- [ RunTime:0.000088s ]
INFO: [ view_parse ] --START--
INFO: [ template_filter ] --START--
INFO: Run Behavior\ContentReplaceBehavior [ RunTime:0.000044s ]
INFO: [ template_filter ] --END-- [ RunTime:0.000096s ]
INFO: Run Behavior\ParseTemplateBehavior [ RunTime:0.002218s ]
INFO: [ view_parse ] --END-- [ RunTime:0.002271s ]
INFO: [ view_filter ] --START--
INFO: Run Behavior\WriteHtmlCacheBehavior [ RunTime:0.000041s ]
INFO: [ view_filter ] --END-- [ RunTime:0.000070s ]
INFO: [ app_end ] --START--
INFO: Run Behavior\ShowPageTraceBehavior [ RunTime:0.000032s ]
INFO: [ app_end ] --END-- [ RunTime:0.000062s ]

[ 2019-11-24T19:18:58+08:00 ] 10.6.0.32 /Experiment/index.php/Home/Login/login
INFO: [ app_init ] --START--
INFO: Run Behavior\BuildLiteBehavior [ RunTime:0.000013s ]
INFO: [ app_init ] --END-- [ RunTime:0.000098s ]
INFO: [ app_begin ] --START--
INFO: Run Behavior\ReadHtmlCacheBehavior [ RunTime:0.000048s ]
INFO: [ app_begin ] --END-- [ RunTime:0.000094s ]
INFO: [ view_parse ] --START--
INFO: [ template_filter ] --START--
INFO: Run Behavior\ContentReplaceBehavior [ RunTime:0.000052s ]
INFO: [ template_filter ] --END-- [ RunTime:0.000102s ]
INFO: Run Behavior\ParseTemplateBehavior [ RunTime:0.002088s ]
INFO: [ view_parse ] --END-- [ RunTime:0.002138s ]
INFO: [ view_filter ] --START--
INFO: Run Behavior\WriteHtmlCacheBehavior [ RunTime:0.000053s ]
INFO: [ view_filter ] --END-- [ RunTime:0.000086s ]
INFO: [ app_end ] --START--
INFO: Run Behavior\ShowPageTraceBehavior [ RunTime:0.000044s ]
INFO: [ app_end ] --END-- [ RunTime:0.000076s ]

[ 2019-11-24T19:43:38+08:00 ] 10.6.0.32 /Experiment/index.php
INFO: [ app_init ] --START--
INFO: Run Behavior\BuildLiteBehavior [ RunTime:0.000013s ]
INFO: [ app_init ] --END-- [ RunTime:0.000091s ]
INFO: [ app_begin ] --START--
INFO: Run Behavior\ReadHtmlCacheBehavior [ RunTime:0.000042s ]
INFO: [ app_begin ] --END-- [ RunTime:0.000077s ]
INFO: [ view_parse ] --START--
INFO: [ template_filter ] --START--
INFO: Run Behavior\ContentReplaceBehavior [ RunTime:0.000041s ]
INFO: [ template_filter ] --END-- [ RunTime:0.000084s ]
INFO: Run Behavior\ParseTemplateBehavior [ RunTime:0.002285s ]
INFO: [ view_parse ] --END-- [ RunTime:0.002328s ]
INFO: [ view_filter ] --START--
INFO: Run Behavior\WriteHtmlCacheBehavior [ RunTime:0.000048s ]
INFO: [ view_filter ] --END-- [ RunTime:0.000075s ]
INFO: [ app_end ] --START--
INFO: Run Behavior\ShowPageTraceBehavior [ RunTime:0.000338s ]
INFO: [ app_end ] --END-- [ RunTime:0.000370s ]

[ 2019-11-24T19:43:38+08:00 ] 10.6.0.32 /Experiment/index.php/Home/Index/showExperiment
INFO: [ app_init ] --START--
INFO: Run Behavior\BuildLiteBehavior [ RunTime:0.000013s ]
INFO: [ app_init ] --END-- [ RunTime:0.000085s ]
INFO: [ app_begin ] --START--
INFO: Run Behavior\ReadHtmlCacheBehavior [ RunTime:0.000039s ]
INFO: [ app_begin ] --END-- [ RunTime:0.000082s ]
SQL: SHOW COLUMNS FROM `experiment` [ RunTime:0.0006s ]
SQL: SELECT * FROM `experiment`  [ RunTime:0.0001s ]
SQL: SELECT `Eid` FROM `experiment`  [ RunTime:0.0001s ]
SQL: SHOW COLUMNS FROM `student_experiment` [ RunTime:0.0008s ]
SQL: SELECT * FROM `student_experiment` WHERE ( Sid='1' and Eid='1' ) LIMIT 1   [ RunTime:0.0001s ]
SQL: SHOW COLUMNS FROM `student_experiment` [ RunTime:0.0006s ]
SQL: SELECT * FROM `student_experiment` WHERE ( Sid='1' and Eid='2' ) LIMIT 1   [ RunTime:0.0001s ]
SQL: SHOW COLUMNS FROM `student_experiment` [ RunTime:0.0006s ]
SQL: SELECT * FROM `student_experiment` WHERE ( Sid='1' and Eid='3' ) LIMIT 1   [ RunTime:0.0001s ]
SQL: SHOW COLUMNS FROM `student_experiment` [ RunTime:0.0008s ]
SQL: SELECT * FROM `student_experiment` WHERE ( Sid='1' and Eid='10' ) LIMIT 1   [ RunTime:0.0001s ]
SQL: SHOW COLUMNS FROM `student_experiment` [ RunTime:0.0005s ]
SQL: SELECT * FROM `student_experiment` WHERE ( Sid='1' and Eid='12' ) LIMIT 1   [ RunTime:0.0001s ]
SQL: SHOW COLUMNS FROM `student_experiment` [ RunTime:0.0005s ]
SQL: SELECT * FROM `student_experiment` WHERE ( Sid='1' and Eid='13' ) LIMIT 1   [ RunTime:0.0001s ]
SQL: SHOW COLUMNS FROM `student_experiment` [ RunTime:0.0004s ]
SQL: SELECT * FROM `student_experiment` WHERE ( Sid='1' and Eid='14' ) LIMIT 1   [ RunTime:0.0001s ]
INFO: [ view_parse ] --START--
INFO: [ template_filter ] --START--
INFO: Run Behavior\ContentReplaceBehavior [ RunTime:0.000054s ]
INFO: [ template_filter ] --END-- [ RunTime:0.000108s ]
INFO: Run Behavior\ParseTemplateBehavior [ RunTime:0.003674s ]
INFO: [ view_parse ] --END-- [ RunTime:0.003728s ]
INFO: [ view_filter ] --START--
INFO: Run Behavior\WriteHtmlCacheBehavior [ RunTime:0.000048s ]
INFO: [ view_filter ] --END-- [ RunTime:0.000081s ]
INFO: [ app_end ] --START--
INFO: Run Behavior\ShowPageTraceBehavior [ RunTime:0.000039s ]
INFO: [ app_end ] --END-- [ RunTime:0.000075s ]

[ 2019-11-24T20:42:23+08:00 ] 10.6.0.32 /Experiment/
INFO: [ app_init ] --START--
INFO: Run Behavior\BuildLiteBehavior [ RunTime:0.000020s ]
INFO: [ app_init ] --END-- [ RunTime:0.000142s ]
INFO: [ app_begin ] --START--
INFO: Run Behavior\ReadHtmlCacheBehavior [ RunTime:0.000067s ]
INFO: [ app_begin ] --END-- [ RunTime:0.000113s ]

[ 2019-11-24T20:42:23+08:00 ] 10.6.0.32 /Experiment/index.php/Home/Login/login
INFO: [ app_init ] --START--
INFO: Run Behavior\BuildLiteBehavior [ RunTime:0.000015s ]
INFO: [ app_init ] --END-- [ RunTime:0.000091s ]
INFO: [ app_begin ] --START--
INFO: Run Behavior\ReadHtmlCacheBehavior [ RunTime:0.000042s ]
INFO: [ app_begin ] --END-- [ RunTime:0.000089s ]
INFO: [ view_parse ] --START--
INFO: [ template_filter ] --START--
INFO: Run Behavior\ContentReplaceBehavior [ RunTime:0.000059s ]
INFO: [ template_filter ] --END-- [ RunTime:0.000108s ]
INFO: Run Behavior\ParseTemplateBehavior [ RunTime:0.002320s ]
INFO: [ view_parse ] --END-- [ RunTime:0.002373s ]
INFO: [ view_filter ] --START--
INFO: Run Behavior\WriteHtmlCacheBehavior [ RunTime:0.000055s ]
INFO: [ view_filter ] --END-- [ RunTime:0.000087s ]
INFO: [ app_end ] --START--
INFO: Run Behavior\ShowPageTraceBehavior [ RunTime:0.000046s ]
INFO: [ app_end ] --END-- [ RunTime:0.000078s ]

[ 2019-11-24T20:43:56+08:00 ] 10.6.0.32 /Experiment/
INFO: [ app_init ] --START--
INFO: Run Behavior\BuildLiteBehavior [ RunTime:0.000018s ]
INFO: [ app_init ] --END-- [ RunTime:0.000124s ]
INFO: [ app_begin ] --START--
INFO: Run Behavior\ReadHtmlCacheBehavior [ RunTime:0.000054s ]
INFO: [ app_begin ] --END-- [ RunTime:0.000099s ]
INFO: [ view_parse ] --START--
INFO: [ template_filter ] --START--
INFO: Run Behavior\ContentReplaceBehavior [ RunTime:0.000052s ]
INFO: [ template_filter ] --END-- [ RunTime:0.000101s ]
INFO: Run Behavior\ParseTemplateBehavior [ RunTime:0.002786s ]
INFO: [ view_parse ] --END-- [ RunTime:0.002839s ]
INFO: [ view_filter ] --START--
INFO: Run Behavior\WriteHtmlCacheBehavior [ RunTime:0.000058s ]
INFO: [ view_filter ] --END-- [ RunTime:0.000091s ]
INFO: [ app_end ] --START--
INFO: Run Behavior\ShowPageTraceBehavior [ RunTime:0.000048s ]
INFO: [ app_end ] --END-- [ RunTime:0.000082s ]

[ 2019-11-24T20:43:56+08:00 ] 10.6.0.32 /Experiment/index.php/Home/Index/showExperiment
INFO: [ app_init ] --START--
INFO: Run Behavior\BuildLiteBehavior [ RunTime:0.000012s ]
INFO: [ app_init ] --END-- [ RunTime:0.000084s ]
INFO: [ app_begin ] --START--
INFO: Run Behavior\ReadHtmlCacheBehavior [ RunTime:0.000040s ]
INFO: [ app_begin ] --END-- [ RunTime:0.000083s ]
SQL: SHOW COLUMNS FROM `experiment` [ RunTime:0.0007s ]
SQL: SELECT * FROM `experiment`  [ RunTime:0.0001s ]
SQL: SELECT `Eid` FROM `experiment`  [ RunTime:0.0001s ]
SQL: SHOW COLUMNS FROM `student_experiment` [ RunTime:0.0006s ]
SQL: SELECT * FROM `student_experiment` WHERE ( Sid='1' and Eid='1' ) LIMIT 1   [ RunTime:0.0001s ]
SQL: SHOW COLUMNS FROM `student_experiment` [ RunTime:0.0005s ]
SQL: SELECT * FROM `student_experiment` WHERE ( Sid='1' and Eid='2' ) LIMIT 1   [ RunTime:0.0001s ]
SQL: SHOW COLUMNS FROM `student_experiment` [ RunTime:0.0008s ]
SQL: SELECT * FROM `student_experiment` WHERE ( Sid='1' and Eid='3' ) LIMIT 1   [ RunTime:0.0001s ]
SQL: SHOW COLUMNS FROM `student_experiment` [ RunTime:0.0006s ]
SQL: SELECT * FROM `student_experiment` WHERE ( Sid='1' and Eid='10' ) LIMIT 1   [ RunTime:0.0001s ]
SQL: SHOW COLUMNS FROM `student_experiment` [ RunTime:0.0005s ]
SQL: SELECT * FROM `student_experiment` WHERE ( Sid='1' and Eid='12' ) LIMIT 1   [ RunTime:0.0001s ]
SQL: SHOW COLUMNS FROM `student_experiment` [ RunTime:0.0005s ]
SQL: SELECT * FROM `student_experiment` WHERE ( Sid='1' and Eid='13' ) LIMIT 1   [ RunTime:0.0001s ]
SQL: SHOW COLUMNS FROM `student_experiment` [ RunTime:0.0004s ]
SQL: SELECT * FROM `student_experiment` WHERE ( Sid='1' and Eid='14' ) LIMIT 1   [ RunTime:0.0003s ]
INFO: [ view_parse ] --START--
INFO: [ template_filter ] --START--
INFO: Run Behavior\ContentReplaceBehavior [ RunTime:0.000052s ]
INFO: [ template_filter ] --END-- [ RunTime:0.000103s ]
INFO: Run Behavior\ParseTemplateBehavior [ RunTime:0.004029s ]
INFO: [ view_parse ] --END-- [ RunTime:0.004083s ]
INFO: [ view_filter ] --START--
INFO: Run Behavior\WriteHtmlCacheBehavior [ RunTime:0.000046s ]
INFO: [ view_filter ] --END-- [ RunTime:0.000079s ]
INFO: [ app_end ] --START--
INFO: Run Behavior\ShowPageTraceBehavior [ RunTime:0.000037s ]
INFO: [ app_end ] --END-- [ RunTime:0.000072s ]

