[ 2019-11-13T20:15:09+08:00 ] ::1 /Experiment/index.php/Home
INFO: [ app_init ] --START--
INFO: Run Behavior\BuildLiteBehavior [ RunTime:0.000015s ]
INFO: [ app_init ] --END-- [ RunTime:0.000890s ]
INFO: [ app_begin ] --START--
INFO: Run Behavior\ReadHtmlCacheBehavior [ RunTime:0.001347s ]
INFO: [ app_begin ] --END-- [ RunTime:0.001413s ]

[ 2019-11-13T20:15:09+08:00 ] ::1 /Experiment/index.php/Home/Login/login
INFO: [ app_init ] --START--
INFO: Run Behavior\BuildLiteBehavior [ RunTime:0.000015s ]
INFO: [ app_init ] --END-- [ RunTime:0.001056s ]
INFO: [ app_begin ] --START--
INFO: Run Behavior\ReadHtmlCacheBehavior [ RunTime:0.001310s ]
INFO: [ app_begin ] --END-- [ RunTime:0.001372s ]
INFO: [ view_parse ] --START--
INFO: [ template_filter ] --START--
INFO: Run Behavior\ContentReplaceBehavior [ RunTime:0.000072s ]
INFO: [ template_filter ] --END-- [ RunTime:0.000133s ]
INFO: Run Behavior\ParseTemplateBehavior [ RunTime:0.025801s ]
INFO: [ view_parse ] --END-- [ RunTime:0.025885s ]
INFO: [ view_filter ] --START--
INFO: Run Behavior\WriteHtmlCacheBehavior [ RunTime:0.000686s ]
INFO: [ view_filter ] --END-- [ RunTime:0.000726s ]
INFO: [ app_end ] --START--
INFO: Run Behavior\ShowPageTraceBehavior [ RunTime:0.001340s ]
INFO: [ app_end ] --END-- [ RunTime:0.001384s ]

[ 2019-11-13T20:15:16+08:00 ] ::1 /Experiment/index.php/Home/Login/checkLogin
INFO: [ app_init ] --START--
INFO: Run Behavior\BuildLiteBehavior [ RunTime:0.000010s ]
INFO: [ app_init ] --END-- [ RunTime:0.000617s ]
INFO: [ app_begin ] --START--
INFO: Run Behavior\ReadHtmlCacheBehavior [ RunTime:0.001686s ]
INFO: [ app_begin ] --END-- [ RunTime:0.001728s ]
SQL: SHOW COLUMNS FROM `student` [ RunTime:0.0165s ]
SQL: SELECT * FROM `student` WHERE `Sid` = 1 AND `Spwd` = 'c4ca4238a0b923820dcc509a6f75849b' LIMIT 1   [ RunTime:0.0008s ]

[ 2019-11-13T20:15:16+08:00 ] ::1 /Experiment/index.php/Home/Index/index
INFO: [ app_init ] --START--
INFO: Run Behavior\BuildLiteBehavior [ RunTime:0.000007s ]
INFO: [ app_init ] --END-- [ RunTime:0.000385s ]
INFO: [ app_begin ] --START--
INFO: Run Behavior\ReadHtmlCacheBehavior [ RunTime:0.000461s ]
INFO: [ app_begin ] --END-- [ RunTime:0.000481s ]
INFO: [ view_parse ] --START--
INFO: [ template_filter ] --START--
INFO: Run Behavior\ContentReplaceBehavior [ RunTime:0.000025s ]
INFO: [ template_filter ] --END-- [ RunTime:0.000058s ]
INFO: Run Behavior\ParseTemplateBehavior [ RunTime:0.016507s ]
INFO: [ view_parse ] --END-- [ RunTime:0.016537s ]
INFO: [ view_filter ] --START--
INFO: Run Behavior\WriteHtmlCacheBehavior [ RunTime:0.000517s ]
INFO: [ view_filter ] --END-- [ RunTime:0.000534s ]
INFO: [ app_end ] --START--
INFO: Run Behavior\ShowPageTraceBehavior [ RunTime:0.000746s ]
INFO: [ app_end ] --END-- [ RunTime:0.000764s ]

[ 2019-11-13T20:15:18+08:00 ] ::1 /Experiment/index.php/Home/Index/showExperiment
INFO: [ app_init ] --START--
INFO: Run Behavior\BuildLiteBehavior [ RunTime:0.000007s ]
INFO: [ app_init ] --END-- [ RunTime:0.000363s ]
INFO: [ app_begin ] --START--
INFO: Run Behavior\ReadHtmlCacheBehavior [ RunTime:0.000681s ]
INFO: [ app_begin ] --END-- [ RunTime:0.000721s ]
SQL: SHOW COLUMNS FROM `experiment` [ RunTime:0.0179s ]
SQL: SELECT * FROM `experiment`  [ RunTime:0.0009s ]
SQL: SELECT `Eid` FROM `experiment`  [ RunTime:0.0005s ]
SQL: SHOW COLUMNS FROM `student_experiment` [ RunTime:0.0156s ]
SQL: SELECT * FROM `student_experiment` WHERE ( Sid='1' and Eid='1' ) LIMIT 1   [ RunTime:0.0008s ]
SQL: SHOW COLUMNS FROM `student_experiment` [ RunTime:0.0131s ]
SQL: SELECT * FROM `student_experiment` WHERE ( Sid='1' and Eid='2' ) LIMIT 1   [ RunTime:0.0007s ]
SQL: SHOW COLUMNS FROM `student_experiment` [ RunTime:0.0126s ]
SQL: SELECT * FROM `student_experiment` WHERE ( Sid='1' and Eid='3' ) LIMIT 1   [ RunTime:0.0006s ]
SQL: SHOW COLUMNS FROM `student_experiment` [ RunTime:0.0121s ]
SQL: SELECT * FROM `student_experiment` WHERE ( Sid='1' and Eid='9' ) LIMIT 1   [ RunTime:0.0006s ]
SQL: SHOW COLUMNS FROM `student_experiment` [ RunTime:0.0122s ]
SQL: SELECT * FROM `student_experiment` WHERE ( Sid='1' and Eid='12' ) LIMIT 1   [ RunTime:0.0006s ]
INFO: [ view_parse ] --START--
INFO: [ template_filter ] --START--
INFO: Run Behavior\ContentReplaceBehavior [ RunTime:0.000063s ]
INFO: [ template_filter ] --END-- [ RunTime:0.000121s ]
INFO: Run Behavior\ParseTemplateBehavior [ RunTime:0.120496s ]
INFO: [ view_parse ] --END-- [ RunTime:0.120558s ]
INFO: [ view_filter ] --START--
INFO: Run Behavior\WriteHtmlCacheBehavior [ RunTime:0.000724s ]
INFO: [ view_filter ] --END-- [ RunTime:0.000765s ]
INFO: [ app_end ] --START--
INFO: Run Behavior\ShowPageTraceBehavior [ RunTime:0.001310s ]
INFO: [ app_end ] --END-- [ RunTime:0.001354s ]

[ 2019-11-13T20:15:36+08:00 ] ::1 /Experiment/index.php/Home/Index/showCourse
INFO: [ app_init ] --START--
INFO: Run Behavior\BuildLiteBehavior [ RunTime:0.000015s ]
INFO: [ app_init ] --END-- [ RunTime:0.001017s ]
INFO: [ app_begin ] --START--
INFO: Run Behavior\ReadHtmlCacheBehavior [ RunTime:0.001345s ]
INFO: [ app_begin ] --END-- [ RunTime:0.001405s ]
SQL: SHOW COLUMNS FROM `course` [ RunTime:0.0218s ]
SQL: SELECT * FROM `course`  [ RunTime:0.0009s ]
INFO: [ view_parse ] --START--
INFO: [ template_filter ] --START--
INFO: Run Behavior\ContentReplaceBehavior [ RunTime:0.000065s ]
INFO: [ template_filter ] --END-- [ RunTime:0.000127s ]
NOTIC: [8] Undefined index: name E:\wamp\apache\library\Experiment\Application\Runtime\Cache\Home\9b653ca157623fe95df0e6306293c727.php 第 42 行.
NOTIC: [8] Undefined index: name E:\wamp\apache\library\Experiment\Application\Runtime\Cache\Home\9b653ca157623fe95df0e6306293c727.php 第 42 行.
INFO: Run Behavior\ParseTemplateBehavior [ RunTime:0.144739s ]
INFO: [ view_parse ] --END-- [ RunTime:0.144811s ]
INFO: [ view_filter ] --START--
INFO: Run Behavior\WriteHtmlCacheBehavior [ RunTime:0.000993s ]
INFO: [ view_filter ] --END-- [ RunTime:0.001046s ]
INFO: [ app_end ] --START--
INFO: Run Behavior\ShowPageTraceBehavior [ RunTime:0.001600s ]
INFO: [ app_end ] --END-- [ RunTime:0.001653s ]

[ 2019-11-13T20:15:38+08:00 ] ::1 /Experiment/index.php/Home/Index/showExperiment
INFO: [ app_init ] --START--
INFO: Run Behavior\BuildLiteBehavior [ RunTime:0.000016s ]
INFO: [ app_init ] --END-- [ RunTime:0.001225s ]
INFO: [ app_begin ] --START--
INFO: Run Behavior\ReadHtmlCacheBehavior [ RunTime:0.001343s ]
INFO: [ app_begin ] --END-- [ RunTime:0.001410s ]
SQL: SHOW COLUMNS FROM `experiment` [ RunTime:0.0156s ]
SQL: SELECT * FROM `experiment`  [ RunTime:0.0008s ]
SQL: SELECT `Eid` FROM `experiment`  [ RunTime:0.0006s ]
SQL: SHOW COLUMNS FROM `student_experiment` [ RunTime:0.0145s ]
SQL: SELECT * FROM `student_experiment` WHERE ( Sid='1' and Eid='1' ) LIMIT 1   [ RunTime:0.0007s ]
SQL: SHOW COLUMNS FROM `student_experiment` [ RunTime:0.0149s ]
SQL: SELECT * FROM `student_experiment` WHERE ( Sid='1' and Eid='2' ) LIMIT 1   [ RunTime:0.0007s ]
SQL: SHOW COLUMNS FROM `student_experiment` [ RunTime:0.0140s ]
SQL: SELECT * FROM `student_experiment` WHERE ( Sid='1' and Eid='3' ) LIMIT 1   [ RunTime:0.0010s ]
SQL: SHOW COLUMNS FROM `student_experiment` [ RunTime:0.0138s ]
SQL: SELECT * FROM `student_experiment` WHERE ( Sid='1' and Eid='9' ) LIMIT 1   [ RunTime:0.0012s ]
SQL: SHOW COLUMNS FROM `student_experiment` [ RunTime:0.0137s ]
SQL: SELECT * FROM `student_experiment` WHERE ( Sid='1' and Eid='12' ) LIMIT 1   [ RunTime:0.0006s ]
INFO: [ view_parse ] --START--
INFO: [ template_filter ] --START--
INFO: Run Behavior\ContentReplaceBehavior [ RunTime:0.000061s ]
INFO: [ template_filter ] --END-- [ RunTime:0.000114s ]
INFO: Run Behavior\ParseTemplateBehavior [ RunTime:0.012658s ]
INFO: [ view_parse ] --END-- [ RunTime:0.012710s ]
INFO: [ view_filter ] --START--
INFO: Run Behavior\WriteHtmlCacheBehavior [ RunTime:0.000719s ]
INFO: [ view_filter ] --END-- [ RunTime:0.000761s ]
INFO: [ app_end ] --START--
INFO: Run Behavior\ShowPageTraceBehavior [ RunTime:0.001639s ]
INFO: [ app_end ] --END-- [ RunTime:0.001711s ]

[ 2019-11-13T20:15:38+08:00 ] ::1 /Experiment/index.php/Home/Index/index
INFO: [ app_init ] --START--
INFO: Run Behavior\BuildLiteBehavior [ RunTime:0.000021s ]
INFO: [ app_init ] --END-- [ RunTime:0.001387s ]
INFO: [ app_begin ] --START--
INFO: Run Behavior\ReadHtmlCacheBehavior [ RunTime:0.003284s ]
INFO: [ app_begin ] --END-- [ RunTime:0.003361s ]
INFO: [ view_parse ] --START--
INFO: [ template_filter ] --START--
INFO: Run Behavior\ContentReplaceBehavior [ RunTime:0.000053s ]
INFO: [ template_filter ] --END-- [ RunTime:0.000113s ]
INFO: Run Behavior\ParseTemplateBehavior [ RunTime:0.021037s ]
INFO: [ view_parse ] --END-- [ RunTime:0.021099s ]
INFO: [ view_filter ] --START--
INFO: Run Behavior\WriteHtmlCacheBehavior [ RunTime:0.001928s ]
INFO: [ view_filter ] --END-- [ RunTime:0.001997s ]
INFO: [ app_end ] --START--
INFO: Run Behavior\ShowPageTraceBehavior [ RunTime:0.003924s ]
INFO: [ app_end ] --END-- [ RunTime:0.003984s ]

[ 2019-11-13T20:15:38+08:00 ] ::1 /Experiment/index.php/Home/Index/index
INFO: [ app_init ] --START--
INFO: Run Behavior\BuildLiteBehavior [ RunTime:0.000023s ]
INFO: [ app_init ] --END-- [ RunTime:0.002176s ]
INFO: [ app_begin ] --START--
INFO: Run Behavior\ReadHtmlCacheBehavior [ RunTime:0.002767s ]
INFO: [ app_begin ] --END-- [ RunTime:0.002848s ]
INFO: [ view_parse ] --START--
INFO: [ template_filter ] --START--
INFO: Run Behavior\ContentReplaceBehavior [ RunTime:0.000056s ]
INFO: [ template_filter ] --END-- [ RunTime:0.000118s ]
INFO: Run Behavior\ParseTemplateBehavior [ RunTime:0.026892s ]
INFO: [ view_parse ] --END-- [ RunTime:0.026967s ]
INFO: [ view_filter ] --START--
INFO: Run Behavior\WriteHtmlCacheBehavior [ RunTime:0.001523s ]
INFO: [ view_filter ] --END-- [ RunTime:0.001568s ]
INFO: [ app_end ] --START--
INFO: Run Behavior\ShowPageTraceBehavior [ RunTime:0.002873s ]
INFO: [ app_end ] --END-- [ RunTime:0.002926s ]

[ 2019-11-13T20:15:40+08:00 ] ::1 /Experiment/index.php/Home/Index/showExperiment
INFO: [ app_init ] --START--
INFO: Run Behavior\BuildLiteBehavior [ RunTime:0.000018s ]
INFO: [ app_init ] --END-- [ RunTime:0.001378s ]
INFO: [ app_begin ] --START--
INFO: Run Behavior\ReadHtmlCacheBehavior [ RunTime:0.001427s ]
INFO: [ app_begin ] --END-- [ RunTime:0.001494s ]
SQL: SHOW COLUMNS FROM `experiment` [ RunTime:0.0066s ]
SQL: SELECT * FROM `experiment`  [ RunTime:0.0003s ]
SQL: SELECT `Eid` FROM `experiment`  [ RunTime:0.0002s ]
SQL: SHOW COLUMNS FROM `student_experiment` [ RunTime:0.0049s ]
SQL: SELECT * FROM `student_experiment` WHERE ( Sid='1' and Eid='1' ) LIMIT 1   [ RunTime:0.0003s ]
SQL: SHOW COLUMNS FROM `student_experiment` [ RunTime:0.0053s ]
SQL: SELECT * FROM `student_experiment` WHERE ( Sid='1' and Eid='2' ) LIMIT 1   [ RunTime:0.0003s ]
SQL: SHOW COLUMNS FROM `student_experiment` [ RunTime:0.0051s ]
SQL: SELECT * FROM `student_experiment` WHERE ( Sid='1' and Eid='3' ) LIMIT 1   [ RunTime:0.0003s ]
SQL: SHOW COLUMNS FROM `student_experiment` [ RunTime:0.0049s ]
SQL: SELECT * FROM `student_experiment` WHERE ( Sid='1' and Eid='9' ) LIMIT 1   [ RunTime:0.0003s ]
SQL: SHOW COLUMNS FROM `student_experiment` [ RunTime:0.0053s ]
SQL: SELECT * FROM `student_experiment` WHERE ( Sid='1' and Eid='12' ) LIMIT 1   [ RunTime:0.0003s ]
INFO: [ view_parse ] --START--
INFO: [ template_filter ] --START--
INFO: Run Behavior\ContentReplaceBehavior [ RunTime:0.000027s ]
INFO: [ template_filter ] --END-- [ RunTime:0.000049s ]
INFO: Run Behavior\ParseTemplateBehavior [ RunTime:0.005231s ]
INFO: [ view_parse ] --END-- [ RunTime:0.005252s ]
INFO: [ view_filter ] --START--
INFO: Run Behavior\WriteHtmlCacheBehavior [ RunTime:0.000281s ]
INFO: [ view_filter ] --END-- [ RunTime:0.000297s ]
INFO: [ app_end ] --START--
INFO: Run Behavior\ShowPageTraceBehavior [ RunTime:0.000533s ]
INFO: [ app_end ] --END-- [ RunTime:0.000550s ]

[ 2019-11-13T20:15:42+08:00 ] ::1 /Experiment/index.php/Home/Index/showCourse
INFO: [ app_init ] --START--
INFO: Run Behavior\BuildLiteBehavior [ RunTime:0.000009s ]
INFO: [ app_init ] --END-- [ RunTime:0.000441s ]
INFO: [ app_begin ] --START--
INFO: Run Behavior\ReadHtmlCacheBehavior [ RunTime:0.001218s ]
INFO: [ app_begin ] --END-- [ RunTime:0.001290s ]
SQL: SHOW COLUMNS FROM `course` [ RunTime:0.0143s ]
SQL: SELECT * FROM `course`  [ RunTime:0.0007s ]
INFO: [ view_parse ] --START--
INFO: [ template_filter ] --START--
INFO: Run Behavior\ContentReplaceBehavior [ RunTime:0.000070s ]
INFO: [ template_filter ] --END-- [ RunTime:0.000131s ]
NOTIC: [8] Undefined index: name E:\wamp\apache\library\Experiment\Application\Runtime\Cache\Home\9b653ca157623fe95df0e6306293c727.php 第 42 行.
NOTIC: [8] Undefined index: name E:\wamp\apache\library\Experiment\Application\Runtime\Cache\Home\9b653ca157623fe95df0e6306293c727.php 第 42 行.
INFO: Run Behavior\ParseTemplateBehavior [ RunTime:0.021189s ]
INFO: [ view_parse ] --END-- [ RunTime:0.021246s ]
INFO: [ view_filter ] --START--
INFO: Run Behavior\WriteHtmlCacheBehavior [ RunTime:0.001650s ]
INFO: [ view_filter ] --END-- [ RunTime:0.001707s ]
INFO: [ app_end ] --START--
INFO: Run Behavior\ShowPageTraceBehavior [ RunTime:0.002419s ]
INFO: [ app_end ] --END-- [ RunTime:0.002498s ]

[ 2019-11-13T20:15:44+08:00 ] ::1 /Experiment/index.php/Home/Index/showCourse
INFO: [ app_init ] --START--
INFO: Run Behavior\BuildLiteBehavior [ RunTime:0.000021s ]
INFO: [ app_init ] --END-- [ RunTime:0.001340s ]
INFO: [ app_begin ] --START--
INFO: Run Behavior\ReadHtmlCacheBehavior [ RunTime:0.002696s ]
INFO: [ app_begin ] --END-- [ RunTime:0.002773s ]
SQL: SHOW COLUMNS FROM `course` [ RunTime:0.0134s ]
SQL: SELECT * FROM `course`  [ RunTime:0.0009s ]
INFO: [ view_parse ] --START--
INFO: [ template_filter ] --START--
INFO: Run Behavior\ContentReplaceBehavior [ RunTime:0.000061s ]
INFO: [ template_filter ] --END-- [ RunTime:0.000117s ]
NOTIC: [8] Undefined index: name E:\wamp\apache\library\Experiment\Application\Runtime\Cache\Home\9b653ca157623fe95df0e6306293c727.php 第 42 行.
NOTIC: [8] Undefined index: name E:\wamp\apache\library\Experiment\Application\Runtime\Cache\Home\9b653ca157623fe95df0e6306293c727.php 第 42 行.
INFO: Run Behavior\ParseTemplateBehavior [ RunTime:0.020133s ]
INFO: [ view_parse ] --END-- [ RunTime:0.020190s ]
INFO: [ view_filter ] --START--
INFO: Run Behavior\WriteHtmlCacheBehavior [ RunTime:0.001330s ]
INFO: [ view_filter ] --END-- [ RunTime:0.001373s ]
INFO: [ app_end ] --START--
INFO: Run Behavior\ShowPageTraceBehavior [ RunTime:0.001974s ]
INFO: [ app_end ] --END-- [ RunTime:0.002021s ]

[ 2019-11-13T20:15:46+08:00 ] ::1 /Experiment/index.php/Home/Index/showCourse
INFO: [ app_init ] --START--
INFO: Run Behavior\BuildLiteBehavior [ RunTime:0.000024s ]
INFO: [ app_init ] --END-- [ RunTime:0.001846s ]
INFO: [ app_begin ] --START--
INFO: Run Behavior\ReadHtmlCacheBehavior [ RunTime:0.002284s ]
INFO: [ app_begin ] --END-- [ RunTime:0.002354s ]
SQL: SHOW COLUMNS FROM `course` [ RunTime:0.0131s ]
SQL: SELECT * FROM `course`  [ RunTime:0.0007s ]
INFO: [ view_parse ] --START--
INFO: [ template_filter ] --START--
INFO: Run Behavior\ContentReplaceBehavior [ RunTime:0.000056s ]
INFO: [ template_filter ] --END-- [ RunTime:0.000107s ]
NOTIC: [8] Undefined index: name E:\wamp\apache\library\Experiment\Application\Runtime\Cache\Home\9b653ca157623fe95df0e6306293c727.php 第 42 行.
NOTIC: [8] Undefined index: name E:\wamp\apache\library\Experiment\Application\Runtime\Cache\Home\9b653ca157623fe95df0e6306293c727.php 第 42 行.
INFO: Run Behavior\ParseTemplateBehavior [ RunTime:0.016761s ]
INFO: [ view_parse ] --END-- [ RunTime:0.016812s ]
INFO: [ view_filter ] --START--
INFO: Run Behavior\WriteHtmlCacheBehavior [ RunTime:0.001212s ]
INFO: [ view_filter ] --END-- [ RunTime:0.001255s ]
INFO: [ app_end ] --START--
INFO: Run Behavior\ShowPageTraceBehavior [ RunTime:0.001808s ]
INFO: [ app_end ] --END-- [ RunTime:0.001850s ]

[ 2019-11-13T20:15:48+08:00 ] ::1 /Experiment/index.php/Home/Index/showCourse
INFO: [ app_init ] --START--
INFO: Run Behavior\BuildLiteBehavior [ RunTime:0.000016s ]
INFO: [ app_init ] --END-- [ RunTime:0.001056s ]
INFO: [ app_begin ] --START--
INFO: Run Behavior\ReadHtmlCacheBehavior [ RunTime:0.001886s ]
INFO: [ app_begin ] --END-- [ RunTime:0.001953s ]
SQL: SHOW COLUMNS FROM `course` [ RunTime:0.0156s ]
SQL: SELECT * FROM `course`  [ RunTime:0.0007s ]
INFO: [ view_parse ] --START--
INFO: [ template_filter ] --START--
INFO: Run Behavior\ContentReplaceBehavior [ RunTime:0.000071s ]
INFO: [ template_filter ] --END-- [ RunTime:0.000138s ]
NOTIC: [8] Undefined index: name E:\wamp\apache\library\Experiment\Application\Runtime\Cache\Home\9b653ca157623fe95df0e6306293c727.php 第 42 行.
NOTIC: [8] Undefined index: name E:\wamp\apache\library\Experiment\Application\Runtime\Cache\Home\9b653ca157623fe95df0e6306293c727.php 第 42 行.
INFO: Run Behavior\ParseTemplateBehavior [ RunTime:0.015440s ]
INFO: [ view_parse ] --END-- [ RunTime:0.015500s ]
INFO: [ view_filter ] --START--
INFO: Run Behavior\WriteHtmlCacheBehavior [ RunTime:0.000803s ]
INFO: [ view_filter ] --END-- [ RunTime:0.000850s ]
INFO: [ app_end ] --START--
INFO: Run Behavior\ShowPageTraceBehavior [ RunTime:0.001587s ]
INFO: [ app_end ] --END-- [ RunTime:0.001643s ]

[ 2019-11-13T20:15:50+08:00 ] ::1 /Experiment/index.php/Home/Index/showExperiment
INFO: [ app_init ] --START--
INFO: Run Behavior\BuildLiteBehavior [ RunTime:0.000007s ]
INFO: [ app_init ] --END-- [ RunTime:0.000392s ]
INFO: [ app_begin ] --START--
INFO: Run Behavior\ReadHtmlCacheBehavior [ RunTime:0.000537s ]
INFO: [ app_begin ] --END-- [ RunTime:0.000564s ]
SQL: SHOW COLUMNS FROM `experiment` [ RunTime:0.0160s ]
SQL: SELECT * FROM `experiment`  [ RunTime:0.0007s ]
SQL: SELECT `Eid` FROM `experiment`  [ RunTime:0.0006s ]
SQL: SHOW COLUMNS FROM `student_experiment` [ RunTime:0.0124s ]
SQL: SELECT * FROM `student_experiment` WHERE ( Sid='1' and Eid='1' ) LIMIT 1   [ RunTime:0.0006s ]
SQL: SHOW COLUMNS FROM `student_experiment` [ RunTime:0.0113s ]
SQL: SELECT * FROM `student_experiment` WHERE ( Sid='1' and Eid='2' ) LIMIT 1   [ RunTime:0.0006s ]
SQL: SHOW COLUMNS FROM `student_experiment` [ RunTime:0.0115s ]
SQL: SELECT * FROM `student_experiment` WHERE ( Sid='1' and Eid='3' ) LIMIT 1   [ RunTime:0.0006s ]
SQL: SHOW COLUMNS FROM `student_experiment` [ RunTime:0.0110s ]
SQL: SELECT * FROM `student_experiment` WHERE ( Sid='1' and Eid='9' ) LIMIT 1   [ RunTime:0.0005s ]
SQL: SHOW COLUMNS FROM `student_experiment` [ RunTime:0.0111s ]
SQL: SELECT * FROM `student_experiment` WHERE ( Sid='1' and Eid='12' ) LIMIT 1   [ RunTime:0.0005s ]
INFO: [ view_parse ] --START--
INFO: [ template_filter ] --START--
INFO: Run Behavior\ContentReplaceBehavior [ RunTime:0.000059s ]
INFO: [ template_filter ] --END-- [ RunTime:0.000111s ]
INFO: Run Behavior\ParseTemplateBehavior [ RunTime:0.012119s ]
INFO: [ view_parse ] --END-- [ RunTime:0.012168s ]
INFO: [ view_filter ] --START--
INFO: Run Behavior\WriteHtmlCacheBehavior [ RunTime:0.000617s ]
INFO: [ view_filter ] --END-- [ RunTime:0.000652s ]
INFO: [ app_end ] --START--
INFO: Run Behavior\ShowPageTraceBehavior [ RunTime:0.001172s ]
INFO: [ app_end ] --END-- [ RunTime:0.001212s ]

[ 2019-11-13T20:15:50+08:00 ] ::1 /Experiment/index.php/Home/Index/index
INFO: [ app_init ] --START--
INFO: Run Behavior\BuildLiteBehavior [ RunTime:0.000016s ]
INFO: [ app_init ] --END-- [ RunTime:0.001062s ]
INFO: [ app_begin ] --START--
INFO: Run Behavior\ReadHtmlCacheBehavior [ RunTime:0.001327s ]
INFO: [ app_begin ] --END-- [ RunTime:0.001385s ]
INFO: [ view_parse ] --START--
INFO: [ template_filter ] --START--
INFO: Run Behavior\ContentReplaceBehavior [ RunTime:0.000047s ]
INFO: [ template_filter ] --END-- [ RunTime:0.000095s ]
INFO: Run Behavior\ParseTemplateBehavior [ RunTime:0.010208s ]
INFO: [ view_parse ] --END-- [ RunTime:0.010257s ]
INFO: [ view_filter ] --START--
INFO: Run Behavior\WriteHtmlCacheBehavior [ RunTime:0.000637s ]
INFO: [ view_filter ] --END-- [ RunTime:0.000673s ]
INFO: [ app_end ] --START--
INFO: Run Behavior\ShowPageTraceBehavior [ RunTime:0.001182s ]
INFO: [ app_end ] --END-- [ RunTime:0.001223s ]

[ 2019-11-13T20:15:51+08:00 ] ::1 /Experiment/index.php/Home/Index/index
INFO: [ app_init ] --START--
INFO: Run Behavior\BuildLiteBehavior [ RunTime:0.000010s ]
INFO: [ app_init ] --END-- [ RunTime:0.001003s ]
INFO: [ app_begin ] --START--
INFO: Run Behavior\ReadHtmlCacheBehavior [ RunTime:0.000775s ]
INFO: [ app_begin ] --END-- [ RunTime:0.000811s ]
INFO: [ view_parse ] --START--
INFO: [ template_filter ] --START--
INFO: Run Behavior\ContentReplaceBehavior [ RunTime:0.000048s ]
INFO: [ template_filter ] --END-- [ RunTime:0.000097s ]
INFO: Run Behavior\ParseTemplateBehavior [ RunTime:0.010661s ]
INFO: [ view_parse ] --END-- [ RunTime:0.010711s ]
INFO: [ view_filter ] --START--
INFO: Run Behavior\WriteHtmlCacheBehavior [ RunTime:0.000719s ]
INFO: [ view_filter ] --END-- [ RunTime:0.000757s ]
INFO: [ app_end ] --START--
INFO: Run Behavior\ShowPageTraceBehavior [ RunTime:0.001217s ]
INFO: [ app_end ] --END-- [ RunTime:0.001258s ]

[ 2019-11-13T20:15:51+08:00 ] ::1 /Experiment/index.php/Home/Index/index
INFO: [ app_init ] --START--
INFO: Run Behavior\BuildLiteBehavior [ RunTime:0.000016s ]
INFO: [ app_init ] --END-- [ RunTime:0.001025s ]
INFO: [ app_begin ] --START--
INFO: Run Behavior\ReadHtmlCacheBehavior [ RunTime:0.001339s ]
INFO: [ app_begin ] --END-- [ RunTime:0.001398s ]
INFO: [ view_parse ] --START--
INFO: [ template_filter ] --START--
INFO: Run Behavior\ContentReplaceBehavior [ RunTime:0.000047s ]
INFO: [ template_filter ] --END-- [ RunTime:0.000098s ]
INFO: Run Behavior\ParseTemplateBehavior [ RunTime:0.010500s ]
INFO: [ view_parse ] --END-- [ RunTime:0.010550s ]
INFO: [ view_filter ] --START--
INFO: Run Behavior\WriteHtmlCacheBehavior [ RunTime:0.000636s ]
INFO: [ view_filter ] --END-- [ RunTime:0.000674s ]
INFO: [ app_end ] --START--
INFO: Run Behavior\ShowPageTraceBehavior [ RunTime:0.001197s ]
INFO: [ app_end ] --END-- [ RunTime:0.001238s ]

[ 2019-11-13T20:15:51+08:00 ] ::1 /Experiment/index.php/Home/Index/index
INFO: [ app_init ] --START--
INFO: Run Behavior\BuildLiteBehavior [ RunTime:0.000017s ]
INFO: [ app_init ] --END-- [ RunTime:0.000969s ]
INFO: [ app_begin ] --START--
INFO: Run Behavior\ReadHtmlCacheBehavior [ RunTime:0.001250s ]
INFO: [ app_begin ] --END-- [ RunTime:0.001312s ]
INFO: [ view_parse ] --START--
INFO: [ template_filter ] --START--
INFO: Run Behavior\ContentReplaceBehavior [ RunTime:0.000047s ]
INFO: [ template_filter ] --END-- [ RunTime:0.000097s ]
INFO: Run Behavior\ParseTemplateBehavior [ RunTime:0.010458s ]
INFO: [ view_parse ] --END-- [ RunTime:0.010506s ]
INFO: [ view_filter ] --START--
INFO: Run Behavior\WriteHtmlCacheBehavior [ RunTime:0.000585s ]
INFO: [ view_filter ] --END-- [ RunTime:0.000620s ]
INFO: [ app_end ] --START--
INFO: Run Behavior\ShowPageTraceBehavior [ RunTime:0.001201s ]
INFO: [ app_end ] --END-- [ RunTime:0.001240s ]

[ 2019-11-13T20:16:05+08:00 ] ::1 /Experiment/index.php
INFO: [ app_init ] --START--
INFO: Run Behavior\BuildLiteBehavior [ RunTime:0.000013s ]
INFO: [ app_init ] --END-- [ RunTime:0.000917s ]
INFO: [ app_begin ] --START--
INFO: Run Behavior\ReadHtmlCacheBehavior [ RunTime:0.001139s ]
INFO: [ app_begin ] --END-- [ RunTime:0.001191s ]

[ 2019-11-13T20:16:05+08:00 ] ::1 /Experiment/index.php/Home/Login/login
INFO: [ app_init ] --START--
INFO: Run Behavior\BuildLiteBehavior [ RunTime:0.000005s ]
INFO: [ app_init ] --END-- [ RunTime:0.000335s ]
INFO: [ app_begin ] --START--
INFO: Run Behavior\ReadHtmlCacheBehavior [ RunTime:0.000436s ]
INFO: [ app_begin ] --END-- [ RunTime:0.000455s ]
INFO: [ view_parse ] --START--
INFO: [ template_filter ] --START--
INFO: Run Behavior\ContentReplaceBehavior [ RunTime:0.000052s ]
INFO: [ template_filter ] --END-- [ RunTime:0.000079s ]
INFO: Run Behavior\ParseTemplateBehavior [ RunTime:0.005380s ]
INFO: [ view_parse ] --END-- [ RunTime:0.005433s ]
INFO: [ view_filter ] --START--
INFO: Run Behavior\WriteHtmlCacheBehavior [ RunTime:0.000455s ]
INFO: [ view_filter ] --END-- [ RunTime:0.000485s ]
INFO: [ app_end ] --START--
INFO: Run Behavior\ShowPageTraceBehavior [ RunTime:0.000554s ]
INFO: [ app_end ] --END-- [ RunTime:0.000572s ]

[ 2019-11-13T20:16:09+08:00 ] ::1 /Experiment/index.php/Home/Login/checkLogin
INFO: [ app_init ] --START--
INFO: Run Behavior\BuildLiteBehavior [ RunTime:0.000007s ]
INFO: [ app_init ] --END-- [ RunTime:0.000407s ]
INFO: [ app_begin ] --START--
INFO: Run Behavior\ReadHtmlCacheBehavior [ RunTime:0.000488s ]
INFO: [ app_begin ] --END-- [ RunTime:0.000516s ]
SQL: SHOW COLUMNS FROM `student` [ RunTime:0.0162s ]
SQL: SELECT * FROM `student` WHERE `Sid` = 1 AND `Spwd` = 'c4ca4238a0b923820dcc509a6f75849b' LIMIT 1   [ RunTime:0.0008s ]

[ 2019-11-13T20:16:09+08:00 ] ::1 /Experiment/index.php/Home/Index/index
INFO: [ app_init ] --START--
INFO: Run Behavior\BuildLiteBehavior [ RunTime:0.000015s ]
INFO: [ app_init ] --END-- [ RunTime:0.000981s ]
INFO: [ app_begin ] --START--
INFO: Run Behavior\ReadHtmlCacheBehavior [ RunTime:0.002506s ]
INFO: [ app_begin ] --END-- [ RunTime:0.002574s ]
INFO: [ view_parse ] --START--
INFO: [ template_filter ] --START--
INFO: Run Behavior\ContentReplaceBehavior [ RunTime:0.000055s ]
INFO: [ template_filter ] --END-- [ RunTime:0.000125s ]
INFO: Run Behavior\ParseTemplateBehavior [ RunTime:0.022495s ]
INFO: [ view_parse ] --END-- [ RunTime:0.022559s ]
INFO: [ view_filter ] --START--
INFO: Run Behavior\WriteHtmlCacheBehavior [ RunTime:0.001728s ]
INFO: [ view_filter ] --END-- [ RunTime:0.001780s ]
INFO: [ app_end ] --START--
INFO: Run Behavior\ShowPageTraceBehavior [ RunTime:0.004747s ]
INFO: [ app_end ] --END-- [ RunTime:0.004892s ]

[ 2019-11-13T20:16:12+08:00 ] ::1 /Experiment/index.php/Home/Index/showExperiment
INFO: [ app_init ] --START--
INFO: Run Behavior\BuildLiteBehavior [ RunTime:0.000007s ]
INFO: [ app_init ] --END-- [ RunTime:0.000373s ]
INFO: [ app_begin ] --START--
INFO: Run Behavior\ReadHtmlCacheBehavior [ RunTime:0.000483s ]
INFO: [ app_begin ] --END-- [ RunTime:0.000512s ]
SQL: SHOW COLUMNS FROM `experiment` [ RunTime:0.0205s ]
SQL: SELECT * FROM `experiment`  [ RunTime:0.0008s ]
SQL: SELECT `Eid` FROM `experiment`  [ RunTime:0.0005s ]
SQL: SHOW COLUMNS FROM `student_experiment` [ RunTime:0.0149s ]
SQL: SELECT * FROM `student_experiment` WHERE ( Sid='1' and Eid='1' ) LIMIT 1   [ RunTime:0.0007s ]
SQL: SHOW COLUMNS FROM `student_experiment` [ RunTime:0.0150s ]
SQL: SELECT * FROM `student_experiment` WHERE ( Sid='1' and Eid='2' ) LIMIT 1   [ RunTime:0.0007s ]
SQL: SHOW COLUMNS FROM `student_experiment` [ RunTime:0.0144s ]
SQL: SELECT * FROM `student_experiment` WHERE ( Sid='1' and Eid='3' ) LIMIT 1   [ RunTime:0.0007s ]
SQL: SHOW COLUMNS FROM `student_experiment` [ RunTime:0.0147s ]
SQL: SELECT * FROM `student_experiment` WHERE ( Sid='1' and Eid='9' ) LIMIT 1   [ RunTime:0.0007s ]
SQL: SHOW COLUMNS FROM `student_experiment` [ RunTime:0.0154s ]
SQL: SELECT * FROM `student_experiment` WHERE ( Sid='1' and Eid='12' ) LIMIT 1   [ RunTime:0.0006s ]
INFO: [ view_parse ] --START--
INFO: [ template_filter ] --START--
INFO: Run Behavior\ContentReplaceBehavior [ RunTime:0.000074s ]
INFO: [ template_filter ] --END-- [ RunTime:0.000138s ]
INFO: Run Behavior\ParseTemplateBehavior [ RunTime:0.014982s ]
INFO: [ view_parse ] --END-- [ RunTime:0.015051s ]
INFO: [ view_filter ] --START--
INFO: Run Behavior\WriteHtmlCacheBehavior [ RunTime:0.000816s ]
INFO: [ view_filter ] --END-- [ RunTime:0.000862s ]
INFO: [ app_end ] --START--
INFO: Run Behavior\ShowPageTraceBehavior [ RunTime:0.001470s ]
INFO: [ app_end ] --END-- [ RunTime:0.001517s ]

[ 2019-11-13T20:16:16+08:00 ] ::1 /Experiment/index.php/Home/Docker/joinExperiment/id/1
INFO: [ app_init ] --START--
INFO: Run Behavior\BuildLiteBehavior [ RunTime:0.000016s ]
INFO: [ app_init ] --END-- [ RunTime:0.001103s ]
INFO: [ app_begin ] --START--
INFO: Run Behavior\ReadHtmlCacheBehavior [ RunTime:0.001338s ]
INFO: [ app_begin ] --END-- [ RunTime:0.001399s ]
SQL: SHOW COLUMNS FROM `experiment` [ RunTime:0.0195s ]
SQL: SHOW COLUMNS FROM `student_experiment` [ RunTime:0.0152s ]
SQL: SHOW COLUMNS FROM `docker_container` [ RunTime:0.0159s ]
SQL: SELECT * FROM `student_experiment` WHERE ( Sid='1' and Eid='1' ) LIMIT 1   [ RunTime:0.0004s ]
SQL: SELECT * FROM `experiment` WHERE `Eid` = 1 LIMIT 1   [ RunTime:0.0004s ]
SQL: SELECT * FROM `docker_container` WHERE ( student_id='1' and Image_id='d0ae770d2ba7' ) LIMIT 1   [ RunTime:0.0007s ]
ERR: Call to undefined function Home\Controller\Entity\curl_init()

[ 2019-11-13T21:44:23+08:00 ] ::1 /Experiment/index.php
INFO: [ app_init ] --START--
INFO: Run Behavior\BuildLiteBehavior [ RunTime:0.000023s ]
INFO: [ app_init ] --END-- [ RunTime:0.002494s ]
INFO: [ app_begin ] --START--
INFO: Run Behavior\ReadHtmlCacheBehavior [ RunTime:0.022980s ]
INFO: [ app_begin ] --END-- [ RunTime:0.023087s ]

[ 2019-11-13T21:44:23+08:00 ] ::1 /Experiment/index.php/Home/Login/login
INFO: [ app_init ] --START--
INFO: Run Behavior\BuildLiteBehavior [ RunTime:0.000005s ]
INFO: [ app_init ] --END-- [ RunTime:0.000283s ]
INFO: [ app_begin ] --START--
INFO: Run Behavior\ReadHtmlCacheBehavior [ RunTime:0.000383s ]
INFO: [ app_begin ] --END-- [ RunTime:0.000401s ]
INFO: [ view_parse ] --START--
INFO: [ template_filter ] --START--
INFO: Run Behavior\ContentReplaceBehavior [ RunTime:0.000028s ]
INFO: [ template_filter ] --END-- [ RunTime:0.000051s ]
INFO: Run Behavior\ParseTemplateBehavior [ RunTime:0.066840s ]
INFO: [ view_parse ] --END-- [ RunTime:0.066864s ]
INFO: [ view_filter ] --START--
INFO: Run Behavior\WriteHtmlCacheBehavior [ RunTime:0.011055s ]
INFO: [ view_filter ] --END-- [ RunTime:0.011081s ]
INFO: [ app_end ] --START--
INFO: Run Behavior\ShowPageTraceBehavior [ RunTime:0.016054s ]
INFO: [ app_end ] --END-- [ RunTime:0.016085s ]

[ 2019-11-13T21:44:28+08:00 ] ::1 /Experiment/index.php/Home/Login/checkLogin
INFO: [ app_init ] --START--
INFO: Run Behavior\BuildLiteBehavior [ RunTime:0.000007s ]
INFO: [ app_init ] --END-- [ RunTime:0.000512s ]
INFO: [ app_begin ] --START--
INFO: Run Behavior\ReadHtmlCacheBehavior [ RunTime:0.000530s ]
INFO: [ app_begin ] --END-- [ RunTime:0.000565s ]
SQL: SHOW COLUMNS FROM `student` [ RunTime:0.0245s ]
SQL: SELECT * FROM `student` WHERE `Sid` = 1 AND `Spwd` = 'c4ca4238a0b923820dcc509a6f75849b' LIMIT 1   [ RunTime:0.0024s ]

[ 2019-11-13T21:44:28+08:00 ] ::1 /Experiment/index.php/Home/Index/index
INFO: [ app_init ] --START--
INFO: Run Behavior\BuildLiteBehavior [ RunTime:0.000013s ]
INFO: [ app_init ] --END-- [ RunTime:0.000933s ]
INFO: [ app_begin ] --START--
INFO: Run Behavior\ReadHtmlCacheBehavior [ RunTime:0.000971s ]
INFO: [ app_begin ] --END-- [ RunTime:0.001017s ]
INFO: [ view_parse ] --START--
INFO: [ template_filter ] --START--
INFO: Run Behavior\ContentReplaceBehavior [ RunTime:0.000032s ]
INFO: [ template_filter ] --END-- [ RunTime:0.000067s ]
INFO: Run Behavior\ParseTemplateBehavior [ RunTime:0.019092s ]
INFO: [ view_parse ] --END-- [ RunTime:0.019123s ]
INFO: [ view_filter ] --START--
INFO: Run Behavior\WriteHtmlCacheBehavior [ RunTime:0.002483s ]
INFO: [ view_filter ] --END-- [ RunTime:0.002511s ]
INFO: [ app_end ] --START--
INFO: Run Behavior\ShowPageTraceBehavior [ RunTime:0.000781s ]
INFO: [ app_end ] --END-- [ RunTime:0.000808s ]

[ 2019-11-13T21:44:30+08:00 ] ::1 /Experiment/index.php/Home/Index/showExperiment
INFO: [ app_init ] --START--
INFO: Run Behavior\BuildLiteBehavior [ RunTime:0.000008s ]
INFO: [ app_init ] --END-- [ RunTime:0.000484s ]
INFO: [ app_begin ] --START--
INFO: Run Behavior\ReadHtmlCacheBehavior [ RunTime:0.000647s ]
INFO: [ app_begin ] --END-- [ RunTime:0.000676s ]
SQL: SHOW COLUMNS FROM `experiment` [ RunTime:0.0065s ]
SQL: SELECT * FROM `experiment`  [ RunTime:0.0003s ]
SQL: SELECT `Eid` FROM `experiment`  [ RunTime:0.0002s ]
SQL: SHOW COLUMNS FROM `student_experiment` [ RunTime:0.0054s ]
SQL: SELECT * FROM `student_experiment` WHERE ( Sid='1' and Eid='1' ) LIMIT 1   [ RunTime:0.0005s ]
SQL: SHOW COLUMNS FROM `student_experiment` [ RunTime:0.0054s ]
SQL: SELECT * FROM `student_experiment` WHERE ( Sid='1' and Eid='2' ) LIMIT 1   [ RunTime:0.0003s ]
SQL: SHOW COLUMNS FROM `student_experiment` [ RunTime:0.0043s ]
SQL: SELECT * FROM `student_experiment` WHERE ( Sid='1' and Eid='3' ) LIMIT 1   [ RunTime:0.0003s ]
SQL: SHOW COLUMNS FROM `student_experiment` [ RunTime:0.0044s ]
SQL: SELECT * FROM `student_experiment` WHERE ( Sid='1' and Eid='9' ) LIMIT 1   [ RunTime:0.0002s ]
SQL: SHOW COLUMNS FROM `student_experiment` [ RunTime:0.0048s ]
SQL: SELECT * FROM `student_experiment` WHERE ( Sid='1' and Eid='12' ) LIMIT 1   [ RunTime:0.0003s ]
INFO: [ view_parse ] --START--
INFO: [ template_filter ] --START--
INFO: Run Behavior\ContentReplaceBehavior [ RunTime:0.000025s ]
INFO: [ template_filter ] --END-- [ RunTime:0.000046s ]
INFO: Run Behavior\ParseTemplateBehavior [ RunTime:0.111727s ]
INFO: [ view_parse ] --END-- [ RunTime:0.111751s ]
INFO: [ view_filter ] --START--
INFO: Run Behavior\WriteHtmlCacheBehavior [ RunTime:0.000278s ]
INFO: [ view_filter ] --END-- [ RunTime:0.000295s ]
INFO: [ app_end ] --START--
INFO: Run Behavior\ShowPageTraceBehavior [ RunTime:0.000758s ]
INFO: [ app_end ] --END-- [ RunTime:0.000804s ]

[ 2019-11-13T21:44:32+08:00 ] ::1 /Experiment/index.php/Home/Index/index
INFO: [ app_init ] --START--
INFO: Run Behavior\BuildLiteBehavior [ RunTime:0.000005s ]
INFO: [ app_init ] --END-- [ RunTime:0.000350s ]
INFO: [ app_begin ] --START--
INFO: Run Behavior\ReadHtmlCacheBehavior [ RunTime:0.000454s ]
INFO: [ app_begin ] --END-- [ RunTime:0.000477s ]
INFO: [ view_parse ] --START--
INFO: [ template_filter ] --START--
INFO: Run Behavior\ContentReplaceBehavior [ RunTime:0.000021s ]
INFO: [ template_filter ] --END-- [ RunTime:0.000042s ]
INFO: Run Behavior\ParseTemplateBehavior [ RunTime:0.004266s ]
INFO: [ view_parse ] --END-- [ RunTime:0.004287s ]
INFO: [ view_filter ] --START--
INFO: Run Behavior\WriteHtmlCacheBehavior [ RunTime:0.000264s ]
INFO: [ view_filter ] --END-- [ RunTime:0.000279s ]
INFO: [ app_end ] --START--
INFO: Run Behavior\ShowPageTraceBehavior [ RunTime:0.000494s ]
INFO: [ app_end ] --END-- [ RunTime:0.000510s ]

[ 2019-11-13T21:44:34+08:00 ] ::1 /Experiment/index.php/Home/Index/showExperiment
INFO: [ app_init ] --START--
INFO: Run Behavior\BuildLiteBehavior [ RunTime:0.000006s ]
INFO: [ app_init ] --END-- [ RunTime:0.000351s ]
INFO: [ app_begin ] --START--
INFO: Run Behavior\ReadHtmlCacheBehavior [ RunTime:0.000540s ]
INFO: [ app_begin ] --END-- [ RunTime:0.000565s ]
SQL: SHOW COLUMNS FROM `experiment` [ RunTime:0.0067s ]
SQL: SELECT * FROM `experiment`  [ RunTime:0.0003s ]
SQL: SELECT `Eid` FROM `experiment`  [ RunTime:0.0001s ]
SQL: SHOW COLUMNS FROM `student_experiment` [ RunTime:0.0046s ]
SQL: SELECT * FROM `student_experiment` WHERE ( Sid='1' and Eid='1' ) LIMIT 1   [ RunTime:0.0002s ]
SQL: SHOW COLUMNS FROM `student_experiment` [ RunTime:0.0052s ]
SQL: SELECT * FROM `student_experiment` WHERE ( Sid='1' and Eid='2' ) LIMIT 1   [ RunTime:0.0003s ]
SQL: SHOW COLUMNS FROM `student_experiment` [ RunTime:0.0047s ]
SQL: SELECT * FROM `student_experiment` WHERE ( Sid='1' and Eid='3' ) LIMIT 1   [ RunTime:0.0003s ]
SQL: SHOW COLUMNS FROM `student_experiment` [ RunTime:0.0047s ]
SQL: SELECT * FROM `student_experiment` WHERE ( Sid='1' and Eid='9' ) LIMIT 1   [ RunTime:0.0003s ]
SQL: SHOW COLUMNS FROM `student_experiment` [ RunTime:0.0051s ]
SQL: SELECT * FROM `student_experiment` WHERE ( Sid='1' and Eid='12' ) LIMIT 1   [ RunTime:0.0004s ]
INFO: [ view_parse ] --START--
INFO: [ template_filter ] --START--
INFO: Run Behavior\ContentReplaceBehavior [ RunTime:0.000025s ]
INFO: [ template_filter ] --END-- [ RunTime:0.000045s ]
INFO: Run Behavior\ParseTemplateBehavior [ RunTime:0.004747s ]
INFO: [ view_parse ] --END-- [ RunTime:0.004766s ]
INFO: [ view_filter ] --START--
INFO: Run Behavior\WriteHtmlCacheBehavior [ RunTime:0.000262s ]
INFO: [ view_filter ] --END-- [ RunTime:0.000276s ]
INFO: [ app_end ] --START--
INFO: Run Behavior\ShowPageTraceBehavior [ RunTime:0.000494s ]
INFO: [ app_end ] --END-- [ RunTime:0.000510s ]

[ 2019-11-13T21:44:34+08:00 ] ::1 /Experiment/index.php/Home/OnlineCompile/showCompile
INFO: [ app_init ] --START--
INFO: Run Behavior\BuildLiteBehavior [ RunTime:0.000009s ]
INFO: [ app_init ] --END-- [ RunTime:0.000454s ]
INFO: [ app_begin ] --START--
INFO: Run Behavior\ReadHtmlCacheBehavior [ RunTime:0.000764s ]
INFO: [ app_begin ] --END-- [ RunTime:0.000785s ]
INFO: [ view_parse ] --START--
INFO: [ template_filter ] --START--
INFO: Run Behavior\ContentReplaceBehavior [ RunTime:0.000030s ]
INFO: [ template_filter ] --END-- [ RunTime:0.000052s ]
INFO: Run Behavior\ParseTemplateBehavior [ RunTime:0.017899s ]
INFO: [ view_parse ] --END-- [ RunTime:0.017926s ]
INFO: [ view_filter ] --START--
INFO: Run Behavior\WriteHtmlCacheBehavior [ RunTime:0.000499s ]
INFO: [ view_filter ] --END-- [ RunTime:0.000516s ]
INFO: [ app_end ] --START--
INFO: Run Behavior\ShowPageTraceBehavior [ RunTime:0.000886s ]
INFO: [ app_end ] --END-- [ RunTime:0.000903s ]

[ 2019-11-13T21:44:36+08:00 ] ::1 /Experiment/index.php/Home/Index/index
INFO: [ app_init ] --START--
INFO: Run Behavior\BuildLiteBehavior [ RunTime:0.000008s ]
INFO: [ app_init ] --END-- [ RunTime:0.000458s ]
INFO: [ app_begin ] --START--
INFO: Run Behavior\ReadHtmlCacheBehavior [ RunTime:0.000799s ]
INFO: [ app_begin ] --END-- [ RunTime:0.000822s ]
INFO: [ view_parse ] --START--
INFO: [ template_filter ] --START--
INFO: Run Behavior\ContentReplaceBehavior [ RunTime:0.000023s ]
INFO: [ template_filter ] --END-- [ RunTime:0.000049s ]
INFO: Run Behavior\ParseTemplateBehavior [ RunTime:0.009190s ]
INFO: [ view_parse ] --END-- [ RunTime:0.009213s ]
INFO: [ view_filter ] --START--
INFO: Run Behavior\WriteHtmlCacheBehavior [ RunTime:0.000481s ]
INFO: [ view_filter ] --END-- [ RunTime:0.000497s ]
INFO: [ app_end ] --START--
INFO: Run Behavior\ShowPageTraceBehavior [ RunTime:0.000990s ]
INFO: [ app_end ] --END-- [ RunTime:0.001008s ]

[ 2019-11-13T21:44:38+08:00 ] ::1 /Experiment/index.php/Home/Index/showExperiment
INFO: [ app_init ] --START--
INFO: Run Behavior\BuildLiteBehavior [ RunTime:0.000007s ]
INFO: [ app_init ] --END-- [ RunTime:0.000372s ]
INFO: [ app_begin ] --START--
INFO: Run Behavior\ReadHtmlCacheBehavior [ RunTime:0.000608s ]
INFO: [ app_begin ] --END-- [ RunTime:0.000636s ]
SQL: SHOW COLUMNS FROM `experiment` [ RunTime:0.0046s ]
SQL: SELECT * FROM `experiment`  [ RunTime:0.0003s ]
SQL: SELECT `Eid` FROM `experiment`  [ RunTime:0.0002s ]
SQL: SHOW COLUMNS FROM `student_experiment` [ RunTime:0.0043s ]
SQL: SELECT * FROM `student_experiment` WHERE ( Sid='1' and Eid='1' ) LIMIT 1   [ RunTime:0.0002s ]
SQL: SHOW COLUMNS FROM `student_experiment` [ RunTime:0.0049s ]
SQL: SELECT * FROM `student_experiment` WHERE ( Sid='1' and Eid='2' ) LIMIT 1   [ RunTime:0.0003s ]
SQL: SHOW COLUMNS FROM `student_experiment` [ RunTime:0.0046s ]
SQL: SELECT * FROM `student_experiment` WHERE ( Sid='1' and Eid='3' ) LIMIT 1   [ RunTime:0.0002s ]
SQL: SHOW COLUMNS FROM `student_experiment` [ RunTime:0.0043s ]
SQL: SELECT * FROM `student_experiment` WHERE ( Sid='1' and Eid='9' ) LIMIT 1   [ RunTime:0.0003s ]
SQL: SHOW COLUMNS FROM `student_experiment` [ RunTime:0.0043s ]
SQL: SELECT * FROM `student_experiment` WHERE ( Sid='1' and Eid='12' ) LIMIT 1   [ RunTime:0.0002s ]
INFO: [ view_parse ] --START--
INFO: [ template_filter ] --START--
INFO: Run Behavior\ContentReplaceBehavior [ RunTime:0.000024s ]
INFO: [ template_filter ] --END-- [ RunTime:0.000045s ]
INFO: Run Behavior\ParseTemplateBehavior [ RunTime:0.005176s ]
INFO: [ view_parse ] --END-- [ RunTime:0.005198s ]
INFO: [ view_filter ] --START--
INFO: Run Behavior\WriteHtmlCacheBehavior [ RunTime:0.000250s ]
INFO: [ view_filter ] --END-- [ RunTime:0.000264s ]
INFO: [ app_end ] --START--
INFO: Run Behavior\ShowPageTraceBehavior [ RunTime:0.000477s ]
INFO: [ app_end ] --END-- [ RunTime:0.000492s ]

[ 2019-11-13T21:44:51+08:00 ] ::1 /Experiment/index.php/Home/Index/showMyCourse
INFO: [ app_init ] --START--
INFO: Run Behavior\BuildLiteBehavior [ RunTime:0.000017s ]
INFO: [ app_init ] --END-- [ RunTime:0.001064s ]
INFO: [ app_begin ] --START--
INFO: Run Behavior\ReadHtmlCacheBehavior [ RunTime:0.001816s ]
INFO: [ app_begin ] --END-- [ RunTime:0.001896s ]
SQL: SHOW COLUMNS FROM `student_experiment` [ RunTime:0.0057s ]
SQL: SHOW COLUMNS FROM `student_experiment` [ RunTime:0.0060s ]
SQL: SELECT * FROM student_experiment as t1,experiment as t2 WHERE ( t1.Sid=1 and t1.Eid=t2.Eid )  [ RunTime:0.0998s ]
INFO: [ view_parse ] --START--
INFO: [ template_filter ] --START--
INFO: Run Behavior\ContentReplaceBehavior [ RunTime:0.000028s ]
INFO: [ template_filter ] --END-- [ RunTime:0.000052s ]
INFO: Run Behavior\ParseTemplateBehavior [ RunTime:0.007346s ]
INFO: [ view_parse ] --END-- [ RunTime:0.007372s ]
INFO: [ view_filter ] --START--
INFO: Run Behavior\WriteHtmlCacheBehavior [ RunTime:0.000295s ]
INFO: [ view_filter ] --END-- [ RunTime:0.000311s ]
INFO: [ app_end ] --START--
INFO: Run Behavior\ShowPageTraceBehavior [ RunTime:0.000547s ]
INFO: [ app_end ] --END-- [ RunTime:0.000565s ]

