[ 2019-11-14T15:32:15+08:00 ] ::1 /Experiment/index.php/Docker/joinMoreExperiment/experimentId/13
INFO: [ app_init ] --START--
INFO: Run Behavior\BuildLiteBehavior [ RunTime:0.000011s ]
INFO: [ app_init ] --END-- [ RunTime:0.000727s ]
ERR: 无法加载模块:Docker

[ 2019-11-14T15:32:36+08:00 ] ::1 /Experiment/index.php/Docker/joinMoreExperiment/experimentId/13
INFO: [ app_init ] --START--
INFO: Run Behavior\BuildLiteBehavior [ RunTime:0.000008s ]
INFO: [ app_init ] --END-- [ RunTime:0.000452s ]
ERR: 无法加载模块:Docker

[ 2019-11-14T15:32:37+08:00 ] ::1 /Experiment/index.php/Docker/joinMoreExperiment/experimentId/13
INFO: [ app_init ] --START--
INFO: Run Behavior\BuildLiteBehavior [ RunTime:0.000008s ]
INFO: [ app_init ] --END-- [ RunTime:0.000462s ]
ERR: 无法加载模块:Docker

[ 2019-11-14T15:32:37+08:00 ] ::1 /Experiment/index.php/Docker/joinMoreExperiment/experimentId/13
INFO: [ app_init ] --START--
INFO: Run Behavior\BuildLiteBehavior [ RunTime:0.000006s ]
INFO: [ app_init ] --END-- [ RunTime:0.000337s ]
ERR: 无法加载模块:Docker

[ 2019-11-14T15:32:37+08:00 ] ::1 /Experiment/index.php/Docker/joinMoreExperiment/experimentId/13
INFO: [ app_init ] --START--
INFO: Run Behavior\BuildLiteBehavior [ RunTime:0.000006s ]
INFO: [ app_init ] --END-- [ RunTime:0.000321s ]
ERR: 无法加载模块:Docker

[ 2019-11-14T15:32:37+08:00 ] ::1 /Experiment/index.php/Docker/joinMoreExperiment/experimentId/13
INFO: [ app_init ] --START--
INFO: Run Behavior\BuildLiteBehavior [ RunTime:0.000006s ]
INFO: [ app_init ] --END-- [ RunTime:0.000338s ]
ERR: 无法加载模块:Docker

[ 2019-11-14T15:32:37+08:00 ] ::1 /Experiment/index.php/Docker/joinMoreExperiment/experimentId/13
INFO: [ app_init ] --START--
INFO: Run Behavior\BuildLiteBehavior [ RunTime:0.000006s ]
INFO: [ app_init ] --END-- [ RunTime:0.000351s ]
ERR: 无法加载模块:Docker

[ 2019-11-14T15:32:38+08:00 ] ::1 /Experiment/index.php/Docker/joinMoreExperiment/experimentId/13
INFO: [ app_init ] --START--
INFO: Run Behavior\BuildLiteBehavior [ RunTime:0.000006s ]
INFO: [ app_init ] --END-- [ RunTime:0.000330s ]
ERR: 无法加载模块:Docker

[ 2019-11-14T15:32:52+08:00 ] ::1 /Experiment/index.php/Docker/joinMoreExperiment/experimentId/13
INFO: [ app_init ] --START--
INFO: Run Behavior\BuildLiteBehavior [ RunTime:0.000008s ]
INFO: [ app_init ] --END-- [ RunTime:0.000395s ]
ERR: 无法加载模块:Docker

