[ 2019-12-06T12:19:08+08:00 ] 10.6.0.32 /Experiment/index.php/Admin
INFO: [ app_init ] --START--
INFO: Run Behavior\BuildLiteBehavior [ RunTime:0.000017s ]
INFO: [ app_init ] --END-- [ RunTime:0.000131s ]
INFO: [ app_begin ] --START--
INFO: Run Behavior\ReadHtmlCacheBehavior [ RunTime:0.000056s ]
INFO: [ app_begin ] --END-- [ RunTime:0.000105s ]

[ 2019-12-06T12:19:08+08:00 ] 10.6.0.32 /Experiment/index.php/Admin/Login/login
INFO: [ app_init ] --START--
INFO: Run Behavior\BuildLiteBehavior [ RunTime:0.000013s ]
INFO: [ app_init ] --END-- [ RunTime:0.000085s ]
INFO: [ app_begin ] --START--
INFO: Run Behavior\ReadHtmlCacheBehavior [ RunTime:0.000041s ]
INFO: [ app_begin ] --END-- [ RunTime:0.000085s ]
INFO: [ view_parse ] --START--
INFO: [ template_filter ] --START--
INFO: Run Behavior\ContentReplaceBehavior [ RunTime:0.000063s ]
INFO: [ template_filter ] --END-- [ RunTime:0.000112s ]
INFO: Run Behavior\ParseTemplateBehavior [ RunTime:0.001845s ]
INFO: [ view_parse ] --END-- [ RunTime:0.001897s ]
INFO: [ view_filter ] --START--
INFO: Run Behavior\WriteHtmlCacheBehavior [ RunTime:0.000055s ]
INFO: [ view_filter ] --END-- [ RunTime:0.000106s ]
INFO: [ app_end ] --START--
INFO: Run Behavior\ShowPageTraceBehavior [ RunTime:0.000049s ]
INFO: [ app_end ] --END-- [ RunTime:0.000083s ]

[ 2019-12-06T12:19:09+08:00 ] 10.6.0.32 /Experiment/index.php/Admin/Login/login
INFO: [ app_init ] --START--
INFO: Run Behavior\BuildLiteBehavior [ RunTime:0.000014s ]
INFO: [ app_init ] --END-- [ RunTime:0.000091s ]
INFO: [ app_begin ] --START--
INFO: Run Behavior\ReadHtmlCacheBehavior [ RunTime:0.000039s ]
INFO: [ app_begin ] --END-- [ RunTime:0.000086s ]
SQL: SHOW COLUMNS FROM `admin` [ RunTime:0.0007s ]
SQL: SELECT * FROM `admin` WHERE `Aid` = 1 AND `Apwd` = '1' LIMIT 1   [ RunTime:0.0001s ]

[ 2019-12-06T12:19:09+08:00 ] 10.6.0.32 /Experiment/index.php/Admin/Index/index
INFO: [ app_init ] --START--
INFO: Run Behavior\BuildLiteBehavior [ RunTime:0.000012s ]
INFO: [ app_init ] --END-- [ RunTime:0.000083s ]
INFO: [ app_begin ] --START--
INFO: Run Behavior\ReadHtmlCacheBehavior [ RunTime:0.000041s ]
INFO: [ app_begin ] --END-- [ RunTime:0.000088s ]
INFO: [ view_parse ] --START--
INFO: [ template_filter ] --START--
INFO: Run Behavior\ContentReplaceBehavior [ RunTime:0.000055s ]
INFO: [ template_filter ] --END-- [ RunTime:0.000106s ]
INFO: Run Behavior\ParseTemplateBehavior [ RunTime:0.005173s ]
INFO: [ view_parse ] --END-- [ RunTime:0.005223s ]
INFO: [ view_filter ] --START--
INFO: Run Behavior\WriteHtmlCacheBehavior [ RunTime:0.000045s ]
INFO: [ view_filter ] --END-- [ RunTime:0.000078s ]
INFO: [ app_end ] --START--
INFO: Run Behavior\ShowPageTraceBehavior [ RunTime:0.000036s ]
INFO: [ app_end ] --END-- [ RunTime:0.000069s ]

[ 2019-12-06T12:19:09+08:00 ] 10.6.0.32 /Experiment/index.php/Admin/Index/home
INFO: [ app_init ] --START--
INFO: Run Behavior\BuildLiteBehavior [ RunTime:0.000012s ]
INFO: [ app_init ] --END-- [ RunTime:0.000084s ]
INFO: [ app_begin ] --START--
INFO: Run Behavior\ReadHtmlCacheBehavior [ RunTime:0.000040s ]
INFO: [ app_begin ] --END-- [ RunTime:0.000083s ]
INFO: [ view_parse ] --START--
INFO: [ template_filter ] --START--
INFO: Run Behavior\ContentReplaceBehavior [ RunTime:0.000038s ]
INFO: [ template_filter ] --END-- [ RunTime:0.000087s ]
INFO: Run Behavior\ParseTemplateBehavior [ RunTime:0.001326s ]
INFO: [ view_parse ] --END-- [ RunTime:0.001380s ]
INFO: [ view_filter ] --START--
INFO: Run Behavior\WriteHtmlCacheBehavior [ RunTime:0.000043s ]
INFO: [ view_filter ] --END-- [ RunTime:0.000074s ]
INFO: [ app_end ] --START--
INFO: Run Behavior\ShowPageTraceBehavior [ RunTime:0.000034s ]
INFO: [ app_end ] --END-- [ RunTime:0.000067s ]

[ 2019-12-06T12:19:13+08:00 ] 10.6.0.32 /Experiment/index.php/Admin/Course/showCourse
INFO: [ app_init ] --START--
INFO: Run Behavior\BuildLiteBehavior [ RunTime:0.000013s ]
INFO: [ app_init ] --END-- [ RunTime:0.000095s ]
INFO: [ app_begin ] --START--
INFO: Run Behavior\ReadHtmlCacheBehavior [ RunTime:0.000053s ]
INFO: [ app_begin ] --END-- [ RunTime:0.000102s ]
SQL: SHOW COLUMNS FROM `course` [ RunTime:0.0006s ]
SQL: SELECT * FROM `course`  [ RunTime:0.0001s ]
INFO: [ view_parse ] --START--
INFO: [ template_filter ] --START--
INFO: Run Behavior\ContentReplaceBehavior [ RunTime:0.000040s ]
INFO: [ template_filter ] --END-- [ RunTime:0.000075s ]
NOTIC: [8] Undefined index: name /home/jianhanke/Experiment/Application/Runtime/Cache/Admin/2f5aab314377011a7164233638dac697.php 第 61 行.
NOTIC: [8] Undefined index: name /home/jianhanke/Experiment/Application/Runtime/Cache/Admin/2f5aab314377011a7164233638dac697.php 第 61 行.
NOTIC: [8] Undefined index: name /home/jianhanke/Experiment/Application/Runtime/Cache/Admin/2f5aab314377011a7164233638dac697.php 第 61 行.
NOTIC: [8] Undefined index: name /home/jianhanke/Experiment/Application/Runtime/Cache/Admin/2f5aab314377011a7164233638dac697.php 第 61 行.
NOTIC: [8] Undefined index: name /home/jianhanke/Experiment/Application/Runtime/Cache/Admin/2f5aab314377011a7164233638dac697.php 第 61 行.
NOTIC: [8] Undefined index: name /home/jianhanke/Experiment/Application/Runtime/Cache/Admin/2f5aab314377011a7164233638dac697.php 第 61 行.
INFO: Run Behavior\ParseTemplateBehavior [ RunTime:0.005087s ]
INFO: [ view_parse ] --END-- [ RunTime:0.005127s ]
INFO: [ view_filter ] --START--
INFO: Run Behavior\WriteHtmlCacheBehavior [ RunTime:0.000034s ]
INFO: [ view_filter ] --END-- [ RunTime:0.000055s ]
INFO: [ app_end ] --START--
INFO: Run Behavior\ShowPageTraceBehavior [ RunTime:0.000027s ]
INFO: [ app_end ] --END-- [ RunTime:0.000048s ]

[ 2019-12-06T12:19:15+08:00 ] 10.6.0.32 /Experiment/index.php/Admin/Course/addCourse
INFO: [ app_init ] --START--
INFO: Run Behavior\BuildLiteBehavior [ RunTime:0.000012s ]
INFO: [ app_init ] --END-- [ RunTime:0.000084s ]
INFO: [ app_begin ] --START--
INFO: Run Behavior\ReadHtmlCacheBehavior [ RunTime:0.000044s ]
INFO: [ app_begin ] --END-- [ RunTime:0.000092s ]
SQL: SHOW COLUMNS FROM `teacher` [ RunTime:0.0006s ]
SQL: SELECT * FROM `teacher`  [ RunTime:0.0001s ]
INFO: [ view_parse ] --START--
INFO: [ template_filter ] --START--
INFO: Run Behavior\ContentReplaceBehavior [ RunTime:0.000056s ]
INFO: [ template_filter ] --END-- [ RunTime:0.000112s ]
INFO: Run Behavior\ParseTemplateBehavior [ RunTime:0.003415s ]
INFO: [ view_parse ] --END-- [ RunTime:0.003472s ]
INFO: [ view_filter ] --START--
INFO: Run Behavior\WriteHtmlCacheBehavior [ RunTime:0.000046s ]
INFO: [ view_filter ] --END-- [ RunTime:0.000079s ]
INFO: [ app_end ] --START--
INFO: Run Behavior\ShowPageTraceBehavior [ RunTime:0.000038s ]
INFO: [ app_end ] --END-- [ RunTime:0.000071s ]

[ 2019-12-06T12:19:24+08:00 ] 10.6.0.32 /Experiment/index.php/Admin/Course/addCourse
INFO: [ app_init ] --START--
INFO: Run Behavior\BuildLiteBehavior [ RunTime:0.000016s ]
INFO: [ app_init ] --END-- [ RunTime:0.000109s ]
INFO: [ app_begin ] --START--
INFO: Run Behavior\ReadHtmlCacheBehavior [ RunTime:0.000053s ]
INFO: [ app_begin ] --END-- [ RunTime:0.000104s ]

[ 2019-12-06T12:19:41+08:00 ] 10.6.0.32 /Experiment/index.php/Admin/Course/addCourse
INFO: [ app_init ] --START--
INFO: Run Behavior\BuildLiteBehavior [ RunTime:0.000014s ]
INFO: [ app_init ] --END-- [ RunTime:0.000096s ]
INFO: [ app_begin ] --START--
INFO: Run Behavior\ReadHtmlCacheBehavior [ RunTime:0.000044s ]
INFO: [ app_begin ] --END-- [ RunTime:0.000087s ]
NOTIC: [2] call_user_func() expects parameter 1 to be a valid callback, no array or string given /home/jianhanke/Experiment/ThinkPHP/Library/Think/Upload.class.php 第 170 行.
SQL: SHOW COLUMNS FROM `course` [ RunTime:0.0010s ]
SQL: INSERT INTO `course` (`cname`,`introduce`,`img`) VALUES ('321312','32131','5de9d6dd9e6b5.jpg') [ RunTime:0.0009s ]
NOTIC: [8] Undefined index: to_teacher_id /home/jianhanke/Experiment/Application/Admin/Controller/CourseController.class.php 第 33 行.
INFO: [ view_parse ] --START--
INFO: [ template_filter ] --START--
INFO: Run Behavior\ContentReplaceBehavior [ RunTime:0.000042s ]
INFO: [ template_filter ] --END-- [ RunTime:0.000084s ]
INFO: Run Behavior\ParseTemplateBehavior [ RunTime:0.002060s ]
INFO: [ view_parse ] --END-- [ RunTime:0.002109s ]
INFO: [ view_filter ] --START--
INFO: Run Behavior\WriteHtmlCacheBehavior [ RunTime:0.000050s ]
INFO: [ view_filter ] --END-- [ RunTime:0.000080s ]
INFO: [ app_end ] --START--
INFO: Run Behavior\ShowPageTraceBehavior [ RunTime:0.000040s ]
INFO: [ app_end ] --END-- [ RunTime:0.000068s ]

[ 2019-12-06T12:19:42+08:00 ] 10.6.0.32 /Experiment/index.php/Admin/Course/showCourse
INFO: [ app_init ] --START--
INFO: Run Behavior\BuildLiteBehavior [ RunTime:0.000012s ]
INFO: [ app_init ] --END-- [ RunTime:0.000085s ]
INFO: [ app_begin ] --START--
INFO: Run Behavior\ReadHtmlCacheBehavior [ RunTime:0.000039s ]
INFO: [ app_begin ] --END-- [ RunTime:0.000082s ]
SQL: SHOW COLUMNS FROM `course` [ RunTime:0.0006s ]
SQL: SELECT * FROM `course`  [ RunTime:0.0003s ]
INFO: [ view_parse ] --START--
INFO: [ template_filter ] --START--
INFO: Run Behavior\ContentReplaceBehavior [ RunTime:0.000035s ]
INFO: [ template_filter ] --END-- [ RunTime:0.000070s ]
NOTIC: [8] Undefined index: name /home/jianhanke/Experiment/Application/Runtime/Cache/Admin/2f5aab314377011a7164233638dac697.php 第 61 行.
NOTIC: [8] Undefined index: name /home/jianhanke/Experiment/Application/Runtime/Cache/Admin/2f5aab314377011a7164233638dac697.php 第 61 行.
NOTIC: [8] Undefined index: name /home/jianhanke/Experiment/Application/Runtime/Cache/Admin/2f5aab314377011a7164233638dac697.php 第 61 行.
NOTIC: [8] Undefined index: name /home/jianhanke/Experiment/Application/Runtime/Cache/Admin/2f5aab314377011a7164233638dac697.php 第 61 行.
NOTIC: [8] Undefined index: name /home/jianhanke/Experiment/Application/Runtime/Cache/Admin/2f5aab314377011a7164233638dac697.php 第 61 行.
NOTIC: [8] Undefined index: name /home/jianhanke/Experiment/Application/Runtime/Cache/Admin/2f5aab314377011a7164233638dac697.php 第 61 行.
NOTIC: [8] Undefined index: name /home/jianhanke/Experiment/Application/Runtime/Cache/Admin/2f5aab314377011a7164233638dac697.php 第 61 行.
INFO: Run Behavior\ParseTemplateBehavior [ RunTime:0.004198s ]
INFO: [ view_parse ] --END-- [ RunTime:0.004238s ]
INFO: [ view_filter ] --START--
INFO: Run Behavior\WriteHtmlCacheBehavior [ RunTime:0.000030s ]
INFO: [ view_filter ] --END-- [ RunTime:0.000051s ]
INFO: [ app_end ] --START--
INFO: Run Behavior\ShowPageTraceBehavior [ RunTime:0.000025s ]
INFO: [ app_end ] --END-- [ RunTime:0.000046s ]

[ 2019-12-06T12:19:45+08:00 ] 10.6.0.32 /Experiment/index.php/Admin/Course/deleteCourseById/id/35
INFO: [ app_init ] --START--
INFO: Run Behavior\BuildLiteBehavior [ RunTime:0.000013s ]
INFO: [ app_init ] --END-- [ RunTime:0.000097s ]
INFO: [ app_begin ] --START--
INFO: Run Behavior\ReadHtmlCacheBehavior [ RunTime:0.000048s ]
INFO: [ app_begin ] --END-- [ RunTime:0.000094s ]
SQL: SHOW COLUMNS FROM `course` [ RunTime:0.0006s ]
SQL: DELETE FROM `course` WHERE `cid` = 35 [ RunTime:0.0007s ]

[ 2019-12-06T12:19:45+08:00 ] 10.6.0.32 /Experiment/index.php/Admin/Course/showCourse
INFO: [ app_init ] --START--
INFO: Run Behavior\BuildLiteBehavior [ RunTime:0.000013s ]
INFO: [ app_init ] --END-- [ RunTime:0.000083s ]
INFO: [ app_begin ] --START--
INFO: Run Behavior\ReadHtmlCacheBehavior [ RunTime:0.000039s ]
INFO: [ app_begin ] --END-- [ RunTime:0.000082s ]
SQL: SHOW COLUMNS FROM `course` [ RunTime:0.0006s ]
SQL: SELECT * FROM `course`  [ RunTime:0.0002s ]
INFO: [ view_parse ] --START--
INFO: [ template_filter ] --START--
INFO: Run Behavior\ContentReplaceBehavior [ RunTime:0.000061s ]
INFO: [ template_filter ] --END-- [ RunTime:0.000135s ]
NOTIC: [8] Undefined index: name /home/jianhanke/Experiment/Application/Runtime/Cache/Admin/2f5aab314377011a7164233638dac697.php 第 61 行.
NOTIC: [8] Undefined index: name /home/jianhanke/Experiment/Application/Runtime/Cache/Admin/2f5aab314377011a7164233638dac697.php 第 61 行.
NOTIC: [8] Undefined index: name /home/jianhanke/Experiment/Application/Runtime/Cache/Admin/2f5aab314377011a7164233638dac697.php 第 61 行.
NOTIC: [8] Undefined index: name /home/jianhanke/Experiment/Application/Runtime/Cache/Admin/2f5aab314377011a7164233638dac697.php 第 61 行.
NOTIC: [8] Undefined index: name /home/jianhanke/Experiment/Application/Runtime/Cache/Admin/2f5aab314377011a7164233638dac697.php 第 61 行.
NOTIC: [8] Undefined index: name /home/jianhanke/Experiment/Application/Runtime/Cache/Admin/2f5aab314377011a7164233638dac697.php 第 61 行.
INFO: Run Behavior\ParseTemplateBehavior [ RunTime:0.005689s ]
INFO: [ view_parse ] --END-- [ RunTime:0.005742s ]
INFO: [ view_filter ] --START--
INFO: Run Behavior\WriteHtmlCacheBehavior [ RunTime:0.000056s ]
INFO: [ view_filter ] --END-- [ RunTime:0.000091s ]
INFO: [ app_end ] --START--
INFO: Run Behavior\ShowPageTraceBehavior [ RunTime:0.000049s ]
INFO: [ app_end ] --END-- [ RunTime:0.000084s ]

[ 2019-12-06T12:19:46+08:00 ] 10.6.0.32 /Experiment/index.php/Admin/Course/deleteCourseById/id/34
INFO: [ app_init ] --START--
INFO: Run Behavior\BuildLiteBehavior [ RunTime:0.000013s ]
INFO: [ app_init ] --END-- [ RunTime:0.000083s ]
INFO: [ app_begin ] --START--
INFO: Run Behavior\ReadHtmlCacheBehavior [ RunTime:0.000039s ]
INFO: [ app_begin ] --END-- [ RunTime:0.000081s ]
SQL: SHOW COLUMNS FROM `course` [ RunTime:0.0006s ]
SQL: DELETE FROM `course` WHERE `cid` = 34 [ RunTime:0.0006s ]

[ 2019-12-06T12:19:46+08:00 ] 10.6.0.32 /Experiment/index.php/Admin/Course/showCourse
INFO: [ app_init ] --START--
INFO: Run Behavior\BuildLiteBehavior [ RunTime:0.000012s ]
INFO: [ app_init ] --END-- [ RunTime:0.000084s ]
INFO: [ app_begin ] --START--
INFO: Run Behavior\ReadHtmlCacheBehavior [ RunTime:0.000040s ]
INFO: [ app_begin ] --END-- [ RunTime:0.000084s ]
SQL: SHOW COLUMNS FROM `course` [ RunTime:0.0006s ]
SQL: SELECT * FROM `course`  [ RunTime:0.0002s ]
INFO: [ view_parse ] --START--
INFO: [ template_filter ] --START--
INFO: Run Behavior\ContentReplaceBehavior [ RunTime:0.000054s ]
INFO: [ template_filter ] --END-- [ RunTime:0.000106s ]
NOTIC: [8] Undefined index: name /home/jianhanke/Experiment/Application/Runtime/Cache/Admin/2f5aab314377011a7164233638dac697.php 第 61 行.
NOTIC: [8] Undefined index: name /home/jianhanke/Experiment/Application/Runtime/Cache/Admin/2f5aab314377011a7164233638dac697.php 第 61 行.
NOTIC: [8] Undefined index: name /home/jianhanke/Experiment/Application/Runtime/Cache/Admin/2f5aab314377011a7164233638dac697.php 第 61 行.
NOTIC: [8] Undefined index: name /home/jianhanke/Experiment/Application/Runtime/Cache/Admin/2f5aab314377011a7164233638dac697.php 第 61 行.
NOTIC: [8] Undefined index: name /home/jianhanke/Experiment/Application/Runtime/Cache/Admin/2f5aab314377011a7164233638dac697.php 第 61 行.
INFO: Run Behavior\ParseTemplateBehavior [ RunTime:0.005106s ]
INFO: [ view_parse ] --END-- [ RunTime:0.005154s ]
INFO: [ view_filter ] --START--
INFO: Run Behavior\WriteHtmlCacheBehavior [ RunTime:0.000044s ]
INFO: [ view_filter ] --END-- [ RunTime:0.000077s ]
INFO: [ app_end ] --START--
INFO: Run Behavior\ShowPageTraceBehavior [ RunTime:0.000037s ]
INFO: [ app_end ] --END-- [ RunTime:0.000070s ]

[ 2019-12-06T12:19:47+08:00 ] 10.6.0.32 /Experiment/index.php/Admin/Course/deleteCourseById/id/33
INFO: [ app_init ] --START--
INFO: Run Behavior\BuildLiteBehavior [ RunTime:0.000013s ]
INFO: [ app_init ] --END-- [ RunTime:0.000091s ]
INFO: [ app_begin ] --START--
INFO: Run Behavior\ReadHtmlCacheBehavior [ RunTime:0.000042s ]
INFO: [ app_begin ] --END-- [ RunTime:0.000088s ]
SQL: SHOW COLUMNS FROM `course` [ RunTime:0.0005s ]
SQL: DELETE FROM `course` WHERE `cid` = 33 [ RunTime:0.0007s ]

[ 2019-12-06T12:19:47+08:00 ] 10.6.0.32 /Experiment/index.php/Admin/Course/showCourse
INFO: [ app_init ] --START--
INFO: Run Behavior\BuildLiteBehavior [ RunTime:0.000013s ]
INFO: [ app_init ] --END-- [ RunTime:0.000084s ]
INFO: [ app_begin ] --START--
INFO: Run Behavior\ReadHtmlCacheBehavior [ RunTime:0.000039s ]
INFO: [ app_begin ] --END-- [ RunTime:0.000083s ]
SQL: SHOW COLUMNS FROM `course` [ RunTime:0.0005s ]
SQL: SELECT * FROM `course`  [ RunTime:0.0002s ]
INFO: [ view_parse ] --START--
INFO: [ template_filter ] --START--
INFO: Run Behavior\ContentReplaceBehavior [ RunTime:0.000054s ]
INFO: [ template_filter ] --END-- [ RunTime:0.000106s ]
NOTIC: [8] Undefined index: name /home/jianhanke/Experiment/Application/Runtime/Cache/Admin/2f5aab314377011a7164233638dac697.php 第 61 行.
NOTIC: [8] Undefined index: name /home/jianhanke/Experiment/Application/Runtime/Cache/Admin/2f5aab314377011a7164233638dac697.php 第 61 行.
NOTIC: [8] Undefined index: name /home/jianhanke/Experiment/Application/Runtime/Cache/Admin/2f5aab314377011a7164233638dac697.php 第 61 行.
NOTIC: [8] Undefined index: name /home/jianhanke/Experiment/Application/Runtime/Cache/Admin/2f5aab314377011a7164233638dac697.php 第 61 行.
INFO: Run Behavior\ParseTemplateBehavior [ RunTime:0.005003s ]
INFO: [ view_parse ] --END-- [ RunTime:0.005052s ]
INFO: [ view_filter ] --START--
INFO: Run Behavior\WriteHtmlCacheBehavior [ RunTime:0.000044s ]
INFO: [ view_filter ] --END-- [ RunTime:0.000076s ]
INFO: [ app_end ] --START--
INFO: Run Behavior\ShowPageTraceBehavior [ RunTime:0.000037s ]
INFO: [ app_end ] --END-- [ RunTime:0.000069s ]

[ 2019-12-06T12:19:48+08:00 ] 10.6.0.32 /Experiment/index.php/Admin/Course/deleteCourseById/id/32
INFO: [ app_init ] --START--
INFO: Run Behavior\BuildLiteBehavior [ RunTime:0.000013s ]
INFO: [ app_init ] --END-- [ RunTime:0.000097s ]
INFO: [ app_begin ] --START--
INFO: Run Behavior\ReadHtmlCacheBehavior [ RunTime:0.000086s ]
INFO: [ app_begin ] --END-- [ RunTime:0.000137s ]
SQL: SHOW COLUMNS FROM `course` [ RunTime:0.0006s ]
SQL: DELETE FROM `course` WHERE `cid` = 32 [ RunTime:0.0006s ]

[ 2019-12-06T12:19:48+08:00 ] 10.6.0.32 /Experiment/index.php/Admin/Course/showCourse
INFO: [ app_init ] --START--
INFO: Run Behavior\BuildLiteBehavior [ RunTime:0.000010s ]
INFO: [ app_init ] --END-- [ RunTime:0.000071s ]
INFO: [ app_begin ] --START--
INFO: Run Behavior\ReadHtmlCacheBehavior [ RunTime:0.000033s ]
INFO: [ app_begin ] --END-- [ RunTime:0.000069s ]
SQL: SHOW COLUMNS FROM `course` [ RunTime:0.0006s ]
SQL: SELECT * FROM `course`  [ RunTime:0.0002s ]
INFO: [ view_parse ] --START--
INFO: [ template_filter ] --START--
INFO: Run Behavior\ContentReplaceBehavior [ RunTime:0.000050s ]
INFO: [ template_filter ] --END-- [ RunTime:0.000098s ]
NOTIC: [8] Undefined index: name /home/jianhanke/Experiment/Application/Runtime/Cache/Admin/2f5aab314377011a7164233638dac697.php 第 61 行.
NOTIC: [8] Undefined index: name /home/jianhanke/Experiment/Application/Runtime/Cache/Admin/2f5aab314377011a7164233638dac697.php 第 61 行.
NOTIC: [8] Undefined index: name /home/jianhanke/Experiment/Application/Runtime/Cache/Admin/2f5aab314377011a7164233638dac697.php 第 61 行.
INFO: Run Behavior\ParseTemplateBehavior [ RunTime:0.004648s ]
INFO: [ view_parse ] --END-- [ RunTime:0.004691s ]
INFO: [ view_filter ] --START--
INFO: Run Behavior\WriteHtmlCacheBehavior [ RunTime:0.000048s ]
INFO: [ view_filter ] --END-- [ RunTime:0.000078s ]
INFO: [ app_end ] --START--
INFO: Run Behavior\ShowPageTraceBehavior [ RunTime:0.000041s ]
INFO: [ app_end ] --END-- [ RunTime:0.000072s ]

[ 2019-12-06T12:19:50+08:00 ] 10.6.0.32 /Experiment/index.php/Admin/Course/deleteCourseById/id/31
INFO: [ app_init ] --START--
INFO: Run Behavior\BuildLiteBehavior [ RunTime:0.000013s ]
INFO: [ app_init ] --END-- [ RunTime:0.000090s ]
INFO: [ app_begin ] --START--
INFO: Run Behavior\ReadHtmlCacheBehavior [ RunTime:0.000042s ]
INFO: [ app_begin ] --END-- [ RunTime:0.000087s ]
SQL: SHOW COLUMNS FROM `course` [ RunTime:0.0006s ]
SQL: DELETE FROM `course` WHERE `cid` = 31 [ RunTime:0.0009s ]

[ 2019-12-06T12:19:50+08:00 ] 10.6.0.32 /Experiment/index.php/Admin/Course/showCourse
INFO: [ app_init ] --START--
INFO: Run Behavior\BuildLiteBehavior [ RunTime:0.000012s ]
INFO: [ app_init ] --END-- [ RunTime:0.000079s ]
INFO: [ app_begin ] --START--
INFO: Run Behavior\ReadHtmlCacheBehavior [ RunTime:0.000036s ]
INFO: [ app_begin ] --END-- [ RunTime:0.000076s ]
SQL: SHOW COLUMNS FROM `course` [ RunTime:0.0005s ]
SQL: SELECT * FROM `course`  [ RunTime:0.0004s ]
INFO: [ view_parse ] --START--
INFO: [ template_filter ] --START--
INFO: Run Behavior\ContentReplaceBehavior [ RunTime:0.000050s ]
INFO: [ template_filter ] --END-- [ RunTime:0.000097s ]
NOTIC: [8] Undefined index: name /home/jianhanke/Experiment/Application/Runtime/Cache/Admin/2f5aab314377011a7164233638dac697.php 第 61 行.
NOTIC: [8] Undefined index: name /home/jianhanke/Experiment/Application/Runtime/Cache/Admin/2f5aab314377011a7164233638dac697.php 第 61 行.
INFO: Run Behavior\ParseTemplateBehavior [ RunTime:0.004270s ]
INFO: [ view_parse ] --END-- [ RunTime:0.004314s ]
INFO: [ view_filter ] --START--
INFO: Run Behavior\WriteHtmlCacheBehavior [ RunTime:0.000040s ]
INFO: [ view_filter ] --END-- [ RunTime:0.000072s ]
INFO: [ app_end ] --START--
INFO: Run Behavior\ShowPageTraceBehavior [ RunTime:0.000033s ]
INFO: [ app_end ] --END-- [ RunTime:0.000062s ]

[ 2019-12-06T12:19:51+08:00 ] 10.6.0.32 /Experiment/index.php/Admin/Course/addCourse
INFO: [ app_init ] --START--
INFO: Run Behavior\BuildLiteBehavior [ RunTime:0.000015s ]
INFO: [ app_init ] --END-- [ RunTime:0.000139s ]
INFO: [ app_begin ] --START--
INFO: Run Behavior\ReadHtmlCacheBehavior [ RunTime:0.000047s ]
INFO: [ app_begin ] --END-- [ RunTime:0.000093s ]
SQL: SHOW COLUMNS FROM `teacher` [ RunTime:0.0006s ]
SQL: SELECT * FROM `teacher`  [ RunTime:0.0001s ]
INFO: [ view_parse ] --START--
INFO: [ template_filter ] --START--
INFO: Run Behavior\ContentReplaceBehavior [ RunTime:0.000056s ]
INFO: [ template_filter ] --END-- [ RunTime:0.000112s ]
INFO: Run Behavior\ParseTemplateBehavior [ RunTime:0.004107s ]
INFO: [ view_parse ] --END-- [ RunTime:0.004165s ]
INFO: [ view_filter ] --START--
INFO: Run Behavior\WriteHtmlCacheBehavior [ RunTime:0.000054s ]
INFO: [ view_filter ] --END-- [ RunTime:0.000089s ]
INFO: [ app_end ] --START--
INFO: Run Behavior\ShowPageTraceBehavior [ RunTime:0.000046s ]
INFO: [ app_end ] --END-- [ RunTime:0.000081s ]

[ 2019-12-06T12:19:57+08:00 ] 10.6.0.32 /Experiment/index.php/Admin/Course/addCourse
INFO: [ app_init ] --START--
INFO: Run Behavior\BuildLiteBehavior [ RunTime:0.000019s ]
INFO: [ app_init ] --END-- [ RunTime:0.000111s ]
INFO: [ app_begin ] --START--
INFO: Run Behavior\ReadHtmlCacheBehavior [ RunTime:0.000051s ]
INFO: [ app_begin ] --END-- [ RunTime:0.000099s ]
NOTIC: [2] call_user_func() expects parameter 1 to be a valid callback, no array or string given /home/jianhanke/Experiment/ThinkPHP/Library/Think/Upload.class.php 第 170 行.
SQL: SHOW COLUMNS FROM `course` [ RunTime:0.0006s ]
SQL: INSERT INTO `course` (`cname`,`introduce`,`img`) VALUES ('312','312','5de9d6eddcb81.jpg') [ RunTime:0.0006s ]
NOTIC: [8] Undefined index: to_teacher_id /home/jianhanke/Experiment/Application/Admin/Controller/CourseController.class.php 第 33 行.
INFO: [ view_parse ] --START--
INFO: [ template_filter ] --START--
INFO: Run Behavior\ContentReplaceBehavior [ RunTime:0.000072s ]
INFO: [ template_filter ] --END-- [ RunTime:0.000110s ]
INFO: Run Behavior\ParseTemplateBehavior [ RunTime:0.001467s ]
INFO: [ view_parse ] --END-- [ RunTime:0.001505s ]
INFO: [ view_filter ] --START--
INFO: Run Behavior\WriteHtmlCacheBehavior [ RunTime:0.000038s ]
INFO: [ view_filter ] --END-- [ RunTime:0.000061s ]
INFO: [ app_end ] --START--
INFO: Run Behavior\ShowPageTraceBehavior [ RunTime:0.000036s ]
INFO: [ app_end ] --END-- [ RunTime:0.000058s ]

[ 2019-12-06T12:19:58+08:00 ] 10.6.0.32 /Experiment/index.php/Admin/Course/showCourse
INFO: [ app_init ] --START--
INFO: Run Behavior\BuildLiteBehavior [ RunTime:0.000012s ]
INFO: [ app_init ] --END-- [ RunTime:0.000085s ]
INFO: [ app_begin ] --START--
INFO: Run Behavior\ReadHtmlCacheBehavior [ RunTime:0.000040s ]
INFO: [ app_begin ] --END-- [ RunTime:0.000083s ]
SQL: SHOW COLUMNS FROM `course` [ RunTime:0.0006s ]
SQL: SELECT * FROM `course`  [ RunTime:0.0003s ]
INFO: [ view_parse ] --START--
INFO: [ template_filter ] --START--
INFO: Run Behavior\ContentReplaceBehavior [ RunTime:0.000054s ]
INFO: [ template_filter ] --END-- [ RunTime:0.000107s ]
NOTIC: [8] Undefined index: name /home/jianhanke/Experiment/Application/Runtime/Cache/Admin/2f5aab314377011a7164233638dac697.php 第 61 行.
NOTIC: [8] Undefined index: name /home/jianhanke/Experiment/Application/Runtime/Cache/Admin/2f5aab314377011a7164233638dac697.php 第 61 行.
NOTIC: [8] Undefined index: name /home/jianhanke/Experiment/Application/Runtime/Cache/Admin/2f5aab314377011a7164233638dac697.php 第 61 行.
INFO: Run Behavior\ParseTemplateBehavior [ RunTime:0.005058s ]
INFO: [ view_parse ] --END-- [ RunTime:0.005110s ]
INFO: [ view_filter ] --START--
INFO: Run Behavior\WriteHtmlCacheBehavior [ RunTime:0.000045s ]
INFO: [ view_filter ] --END-- [ RunTime:0.000076s ]
INFO: [ app_end ] --START--
INFO: Run Behavior\ShowPageTraceBehavior [ RunTime:0.000037s ]
INFO: [ app_end ] --END-- [ RunTime:0.000069s ]

[ 2019-12-06T12:20:00+08:00 ] 10.6.0.32 /Experiment/index.php/Admin/Course/deleteCourseById/id/36
INFO: [ app_init ] --START--
INFO: Run Behavior\BuildLiteBehavior [ RunTime:0.000013s ]
INFO: [ app_init ] --END-- [ RunTime:0.000096s ]
INFO: [ app_begin ] --START--
INFO: Run Behavior\ReadHtmlCacheBehavior [ RunTime:0.000048s ]
INFO: [ app_begin ] --END-- [ RunTime:0.000096s ]
SQL: SHOW COLUMNS FROM `course` [ RunTime:0.0006s ]
SQL: DELETE FROM `course` WHERE `cid` = 36 [ RunTime:0.0007s ]

[ 2019-12-06T12:20:00+08:00 ] 10.6.0.32 /Experiment/index.php/Admin/Course/showCourse
INFO: [ app_init ] --START--
INFO: Run Behavior\BuildLiteBehavior [ RunTime:0.000012s ]
INFO: [ app_init ] --END-- [ RunTime:0.000084s ]
INFO: [ app_begin ] --START--
INFO: Run Behavior\ReadHtmlCacheBehavior [ RunTime:0.000040s ]
INFO: [ app_begin ] --END-- [ RunTime:0.000082s ]
SQL: SHOW COLUMNS FROM `course` [ RunTime:0.0006s ]
SQL: SELECT * FROM `course`  [ RunTime:0.0002s ]
INFO: [ view_parse ] --START--
INFO: [ template_filter ] --START--
INFO: Run Behavior\ContentReplaceBehavior [ RunTime:0.000038s ]
INFO: [ template_filter ] --END-- [ RunTime:0.000073s ]
NOTIC: [8] Undefined index: name /home/jianhanke/Experiment/Application/Runtime/Cache/Admin/2f5aab314377011a7164233638dac697.php 第 61 行.
NOTIC: [8] Undefined index: name /home/jianhanke/Experiment/Application/Runtime/Cache/Admin/2f5aab314377011a7164233638dac697.php 第 61 行.
INFO: Run Behavior\ParseTemplateBehavior [ RunTime:0.003111s ]
INFO: [ view_parse ] --END-- [ RunTime:0.003144s ]
INFO: [ view_filter ] --START--
INFO: Run Behavior\WriteHtmlCacheBehavior [ RunTime:0.000039s ]
INFO: [ view_filter ] --END-- [ RunTime:0.000062s ]
INFO: [ app_end ] --START--
INFO: Run Behavior\ShowPageTraceBehavior [ RunTime:0.000032s ]
INFO: [ app_end ] --END-- [ RunTime:0.000054s ]

[ 2019-12-06T12:35:00+08:00 ] 10.6.0.32 /Experiment/index.php/Admin/Course/addCourse
INFO: [ app_init ] --START--
INFO: Run Behavior\BuildLiteBehavior [ RunTime:0.000019s ]
INFO: [ app_init ] --END-- [ RunTime:0.000134s ]
NOTIC: [2] include(/home/jianhanke/Experiment/Application/Common/Conf/upload.php): failed to open stream: Permission denied /home/jianhanke/Experiment/ThinkPHP/Common/functions.php 第 64 行.
NOTIC: [2] include(): Failed opening './Application/Common/Conf/upload.php' for inclusion (include_path='.:/usr/share/php:/usr/share/pear') /home/jianhanke/Experiment/ThinkPHP/Common/functions.php 第 64 行.
INFO: [ app_begin ] --START--
INFO: Run Behavior\ReadHtmlCacheBehavior [ RunTime:0.000061s ]
INFO: [ app_begin ] --END-- [ RunTime:0.000110s ]
SQL: SHOW COLUMNS FROM `teacher` [ RunTime:0.0007s ]
SQL: SELECT * FROM `teacher`  [ RunTime:0.0001s ]
INFO: [ view_parse ] --START--
INFO: [ template_filter ] --START--
INFO: Run Behavior\ContentReplaceBehavior [ RunTime:0.000067s ]
INFO: [ template_filter ] --END-- [ RunTime:0.000123s ]
INFO: Run Behavior\ParseTemplateBehavior [ RunTime:0.003752s ]
INFO: [ view_parse ] --END-- [ RunTime:0.003808s ]
INFO: [ view_filter ] --START--
INFO: Run Behavior\WriteHtmlCacheBehavior [ RunTime:0.000061s ]
INFO: [ view_filter ] --END-- [ RunTime:0.000098s ]
INFO: [ app_end ] --START--
INFO: Run Behavior\ShowPageTraceBehavior [ RunTime:0.000051s ]
INFO: [ app_end ] --END-- [ RunTime:0.000085s ]

[ 2019-12-06T12:35:08+08:00 ] 10.6.0.32 /Experiment/index.php/Admin/Course/addCourse
INFO: [ app_init ] --START--
INFO: Run Behavior\BuildLiteBehavior [ RunTime:0.000016s ]
INFO: [ app_init ] --END-- [ RunTime:0.000106s ]
NOTIC: [2] include(/home/jianhanke/Experiment/Application/Common/Conf/upload.php): failed to open stream: Permission denied /home/jianhanke/Experiment/ThinkPHP/Common/functions.php 第 64 行.
NOTIC: [2] include(): Failed opening './Application/Common/Conf/upload.php' for inclusion (include_path='.:/usr/share/php:/usr/share/pear') /home/jianhanke/Experiment/ThinkPHP/Common/functions.php 第 64 行.
INFO: [ app_begin ] --START--
INFO: Run Behavior\ReadHtmlCacheBehavior [ RunTime:0.000051s ]
INFO: [ app_begin ] --END-- [ RunTime:0.000096s ]
NOTIC: [2] array_merge(): Argument #2 is not an array /home/jianhanke/Experiment/ThinkPHP/Library/Think/Upload.class.php 第 53 行.
INFO: [ view_parse ] --START--
INFO: [ template_filter ] --START--
INFO: Run Behavior\ContentReplaceBehavior [ RunTime:0.000046s ]
INFO: [ template_filter ] --END-- [ RunTime:0.000096s ]
INFO: Run Behavior\ParseTemplateBehavior [ RunTime:0.001993s ]
INFO: [ view_parse ] --END-- [ RunTime:0.002045s ]
INFO: [ view_filter ] --START--
INFO: Run Behavior\WriteHtmlCacheBehavior [ RunTime:0.000056s ]
INFO: [ view_filter ] --END-- [ RunTime:0.000088s ]

[ 2019-12-06T12:35:11+08:00 ] 10.6.0.32 /Experiment/index.php/Admin/Course/addCourse
INFO: [ app_init ] --START--
INFO: Run Behavior\BuildLiteBehavior [ RunTime:0.000013s ]
INFO: [ app_init ] --END-- [ RunTime:0.000098s ]
NOTIC: [2] include(/home/jianhanke/Experiment/Application/Common/Conf/upload.php): failed to open stream: Permission denied /home/jianhanke/Experiment/ThinkPHP/Common/functions.php 第 64 行.
NOTIC: [2] include(): Failed opening './Application/Common/Conf/upload.php' for inclusion (include_path='.:/usr/share/php:/usr/share/pear') /home/jianhanke/Experiment/ThinkPHP/Common/functions.php 第 64 行.
INFO: [ app_begin ] --START--
INFO: Run Behavior\ReadHtmlCacheBehavior [ RunTime:0.000049s ]
INFO: [ app_begin ] --END-- [ RunTime:0.000096s ]
SQL: SHOW COLUMNS FROM `teacher` [ RunTime:0.0007s ]
SQL: SELECT * FROM `teacher`  [ RunTime:0.0001s ]
INFO: [ view_parse ] --START--
INFO: [ template_filter ] --START--
INFO: Run Behavior\ContentReplaceBehavior [ RunTime:0.000058s ]
INFO: [ template_filter ] --END-- [ RunTime:0.000113s ]
INFO: Run Behavior\ParseTemplateBehavior [ RunTime:0.003586s ]
INFO: [ view_parse ] --END-- [ RunTime:0.003642s ]
INFO: [ view_filter ] --START--
INFO: Run Behavior\WriteHtmlCacheBehavior [ RunTime:0.000053s ]
INFO: [ view_filter ] --END-- [ RunTime:0.000090s ]
INFO: [ app_end ] --START--
INFO: Run Behavior\ShowPageTraceBehavior [ RunTime:0.000048s ]
INFO: [ app_end ] --END-- [ RunTime:0.000083s ]

[ 2019-12-06T12:36:09+08:00 ] 10.6.0.32 /Experiment/index.php/Admin/Course/addCourse
INFO: [ app_init ] --START--
INFO: Run Behavior\BuildLiteBehavior [ RunTime:0.000016s ]
INFO: [ app_init ] --END-- [ RunTime:0.000115s ]
NOTIC: [2] include(/home/jianhanke/Experiment/Application/Common/Conf/upload.php): failed to open stream: Permission denied /home/jianhanke/Experiment/ThinkPHP/Common/functions.php 第 64 行.
NOTIC: [2] include(): Failed opening './Application/Common/Conf/upload.php' for inclusion (include_path='.:/usr/share/php:/usr/share/pear') /home/jianhanke/Experiment/ThinkPHP/Common/functions.php 第 64 行.
INFO: [ app_begin ] --START--
INFO: Run Behavior\ReadHtmlCacheBehavior [ RunTime:0.000050s ]
INFO: [ app_begin ] --END-- [ RunTime:0.000094s ]
NOTIC: [2] array_merge(): Argument #2 is not an array /home/jianhanke/Experiment/ThinkPHP/Library/Think/Upload.class.php 第 53 行.
INFO: [ view_parse ] --START--
INFO: [ template_filter ] --START--
INFO: Run Behavior\ContentReplaceBehavior [ RunTime:0.000050s ]
INFO: [ template_filter ] --END-- [ RunTime:0.000098s ]
INFO: Run Behavior\ParseTemplateBehavior [ RunTime:0.002349s ]
INFO: [ view_parse ] --END-- [ RunTime:0.002404s ]
INFO: [ view_filter ] --START--
INFO: Run Behavior\WriteHtmlCacheBehavior [ RunTime:0.000056s ]
INFO: [ view_filter ] --END-- [ RunTime:0.000090s ]

[ 2019-12-06T12:36:12+08:00 ] 10.6.0.32 /Experiment/index.php/Admin/Course/addCourse
INFO: [ app_init ] --START--
INFO: Run Behavior\BuildLiteBehavior [ RunTime:0.000014s ]
INFO: [ app_init ] --END-- [ RunTime:0.000097s ]
NOTIC: [2] include(/home/jianhanke/Experiment/Application/Common/Conf/upload.php): failed to open stream: Permission denied /home/jianhanke/Experiment/ThinkPHP/Common/functions.php 第 64 行.
NOTIC: [2] include(): Failed opening './Application/Common/Conf/upload.php' for inclusion (include_path='.:/usr/share/php:/usr/share/pear') /home/jianhanke/Experiment/ThinkPHP/Common/functions.php 第 64 行.
INFO: [ app_begin ] --START--
INFO: Run Behavior\ReadHtmlCacheBehavior [ RunTime:0.000048s ]
INFO: [ app_begin ] --END-- [ RunTime:0.000094s ]
SQL: SHOW COLUMNS FROM `teacher` [ RunTime:0.0007s ]
SQL: SELECT * FROM `teacher`  [ RunTime:0.0001s ]
INFO: [ view_parse ] --START--
INFO: [ template_filter ] --START--
INFO: Run Behavior\ContentReplaceBehavior [ RunTime:0.000058s ]
INFO: [ template_filter ] --END-- [ RunTime:0.000114s ]
INFO: Run Behavior\ParseTemplateBehavior [ RunTime:0.003643s ]
INFO: [ view_parse ] --END-- [ RunTime:0.003699s ]
INFO: [ view_filter ] --START--
INFO: Run Behavior\WriteHtmlCacheBehavior [ RunTime:0.000054s ]
INFO: [ view_filter ] --END-- [ RunTime:0.000090s ]
INFO: [ app_end ] --START--
INFO: Run Behavior\ShowPageTraceBehavior [ RunTime:0.000050s ]
INFO: [ app_end ] --END-- [ RunTime:0.000084s ]

[ 2019-12-06T12:36:37+08:00 ] 10.6.0.32 /Experiment/index.php/Admin/Course/addCourse
INFO: [ app_init ] --START--
INFO: Run Behavior\BuildLiteBehavior [ RunTime:0.000015s ]
INFO: [ app_init ] --END-- [ RunTime:0.000107s ]
NOTIC: [2] include(/home/jianhanke/Experiment/Application/Common/Conf/upload.php): failed to open stream: Permission denied /home/jianhanke/Experiment/ThinkPHP/Common/functions.php 第 64 行.
NOTIC: [2] include(): Failed opening './Application/Common/Conf/upload.php' for inclusion (include_path='.:/usr/share/php:/usr/share/pear') /home/jianhanke/Experiment/ThinkPHP/Common/functions.php 第 64 行.
INFO: [ app_begin ] --START--
INFO: Run Behavior\ReadHtmlCacheBehavior [ RunTime:0.000052s ]
INFO: [ app_begin ] --END-- [ RunTime:0.000099s ]
NOTIC: [2] array_merge(): Argument #2 is not an array /home/jianhanke/Experiment/ThinkPHP/Library/Think/Upload.class.php 第 53 行.
INFO: [ view_parse ] --START--
INFO: [ template_filter ] --START--
INFO: Run Behavior\ContentReplaceBehavior [ RunTime:0.000046s ]
INFO: [ template_filter ] --END-- [ RunTime:0.000098s ]
INFO: Run Behavior\ParseTemplateBehavior [ RunTime:0.002116s ]
INFO: [ view_parse ] --END-- [ RunTime:0.002173s ]
INFO: [ view_filter ] --START--
INFO: Run Behavior\WriteHtmlCacheBehavior [ RunTime:0.000060s ]
INFO: [ view_filter ] --END-- [ RunTime:0.000097s ]

[ 2019-12-06T12:36:40+08:00 ] 10.6.0.32 /Experiment/index.php/Admin/Course/addCourse
INFO: [ app_init ] --START--
INFO: Run Behavior\BuildLiteBehavior [ RunTime:0.000016s ]
INFO: [ app_init ] --END-- [ RunTime:0.000113s ]
NOTIC: [2] include(/home/jianhanke/Experiment/Application/Common/Conf/upload.php): failed to open stream: Permission denied /home/jianhanke/Experiment/ThinkPHP/Common/functions.php 第 64 行.
NOTIC: [2] include(): Failed opening './Application/Common/Conf/upload.php' for inclusion (include_path='.:/usr/share/php:/usr/share/pear') /home/jianhanke/Experiment/ThinkPHP/Common/functions.php 第 64 行.
INFO: [ app_begin ] --START--
INFO: Run Behavior\ReadHtmlCacheBehavior [ RunTime:0.000369s ]
INFO: [ app_begin ] --END-- [ RunTime:0.000421s ]
SQL: SHOW COLUMNS FROM `teacher` [ RunTime:0.0007s ]
SQL: SELECT * FROM `teacher`  [ RunTime:0.0001s ]
INFO: [ view_parse ] --START--
INFO: [ template_filter ] --START--
INFO: Run Behavior\ContentReplaceBehavior [ RunTime:0.000063s ]
INFO: [ template_filter ] --END-- [ RunTime:0.000121s ]
INFO: Run Behavior\ParseTemplateBehavior [ RunTime:0.003794s ]
INFO: [ view_parse ] --END-- [ RunTime:0.003855s ]
INFO: [ view_filter ] --START--
INFO: Run Behavior\WriteHtmlCacheBehavior [ RunTime:0.000051s ]
INFO: [ view_filter ] --END-- [ RunTime:0.000084s ]
INFO: [ app_end ] --START--
INFO: Run Behavior\ShowPageTraceBehavior [ RunTime:0.000050s ]
INFO: [ app_end ] --END-- [ RunTime:0.000082s ]

[ 2019-12-06T12:42:24+08:00 ] 10.6.0.32 /Experiment/index.php/Admin/Course/addCourse
INFO: [ app_init ] --START--
INFO: Run Behavior\BuildLiteBehavior [ RunTime:0.000018s ]
INFO: [ app_init ] --END-- [ RunTime:0.000131s ]
NOTIC: [2] include(/home/jianhanke/Experiment/Application/Common/Conf/upload.php): failed to open stream: Permission denied /home/jianhanke/Experiment/ThinkPHP/Common/functions.php 第 64 行.
NOTIC: [2] include(): Failed opening './Application/Common/Conf/upload.php' for inclusion (include_path='.:/usr/share/php:/usr/share/pear') /home/jianhanke/Experiment/ThinkPHP/Common/functions.php 第 64 行.
INFO: [ app_begin ] --START--
INFO: Run Behavior\ReadHtmlCacheBehavior [ RunTime:0.000055s ]
INFO: [ app_begin ] --END-- [ RunTime:0.000104s ]
NOTIC: [2] array_merge(): Argument #2 is not an array /home/jianhanke/Experiment/ThinkPHP/Library/Think/Upload.class.php 第 53 行.
INFO: [ view_parse ] --START--
INFO: [ template_filter ] --START--
INFO: Run Behavior\ContentReplaceBehavior [ RunTime:0.000036s ]
INFO: [ template_filter ] --END-- [ RunTime:0.000066s ]
INFO: Run Behavior\ParseTemplateBehavior [ RunTime:0.001639s ]
INFO: [ view_parse ] --END-- [ RunTime:0.001683s ]
INFO: [ view_filter ] --START--
INFO: Run Behavior\WriteHtmlCacheBehavior [ RunTime:0.000037s ]
INFO: [ view_filter ] --END-- [ RunTime:0.000057s ]

[ 2019-12-06T12:42:27+08:00 ] 10.6.0.32 /Experiment/index.php/Admin/Course/addCourse
INFO: [ app_init ] --START--
INFO: Run Behavior\BuildLiteBehavior [ RunTime:0.000013s ]
INFO: [ app_init ] --END-- [ RunTime:0.000096s ]
NOTIC: [2] include(/home/jianhanke/Experiment/Application/Common/Conf/upload.php): failed to open stream: Permission denied /home/jianhanke/Experiment/ThinkPHP/Common/functions.php 第 64 行.
NOTIC: [2] include(): Failed opening './Application/Common/Conf/upload.php' for inclusion (include_path='.:/usr/share/php:/usr/share/pear') /home/jianhanke/Experiment/ThinkPHP/Common/functions.php 第 64 行.
INFO: [ app_begin ] --START--
INFO: Run Behavior\ReadHtmlCacheBehavior [ RunTime:0.000048s ]
INFO: [ app_begin ] --END-- [ RunTime:0.000095s ]
SQL: SHOW COLUMNS FROM `teacher` [ RunTime:0.0007s ]
SQL: SELECT * FROM `teacher`  [ RunTime:0.0001s ]
INFO: [ view_parse ] --START--
INFO: [ template_filter ] --START--
INFO: Run Behavior\ContentReplaceBehavior [ RunTime:0.000038s ]
INFO: [ template_filter ] --END-- [ RunTime:0.000074s ]
INFO: Run Behavior\ParseTemplateBehavior [ RunTime:0.003078s ]
INFO: [ view_parse ] --END-- [ RunTime:0.003121s ]
INFO: [ view_filter ] --START--
INFO: Run Behavior\WriteHtmlCacheBehavior [ RunTime:0.000037s ]
INFO: [ view_filter ] --END-- [ RunTime:0.000059s ]
INFO: [ app_end ] --START--
INFO: Run Behavior\ShowPageTraceBehavior [ RunTime:0.000032s ]
INFO: [ app_end ] --END-- [ RunTime:0.000054s ]

[ 2019-12-06T12:51:20+08:00 ] 10.6.0.32 /Experiment/index.php/Admin/Course/addCourse
INFO: [ app_init ] --START--
INFO: Run Behavior\BuildLiteBehavior [ RunTime:0.000016s ]
INFO: [ app_init ] --END-- [ RunTime:0.000113s ]
INFO: [ app_begin ] --START--
INFO: Run Behavior\ReadHtmlCacheBehavior [ RunTime:0.000049s ]
INFO: [ app_begin ] --END-- [ RunTime:0.000093s ]
NOTIC: [2] call_user_func() expects parameter 1 to be a valid callback, no array or string given /home/jianhanke/Experiment/ThinkPHP/Library/Think/Upload.class.php 第 170 行.
SQL: SHOW COLUMNS FROM `course` [ RunTime:0.0010s ]
SQL: INSERT INTO `course` (`cname`,`introduce`,`img`) VALUES ('312','3213','5de9de489a809.jpg') [ RunTime:0.0011s ]
NOTIC: [8] Undefined index: to_teacher_id /home/jianhanke/Experiment/Application/Admin/Controller/CourseController.class.php 第 33 行.
INFO: [ view_parse ] --START--
INFO: [ template_filter ] --START--
INFO: Run Behavior\ContentReplaceBehavior [ RunTime:0.000033s ]
INFO: [ template_filter ] --END-- [ RunTime:0.000066s ]
INFO: Run Behavior\ParseTemplateBehavior [ RunTime:0.001469s ]
INFO: [ view_parse ] --END-- [ RunTime:0.001505s ]
INFO: [ view_filter ] --START--
INFO: Run Behavior\WriteHtmlCacheBehavior [ RunTime:0.000040s ]
INFO: [ view_filter ] --END-- [ RunTime:0.000063s ]
INFO: [ app_end ] --START--
INFO: Run Behavior\ShowPageTraceBehavior [ RunTime:0.000035s ]
INFO: [ app_end ] --END-- [ RunTime:0.000058s ]

[ 2019-12-06T12:51:21+08:00 ] 10.6.0.32 /Experiment/index.php/Admin/Course/showCourse
INFO: [ app_init ] --START--
INFO: Run Behavior\BuildLiteBehavior [ RunTime:0.000014s ]
INFO: [ app_init ] --END-- [ RunTime:0.000090s ]
INFO: [ app_begin ] --START--
INFO: Run Behavior\ReadHtmlCacheBehavior [ RunTime:0.000043s ]
INFO: [ app_begin ] --END-- [ RunTime:0.000089s ]
SQL: SHOW COLUMNS FROM `course` [ RunTime:0.0007s ]
SQL: SELECT * FROM `course`  [ RunTime:0.0002s ]
INFO: [ view_parse ] --START--
INFO: [ template_filter ] --START--
INFO: Run Behavior\ContentReplaceBehavior [ RunTime:0.000045s ]
INFO: [ template_filter ] --END-- [ RunTime:0.000097s ]
NOTIC: [8] Undefined index: name /home/jianhanke/Experiment/Application/Runtime/Cache/Admin/2f5aab314377011a7164233638dac697.php 第 61 行.
NOTIC: [8] Undefined index: name /home/jianhanke/Experiment/Application/Runtime/Cache/Admin/2f5aab314377011a7164233638dac697.php 第 61 行.
NOTIC: [8] Undefined index: name /home/jianhanke/Experiment/Application/Runtime/Cache/Admin/2f5aab314377011a7164233638dac697.php 第 61 行.
INFO: Run Behavior\ParseTemplateBehavior [ RunTime:0.005113s ]
INFO: [ view_parse ] --END-- [ RunTime:0.005163s ]
INFO: [ view_filter ] --START--
INFO: Run Behavior\WriteHtmlCacheBehavior [ RunTime:0.000044s ]
INFO: [ view_filter ] --END-- [ RunTime:0.000076s ]
INFO: [ app_end ] --START--
INFO: Run Behavior\ShowPageTraceBehavior [ RunTime:0.000037s ]
INFO: [ app_end ] --END-- [ RunTime:0.000069s ]

[ 2019-12-06T12:52:59+08:00 ] 10.6.0.32 /Experiment/index.php/Admin/Course/addCourse
INFO: [ app_init ] --START--
INFO: Run Behavior\BuildLiteBehavior [ RunTime:0.000020s ]
INFO: [ app_init ] --END-- [ RunTime:0.000132s ]
INFO: [ app_begin ] --START--
INFO: Run Behavior\ReadHtmlCacheBehavior [ RunTime:0.000058s ]
INFO: [ app_begin ] --END-- [ RunTime:0.000107s ]
SQL: SHOW COLUMNS FROM `teacher` [ RunTime:0.0007s ]
SQL: SELECT * FROM `teacher`  [ RunTime:0.0001s ]
INFO: [ view_parse ] --START--
INFO: [ template_filter ] --START--
INFO: Run Behavior\ContentReplaceBehavior [ RunTime:0.000054s ]
INFO: [ template_filter ] --END-- [ RunTime:0.000110s ]
INFO: Run Behavior\ParseTemplateBehavior [ RunTime:0.003757s ]
INFO: [ view_parse ] --END-- [ RunTime:0.003815s ]
INFO: [ view_filter ] --START--
INFO: Run Behavior\WriteHtmlCacheBehavior [ RunTime:0.000059s ]
INFO: [ view_filter ] --END-- [ RunTime:0.000094s ]
INFO: [ app_end ] --START--
INFO: Run Behavior\ShowPageTraceBehavior [ RunTime:0.000050s ]
INFO: [ app_end ] --END-- [ RunTime:0.000084s ]

[ 2019-12-06T12:53:06+08:00 ] 10.6.0.32 /Experiment/index.php/Admin/Course/addCourse
INFO: [ app_init ] --START--
INFO: Run Behavior\BuildLiteBehavior [ RunTime:0.000015s ]
INFO: [ app_init ] --END-- [ RunTime:0.000109s ]
INFO: [ app_begin ] --START--
INFO: Run Behavior\ReadHtmlCacheBehavior [ RunTime:0.000051s ]
INFO: [ app_begin ] --END-- [ RunTime:0.000100s ]
NOTIC: [2] Missing argument 1 for Think\Upload::uploadOne(), called in /home/jianhanke/Experiment/Application/Admin/Controller/Entity/UploadFile.class.php on line 21 and defined /home/jianhanke/Experiment/ThinkPHP/Library/Think/Upload.class.php 第 110 行.
NOTIC: [8] Undefined variable: file /home/jianhanke/Experiment/ThinkPHP/Library/Think/Upload.class.php 第 111 行.
NOTIC: [8] Undefined index: tmp_name /home/jianhanke/Experiment/ThinkPHP/Library/Think/Upload.class.php 第 152 行.
NOTIC: [2] finfo_file(): Empty filename or path /home/jianhanke/Experiment/ThinkPHP/Library/Think/Upload.class.php 第 152 行.
NOTIC: [8] Undefined index: error /home/jianhanke/Experiment/ThinkPHP/Library/Think/Upload.class.php 第 269 行.
NOTIC: [8] Undefined index: tmp_name /home/jianhanke/Experiment/ThinkPHP/Library/Think/Upload.class.php 第 280 行.
INFO: [ view_parse ] --START--
INFO: [ template_filter ] --START--
INFO: Run Behavior\ContentReplaceBehavior [ RunTime:0.000040s ]
INFO: [ template_filter ] --END-- [ RunTime:0.000088s ]
INFO: Run Behavior\ParseTemplateBehavior [ RunTime:0.002031s ]
INFO: [ view_parse ] --END-- [ RunTime:0.002085s ]
INFO: [ view_filter ] --START--
INFO: Run Behavior\WriteHtmlCacheBehavior [ RunTime:0.000054s ]
INFO: [ view_filter ] --END-- [ RunTime:0.000087s ]

[ 2019-12-06T12:53:09+08:00 ] 10.6.0.32 /Experiment/index.php/Admin/Course/addCourse
INFO: [ app_init ] --START--
INFO: Run Behavior\BuildLiteBehavior [ RunTime:0.000013s ]
INFO: [ app_init ] --END-- [ RunTime:0.000096s ]
INFO: [ app_begin ] --START--
INFO: Run Behavior\ReadHtmlCacheBehavior [ RunTime:0.000047s ]
INFO: [ app_begin ] --END-- [ RunTime:0.000095s ]
SQL: SHOW COLUMNS FROM `teacher` [ RunTime:0.0007s ]
SQL: SELECT * FROM `teacher`  [ RunTime:0.0001s ]
INFO: [ view_parse ] --START--
INFO: [ template_filter ] --START--
INFO: Run Behavior\ContentReplaceBehavior [ RunTime:0.000049s ]
INFO: [ template_filter ] --END-- [ RunTime:0.000104s ]
INFO: Run Behavior\ParseTemplateBehavior [ RunTime:0.003918s ]
INFO: [ view_parse ] --END-- [ RunTime:0.003975s ]
INFO: [ view_filter ] --START--
INFO: Run Behavior\WriteHtmlCacheBehavior [ RunTime:0.000057s ]
INFO: [ view_filter ] --END-- [ RunTime:0.000092s ]
INFO: [ app_end ] --START--
INFO: Run Behavior\ShowPageTraceBehavior [ RunTime:0.000049s ]
INFO: [ app_end ] --END-- [ RunTime:0.000083s ]

[ 2019-12-06T12:53:10+08:00 ] 10.6.0.32 /Experiment/index.php/Admin/Course/addCourse
INFO: [ app_init ] --START--
INFO: Run Behavior\BuildLiteBehavior [ RunTime:0.000013s ]
INFO: [ app_init ] --END-- [ RunTime:0.000090s ]
INFO: [ app_begin ] --START--
INFO: Run Behavior\ReadHtmlCacheBehavior [ RunTime:0.000040s ]
INFO: [ app_begin ] --END-- [ RunTime:0.000088s ]
NOTIC: [2] Missing argument 1 for Think\Upload::uploadOne(), called in /home/jianhanke/Experiment/Application/Admin/Controller/Entity/UploadFile.class.php on line 21 and defined /home/jianhanke/Experiment/ThinkPHP/Library/Think/Upload.class.php 第 110 行.
NOTIC: [8] Undefined variable: file /home/jianhanke/Experiment/ThinkPHP/Library/Think/Upload.class.php 第 111 行.
NOTIC: [8] Undefined index: tmp_name /home/jianhanke/Experiment/ThinkPHP/Library/Think/Upload.class.php 第 152 行.
NOTIC: [2] finfo_file(): Empty filename or path /home/jianhanke/Experiment/ThinkPHP/Library/Think/Upload.class.php 第 152 行.
NOTIC: [8] Undefined index: error /home/jianhanke/Experiment/ThinkPHP/Library/Think/Upload.class.php 第 269 行.
NOTIC: [8] Undefined index: tmp_name /home/jianhanke/Experiment/ThinkPHP/Library/Think/Upload.class.php 第 280 行.
INFO: [ view_parse ] --START--
INFO: [ template_filter ] --START--
INFO: Run Behavior\ContentReplaceBehavior [ RunTime:0.000036s ]
INFO: [ template_filter ] --END-- [ RunTime:0.000086s ]
INFO: Run Behavior\ParseTemplateBehavior [ RunTime:0.001988s ]
INFO: [ view_parse ] --END-- [ RunTime:0.002039s ]
INFO: [ view_filter ] --START--
INFO: Run Behavior\WriteHtmlCacheBehavior [ RunTime:0.000047s ]
INFO: [ view_filter ] --END-- [ RunTime:0.000080s ]

[ 2019-12-06T12:53:13+08:00 ] 10.6.0.32 /Experiment/index.php/Admin/Course/addCourse
INFO: [ app_init ] --START--
INFO: Run Behavior\BuildLiteBehavior [ RunTime:0.000013s ]
INFO: [ app_init ] --END-- [ RunTime:0.000097s ]
INFO: [ app_begin ] --START--
INFO: Run Behavior\ReadHtmlCacheBehavior [ RunTime:0.000047s ]
INFO: [ app_begin ] --END-- [ RunTime:0.000095s ]
SQL: SHOW COLUMNS FROM `teacher` [ RunTime:0.0006s ]
SQL: SELECT * FROM `teacher`  [ RunTime:0.0001s ]
INFO: [ view_parse ] --START--
INFO: [ template_filter ] --START--
INFO: Run Behavior\ContentReplaceBehavior [ RunTime:0.000047s ]
INFO: [ template_filter ] --END-- [ RunTime:0.000102s ]
INFO: Run Behavior\ParseTemplateBehavior [ RunTime:0.003529s ]
INFO: [ view_parse ] --END-- [ RunTime:0.003586s ]
INFO: [ view_filter ] --START--
INFO: Run Behavior\WriteHtmlCacheBehavior [ RunTime:0.000057s ]
INFO: [ view_filter ] --END-- [ RunTime:0.000091s ]
INFO: [ app_end ] --START--
INFO: Run Behavior\ShowPageTraceBehavior [ RunTime:0.000046s ]
INFO: [ app_end ] --END-- [ RunTime:0.000080s ]

[ 2019-12-06T12:53:17+08:00 ] 10.6.0.32 /Experiment/index.php/Admin/Course/addCourse
INFO: [ app_init ] --START--
INFO: Run Behavior\BuildLiteBehavior [ RunTime:0.000014s ]
INFO: [ app_init ] --END-- [ RunTime:0.000098s ]
INFO: [ app_begin ] --START--
INFO: Run Behavior\ReadHtmlCacheBehavior [ RunTime:0.000048s ]
INFO: [ app_begin ] --END-- [ RunTime:0.000098s ]
NOTIC: [2] call_user_func() expects parameter 1 to be a valid callback, no array or string given /home/jianhanke/Experiment/ThinkPHP/Library/Think/Upload.class.php 第 170 行.
NOTIC: [8] Undefined index: savename /home/jianhanke/Experiment/Application/Admin/Controller/CourseController.class.php 第 29 行.
SQL: SHOW COLUMNS FROM `course` [ RunTime:0.0009s ]
SQL: INSERT INTO `course` (`cname`,`introduce`,`img`) VALUES ('321','32131',NULL) [ RunTime:0.0008s ]
NOTIC: [8] Undefined index: to_teacher_id /home/jianhanke/Experiment/Application/Admin/Controller/CourseController.class.php 第 33 行.
INFO: [ view_parse ] --START--
INFO: [ template_filter ] --START--
INFO: Run Behavior\ContentReplaceBehavior [ RunTime:0.000038s ]
INFO: [ template_filter ] --END-- [ RunTime:0.000087s ]
INFO: Run Behavior\ParseTemplateBehavior [ RunTime:0.002056s ]
INFO: [ view_parse ] --END-- [ RunTime:0.002110s ]
INFO: [ view_filter ] --START--
INFO: Run Behavior\WriteHtmlCacheBehavior [ RunTime:0.000056s ]
INFO: [ view_filter ] --END-- [ RunTime:0.000092s ]
INFO: [ app_end ] --START--
INFO: Run Behavior\ShowPageTraceBehavior [ RunTime:0.000055s ]
INFO: [ app_end ] --END-- [ RunTime:0.000092s ]

[ 2019-12-06T12:53:18+08:00 ] 10.6.0.32 /Experiment/index.php/Admin/Course/showCourse
INFO: [ app_init ] --START--
INFO: Run Behavior\BuildLiteBehavior [ RunTime:0.000012s ]
INFO: [ app_init ] --END-- [ RunTime:0.000084s ]
INFO: [ app_begin ] --START--
INFO: Run Behavior\ReadHtmlCacheBehavior [ RunTime:0.000040s ]
INFO: [ app_begin ] --END-- [ RunTime:0.000083s ]
SQL: SHOW COLUMNS FROM `course` [ RunTime:0.0006s ]
SQL: SELECT * FROM `course`  [ RunTime:0.0003s ]
INFO: [ view_parse ] --START--
INFO: [ template_filter ] --START--
INFO: Run Behavior\ContentReplaceBehavior [ RunTime:0.000045s ]
INFO: [ template_filter ] --END-- [ RunTime:0.000096s ]
NOTIC: [8] Undefined index: name /home/jianhanke/Experiment/Application/Runtime/Cache/Admin/2f5aab314377011a7164233638dac697.php 第 61 行.
NOTIC: [8] Undefined index: name /home/jianhanke/Experiment/Application/Runtime/Cache/Admin/2f5aab314377011a7164233638dac697.php 第 61 行.
NOTIC: [8] Undefined index: name /home/jianhanke/Experiment/Application/Runtime/Cache/Admin/2f5aab314377011a7164233638dac697.php 第 61 行.
NOTIC: [8] Undefined index: name /home/jianhanke/Experiment/Application/Runtime/Cache/Admin/2f5aab314377011a7164233638dac697.php 第 61 行.
INFO: Run Behavior\ParseTemplateBehavior [ RunTime:0.005349s ]
INFO: [ view_parse ] --END-- [ RunTime:0.005400s ]
INFO: [ view_filter ] --START--
INFO: Run Behavior\WriteHtmlCacheBehavior [ RunTime:0.000047s ]
INFO: [ view_filter ] --END-- [ RunTime:0.000082s ]
INFO: [ app_end ] --START--
INFO: Run Behavior\ShowPageTraceBehavior [ RunTime:0.000039s ]
INFO: [ app_end ] --END-- [ RunTime:0.000075s ]

[ 2019-12-06T12:53:19+08:00 ] 10.6.0.32 /Experiment/index.php/Admin/Course/deleteCourseById/id/37
INFO: [ app_init ] --START--
INFO: Run Behavior\BuildLiteBehavior [ RunTime:0.000013s ]
INFO: [ app_init ] --END-- [ RunTime:0.000089s ]
INFO: [ app_begin ] --START--
INFO: Run Behavior\ReadHtmlCacheBehavior [ RunTime:0.000043s ]
INFO: [ app_begin ] --END-- [ RunTime:0.000090s ]
SQL: SHOW COLUMNS FROM `course` [ RunTime:0.0006s ]
SQL: DELETE FROM `course` WHERE `cid` = 37 [ RunTime:0.0006s ]

[ 2019-12-06T12:53:19+08:00 ] 10.6.0.32 /Experiment/index.php/Admin/Course/showCourse
INFO: [ app_init ] --START--
INFO: Run Behavior\BuildLiteBehavior [ RunTime:0.000012s ]
INFO: [ app_init ] --END-- [ RunTime:0.000083s ]
INFO: [ app_begin ] --START--
INFO: Run Behavior\ReadHtmlCacheBehavior [ RunTime:0.000040s ]
INFO: [ app_begin ] --END-- [ RunTime:0.000083s ]
SQL: SHOW COLUMNS FROM `course` [ RunTime:0.0006s ]
SQL: SELECT * FROM `course`  [ RunTime:0.0002s ]
INFO: [ view_parse ] --START--
INFO: [ template_filter ] --START--
INFO: Run Behavior\ContentReplaceBehavior [ RunTime:0.000045s ]
INFO: [ template_filter ] --END-- [ RunTime:0.000096s ]
NOTIC: [8] Undefined index: name /home/jianhanke/Experiment/Application/Runtime/Cache/Admin/2f5aab314377011a7164233638dac697.php 第 61 行.
NOTIC: [8] Undefined index: name /home/jianhanke/Experiment/Application/Runtime/Cache/Admin/2f5aab314377011a7164233638dac697.php 第 61 行.
NOTIC: [8] Undefined index: name /home/jianhanke/Experiment/Application/Runtime/Cache/Admin/2f5aab314377011a7164233638dac697.php 第 61 行.
INFO: Run Behavior\ParseTemplateBehavior [ RunTime:0.004909s ]
INFO: [ view_parse ] --END-- [ RunTime:0.004955s ]
INFO: [ view_filter ] --START--
INFO: Run Behavior\WriteHtmlCacheBehavior [ RunTime:0.000043s ]
INFO: [ view_filter ] --END-- [ RunTime:0.000074s ]
INFO: [ app_end ] --START--
INFO: Run Behavior\ShowPageTraceBehavior [ RunTime:0.000035s ]
INFO: [ app_end ] --END-- [ RunTime:0.000067s ]

[ 2019-12-06T12:53:21+08:00 ] 10.6.0.32 /Experiment/index.php/Admin/Course/deleteCourseById/id/38
INFO: [ app_init ] --START--
INFO: Run Behavior\BuildLiteBehavior [ RunTime:0.000013s ]
INFO: [ app_init ] --END-- [ RunTime:0.000095s ]
INFO: [ app_begin ] --START--
INFO: Run Behavior\ReadHtmlCacheBehavior [ RunTime:0.000048s ]
INFO: [ app_begin ] --END-- [ RunTime:0.000095s ]
SQL: SHOW COLUMNS FROM `course` [ RunTime:0.0005s ]
SQL: DELETE FROM `course` WHERE `cid` = 38 [ RunTime:0.0006s ]

[ 2019-12-06T12:53:21+08:00 ] 10.6.0.32 /Experiment/index.php/Admin/Course/showCourse
INFO: [ app_init ] --START--
INFO: Run Behavior\BuildLiteBehavior [ RunTime:0.000013s ]
INFO: [ app_init ] --END-- [ RunTime:0.000086s ]
INFO: [ app_begin ] --START--
INFO: Run Behavior\ReadHtmlCacheBehavior [ RunTime:0.000040s ]
INFO: [ app_begin ] --END-- [ RunTime:0.000086s ]
SQL: SHOW COLUMNS FROM `course` [ RunTime:0.0005s ]
SQL: SELECT * FROM `course`  [ RunTime:0.0002s ]
INFO: [ view_parse ] --START--
INFO: [ template_filter ] --START--
INFO: Run Behavior\ContentReplaceBehavior [ RunTime:0.000032s ]
INFO: [ template_filter ] --END-- [ RunTime:0.000070s ]
NOTIC: [8] Undefined index: name /home/jianhanke/Experiment/Application/Runtime/Cache/Admin/2f5aab314377011a7164233638dac697.php 第 61 行.
NOTIC: [8] Undefined index: name /home/jianhanke/Experiment/Application/Runtime/Cache/Admin/2f5aab314377011a7164233638dac697.php 第 61 行.
INFO: Run Behavior\ParseTemplateBehavior [ RunTime:0.004080s ]
INFO: [ view_parse ] --END-- [ RunTime:0.004121s ]
INFO: [ view_filter ] --START--
INFO: Run Behavior\WriteHtmlCacheBehavior [ RunTime:0.000042s ]
INFO: [ view_filter ] --END-- [ RunTime:0.000067s ]
INFO: [ app_end ] --START--
INFO: Run Behavior\ShowPageTraceBehavior [ RunTime:0.000033s ]
INFO: [ app_end ] --END-- [ RunTime:0.000056s ]

[ 2019-12-06T12:53:23+08:00 ] 10.6.0.32 /Experiment/index.php/Admin/Course/addCourse
INFO: [ app_init ] --START--
INFO: Run Behavior\BuildLiteBehavior [ RunTime:0.000014s ]
INFO: [ app_init ] --END-- [ RunTime:0.000090s ]
INFO: [ app_begin ] --START--
INFO: Run Behavior\ReadHtmlCacheBehavior [ RunTime:0.000043s ]
INFO: [ app_begin ] --END-- [ RunTime:0.000089s ]
SQL: SHOW COLUMNS FROM `teacher` [ RunTime:0.0006s ]
SQL: SELECT * FROM `teacher`  [ RunTime:0.0001s ]
INFO: [ view_parse ] --START--
INFO: [ template_filter ] --START--
INFO: Run Behavior\ContentReplaceBehavior [ RunTime:0.000046s ]
INFO: [ template_filter ] --END-- [ RunTime:0.000101s ]
INFO: Run Behavior\ParseTemplateBehavior [ RunTime:0.003757s ]
INFO: [ view_parse ] --END-- [ RunTime:0.003813s ]
INFO: [ view_filter ] --START--
INFO: Run Behavior\WriteHtmlCacheBehavior [ RunTime:0.000046s ]
INFO: [ view_filter ] --END-- [ RunTime:0.000080s ]
INFO: [ app_end ] --START--
INFO: Run Behavior\ShowPageTraceBehavior [ RunTime:0.000037s ]
INFO: [ app_end ] --END-- [ RunTime:0.000069s ]

[ 2019-12-06T12:53:29+08:00 ] 10.6.0.32 /Experiment/index.php/Admin/Course/addCourse
INFO: [ app_init ] --START--
INFO: Run Behavior\BuildLiteBehavior [ RunTime:0.000015s ]
INFO: [ app_init ] --END-- [ RunTime:0.000107s ]
INFO: [ app_begin ] --START--
INFO: Run Behavior\ReadHtmlCacheBehavior [ RunTime:0.000577s ]
INFO: [ app_begin ] --END-- [ RunTime:0.000633s ]
NOTIC: [2] call_user_func() expects parameter 1 to be a valid callback, no array or string given /home/jianhanke/Experiment/ThinkPHP/Library/Think/Upload.class.php 第 170 行.
NOTIC: [8] Undefined index: savename /home/jianhanke/Experiment/Application/Admin/Controller/CourseController.class.php 第 29 行.
SQL: SHOW COLUMNS FROM `course` [ RunTime:0.0006s ]
SQL: INSERT INTO `course` (`cname`,`introduce`,`img`) VALUES ('321','312',NULL) [ RunTime:0.0006s ]
NOTIC: [8] Undefined index: to_teacher_id /home/jianhanke/Experiment/Application/Admin/Controller/CourseController.class.php 第 33 行.
INFO: [ view_parse ] --START--
INFO: [ template_filter ] --START--
INFO: Run Behavior\ContentReplaceBehavior [ RunTime:0.000027s ]
INFO: [ template_filter ] --END-- [ RunTime:0.000062s ]
INFO: Run Behavior\ParseTemplateBehavior [ RunTime:0.001921s ]
INFO: [ view_parse ] --END-- [ RunTime:0.001958s ]
INFO: [ view_filter ] --START--
INFO: Run Behavior\WriteHtmlCacheBehavior [ RunTime:0.000041s ]
INFO: [ view_filter ] --END-- [ RunTime:0.000064s ]
INFO: [ app_end ] --START--
INFO: Run Behavior\ShowPageTraceBehavior [ RunTime:0.000033s ]
INFO: [ app_end ] --END-- [ RunTime:0.000057s ]

[ 2019-12-06T12:53:30+08:00 ] 10.6.0.32 /Experiment/index.php/Admin/Course/showCourse
INFO: [ app_init ] --START--
INFO: Run Behavior\BuildLiteBehavior [ RunTime:0.000013s ]
INFO: [ app_init ] --END-- [ RunTime:0.000084s ]
INFO: [ app_begin ] --START--
INFO: Run Behavior\ReadHtmlCacheBehavior [ RunTime:0.000040s ]
INFO: [ app_begin ] --END-- [ RunTime:0.000084s ]
SQL: SHOW COLUMNS FROM `course` [ RunTime:0.0006s ]
SQL: SELECT * FROM `course`  [ RunTime:0.0002s ]
INFO: [ view_parse ] --START--
INFO: [ template_filter ] --START--
INFO: Run Behavior\ContentReplaceBehavior [ RunTime:0.000045s ]
INFO: [ template_filter ] --END-- [ RunTime:0.000096s ]
NOTIC: [8] Undefined index: name /home/jianhanke/Experiment/Application/Runtime/Cache/Admin/2f5aab314377011a7164233638dac697.php 第 61 行.
NOTIC: [8] Undefined index: name /home/jianhanke/Experiment/Application/Runtime/Cache/Admin/2f5aab314377011a7164233638dac697.php 第 61 行.
NOTIC: [8] Undefined index: name /home/jianhanke/Experiment/Application/Runtime/Cache/Admin/2f5aab314377011a7164233638dac697.php 第 61 行.
INFO: Run Behavior\ParseTemplateBehavior [ RunTime:0.004878s ]
INFO: [ view_parse ] --END-- [ RunTime:0.004915s ]
INFO: [ view_filter ] --START--
INFO: Run Behavior\WriteHtmlCacheBehavior [ RunTime:0.000030s ]
INFO: [ view_filter ] --END-- [ RunTime:0.000050s ]
INFO: [ app_end ] --START--
INFO: Run Behavior\ShowPageTraceBehavior [ RunTime:0.000023s ]
INFO: [ app_end ] --END-- [ RunTime:0.000042s ]

[ 2019-12-06T12:53:31+08:00 ] 10.6.0.32 /Experiment/index.php/Admin/Course/deleteCourseById/id/39
INFO: [ app_init ] --START--
INFO: Run Behavior\BuildLiteBehavior [ RunTime:0.000012s ]
INFO: [ app_init ] --END-- [ RunTime:0.000084s ]
INFO: [ app_begin ] --START--
INFO: Run Behavior\ReadHtmlCacheBehavior [ RunTime:0.000041s ]
INFO: [ app_begin ] --END-- [ RunTime:0.000085s ]
SQL: SHOW COLUMNS FROM `course` [ RunTime:0.0006s ]
SQL: DELETE FROM `course` WHERE `cid` = 39 [ RunTime:0.0007s ]

[ 2019-12-06T12:53:31+08:00 ] 10.6.0.32 /Experiment/index.php/Admin/Course/showCourse
INFO: [ app_init ] --START--
INFO: Run Behavior\BuildLiteBehavior [ RunTime:0.000012s ]
INFO: [ app_init ] --END-- [ RunTime:0.000082s ]
INFO: [ app_begin ] --START--
INFO: Run Behavior\ReadHtmlCacheBehavior [ RunTime:0.000041s ]
INFO: [ app_begin ] --END-- [ RunTime:0.000083s ]
SQL: SHOW COLUMNS FROM `course` [ RunTime:0.0005s ]
SQL: SELECT * FROM `course`  [ RunTime:0.0002s ]
INFO: [ view_parse ] --START--
INFO: [ template_filter ] --START--
INFO: Run Behavior\ContentReplaceBehavior [ RunTime:0.000045s ]
INFO: [ template_filter ] --END-- [ RunTime:0.000094s ]
NOTIC: [8] Undefined index: name /home/jianhanke/Experiment/Application/Runtime/Cache/Admin/2f5aab314377011a7164233638dac697.php 第 61 行.
NOTIC: [8] Undefined index: name /home/jianhanke/Experiment/Application/Runtime/Cache/Admin/2f5aab314377011a7164233638dac697.php 第 61 行.
INFO: Run Behavior\ParseTemplateBehavior [ RunTime:0.004561s ]
INFO: [ view_parse ] --END-- [ RunTime:0.004609s ]
INFO: [ view_filter ] --START--
INFO: Run Behavior\WriteHtmlCacheBehavior [ RunTime:0.000044s ]
INFO: [ view_filter ] --END-- [ RunTime:0.000077s ]
INFO: [ app_end ] --START--
INFO: Run Behavior\ShowPageTraceBehavior [ RunTime:0.000035s ]
INFO: [ app_end ] --END-- [ RunTime:0.000067s ]

