[ 2019-12-02T12:31:35+08:00 ] 10.6.0.32 /Experiment/index.php/Admin/Index/index
INFO: [ app_init ] --START--
INFO: Run Behavior\BuildLiteBehavior [ RunTime:0.000018s ]
INFO: [ app_init ] --END-- [ RunTime:0.000124s ]
INFO: [ app_begin ] --START--
INFO: Run Behavior\ReadHtmlCacheBehavior [ RunTime:0.000055s ]
INFO: [ app_begin ] --END-- [ RunTime:0.000101s ]

[ 2019-12-02T12:31:35+08:00 ] 10.6.0.32 /Experiment/index.php/Admin/Login/login
INFO: [ app_init ] --START--
INFO: Run Behavior\BuildLiteBehavior [ RunTime:0.000013s ]
INFO: [ app_init ] --END-- [ RunTime:0.000085s ]
INFO: [ app_begin ] --START--
INFO: Run Behavior\ReadHtmlCacheBehavior [ RunTime:0.000042s ]
INFO: [ app_begin ] --END-- [ RunTime:0.000084s ]
INFO: [ view_parse ] --START--
INFO: [ template_filter ] --START--
INFO: Run Behavior\ContentReplaceBehavior [ RunTime:0.000059s ]
INFO: [ template_filter ] --END-- [ RunTime:0.000110s ]
INFO: Run Behavior\ParseTemplateBehavior [ RunTime:0.002081s ]
INFO: [ view_parse ] --END-- [ RunTime:0.002131s ]
INFO: [ view_filter ] --START--
INFO: Run Behavior\WriteHtmlCacheBehavior [ RunTime:0.000054s ]
INFO: [ view_filter ] --END-- [ RunTime:0.000085s ]
INFO: [ app_end ] --START--
INFO: Run Behavior\ShowPageTraceBehavior [ RunTime:0.000045s ]
INFO: [ app_end ] --END-- [ RunTime:0.000078s ]

[ 2019-12-02T12:31:37+08:00 ] 10.6.0.32 /Experiment/index.php/Admin/Login/login
INFO: [ app_init ] --START--
INFO: Run Behavior\BuildLiteBehavior [ RunTime:0.000013s ]
INFO: [ app_init ] --END-- [ RunTime:0.000090s ]
INFO: [ app_begin ] --START--
INFO: Run Behavior\ReadHtmlCacheBehavior [ RunTime:0.000039s ]
INFO: [ app_begin ] --END-- [ RunTime:0.000083s ]
SQL: SHOW COLUMNS FROM `admin` [ RunTime:0.0007s ]
SQL: SELECT * FROM `admin` WHERE `Aid` = 1 AND `Apwd` = '1' LIMIT 1   [ RunTime:0.0001s ]

[ 2019-12-02T12:31:37+08:00 ] 10.6.0.32 /Experiment/index.php/Admin/Index/index
INFO: [ app_init ] --START--
INFO: Run Behavior\BuildLiteBehavior [ RunTime:0.000014s ]
INFO: [ app_init ] --END-- [ RunTime:0.000090s ]
INFO: [ app_begin ] --START--
INFO: Run Behavior\ReadHtmlCacheBehavior [ RunTime:0.000044s ]
INFO: [ app_begin ] --END-- [ RunTime:0.000089s ]
INFO: [ view_parse ] --START--
INFO: [ template_filter ] --START--
INFO: Run Behavior\ContentReplaceBehavior [ RunTime:0.000055s ]
INFO: [ template_filter ] --END-- [ RunTime:0.000104s ]
INFO: Run Behavior\ParseTemplateBehavior [ RunTime:0.005177s ]
INFO: [ view_parse ] --END-- [ RunTime:0.005226s ]
INFO: [ view_filter ] --START--
INFO: Run Behavior\WriteHtmlCacheBehavior [ RunTime:0.000043s ]
INFO: [ view_filter ] --END-- [ RunTime:0.000073s ]
INFO: [ app_end ] --START--
INFO: Run Behavior\ShowPageTraceBehavior [ RunTime:0.000037s ]
INFO: [ app_end ] --END-- [ RunTime:0.000068s ]

[ 2019-12-02T12:31:37+08:00 ] 10.6.0.32 /Experiment/index.php/Admin/Index/home
INFO: [ app_init ] --START--
INFO: Run Behavior\BuildLiteBehavior [ RunTime:0.000013s ]
INFO: [ app_init ] --END-- [ RunTime:0.000084s ]
INFO: [ app_begin ] --START--
INFO: Run Behavior\ReadHtmlCacheBehavior [ RunTime:0.000040s ]
INFO: [ app_begin ] --END-- [ RunTime:0.000082s ]
INFO: [ view_parse ] --START--
INFO: [ template_filter ] --START--
INFO: Run Behavior\ContentReplaceBehavior [ RunTime:0.000038s ]
INFO: [ template_filter ] --END-- [ RunTime:0.000089s ]
INFO: Run Behavior\ParseTemplateBehavior [ RunTime:0.001258s ]
INFO: [ view_parse ] --END-- [ RunTime:0.001311s ]
INFO: [ view_filter ] --START--
INFO: Run Behavior\WriteHtmlCacheBehavior [ RunTime:0.000044s ]
INFO: [ view_filter ] --END-- [ RunTime:0.000075s ]
INFO: [ app_end ] --START--
INFO: Run Behavior\ShowPageTraceBehavior [ RunTime:0.000033s ]
INFO: [ app_end ] --END-- [ RunTime:0.000064s ]

[ 2019-12-02T12:46:56+08:00 ] 10.6.0.32 /Experiment/index.php/Admin
INFO: [ app_init ] --START--
INFO: Run Behavior\BuildLiteBehavior [ RunTime:0.000017s ]
INFO: [ app_init ] --END-- [ RunTime:0.000125s ]
INFO: [ app_begin ] --START--
INFO: Run Behavior\ReadHtmlCacheBehavior [ RunTime:0.000059s ]
INFO: [ app_begin ] --END-- [ RunTime:0.000107s ]
INFO: [ view_parse ] --START--
INFO: [ template_filter ] --START--
INFO: Run Behavior\ContentReplaceBehavior [ RunTime:0.000076s ]
INFO: [ template_filter ] --END-- [ RunTime:0.000132s ]
INFO: Run Behavior\ParseTemplateBehavior [ RunTime:0.005931s ]
INFO: [ view_parse ] --END-- [ RunTime:0.005990s ]
INFO: [ view_filter ] --START--
INFO: Run Behavior\WriteHtmlCacheBehavior [ RunTime:0.000065s ]
INFO: [ view_filter ] --END-- [ RunTime:0.000100s ]
INFO: [ app_end ] --START--
INFO: Run Behavior\ShowPageTraceBehavior [ RunTime:0.000056s ]
INFO: [ app_end ] --END-- [ RunTime:0.000092s ]

[ 2019-12-02T12:46:56+08:00 ] 10.6.0.32 /Experiment/index.php/Admin/Index/home
INFO: [ app_init ] --START--
INFO: Run Behavior\BuildLiteBehavior [ RunTime:0.000012s ]
INFO: [ app_init ] --END-- [ RunTime:0.000078s ]
INFO: [ app_begin ] --START--
INFO: Run Behavior\ReadHtmlCacheBehavior [ RunTime:0.000037s ]
INFO: [ app_begin ] --END-- [ RunTime:0.000078s ]
INFO: [ view_parse ] --START--
INFO: [ template_filter ] --START--
INFO: Run Behavior\ContentReplaceBehavior [ RunTime:0.000343s ]
INFO: [ template_filter ] --END-- [ RunTime:0.000390s ]
INFO: Run Behavior\ParseTemplateBehavior [ RunTime:0.001505s ]
INFO: [ view_parse ] --END-- [ RunTime:0.001553s ]
INFO: [ view_filter ] --START--
INFO: Run Behavior\WriteHtmlCacheBehavior [ RunTime:0.000039s ]
INFO: [ view_filter ] --END-- [ RunTime:0.000065s ]
INFO: [ app_end ] --START--
INFO: Run Behavior\ShowPageTraceBehavior [ RunTime:0.000029s ]
INFO: [ app_end ] --END-- [ RunTime:0.000057s ]

[ 2019-12-02T13:07:15+08:00 ] 10.6.0.32 /Experiment/index.php/Admin/Index/index
INFO: [ app_init ] --START--
INFO: Run Behavior\BuildLiteBehavior [ RunTime:0.000018s ]
INFO: [ app_init ] --END-- [ RunTime:0.000120s ]
INFO: [ app_begin ] --START--
INFO: Run Behavior\ReadHtmlCacheBehavior [ RunTime:0.000056s ]
INFO: [ app_begin ] --END-- [ RunTime:0.000104s ]
INFO: [ view_parse ] --START--
INFO: [ template_filter ] --START--
INFO: Run Behavior\ContentReplaceBehavior [ RunTime:0.000067s ]
INFO: [ template_filter ] --END-- [ RunTime:0.000124s ]
INFO: Run Behavior\ParseTemplateBehavior [ RunTime:0.005869s ]
INFO: [ view_parse ] --END-- [ RunTime:0.005929s ]
INFO: [ view_filter ] --START--
INFO: Run Behavior\WriteHtmlCacheBehavior [ RunTime:0.000063s ]
INFO: [ view_filter ] --END-- [ RunTime:0.000116s ]
INFO: [ app_end ] --START--
INFO: Run Behavior\ShowPageTraceBehavior [ RunTime:0.000050s ]
INFO: [ app_end ] --END-- [ RunTime:0.000085s ]

[ 2019-12-02T13:07:15+08:00 ] 10.6.0.32 /Experiment/index.php/Admin/Index/home
INFO: [ app_init ] --START--
INFO: Run Behavior\BuildLiteBehavior [ RunTime:0.000012s ]
INFO: [ app_init ] --END-- [ RunTime:0.000086s ]
INFO: [ app_begin ] --START--
INFO: Run Behavior\ReadHtmlCacheBehavior [ RunTime:0.000039s ]
INFO: [ app_begin ] --END-- [ RunTime:0.000082s ]
INFO: [ view_parse ] --START--
INFO: [ template_filter ] --START--
INFO: Run Behavior\ContentReplaceBehavior [ RunTime:0.000039s ]
INFO: [ template_filter ] --END-- [ RunTime:0.000088s ]
INFO: Run Behavior\ParseTemplateBehavior [ RunTime:0.001302s ]
INFO: [ view_parse ] --END-- [ RunTime:0.001356s ]
INFO: [ view_filter ] --START--
INFO: Run Behavior\WriteHtmlCacheBehavior [ RunTime:0.000044s ]
INFO: [ view_filter ] --END-- [ RunTime:0.000075s ]
INFO: [ app_end ] --START--
INFO: Run Behavior\ShowPageTraceBehavior [ RunTime:0.000034s ]
INFO: [ app_end ] --END-- [ RunTime:0.000066s ]

[ 2019-12-02T13:07:17+08:00 ] 10.6.0.32 /Experiment/index.php/Admin/Docker/handleContainer
INFO: [ app_init ] --START--
INFO: Run Behavior\BuildLiteBehavior [ RunTime:0.000016s ]
INFO: [ app_init ] --END-- [ RunTime:0.000107s ]
INFO: [ app_begin ] --START--
INFO: Run Behavior\ReadHtmlCacheBehavior [ RunTime:0.000046s ]
INFO: [ app_begin ] --END-- [ RunTime:0.000093s ]
SQL: SHOW COLUMNS FROM `docker_container` [ RunTime:0.0007s ]
SQL: SELECT * FROM `docker_container` ORDER BY id desc  [ RunTime:0.0001s ]
SQL: SELECT COUNT(*) AS tp_count FROM `docker_container` LIMIT 1   [ RunTime:0.0001s ]
INFO: [ view_parse ] --START--
INFO: [ template_filter ] --START--
INFO: Run Behavior\ContentReplaceBehavior [ RunTime:0.000051s ]
INFO: [ template_filter ] --END-- [ RunTime:0.000091s ]
INFO: Run Behavior\ParseTemplateBehavior [ RunTime:0.003733s ]
INFO: [ view_parse ] --END-- [ RunTime:0.003776s ]
INFO: [ view_filter ] --START--
INFO: Run Behavior\WriteHtmlCacheBehavior [ RunTime:0.000036s ]
INFO: [ view_filter ] --END-- [ RunTime:0.000061s ]
INFO: [ app_end ] --START--
INFO: Run Behavior\ShowPageTraceBehavior [ RunTime:0.000040s ]
INFO: [ app_end ] --END-- [ RunTime:0.000075s ]

[ 2019-12-02T13:07:18+08:00 ] 10.6.0.32 /Experiment/index.php/Admin/Docker/showAllContainer
INFO: [ app_init ] --START--
INFO: Run Behavior\BuildLiteBehavior [ RunTime:0.000013s ]
INFO: [ app_init ] --END-- [ RunTime:0.000102s ]
INFO: [ app_begin ] --START--
INFO: Run Behavior\ReadHtmlCacheBehavior [ RunTime:0.000051s ]
INFO: [ app_begin ] --END-- [ RunTime:0.000095s ]
INFO: [ view_parse ] --START--
INFO: [ template_filter ] --START--
INFO: Run Behavior\ContentReplaceBehavior [ RunTime:0.000056s ]
INFO: [ template_filter ] --END-- [ RunTime:0.000100s ]
NOTIC: [8] Undefined index: container_id /home/jianhanke/Experiment/Application/Runtime/Cache/Admin/a2267acda43b486ba422b37a22173c70.php 第 54 行.
NOTIC: [8] Undefined index: container_id /home/jianhanke/Experiment/Application/Runtime/Cache/Admin/a2267acda43b486ba422b37a22173c70.php 第 56 行.
NOTIC: [8] Undefined index: container_id /home/jianhanke/Experiment/Application/Runtime/Cache/Admin/a2267acda43b486ba422b37a22173c70.php 第 54 行.
NOTIC: [8] Undefined index: container_id /home/jianhanke/Experiment/Application/Runtime/Cache/Admin/a2267acda43b486ba422b37a22173c70.php 第 56 行.
NOTIC: [8] Undefined index: container_id /home/jianhanke/Experiment/Application/Runtime/Cache/Admin/a2267acda43b486ba422b37a22173c70.php 第 54 行.
NOTIC: [8] Undefined index: container_id /home/jianhanke/Experiment/Application/Runtime/Cache/Admin/a2267acda43b486ba422b37a22173c70.php 第 56 行.
NOTIC: [8] Undefined index: container_id /home/jianhanke/Experiment/Application/Runtime/Cache/Admin/a2267acda43b486ba422b37a22173c70.php 第 60 行.
NOTIC: [8] Undefined index: container_id /home/jianhanke/Experiment/Application/Runtime/Cache/Admin/a2267acda43b486ba422b37a22173c70.php 第 60 行.
NOTIC: [8] Undefined index: container_id /home/jianhanke/Experiment/Application/Runtime/Cache/Admin/a2267acda43b486ba422b37a22173c70.php 第 54 行.
NOTIC: [8] Undefined index: container_id /home/jianhanke/Experiment/Application/Runtime/Cache/Admin/a2267acda43b486ba422b37a22173c70.php 第 56 行.
NOTIC: [8] Undefined index: container_id /home/jianhanke/Experiment/Application/Runtime/Cache/Admin/a2267acda43b486ba422b37a22173c70.php 第 54 行.
NOTIC: [8] Undefined index: container_id /home/jianhanke/Experiment/Application/Runtime/Cache/Admin/a2267acda43b486ba422b37a22173c70.php 第 56 行.
NOTIC: [8] Undefined index: container_id /home/jianhanke/Experiment/Application/Runtime/Cache/Admin/a2267acda43b486ba422b37a22173c70.php 第 54 行.
NOTIC: [8] Undefined index: container_id /home/jianhanke/Experiment/Application/Runtime/Cache/Admin/a2267acda43b486ba422b37a22173c70.php 第 56 行.
NOTIC: [8] Undefined index: container_id /home/jianhanke/Experiment/Application/Runtime/Cache/Admin/a2267acda43b486ba422b37a22173c70.php 第 54 行.
NOTIC: [8] Undefined index: container_id /home/jianhanke/Experiment/Application/Runtime/Cache/Admin/a2267acda43b486ba422b37a22173c70.php 第 56 行.
NOTIC: [8] Undefined index: container_id /home/jianhanke/Experiment/Application/Runtime/Cache/Admin/a2267acda43b486ba422b37a22173c70.php 第 54 行.
NOTIC: [8] Undefined index: container_id /home/jianhanke/Experiment/Application/Runtime/Cache/Admin/a2267acda43b486ba422b37a22173c70.php 第 56 行.
NOTIC: [8] Undefined index: container_id /home/jianhanke/Experiment/Application/Runtime/Cache/Admin/a2267acda43b486ba422b37a22173c70.php 第 54 行.
NOTIC: [8] Undefined index: container_id /home/jianhanke/Experiment/Application/Runtime/Cache/Admin/a2267acda43b486ba422b37a22173c70.php 第 56 行.
NOTIC: [8] Undefined index: container_id /home/jianhanke/Experiment/Application/Runtime/Cache/Admin/a2267acda43b486ba422b37a22173c70.php 第 54 行.
NOTIC: [8] Undefined index: container_id /home/jianhanke/Experiment/Application/Runtime/Cache/Admin/a2267acda43b486ba422b37a22173c70.php 第 56 行.
NOTIC: [8] Undefined index: container_id /home/jianhanke/Experiment/Application/Runtime/Cache/Admin/a2267acda43b486ba422b37a22173c70.php 第 54 行.
NOTIC: [8] Undefined index: container_id /home/jianhanke/Experiment/Application/Runtime/Cache/Admin/a2267acda43b486ba422b37a22173c70.php 第 56 行.
NOTIC: [8] Undefined index: container_id /home/jianhanke/Experiment/Application/Runtime/Cache/Admin/a2267acda43b486ba422b37a22173c70.php 第 54 行.
NOTIC: [8] Undefined index: container_id /home/jianhanke/Experiment/Application/Runtime/Cache/Admin/a2267acda43b486ba422b37a22173c70.php 第 56 行.
NOTIC: [8] Undefined index: container_id /home/jianhanke/Experiment/Application/Runtime/Cache/Admin/a2267acda43b486ba422b37a22173c70.php 第 54 行.
NOTIC: [8] Undefined index: container_id /home/jianhanke/Experiment/Application/Runtime/Cache/Admin/a2267acda43b486ba422b37a22173c70.php 第 56 行.
NOTIC: [8] Undefined index: container_id /home/jianhanke/Experiment/Application/Runtime/Cache/Admin/a2267acda43b486ba422b37a22173c70.php 第 54 行.
NOTIC: [8] Undefined index: container_id /home/jianhanke/Experiment/Application/Runtime/Cache/Admin/a2267acda43b486ba422b37a22173c70.php 第 56 行.
NOTIC: [8] Undefined index: container_id /home/jianhanke/Experiment/Application/Runtime/Cache/Admin/a2267acda43b486ba422b37a22173c70.php 第 54 行.
NOTIC: [8] Undefined index: container_id /home/jianhanke/Experiment/Application/Runtime/Cache/Admin/a2267acda43b486ba422b37a22173c70.php 第 56 行.
NOTIC: [8] Undefined index: container_id /home/jianhanke/Experiment/Application/Runtime/Cache/Admin/a2267acda43b486ba422b37a22173c70.php 第 54 行.
NOTIC: [8] Undefined index: container_id /home/jianhanke/Experiment/Application/Runtime/Cache/Admin/a2267acda43b486ba422b37a22173c70.php 第 56 行.
NOTIC: [8] Undefined index: container_id /home/jianhanke/Experiment/Application/Runtime/Cache/Admin/a2267acda43b486ba422b37a22173c70.php 第 54 行.
NOTIC: [8] Undefined index: container_id /home/jianhanke/Experiment/Application/Runtime/Cache/Admin/a2267acda43b486ba422b37a22173c70.php 第 56 行.
NOTIC: [8] Undefined index: container_id /home/jianhanke/Experiment/Application/Runtime/Cache/Admin/a2267acda43b486ba422b37a22173c70.php 第 54 行.
NOTIC: [8] Undefined index: container_id /home/jianhanke/Experiment/Application/Runtime/Cache/Admin/a2267acda43b486ba422b37a22173c70.php 第 56 行.
NOTIC: [8] Undefined index: container_id /home/jianhanke/Experiment/Application/Runtime/Cache/Admin/a2267acda43b486ba422b37a22173c70.php 第 54 行.
NOTIC: [8] Undefined index: container_id /home/jianhanke/Experiment/Application/Runtime/Cache/Admin/a2267acda43b486ba422b37a22173c70.php 第 56 行.
NOTIC: [8] Undefined index: container_id /home/jianhanke/Experiment/Application/Runtime/Cache/Admin/a2267acda43b486ba422b37a22173c70.php 第 54 行.
NOTIC: [8] Undefined index: container_id /home/jianhanke/Experiment/Application/Runtime/Cache/Admin/a2267acda43b486ba422b37a22173c70.php 第 56 行.
NOTIC: [8] Undefined index: container_id /home/jianhanke/Experiment/Application/Runtime/Cache/Admin/a2267acda43b486ba422b37a22173c70.php 第 60 行.
NOTIC: [8] Undefined index: container_id /home/jianhanke/Experiment/Application/Runtime/Cache/Admin/a2267acda43b486ba422b37a22173c70.php 第 60 行.
NOTIC: [8] Undefined index: container_id /home/jianhanke/Experiment/Application/Runtime/Cache/Admin/a2267acda43b486ba422b37a22173c70.php 第 60 行.
NOTIC: [8] Undefined index: container_id /home/jianhanke/Experiment/Application/Runtime/Cache/Admin/a2267acda43b486ba422b37a22173c70.php 第 60 行.
NOTIC: [8] Undefined index: container_id /home/jianhanke/Experiment/Application/Runtime/Cache/Admin/a2267acda43b486ba422b37a22173c70.php 第 60 行.
NOTIC: [8] Undefined index: container_id /home/jianhanke/Experiment/Application/Runtime/Cache/Admin/a2267acda43b486ba422b37a22173c70.php 第 60 行.
NOTIC: [8] Undefined index: container_id /home/jianhanke/Experiment/Application/Runtime/Cache/Admin/a2267acda43b486ba422b37a22173c70.php 第 60 行.
NOTIC: [8] Undefined index: container_id /home/jianhanke/Experiment/Application/Runtime/Cache/Admin/a2267acda43b486ba422b37a22173c70.php 第 60 行.
NOTIC: [8] Undefined index: container_id /home/jianhanke/Experiment/Application/Runtime/Cache/Admin/a2267acda43b486ba422b37a22173c70.php 第 54 行.
NOTIC: [8] Undefined index: container_id /home/jianhanke/Experiment/Application/Runtime/Cache/Admin/a2267acda43b486ba422b37a22173c70.php 第 56 行.
NOTIC: [8] Undefined index: container_id /home/jianhanke/Experiment/Application/Runtime/Cache/Admin/a2267acda43b486ba422b37a22173c70.php 第 54 行.
NOTIC: [8] Undefined index: container_id /home/jianhanke/Experiment/Application/Runtime/Cache/Admin/a2267acda43b486ba422b37a22173c70.php 第 56 行.
NOTIC: [8] Undefined index: container_id /home/jianhanke/Experiment/Application/Runtime/Cache/Admin/a2267acda43b486ba422b37a22173c70.php 第 60 行.
NOTIC: [8] Undefined index: container_id /home/jianhanke/Experiment/Application/Runtime/Cache/Admin/a2267acda43b486ba422b37a22173c70.php 第 60 行.
NOTIC: [8] Undefined index: container_id /home/jianhanke/Experiment/Application/Runtime/Cache/Admin/a2267acda43b486ba422b37a22173c70.php 第 60 行.
NOTIC: [8] Undefined index: container_id /home/jianhanke/Experiment/Application/Runtime/Cache/Admin/a2267acda43b486ba422b37a22173c70.php 第 60 行.
NOTIC: [8] Undefined index: myNet /home/jianhanke/Experiment/Application/Runtime/Cache/Admin/a2267acda43b486ba422b37a22173c70.php 第 47 行.
NOTIC: [8] Undefined index: container_id /home/jianhanke/Experiment/Application/Runtime/Cache/Admin/a2267acda43b486ba422b37a22173c70.php 第 60 行.
NOTIC: [8] Undefined index: myNet /home/jianhanke/Experiment/Application/Runtime/Cache/Admin/a2267acda43b486ba422b37a22173c70.php 第 47 行.
NOTIC: [8] Undefined index: container_id /home/jianhanke/Experiment/Application/Runtime/Cache/Admin/a2267acda43b486ba422b37a22173c70.php 第 60 行.
NOTIC: [8] Undefined index: myNet /home/jianhanke/Experiment/Application/Runtime/Cache/Admin/a2267acda43b486ba422b37a22173c70.php 第 47 行.
NOTIC: [8] Undefined index: container_id /home/jianhanke/Experiment/Application/Runtime/Cache/Admin/a2267acda43b486ba422b37a22173c70.php 第 60 行.
NOTIC: [8] Undefined index: myNet /home/jianhanke/Experiment/Application/Runtime/Cache/Admin/a2267acda43b486ba422b37a22173c70.php 第 47 行.
NOTIC: [8] Undefined index: container_id /home/jianhanke/Experiment/Application/Runtime/Cache/Admin/a2267acda43b486ba422b37a22173c70.php 第 54 行.
NOTIC: [8] Undefined index: container_id /home/jianhanke/Experiment/Application/Runtime/Cache/Admin/a2267acda43b486ba422b37a22173c70.php 第 56 行.
NOTIC: [8] Undefined index: myNet /home/jianhanke/Experiment/Application/Runtime/Cache/Admin/a2267acda43b486ba422b37a22173c70.php 第 47 行.
NOTIC: [8] Undefined index: container_id /home/jianhanke/Experiment/Application/Runtime/Cache/Admin/a2267acda43b486ba422b37a22173c70.php 第 54 行.
NOTIC: [8] Undefined index: container_id /home/jianhanke/Experiment/Application/Runtime/Cache/Admin/a2267acda43b486ba422b37a22173c70.php 第 56 行.
NOTIC: [8] Undefined index: myNet /home/jianhanke/Experiment/Application/Runtime/Cache/Admin/a2267acda43b486ba422b37a22173c70.php 第 47 行.
NOTIC: [8] Undefined index: container_id /home/jianhanke/Experiment/Application/Runtime/Cache/Admin/a2267acda43b486ba422b37a22173c70.php 第 54 行.
NOTIC: [8] Undefined index: container_id /home/jianhanke/Experiment/Application/Runtime/Cache/Admin/a2267acda43b486ba422b37a22173c70.php 第 56 行.
NOTIC: [8] Undefined index: myNet /home/jianhanke/Experiment/Application/Runtime/Cache/Admin/a2267acda43b486ba422b37a22173c70.php 第 47 行.
NOTIC: [8] Undefined index: container_id /home/jianhanke/Experiment/Application/Runtime/Cache/Admin/a2267acda43b486ba422b37a22173c70.php 第 54 行.
NOTIC: [8] Undefined index: container_id /home/jianhanke/Experiment/Application/Runtime/Cache/Admin/a2267acda43b486ba422b37a22173c70.php 第 56 行.
NOTIC: [8] Undefined index: container_id /home/jianhanke/Experiment/Application/Runtime/Cache/Admin/a2267acda43b486ba422b37a22173c70.php 第 60 行.
NOTIC: [8] Undefined index: myNet /home/jianhanke/Experiment/Application/Runtime/Cache/Admin/a2267acda43b486ba422b37a22173c70.php 第 47 行.
NOTIC: [8] Undefined index: container_id /home/jianhanke/Experiment/Application/Runtime/Cache/Admin/a2267acda43b486ba422b37a22173c70.php 第 60 行.
NOTIC: [8] Undefined index: myNet /home/jianhanke/Experiment/Application/Runtime/Cache/Admin/a2267acda43b486ba422b37a22173c70.php 第 47 行.
NOTIC: [8] Undefined index: container_id /home/jianhanke/Experiment/Application/Runtime/Cache/Admin/a2267acda43b486ba422b37a22173c70.php 第 60 行.
NOTIC: [8] Undefined index: myNet /home/jianhanke/Experiment/Application/Runtime/Cache/Admin/a2267acda43b486ba422b37a22173c70.php 第 47 行.
NOTIC: [8] Undefined index: container_id /home/jianhanke/Experiment/Application/Runtime/Cache/Admin/a2267acda43b486ba422b37a22173c70.php 第 60 行.
NOTIC: [8] Undefined index: myNet /home/jianhanke/Experiment/Application/Runtime/Cache/Admin/a2267acda43b486ba422b37a22173c70.php 第 47 行.
NOTIC: [8] Undefined index: container_id /home/jianhanke/Experiment/Application/Runtime/Cache/Admin/a2267acda43b486ba422b37a22173c70.php 第 60 行.
NOTIC: [8] Undefined index: myNet /home/jianhanke/Experiment/Application/Runtime/Cache/Admin/a2267acda43b486ba422b37a22173c70.php 第 47 行.
NOTIC: [8] Undefined index: container_id /home/jianhanke/Experiment/Application/Runtime/Cache/Admin/a2267acda43b486ba422b37a22173c70.php 第 60 行.
NOTIC: [8] Undefined variable: count /home/jianhanke/Experiment/Application/Runtime/Cache/Admin/a2267acda43b486ba422b37a22173c70.php 第 72 行.
INFO: Run Behavior\ParseTemplateBehavior [ RunTime:0.005820s ]
INFO: [ view_parse ] --END-- [ RunTime:0.005865s ]
INFO: [ view_filter ] --START--
INFO: Run Behavior\WriteHtmlCacheBehavior [ RunTime:0.000048s ]
INFO: [ view_filter ] --END-- [ RunTime:0.000076s ]
INFO: [ app_end ] --START--
INFO: Run Behavior\ShowPageTraceBehavior [ RunTime:0.000050s ]
INFO: [ app_end ] --END-- [ RunTime:0.000085s ]

[ 2019-12-02T13:07:19+08:00 ] 10.6.0.32 /Experiment/index.php/Admin/Docker/addImage
INFO: [ app_init ] --START--
INFO: Run Behavior\BuildLiteBehavior [ RunTime:0.000015s ]
INFO: [ app_init ] --END-- [ RunTime:0.000104s ]
INFO: [ app_begin ] --START--
INFO: Run Behavior\ReadHtmlCacheBehavior [ RunTime:0.000046s ]
INFO: [ app_begin ] --END-- [ RunTime:0.000395s ]
INFO: [ view_parse ] --START--
INFO: [ template_filter ] --START--
INFO: Run Behavior\ContentReplaceBehavior [ RunTime:0.000053s ]
INFO: [ template_filter ] --END-- [ RunTime:0.000100s ]
INFO: Run Behavior\ParseTemplateBehavior [ RunTime:0.002255s ]
INFO: [ view_parse ] --END-- [ RunTime:0.002299s ]
INFO: [ view_filter ] --START--
INFO: Run Behavior\WriteHtmlCacheBehavior [ RunTime:0.000041s ]
INFO: [ view_filter ] --END-- [ RunTime:0.000071s ]
INFO: [ app_end ] --START--
INFO: Run Behavior\ShowPageTraceBehavior [ RunTime:0.000037s ]
INFO: [ app_end ] --END-- [ RunTime:0.000065s ]

[ 2019-12-02T13:07:19+08:00 ] 10.6.0.32 /Experiment/index.php/Admin/Docker/dockerController
INFO: [ app_init ] --START--
INFO: Run Behavior\BuildLiteBehavior [ RunTime:0.000012s ]
INFO: [ app_init ] --END-- [ RunTime:0.000079s ]
INFO: [ app_begin ] --START--
INFO: Run Behavior\ReadHtmlCacheBehavior [ RunTime:0.000036s ]
INFO: [ app_begin ] --END-- [ RunTime:0.000078s ]
INFO: [ view_parse ] --START--
INFO: [ template_filter ] --START--
INFO: Run Behavior\ContentReplaceBehavior [ RunTime:0.000038s ]
INFO: [ template_filter ] --END-- [ RunTime:0.000083s ]
INFO: Run Behavior\ParseTemplateBehavior [ RunTime:0.001451s ]
INFO: [ view_parse ] --END-- [ RunTime:0.001496s ]
INFO: [ view_filter ] --START--
INFO: Run Behavior\WriteHtmlCacheBehavior [ RunTime:0.000042s ]
INFO: [ view_filter ] --END-- [ RunTime:0.000069s ]
INFO: [ app_end ] --START--
INFO: Run Behavior\ShowPageTraceBehavior [ RunTime:0.000031s ]
INFO: [ app_end ] --END-- [ RunTime:0.000060s ]

[ 2019-12-02T13:07:22+08:00 ] 10.6.0.32 /Experiment/index.php/Admin/Docker/dockerController
INFO: [ app_init ] --START--
INFO: Run Behavior\BuildLiteBehavior [ RunTime:0.000016s ]
INFO: [ app_init ] --END-- [ RunTime:0.000117s ]
INFO: [ app_begin ] --START--
INFO: Run Behavior\ReadHtmlCacheBehavior [ RunTime:0.000051s ]
INFO: [ app_begin ] --END-- [ RunTime:0.000098s ]
INFO: [ view_parse ] --START--
INFO: [ template_filter ] --START--
INFO: Run Behavior\ContentReplaceBehavior [ RunTime:0.000047s ]
INFO: [ template_filter ] --END-- [ RunTime:0.000103s ]
NOTIC: [8] Use of undefined constant selected - assumed 'selected' /home/jianhanke/Experiment/Application/Runtime/Cache/Admin/9013779b000fedcfc55a93ac691b07b4.php 第 14 行.
INFO: Run Behavior\ParseTemplateBehavior [ RunTime:0.002002s ]
INFO: [ view_parse ] --END-- [ RunTime:0.002051s ]
INFO: [ view_filter ] --START--
INFO: Run Behavior\WriteHtmlCacheBehavior [ RunTime:0.000061s ]
INFO: [ view_filter ] --END-- [ RunTime:0.000096s ]
INFO: [ app_end ] --START--
INFO: Run Behavior\ShowPageTraceBehavior [ RunTime:0.000052s ]
INFO: [ app_end ] --END-- [ RunTime:0.000090s ]

[ 2019-12-02T13:07:23+08:00 ] 10.6.0.32 /Experiment/index.php/Admin/Docker/dockerController
INFO: [ app_init ] --START--
INFO: Run Behavior\BuildLiteBehavior [ RunTime:0.000016s ]
INFO: [ app_init ] --END-- [ RunTime:0.000106s ]
INFO: [ app_begin ] --START--
INFO: Run Behavior\ReadHtmlCacheBehavior [ RunTime:0.000045s ]
INFO: [ app_begin ] --END-- [ RunTime:0.000094s ]
INFO: [ view_parse ] --START--
INFO: [ template_filter ] --START--
INFO: Run Behavior\ContentReplaceBehavior [ RunTime:0.000047s ]
INFO: [ template_filter ] --END-- [ RunTime:0.000103s ]
NOTIC: [8] Use of undefined constant selected - assumed 'selected' /home/jianhanke/Experiment/Application/Runtime/Cache/Admin/9013779b000fedcfc55a93ac691b07b4.php 第 13 行.
INFO: Run Behavior\ParseTemplateBehavior [ RunTime:0.001984s ]
INFO: [ view_parse ] --END-- [ RunTime:0.002033s ]
INFO: [ view_filter ] --START--
INFO: Run Behavior\WriteHtmlCacheBehavior [ RunTime:0.000050s ]
INFO: [ view_filter ] --END-- [ RunTime:0.000106s ]
INFO: [ app_end ] --START--
INFO: Run Behavior\ShowPageTraceBehavior [ RunTime:0.000043s ]
INFO: [ app_end ] --END-- [ RunTime:0.000077s ]

[ 2019-12-02T13:07:25+08:00 ] 10.6.0.32 /Experiment/index.php/Admin/Docker/dockerController
INFO: [ app_init ] --START--
INFO: Run Behavior\BuildLiteBehavior [ RunTime:0.000014s ]
INFO: [ app_init ] --END-- [ RunTime:0.000097s ]
INFO: [ app_begin ] --START--
INFO: Run Behavior\ReadHtmlCacheBehavior [ RunTime:0.000048s ]
INFO: [ app_begin ] --END-- [ RunTime:0.000097s ]
INFO: [ view_parse ] --START--
INFO: [ template_filter ] --START--
INFO: Run Behavior\ContentReplaceBehavior [ RunTime:0.000044s ]
INFO: [ template_filter ] --END-- [ RunTime:0.000096s ]
NOTIC: [8] Use of undefined constant selected - assumed 'selected' /home/jianhanke/Experiment/Application/Runtime/Cache/Admin/9013779b000fedcfc55a93ac691b07b4.php 第 14 行.
INFO: Run Behavior\ParseTemplateBehavior [ RunTime:0.001882s ]
INFO: [ view_parse ] --END-- [ RunTime:0.001928s ]
INFO: [ view_filter ] --START--
INFO: Run Behavior\WriteHtmlCacheBehavior [ RunTime:0.000057s ]
INFO: [ view_filter ] --END-- [ RunTime:0.000089s ]
INFO: [ app_end ] --START--
INFO: Run Behavior\ShowPageTraceBehavior [ RunTime:0.000046s ]
INFO: [ app_end ] --END-- [ RunTime:0.000078s ]

[ 2019-12-02T13:07:26+08:00 ] 10.6.0.32 /Experiment/index.php/Admin/Docker/dockerController
INFO: [ app_init ] --START--
INFO: Run Behavior\BuildLiteBehavior [ RunTime:0.000017s ]
INFO: [ app_init ] --END-- [ RunTime:0.000106s ]
INFO: [ app_begin ] --START--
INFO: Run Behavior\ReadHtmlCacheBehavior [ RunTime:0.000058s ]
INFO: [ app_begin ] --END-- [ RunTime:0.000107s ]
INFO: [ view_parse ] --START--
INFO: [ template_filter ] --START--
INFO: Run Behavior\ContentReplaceBehavior [ RunTime:0.000045s ]
INFO: [ template_filter ] --END-- [ RunTime:0.000097s ]
INFO: Run Behavior\ParseTemplateBehavior [ RunTime:0.001809s ]
INFO: [ view_parse ] --END-- [ RunTime:0.001859s ]
INFO: [ view_filter ] --START--
INFO: Run Behavior\WriteHtmlCacheBehavior [ RunTime:0.000047s ]
INFO: [ view_filter ] --END-- [ RunTime:0.000078s ]
INFO: [ app_end ] --START--
INFO: Run Behavior\ShowPageTraceBehavior [ RunTime:0.000038s ]
INFO: [ app_end ] --END-- [ RunTime:0.000070s ]

[ 2019-12-02T13:10:55+08:00 ] 10.6.0.32 /Experiment/index.php/Admin/Index/index
INFO: [ app_init ] --START--
INFO: Run Behavior\BuildLiteBehavior [ RunTime:0.000017s ]
INFO: [ app_init ] --END-- [ RunTime:0.000118s ]
INFO: [ app_begin ] --START--
INFO: Run Behavior\ReadHtmlCacheBehavior [ RunTime:0.000053s ]
INFO: [ app_begin ] --END-- [ RunTime:0.000098s ]
INFO: [ view_parse ] --START--
INFO: [ template_filter ] --START--
INFO: Run Behavior\ContentReplaceBehavior [ RunTime:0.000085s ]
INFO: [ template_filter ] --END-- [ RunTime:0.000136s ]
INFO: Run Behavior\ParseTemplateBehavior [ RunTime:0.006125s ]
INFO: [ view_parse ] --END-- [ RunTime:0.006177s ]
INFO: [ view_filter ] --START--
INFO: Run Behavior\WriteHtmlCacheBehavior [ RunTime:0.000061s ]
INFO: [ view_filter ] --END-- [ RunTime:0.000093s ]
INFO: [ app_end ] --START--
INFO: Run Behavior\ShowPageTraceBehavior [ RunTime:0.000047s ]
INFO: [ app_end ] --END-- [ RunTime:0.000080s ]

[ 2019-12-02T13:10:55+08:00 ] 10.6.0.32 /Experiment/index.php/Admin/Index/home
INFO: [ app_init ] --START--
INFO: Run Behavior\BuildLiteBehavior [ RunTime:0.000012s ]
INFO: [ app_init ] --END-- [ RunTime:0.000082s ]
INFO: [ app_begin ] --START--
INFO: Run Behavior\ReadHtmlCacheBehavior [ RunTime:0.000039s ]
INFO: [ app_begin ] --END-- [ RunTime:0.000080s ]
INFO: [ view_parse ] --START--
INFO: [ template_filter ] --START--
INFO: Run Behavior\ContentReplaceBehavior [ RunTime:0.000039s ]
INFO: [ template_filter ] --END-- [ RunTime:0.000085s ]
INFO: Run Behavior\ParseTemplateBehavior [ RunTime:0.001296s ]
INFO: [ view_parse ] --END-- [ RunTime:0.001349s ]
INFO: [ view_filter ] --START--
INFO: Run Behavior\WriteHtmlCacheBehavior [ RunTime:0.000043s ]
INFO: [ view_filter ] --END-- [ RunTime:0.000075s ]
INFO: [ app_end ] --START--
INFO: Run Behavior\ShowPageTraceBehavior [ RunTime:0.000033s ]
INFO: [ app_end ] --END-- [ RunTime:0.000064s ]

[ 2019-12-02T13:10:56+08:00 ] 10.6.0.32 /Experiment/index.php/Admin/Docker/dockerController
INFO: [ app_init ] --START--
INFO: Run Behavior\BuildLiteBehavior [ RunTime:0.000013s ]
INFO: [ app_init ] --END-- [ RunTime:0.000081s ]
INFO: [ app_begin ] --START--
INFO: Run Behavior\ReadHtmlCacheBehavior [ RunTime:0.000038s ]
INFO: [ app_begin ] --END-- [ RunTime:0.000077s ]

[ 2019-12-02T13:11:03+08:00 ] 10.6.0.32 /Experiment/index.php/Admin/Index/index
INFO: [ app_init ] --START--
INFO: Run Behavior\BuildLiteBehavior [ RunTime:0.000016s ]
INFO: [ app_init ] --END-- [ RunTime:0.000114s ]
INFO: [ app_begin ] --START--
INFO: Run Behavior\ReadHtmlCacheBehavior [ RunTime:0.000053s ]
INFO: [ app_begin ] --END-- [ RunTime:0.000098s ]
INFO: [ view_parse ] --START--
INFO: [ template_filter ] --START--
INFO: Run Behavior\ContentReplaceBehavior [ RunTime:0.000063s ]
INFO: [ template_filter ] --END-- [ RunTime:0.000110s ]
INFO: Run Behavior\ParseTemplateBehavior [ RunTime:0.005073s ]
INFO: [ view_parse ] --END-- [ RunTime:0.005123s ]
INFO: [ view_filter ] --START--
INFO: Run Behavior\WriteHtmlCacheBehavior [ RunTime:0.000056s ]
INFO: [ view_filter ] --END-- [ RunTime:0.000087s ]
INFO: [ app_end ] --START--
INFO: Run Behavior\ShowPageTraceBehavior [ RunTime:0.000047s ]
INFO: [ app_end ] --END-- [ RunTime:0.000078s ]

[ 2019-12-02T13:11:03+08:00 ] 10.6.0.32 /Experiment/index.php/Admin/Index/home
INFO: [ app_init ] --START--
INFO: Run Behavior\BuildLiteBehavior [ RunTime:0.000012s ]
INFO: [ app_init ] --END-- [ RunTime:0.000082s ]
INFO: [ app_begin ] --START--
INFO: Run Behavior\ReadHtmlCacheBehavior [ RunTime:0.000040s ]
INFO: [ app_begin ] --END-- [ RunTime:0.000081s ]
INFO: [ view_parse ] --START--
INFO: [ template_filter ] --START--
INFO: Run Behavior\ContentReplaceBehavior [ RunTime:0.000038s ]
INFO: [ template_filter ] --END-- [ RunTime:0.000085s ]
INFO: Run Behavior\ParseTemplateBehavior [ RunTime:0.001288s ]
INFO: [ view_parse ] --END-- [ RunTime:0.001341s ]
INFO: [ view_filter ] --START--
INFO: Run Behavior\WriteHtmlCacheBehavior [ RunTime:0.000043s ]
INFO: [ view_filter ] --END-- [ RunTime:0.000074s ]
INFO: [ app_end ] --START--
INFO: Run Behavior\ShowPageTraceBehavior [ RunTime:0.000034s ]
INFO: [ app_end ] --END-- [ RunTime:0.000065s ]

[ 2019-12-02T13:11:04+08:00 ] 10.6.0.32 /Experiment/index.php/Admin/Docker/dockerController
INFO: [ app_init ] --START--
INFO: Run Behavior\BuildLiteBehavior [ RunTime:0.000015s ]
INFO: [ app_init ] --END-- [ RunTime:0.000099s ]
INFO: [ app_begin ] --START--
INFO: Run Behavior\ReadHtmlCacheBehavior [ RunTime:0.000044s ]
INFO: [ app_begin ] --END-- [ RunTime:0.000090s ]

[ 2019-12-02T13:11:08+08:00 ] 10.6.0.32 /Experiment/index.php/Admin/Index/index
INFO: [ app_init ] --START--
INFO: Run Behavior\BuildLiteBehavior [ RunTime:0.000017s ]
INFO: [ app_init ] --END-- [ RunTime:0.000116s ]
INFO: [ app_begin ] --START--
INFO: Run Behavior\ReadHtmlCacheBehavior [ RunTime:0.000054s ]
INFO: [ app_begin ] --END-- [ RunTime:0.000099s ]
INFO: [ view_parse ] --START--
INFO: [ template_filter ] --START--
INFO: Run Behavior\ContentReplaceBehavior [ RunTime:0.000065s ]
INFO: [ template_filter ] --END-- [ RunTime:0.000116s ]
INFO: Run Behavior\ParseTemplateBehavior [ RunTime:0.005692s ]
INFO: [ view_parse ] --END-- [ RunTime:0.005744s ]
INFO: [ view_filter ] --START--
INFO: Run Behavior\WriteHtmlCacheBehavior [ RunTime:0.000060s ]
INFO: [ view_filter ] --END-- [ RunTime:0.000092s ]
INFO: [ app_end ] --START--
INFO: Run Behavior\ShowPageTraceBehavior [ RunTime:0.000050s ]
INFO: [ app_end ] --END-- [ RunTime:0.000084s ]

[ 2019-12-02T13:11:08+08:00 ] 10.6.0.32 /Experiment/index.php/Admin/Index/home
INFO: [ app_init ] --START--
INFO: Run Behavior\BuildLiteBehavior [ RunTime:0.000014s ]
INFO: [ app_init ] --END-- [ RunTime:0.000089s ]
INFO: [ app_begin ] --START--
INFO: Run Behavior\ReadHtmlCacheBehavior [ RunTime:0.000043s ]
INFO: [ app_begin ] --END-- [ RunTime:0.000089s ]
INFO: [ view_parse ] --START--
INFO: [ template_filter ] --START--
INFO: Run Behavior\ContentReplaceBehavior [ RunTime:0.000042s ]
INFO: [ template_filter ] --END-- [ RunTime:0.000104s ]
INFO: Run Behavior\ParseTemplateBehavior [ RunTime:0.001387s ]
INFO: [ view_parse ] --END-- [ RunTime:0.001444s ]
INFO: [ view_filter ] --START--
INFO: Run Behavior\WriteHtmlCacheBehavior [ RunTime:0.000046s ]
INFO: [ view_filter ] --END-- [ RunTime:0.000078s ]
INFO: [ app_end ] --START--
INFO: Run Behavior\ShowPageTraceBehavior [ RunTime:0.000035s ]
INFO: [ app_end ] --END-- [ RunTime:0.000069s ]

[ 2019-12-02T13:11:09+08:00 ] 10.6.0.32 /Experiment/index.php/Admin/Docker/dockerController
INFO: [ app_init ] --START--
INFO: Run Behavior\BuildLiteBehavior [ RunTime:0.000014s ]
INFO: [ app_init ] --END-- [ RunTime:0.000098s ]
INFO: [ app_begin ] --START--
INFO: Run Behavior\ReadHtmlCacheBehavior [ RunTime:0.000044s ]
INFO: [ app_begin ] --END-- [ RunTime:0.000089s ]
INFO: [ view_parse ] --START--
INFO: [ template_filter ] --START--
INFO: Run Behavior\ContentReplaceBehavior [ RunTime:0.000044s ]
INFO: [ template_filter ] --END-- [ RunTime:0.000095s ]
INFO: Run Behavior\ParseTemplateBehavior [ RunTime:0.001726s ]
INFO: [ view_parse ] --END-- [ RunTime:0.001778s ]
INFO: [ view_filter ] --START--
INFO: Run Behavior\WriteHtmlCacheBehavior [ RunTime:0.000045s ]
INFO: [ view_filter ] --END-- [ RunTime:0.000075s ]
INFO: [ app_end ] --START--
INFO: Run Behavior\ShowPageTraceBehavior [ RunTime:0.000037s ]
INFO: [ app_end ] --END-- [ RunTime:0.000066s ]

[ 2019-12-02T13:11:09+08:00 ] 10.6.0.32 /Experiment/index.php/Admin/Docker/chooseMakeImage
INFO: [ app_init ] --START--
INFO: Run Behavior\BuildLiteBehavior [ RunTime:0.000015s ]
INFO: [ app_init ] --END-- [ RunTime:0.000090s ]
INFO: [ app_begin ] --START--
INFO: Run Behavior\ReadHtmlCacheBehavior [ RunTime:0.000041s ]
INFO: [ app_begin ] --END-- [ RunTime:0.000081s ]
INFO: [ view_parse ] --START--
INFO: [ template_filter ] --START--
INFO: Run Behavior\ContentReplaceBehavior [ RunTime:0.000042s ]
INFO: [ template_filter ] --END-- [ RunTime:0.000085s ]
INFO: Run Behavior\ParseTemplateBehavior [ RunTime:0.001380s ]
INFO: [ view_parse ] --END-- [ RunTime:0.001426s ]
INFO: [ view_filter ] --START--
INFO: Run Behavior\WriteHtmlCacheBehavior [ RunTime:0.000041s ]
INFO: [ view_filter ] --END-- [ RunTime:0.000067s ]
INFO: [ app_end ] --START--
INFO: Run Behavior\ShowPageTraceBehavior [ RunTime:0.000034s ]
INFO: [ app_end ] --END-- [ RunTime:0.000062s ]

[ 2019-12-02T13:12:32+08:00 ] 10.6.0.32 /Experiment/index.php/Admin/Docker/chooseMakeImage
INFO: [ app_init ] --START--
INFO: Run Behavior\BuildLiteBehavior [ RunTime:0.000018s ]
INFO: [ app_init ] --END-- [ RunTime:0.000125s ]
INFO: [ app_begin ] --START--
INFO: Run Behavior\ReadHtmlCacheBehavior [ RunTime:0.000056s ]
INFO: [ app_begin ] --END-- [ RunTime:0.000104s ]
INFO: [ view_parse ] --START--
INFO: [ template_filter ] --START--
INFO: Run Behavior\ContentReplaceBehavior [ RunTime:0.000052s ]
INFO: [ template_filter ] --END-- [ RunTime:0.000104s ]
INFO: Run Behavior\ParseTemplateBehavior [ RunTime:0.001886s ]
INFO: [ view_parse ] --END-- [ RunTime:0.001943s ]
INFO: [ view_filter ] --START--
INFO: Run Behavior\WriteHtmlCacheBehavior [ RunTime:0.000061s ]
INFO: [ view_filter ] --END-- [ RunTime:0.000096s ]
INFO: [ app_end ] --START--
INFO: Run Behavior\ShowPageTraceBehavior [ RunTime:0.000051s ]
INFO: [ app_end ] --END-- [ RunTime:0.000085s ]

[ 2019-12-02T13:31:49+08:00 ] 10.6.0.11 /Experiment/index.php/Admin/Index/index
INFO: [ app_init ] --START--
INFO: Run Behavior\BuildLiteBehavior [ RunTime:0.000017s ]
INFO: [ app_init ] --END-- [ RunTime:0.000121s ]
INFO: [ app_begin ] --START--
INFO: Run Behavior\ReadHtmlCacheBehavior [ RunTime:0.000054s ]
INFO: [ app_begin ] --END-- [ RunTime:0.000099s ]

[ 2019-12-02T13:31:49+08:00 ] 10.6.0.11 /Experiment/index.php/Admin/Login/login
INFO: [ app_init ] --START--
INFO: Run Behavior\BuildLiteBehavior [ RunTime:0.000013s ]
INFO: [ app_init ] --END-- [ RunTime:0.000085s ]
INFO: [ app_begin ] --START--
INFO: Run Behavior\ReadHtmlCacheBehavior [ RunTime:0.000042s ]
INFO: [ app_begin ] --END-- [ RunTime:0.000084s ]
INFO: [ view_parse ] --START--
INFO: [ template_filter ] --START--
INFO: Run Behavior\ContentReplaceBehavior [ RunTime:0.000091s ]
INFO: [ template_filter ] --END-- [ RunTime:0.000144s ]
INFO: Run Behavior\ParseTemplateBehavior [ RunTime:0.001915s ]
INFO: [ view_parse ] --END-- [ RunTime:0.001967s ]
INFO: [ view_filter ] --START--
INFO: Run Behavior\WriteHtmlCacheBehavior [ RunTime:0.000056s ]
INFO: [ view_filter ] --END-- [ RunTime:0.000089s ]
INFO: [ app_end ] --START--
INFO: Run Behavior\ShowPageTraceBehavior [ RunTime:0.000048s ]
INFO: [ app_end ] --END-- [ RunTime:0.000080s ]

[ 2019-12-02T13:31:51+08:00 ] 10.6.0.11 /Experiment/index.php/Admin/Login/login
INFO: [ app_init ] --START--
INFO: Run Behavior\BuildLiteBehavior [ RunTime:0.000015s ]
INFO: [ app_init ] --END-- [ RunTime:0.000096s ]
INFO: [ app_begin ] --START--
INFO: Run Behavior\ReadHtmlCacheBehavior [ RunTime:0.000043s ]
INFO: [ app_begin ] --END-- [ RunTime:0.000088s ]
SQL: SHOW COLUMNS FROM `admin` [ RunTime:0.0010s ]
SQL: SELECT * FROM `admin` WHERE `Aid` = 1 AND `Apwd` = '1' LIMIT 1   [ RunTime:0.0001s ]

[ 2019-12-02T13:31:51+08:00 ] 10.6.0.11 /Experiment/index.php/Admin/Index/index
INFO: [ app_init ] --START--
INFO: Run Behavior\BuildLiteBehavior [ RunTime:0.000013s ]
INFO: [ app_init ] --END-- [ RunTime:0.000090s ]
INFO: [ app_begin ] --START--
INFO: Run Behavior\ReadHtmlCacheBehavior [ RunTime:0.000047s ]
INFO: [ app_begin ] --END-- [ RunTime:0.000104s ]
INFO: [ view_parse ] --START--
INFO: [ template_filter ] --START--
INFO: Run Behavior\ContentReplaceBehavior [ RunTime:0.000065s ]
INFO: [ template_filter ] --END-- [ RunTime:0.000120s ]
INFO: Run Behavior\ParseTemplateBehavior [ RunTime:0.006227s ]
INFO: [ view_parse ] --END-- [ RunTime:0.006282s ]
INFO: [ view_filter ] --START--
INFO: Run Behavior\WriteHtmlCacheBehavior [ RunTime:0.000049s ]
INFO: [ view_filter ] --END-- [ RunTime:0.000084s ]
INFO: [ app_end ] --START--
INFO: Run Behavior\ShowPageTraceBehavior [ RunTime:0.000041s ]
INFO: [ app_end ] --END-- [ RunTime:0.000076s ]

[ 2019-12-02T13:31:51+08:00 ] 10.6.0.11 /Experiment/index.php/Admin/Index/home
INFO: [ app_init ] --START--
INFO: Run Behavior\BuildLiteBehavior [ RunTime:0.000012s ]
INFO: [ app_init ] --END-- [ RunTime:0.000085s ]
INFO: [ app_begin ] --START--
INFO: Run Behavior\ReadHtmlCacheBehavior [ RunTime:0.000040s ]
INFO: [ app_begin ] --END-- [ RunTime:0.000084s ]
INFO: [ view_parse ] --START--
INFO: [ template_filter ] --START--
INFO: Run Behavior\ContentReplaceBehavior [ RunTime:0.000039s ]
INFO: [ template_filter ] --END-- [ RunTime:0.000087s ]
INFO: Run Behavior\ParseTemplateBehavior [ RunTime:0.001276s ]
INFO: [ view_parse ] --END-- [ RunTime:0.001330s ]
INFO: [ view_filter ] --START--
INFO: Run Behavior\WriteHtmlCacheBehavior [ RunTime:0.000043s ]
INFO: [ view_filter ] --END-- [ RunTime:0.000074s ]
INFO: [ app_end ] --START--
INFO: Run Behavior\ShowPageTraceBehavior [ RunTime:0.000034s ]
INFO: [ app_end ] --END-- [ RunTime:0.000065s ]

[ 2019-12-02T13:31:52+08:00 ] 10.6.0.11 /Experiment/index.php/Admin/Docker/handleContainer
INFO: [ app_init ] --START--
INFO: Run Behavior\BuildLiteBehavior [ RunTime:0.000015s ]
INFO: [ app_init ] --END-- [ RunTime:0.000108s ]
INFO: [ app_begin ] --START--
INFO: Run Behavior\ReadHtmlCacheBehavior [ RunTime:0.000052s ]
INFO: [ app_begin ] --END-- [ RunTime:0.000099s ]
SQL: SHOW COLUMNS FROM `docker_container` [ RunTime:0.0007s ]
SQL: SELECT * FROM `docker_container` ORDER BY id desc  [ RunTime:0.0001s ]
SQL: SELECT COUNT(*) AS tp_count FROM `docker_container` LIMIT 1   [ RunTime:0.0001s ]
INFO: [ view_parse ] --START--
INFO: [ template_filter ] --START--
INFO: Run Behavior\ContentReplaceBehavior [ RunTime:0.000054s ]
INFO: [ template_filter ] --END-- [ RunTime:0.000094s ]
INFO: Run Behavior\ParseTemplateBehavior [ RunTime:0.003345s ]
INFO: [ view_parse ] --END-- [ RunTime:0.003396s ]
INFO: [ view_filter ] --START--
INFO: Run Behavior\WriteHtmlCacheBehavior [ RunTime:0.000042s ]
INFO: [ view_filter ] --END-- [ RunTime:0.000069s ]
INFO: [ app_end ] --START--
INFO: Run Behavior\ShowPageTraceBehavior [ RunTime:0.000043s ]
INFO: [ app_end ] --END-- [ RunTime:0.000075s ]

[ 2019-12-02T13:31:54+08:00 ] 10.6.0.11 /Experiment/index.php/Admin/Docker/showAllContainer
INFO: [ app_init ] --START--
INFO: Run Behavior\BuildLiteBehavior [ RunTime:0.000015s ]
INFO: [ app_init ] --END-- [ RunTime:0.000101s ]
INFO: [ app_begin ] --START--
INFO: Run Behavior\ReadHtmlCacheBehavior [ RunTime:0.000046s ]
INFO: [ app_begin ] --END-- [ RunTime:0.000090s ]
INFO: [ view_parse ] --START--
INFO: [ template_filter ] --START--
INFO: Run Behavior\ContentReplaceBehavior [ RunTime:0.000047s ]
INFO: [ template_filter ] --END-- [ RunTime:0.000079s ]
NOTIC: [8] Undefined index: container_id /home/jianhanke/Experiment/Application/Runtime/Cache/Admin/a2267acda43b486ba422b37a22173c70.php 第 54 行.
NOTIC: [8] Undefined index: container_id /home/jianhanke/Experiment/Application/Runtime/Cache/Admin/a2267acda43b486ba422b37a22173c70.php 第 56 行.
NOTIC: [8] Undefined index: container_id /home/jianhanke/Experiment/Application/Runtime/Cache/Admin/a2267acda43b486ba422b37a22173c70.php 第 54 行.
NOTIC: [8] Undefined index: container_id /home/jianhanke/Experiment/Application/Runtime/Cache/Admin/a2267acda43b486ba422b37a22173c70.php 第 56 行.
NOTIC: [8] Undefined index: container_id /home/jianhanke/Experiment/Application/Runtime/Cache/Admin/a2267acda43b486ba422b37a22173c70.php 第 54 行.
NOTIC: [8] Undefined index: container_id /home/jianhanke/Experiment/Application/Runtime/Cache/Admin/a2267acda43b486ba422b37a22173c70.php 第 56 行.
NOTIC: [8] Undefined index: container_id /home/jianhanke/Experiment/Application/Runtime/Cache/Admin/a2267acda43b486ba422b37a22173c70.php 第 60 行.
NOTIC: [8] Undefined index: container_id /home/jianhanke/Experiment/Application/Runtime/Cache/Admin/a2267acda43b486ba422b37a22173c70.php 第 60 行.
NOTIC: [8] Undefined index: container_id /home/jianhanke/Experiment/Application/Runtime/Cache/Admin/a2267acda43b486ba422b37a22173c70.php 第 54 行.
NOTIC: [8] Undefined index: container_id /home/jianhanke/Experiment/Application/Runtime/Cache/Admin/a2267acda43b486ba422b37a22173c70.php 第 56 行.
NOTIC: [8] Undefined index: container_id /home/jianhanke/Experiment/Application/Runtime/Cache/Admin/a2267acda43b486ba422b37a22173c70.php 第 54 行.
NOTIC: [8] Undefined index: container_id /home/jianhanke/Experiment/Application/Runtime/Cache/Admin/a2267acda43b486ba422b37a22173c70.php 第 56 行.
NOTIC: [8] Undefined index: container_id /home/jianhanke/Experiment/Application/Runtime/Cache/Admin/a2267acda43b486ba422b37a22173c70.php 第 54 行.
NOTIC: [8] Undefined index: container_id /home/jianhanke/Experiment/Application/Runtime/Cache/Admin/a2267acda43b486ba422b37a22173c70.php 第 56 行.
NOTIC: [8] Undefined index: container_id /home/jianhanke/Experiment/Application/Runtime/Cache/Admin/a2267acda43b486ba422b37a22173c70.php 第 54 行.
NOTIC: [8] Undefined index: container_id /home/jianhanke/Experiment/Application/Runtime/Cache/Admin/a2267acda43b486ba422b37a22173c70.php 第 56 行.
NOTIC: [8] Undefined index: container_id /home/jianhanke/Experiment/Application/Runtime/Cache/Admin/a2267acda43b486ba422b37a22173c70.php 第 54 行.
NOTIC: [8] Undefined index: container_id /home/jianhanke/Experiment/Application/Runtime/Cache/Admin/a2267acda43b486ba422b37a22173c70.php 第 56 行.
NOTIC: [8] Undefined index: container_id /home/jianhanke/Experiment/Application/Runtime/Cache/Admin/a2267acda43b486ba422b37a22173c70.php 第 54 行.
NOTIC: [8] Undefined index: container_id /home/jianhanke/Experiment/Application/Runtime/Cache/Admin/a2267acda43b486ba422b37a22173c70.php 第 56 行.
NOTIC: [8] Undefined index: container_id /home/jianhanke/Experiment/Application/Runtime/Cache/Admin/a2267acda43b486ba422b37a22173c70.php 第 54 行.
NOTIC: [8] Undefined index: container_id /home/jianhanke/Experiment/Application/Runtime/Cache/Admin/a2267acda43b486ba422b37a22173c70.php 第 56 行.
NOTIC: [8] Undefined index: container_id /home/jianhanke/Experiment/Application/Runtime/Cache/Admin/a2267acda43b486ba422b37a22173c70.php 第 54 行.
NOTIC: [8] Undefined index: container_id /home/jianhanke/Experiment/Application/Runtime/Cache/Admin/a2267acda43b486ba422b37a22173c70.php 第 56 行.
NOTIC: [8] Undefined index: container_id /home/jianhanke/Experiment/Application/Runtime/Cache/Admin/a2267acda43b486ba422b37a22173c70.php 第 54 行.
NOTIC: [8] Undefined index: container_id /home/jianhanke/Experiment/Application/Runtime/Cache/Admin/a2267acda43b486ba422b37a22173c70.php 第 56 行.
NOTIC: [8] Undefined index: container_id /home/jianhanke/Experiment/Application/Runtime/Cache/Admin/a2267acda43b486ba422b37a22173c70.php 第 54 行.
NOTIC: [8] Undefined index: container_id /home/jianhanke/Experiment/Application/Runtime/Cache/Admin/a2267acda43b486ba422b37a22173c70.php 第 56 行.
NOTIC: [8] Undefined index: container_id /home/jianhanke/Experiment/Application/Runtime/Cache/Admin/a2267acda43b486ba422b37a22173c70.php 第 54 行.
NOTIC: [8] Undefined index: container_id /home/jianhanke/Experiment/Application/Runtime/Cache/Admin/a2267acda43b486ba422b37a22173c70.php 第 56 行.
NOTIC: [8] Undefined index: container_id /home/jianhanke/Experiment/Application/Runtime/Cache/Admin/a2267acda43b486ba422b37a22173c70.php 第 54 行.
NOTIC: [8] Undefined index: container_id /home/jianhanke/Experiment/Application/Runtime/Cache/Admin/a2267acda43b486ba422b37a22173c70.php 第 56 行.
NOTIC: [8] Undefined index: container_id /home/jianhanke/Experiment/Application/Runtime/Cache/Admin/a2267acda43b486ba422b37a22173c70.php 第 54 行.
NOTIC: [8] Undefined index: container_id /home/jianhanke/Experiment/Application/Runtime/Cache/Admin/a2267acda43b486ba422b37a22173c70.php 第 56 行.
NOTIC: [8] Undefined index: container_id /home/jianhanke/Experiment/Application/Runtime/Cache/Admin/a2267acda43b486ba422b37a22173c70.php 第 54 行.
NOTIC: [8] Undefined index: container_id /home/jianhanke/Experiment/Application/Runtime/Cache/Admin/a2267acda43b486ba422b37a22173c70.php 第 56 行.
NOTIC: [8] Undefined index: container_id /home/jianhanke/Experiment/Application/Runtime/Cache/Admin/a2267acda43b486ba422b37a22173c70.php 第 54 行.
NOTIC: [8] Undefined index: container_id /home/jianhanke/Experiment/Application/Runtime/Cache/Admin/a2267acda43b486ba422b37a22173c70.php 第 56 行.
NOTIC: [8] Undefined index: container_id /home/jianhanke/Experiment/Application/Runtime/Cache/Admin/a2267acda43b486ba422b37a22173c70.php 第 54 行.
NOTIC: [8] Undefined index: container_id /home/jianhanke/Experiment/Application/Runtime/Cache/Admin/a2267acda43b486ba422b37a22173c70.php 第 56 行.
NOTIC: [8] Undefined index: container_id /home/jianhanke/Experiment/Application/Runtime/Cache/Admin/a2267acda43b486ba422b37a22173c70.php 第 54 行.
NOTIC: [8] Undefined index: container_id /home/jianhanke/Experiment/Application/Runtime/Cache/Admin/a2267acda43b486ba422b37a22173c70.php 第 56 行.
NOTIC: [8] Undefined index: container_id /home/jianhanke/Experiment/Application/Runtime/Cache/Admin/a2267acda43b486ba422b37a22173c70.php 第 60 行.
NOTIC: [8] Undefined index: container_id /home/jianhanke/Experiment/Application/Runtime/Cache/Admin/a2267acda43b486ba422b37a22173c70.php 第 60 行.
NOTIC: [8] Undefined index: container_id /home/jianhanke/Experiment/Application/Runtime/Cache/Admin/a2267acda43b486ba422b37a22173c70.php 第 60 行.
NOTIC: [8] Undefined index: container_id /home/jianhanke/Experiment/Application/Runtime/Cache/Admin/a2267acda43b486ba422b37a22173c70.php 第 60 行.
NOTIC: [8] Undefined index: container_id /home/jianhanke/Experiment/Application/Runtime/Cache/Admin/a2267acda43b486ba422b37a22173c70.php 第 60 行.
NOTIC: [8] Undefined index: container_id /home/jianhanke/Experiment/Application/Runtime/Cache/Admin/a2267acda43b486ba422b37a22173c70.php 第 60 行.
NOTIC: [8] Undefined index: container_id /home/jianhanke/Experiment/Application/Runtime/Cache/Admin/a2267acda43b486ba422b37a22173c70.php 第 60 行.
NOTIC: [8] Undefined index: container_id /home/jianhanke/Experiment/Application/Runtime/Cache/Admin/a2267acda43b486ba422b37a22173c70.php 第 60 行.
NOTIC: [8] Undefined index: container_id /home/jianhanke/Experiment/Application/Runtime/Cache/Admin/a2267acda43b486ba422b37a22173c70.php 第 54 行.
NOTIC: [8] Undefined index: container_id /home/jianhanke/Experiment/Application/Runtime/Cache/Admin/a2267acda43b486ba422b37a22173c70.php 第 56 行.
NOTIC: [8] Undefined index: container_id /home/jianhanke/Experiment/Application/Runtime/Cache/Admin/a2267acda43b486ba422b37a22173c70.php 第 54 行.
NOTIC: [8] Undefined index: container_id /home/jianhanke/Experiment/Application/Runtime/Cache/Admin/a2267acda43b486ba422b37a22173c70.php 第 56 行.
NOTIC: [8] Undefined index: container_id /home/jianhanke/Experiment/Application/Runtime/Cache/Admin/a2267acda43b486ba422b37a22173c70.php 第 60 行.
NOTIC: [8] Undefined index: container_id /home/jianhanke/Experiment/Application/Runtime/Cache/Admin/a2267acda43b486ba422b37a22173c70.php 第 60 行.
NOTIC: [8] Undefined index: container_id /home/jianhanke/Experiment/Application/Runtime/Cache/Admin/a2267acda43b486ba422b37a22173c70.php 第 60 行.
NOTIC: [8] Undefined index: container_id /home/jianhanke/Experiment/Application/Runtime/Cache/Admin/a2267acda43b486ba422b37a22173c70.php 第 60 行.
NOTIC: [8] Undefined index: myNet /home/jianhanke/Experiment/Application/Runtime/Cache/Admin/a2267acda43b486ba422b37a22173c70.php 第 47 行.
NOTIC: [8] Undefined index: container_id /home/jianhanke/Experiment/Application/Runtime/Cache/Admin/a2267acda43b486ba422b37a22173c70.php 第 60 行.
NOTIC: [8] Undefined index: myNet /home/jianhanke/Experiment/Application/Runtime/Cache/Admin/a2267acda43b486ba422b37a22173c70.php 第 47 行.
NOTIC: [8] Undefined index: container_id /home/jianhanke/Experiment/Application/Runtime/Cache/Admin/a2267acda43b486ba422b37a22173c70.php 第 60 行.
NOTIC: [8] Undefined index: myNet /home/jianhanke/Experiment/Application/Runtime/Cache/Admin/a2267acda43b486ba422b37a22173c70.php 第 47 行.
NOTIC: [8] Undefined index: container_id /home/jianhanke/Experiment/Application/Runtime/Cache/Admin/a2267acda43b486ba422b37a22173c70.php 第 60 行.
NOTIC: [8] Undefined index: myNet /home/jianhanke/Experiment/Application/Runtime/Cache/Admin/a2267acda43b486ba422b37a22173c70.php 第 47 行.
NOTIC: [8] Undefined index: container_id /home/jianhanke/Experiment/Application/Runtime/Cache/Admin/a2267acda43b486ba422b37a22173c70.php 第 54 行.
NOTIC: [8] Undefined index: container_id /home/jianhanke/Experiment/Application/Runtime/Cache/Admin/a2267acda43b486ba422b37a22173c70.php 第 56 行.
NOTIC: [8] Undefined index: myNet /home/jianhanke/Experiment/Application/Runtime/Cache/Admin/a2267acda43b486ba422b37a22173c70.php 第 47 行.
NOTIC: [8] Undefined index: container_id /home/jianhanke/Experiment/Application/Runtime/Cache/Admin/a2267acda43b486ba422b37a22173c70.php 第 54 行.
NOTIC: [8] Undefined index: container_id /home/jianhanke/Experiment/Application/Runtime/Cache/Admin/a2267acda43b486ba422b37a22173c70.php 第 56 行.
NOTIC: [8] Undefined index: myNet /home/jianhanke/Experiment/Application/Runtime/Cache/Admin/a2267acda43b486ba422b37a22173c70.php 第 47 行.
NOTIC: [8] Undefined index: container_id /home/jianhanke/Experiment/Application/Runtime/Cache/Admin/a2267acda43b486ba422b37a22173c70.php 第 54 行.
NOTIC: [8] Undefined index: container_id /home/jianhanke/Experiment/Application/Runtime/Cache/Admin/a2267acda43b486ba422b37a22173c70.php 第 56 行.
NOTIC: [8] Undefined index: myNet /home/jianhanke/Experiment/Application/Runtime/Cache/Admin/a2267acda43b486ba422b37a22173c70.php 第 47 行.
NOTIC: [8] Undefined index: container_id /home/jianhanke/Experiment/Application/Runtime/Cache/Admin/a2267acda43b486ba422b37a22173c70.php 第 54 行.
NOTIC: [8] Undefined index: container_id /home/jianhanke/Experiment/Application/Runtime/Cache/Admin/a2267acda43b486ba422b37a22173c70.php 第 56 行.
NOTIC: [8] Undefined index: container_id /home/jianhanke/Experiment/Application/Runtime/Cache/Admin/a2267acda43b486ba422b37a22173c70.php 第 60 行.
NOTIC: [8] Undefined index: myNet /home/jianhanke/Experiment/Application/Runtime/Cache/Admin/a2267acda43b486ba422b37a22173c70.php 第 47 行.
NOTIC: [8] Undefined index: container_id /home/jianhanke/Experiment/Application/Runtime/Cache/Admin/a2267acda43b486ba422b37a22173c70.php 第 60 行.
NOTIC: [8] Undefined index: myNet /home/jianhanke/Experiment/Application/Runtime/Cache/Admin/a2267acda43b486ba422b37a22173c70.php 第 47 行.
NOTIC: [8] Undefined index: container_id /home/jianhanke/Experiment/Application/Runtime/Cache/Admin/a2267acda43b486ba422b37a22173c70.php 第 60 行.
NOTIC: [8] Undefined index: myNet /home/jianhanke/Experiment/Application/Runtime/Cache/Admin/a2267acda43b486ba422b37a22173c70.php 第 47 行.
NOTIC: [8] Undefined index: container_id /home/jianhanke/Experiment/Application/Runtime/Cache/Admin/a2267acda43b486ba422b37a22173c70.php 第 60 行.
NOTIC: [8] Undefined index: myNet /home/jianhanke/Experiment/Application/Runtime/Cache/Admin/a2267acda43b486ba422b37a22173c70.php 第 47 行.
NOTIC: [8] Undefined index: container_id /home/jianhanke/Experiment/Application/Runtime/Cache/Admin/a2267acda43b486ba422b37a22173c70.php 第 60 行.
NOTIC: [8] Undefined index: myNet /home/jianhanke/Experiment/Application/Runtime/Cache/Admin/a2267acda43b486ba422b37a22173c70.php 第 47 行.
NOTIC: [8] Undefined index: container_id /home/jianhanke/Experiment/Application/Runtime/Cache/Admin/a2267acda43b486ba422b37a22173c70.php 第 60 行.
NOTIC: [8] Undefined variable: count /home/jianhanke/Experiment/Application/Runtime/Cache/Admin/a2267acda43b486ba422b37a22173c70.php 第 72 行.
INFO: Run Behavior\ParseTemplateBehavior [ RunTime:0.004610s ]
INFO: [ view_parse ] --END-- [ RunTime:0.004641s ]
INFO: [ view_filter ] --START--
INFO: Run Behavior\WriteHtmlCacheBehavior [ RunTime:0.000032s ]
INFO: [ view_filter ] --END-- [ RunTime:0.000051s ]
INFO: [ app_end ] --START--
INFO: Run Behavior\ShowPageTraceBehavior [ RunTime:0.000030s ]
INFO: [ app_end ] --END-- [ RunTime:0.000056s ]

[ 2019-12-02T13:31:55+08:00 ] 10.6.0.11 /Experiment/index.php/Admin/Docker/addImage
INFO: [ app_init ] --START--
INFO: Run Behavior\BuildLiteBehavior [ RunTime:0.000016s ]
INFO: [ app_init ] --END-- [ RunTime:0.000111s ]
INFO: [ app_begin ] --START--
INFO: Run Behavior\ReadHtmlCacheBehavior [ RunTime:0.000054s ]
INFO: [ app_begin ] --END-- [ RunTime:0.000101s ]
INFO: [ view_parse ] --START--
INFO: [ template_filter ] --START--
INFO: Run Behavior\ContentReplaceBehavior [ RunTime:0.000056s ]
INFO: [ template_filter ] --END-- [ RunTime:0.000109s ]
INFO: Run Behavior\ParseTemplateBehavior [ RunTime:0.002880s ]
INFO: [ view_parse ] --END-- [ RunTime:0.002932s ]
INFO: [ view_filter ] --START--
INFO: Run Behavior\WriteHtmlCacheBehavior [ RunTime:0.000053s ]
INFO: [ view_filter ] --END-- [ RunTime:0.000085s ]
INFO: [ app_end ] --START--
INFO: Run Behavior\ShowPageTraceBehavior [ RunTime:0.000044s ]
INFO: [ app_end ] --END-- [ RunTime:0.000077s ]

[ 2019-12-02T13:31:56+08:00 ] 10.6.0.11 /Experiment/index.php/Admin/Docker/dockerController
INFO: [ app_init ] --START--
INFO: Run Behavior\BuildLiteBehavior [ RunTime:0.000014s ]
INFO: [ app_init ] --END-- [ RunTime:0.000090s ]
INFO: [ app_begin ] --START--
INFO: Run Behavior\ReadHtmlCacheBehavior [ RunTime:0.000044s ]
INFO: [ app_begin ] --END-- [ RunTime:0.000088s ]
INFO: [ view_parse ] --START--
INFO: [ template_filter ] --START--
INFO: Run Behavior\ContentReplaceBehavior [ RunTime:0.000045s ]
INFO: [ template_filter ] --END-- [ RunTime:0.000100s ]
INFO: Run Behavior\ParseTemplateBehavior [ RunTime:0.001858s ]
INFO: [ view_parse ] --END-- [ RunTime:0.002166s ]
INFO: [ view_filter ] --START--
INFO: Run Behavior\WriteHtmlCacheBehavior [ RunTime:0.000054s ]
INFO: [ view_filter ] --END-- [ RunTime:0.000087s ]
INFO: [ app_end ] --START--
INFO: Run Behavior\ShowPageTraceBehavior [ RunTime:0.000039s ]
INFO: [ app_end ] --END-- [ RunTime:0.000072s ]

[ 2019-12-02T13:31:57+08:00 ] 10.6.0.11 /Experiment/index.php/Admin/Docker/chooseMakeImage
INFO: [ app_init ] --START--
INFO: Run Behavior\BuildLiteBehavior [ RunTime:0.000014s ]
INFO: [ app_init ] --END-- [ RunTime:0.000096s ]
INFO: [ app_begin ] --START--
INFO: Run Behavior\ReadHtmlCacheBehavior [ RunTime:0.000046s ]
INFO: [ app_begin ] --END-- [ RunTime:0.000091s ]
INFO: [ view_parse ] --START--
INFO: [ template_filter ] --START--
INFO: Run Behavior\ContentReplaceBehavior [ RunTime:0.000046s ]
INFO: [ template_filter ] --END-- [ RunTime:0.000100s ]
INFO: Run Behavior\ParseTemplateBehavior [ RunTime:0.001671s ]
INFO: [ view_parse ] --END-- [ RunTime:0.001727s ]
INFO: [ view_filter ] --START--
INFO: Run Behavior\WriteHtmlCacheBehavior [ RunTime:0.000049s ]
INFO: [ view_filter ] --END-- [ RunTime:0.000083s ]
INFO: [ app_end ] --START--
INFO: Run Behavior\ShowPageTraceBehavior [ RunTime:0.000042s ]
INFO: [ app_end ] --END-- [ RunTime:0.000077s ]

[ 2019-12-02T13:31:58+08:00 ] 10.6.0.11 /Experiment/index.php/Admin/Student/showStudent
INFO: [ app_init ] --START--
INFO: Run Behavior\BuildLiteBehavior [ RunTime:0.000014s ]
INFO: [ app_init ] --END-- [ RunTime:0.000100s ]
INFO: [ app_begin ] --START--
INFO: Run Behavior\ReadHtmlCacheBehavior [ RunTime:0.000049s ]
INFO: [ app_begin ] --END-- [ RunTime:0.000097s ]
SQL: SHOW COLUMNS FROM `student` [ RunTime:0.0007s ]
SQL: SELECT * FROM `student`  [ RunTime:0.0001s ]
SQL: SELECT COUNT(*) AS tp_count FROM `student` LIMIT 1   [ RunTime:0.0001s ]
INFO: [ view_parse ] --START--
INFO: [ template_filter ] --START--
INFO: Run Behavior\ContentReplaceBehavior [ RunTime:0.000041s ]
INFO: [ template_filter ] --END-- [ RunTime:0.000074s ]
INFO: Run Behavior\ParseTemplateBehavior [ RunTime:0.004831s ]
INFO: [ view_parse ] --END-- [ RunTime:0.004871s ]
INFO: [ view_filter ] --START--
INFO: Run Behavior\WriteHtmlCacheBehavior [ RunTime:0.000034s ]
INFO: [ view_filter ] --END-- [ RunTime:0.000055s ]
INFO: [ app_end ] --START--
INFO: Run Behavior\ShowPageTraceBehavior [ RunTime:0.000033s ]
INFO: [ app_end ] --END-- [ RunTime:0.000056s ]

[ 2019-12-02T13:34:33+08:00 ] 10.6.0.11 /Experiment/index.php/Admin/Class/showAllClassInfo
INFO: [ app_init ] --START--
INFO: Run Behavior\BuildLiteBehavior [ RunTime:0.000018s ]
INFO: [ app_init ] --END-- [ RunTime:0.000128s ]
INFO: [ app_begin ] --START--
INFO: Run Behavior\ReadHtmlCacheBehavior [ RunTime:0.000055s ]
INFO: [ app_begin ] --END-- [ RunTime:0.000100s ]
SQL: SHOW COLUMNS FROM `view_classwithdepartment` [ RunTime:0.0010s ]
SQL: SELECT * FROM `view_classwithdepartment`  [ RunTime:0.0001s ]
SQL: SELECT COUNT(*) AS tp_count FROM `view_classwithdepartment` LIMIT 1   [ RunTime:0.0001s ]
INFO: [ view_parse ] --START--
INFO: [ template_filter ] --START--
INFO: Run Behavior\ContentReplaceBehavior [ RunTime:0.000073s ]
INFO: [ template_filter ] --END-- [ RunTime:0.000128s ]
INFO: Run Behavior\ParseTemplateBehavior [ RunTime:0.005543s ]
INFO: [ view_parse ] --END-- [ RunTime:0.005599s ]
INFO: [ view_filter ] --START--
INFO: Run Behavior\WriteHtmlCacheBehavior [ RunTime:0.000078s ]
INFO: [ view_filter ] --END-- [ RunTime:0.000117s ]
INFO: [ app_end ] --START--
INFO: Run Behavior\ShowPageTraceBehavior [ RunTime:0.000053s ]
INFO: [ app_end ] --END-- [ RunTime:0.000089s ]

[ 2019-12-02T13:34:34+08:00 ] 10.6.0.11 /Experiment/index.php/Admin/Class/addClassInfo
INFO: [ app_init ] --START--
INFO: Run Behavior\BuildLiteBehavior [ RunTime:0.000014s ]
INFO: [ app_init ] --END-- [ RunTime:0.000089s ]
INFO: [ app_begin ] --START--
INFO: Run Behavior\ReadHtmlCacheBehavior [ RunTime:0.000040s ]
INFO: [ app_begin ] --END-- [ RunTime:0.000081s ]
SQL: SHOW COLUMNS FROM `department` [ RunTime:0.0006s ]
SQL: SELECT * FROM `department`  [ RunTime:0.0001s ]
INFO: [ view_parse ] --START--
INFO: [ template_filter ] --START--
INFO: Run Behavior\ContentReplaceBehavior [ RunTime:0.000058s ]
INFO: [ template_filter ] --END-- [ RunTime:0.000110s ]
INFO: Run Behavior\ParseTemplateBehavior [ RunTime:0.006819s ]
INFO: [ view_parse ] --END-- [ RunTime:0.006873s ]
INFO: [ view_filter ] --START--
INFO: Run Behavior\WriteHtmlCacheBehavior [ RunTime:0.000046s ]
INFO: [ view_filter ] --END-- [ RunTime:0.000077s ]
INFO: [ app_end ] --START--
INFO: Run Behavior\ShowPageTraceBehavior [ RunTime:0.000037s ]
INFO: [ app_end ] --END-- [ RunTime:0.000068s ]

[ 2019-12-02T13:34:36+08:00 ] 10.6.0.11 /Experiment/index.php/Admin/Department/showAllDepartmentInfo
INFO: [ app_init ] --START--
INFO: Run Behavior\BuildLiteBehavior [ RunTime:0.000017s ]
INFO: [ app_init ] --END-- [ RunTime:0.000117s ]
INFO: [ app_begin ] --START--
INFO: Run Behavior\ReadHtmlCacheBehavior [ RunTime:0.000055s ]
INFO: [ app_begin ] --END-- [ RunTime:0.000101s ]
SQL: SHOW COLUMNS FROM `department` [ RunTime:0.0007s ]
SQL: SELECT * FROM `department`  [ RunTime:0.0001s ]
INFO: [ view_parse ] --START--
INFO: [ template_filter ] --START--
INFO: Run Behavior\ContentReplaceBehavior [ RunTime:0.000068s ]
INFO: [ template_filter ] --END-- [ RunTime:0.000123s ]
NOTIC: [8] Undefined variable: count /home/jianhanke/Experiment/Application/Runtime/Cache/Admin/525eef9fdb1bbe3d7d910ba1977461cf.php 第 65 行.
INFO: Run Behavior\ParseTemplateBehavior [ RunTime:0.005189s ]
INFO: [ view_parse ] --END-- [ RunTime:0.005242s ]
INFO: [ view_filter ] --START--
INFO: Run Behavior\WriteHtmlCacheBehavior [ RunTime:0.000060s ]
INFO: [ view_filter ] --END-- [ RunTime:0.000098s ]
INFO: [ app_end ] --START--
INFO: Run Behavior\ShowPageTraceBehavior [ RunTime:0.000052s ]
INFO: [ app_end ] --END-- [ RunTime:0.000088s ]

[ 2019-12-02T13:34:37+08:00 ] 10.6.0.11 /Experiment/index.php/Admin/Department/addDepartmentInfo
INFO: [ app_init ] --START--
INFO: Run Behavior\BuildLiteBehavior [ RunTime:0.000014s ]
INFO: [ app_init ] --END-- [ RunTime:0.000090s ]
INFO: [ app_begin ] --START--
INFO: Run Behavior\ReadHtmlCacheBehavior [ RunTime:0.000043s ]
INFO: [ app_begin ] --END-- [ RunTime:0.000087s ]
SQL: SHOW COLUMNS FROM `department` [ RunTime:0.0006s ]
SQL: SELECT * FROM `department`  [ RunTime:0.0001s ]
INFO: [ view_parse ] --START--
INFO: [ template_filter ] --START--
INFO: Run Behavior\ContentReplaceBehavior [ RunTime:0.000053s ]
INFO: [ template_filter ] --END-- [ RunTime:0.000105s ]
INFO: Run Behavior\ParseTemplateBehavior [ RunTime:0.002008s ]
INFO: [ view_parse ] --END-- [ RunTime:0.002059s ]
INFO: [ view_filter ] --START--
INFO: Run Behavior\WriteHtmlCacheBehavior [ RunTime:0.000043s ]
INFO: [ view_filter ] --END-- [ RunTime:0.000074s ]
INFO: [ app_end ] --START--
INFO: Run Behavior\ShowPageTraceBehavior [ RunTime:0.000036s ]
INFO: [ app_end ] --END-- [ RunTime:0.000067s ]

[ 2019-12-02T13:34:40+08:00 ] 10.6.0.11 /Experiment/index.php/Admin/Department/addDepartmentInfo
INFO: [ app_init ] --START--
INFO: Run Behavior\BuildLiteBehavior [ RunTime:0.000016s ]
INFO: [ app_init ] --END-- [ RunTime:0.000119s ]
INFO: [ app_begin ] --START--
INFO: Run Behavior\ReadHtmlCacheBehavior [ RunTime:0.000053s ]
INFO: [ app_begin ] --END-- [ RunTime:0.000098s ]
SQL: SHOW COLUMNS FROM `department` [ RunTime:0.0007s ]
SQL: SELECT * FROM `department`  [ RunTime:0.0001s ]
INFO: [ view_parse ] --START--
INFO: [ template_filter ] --START--
INFO: Run Behavior\ContentReplaceBehavior [ RunTime:0.000057s ]
INFO: [ template_filter ] --END-- [ RunTime:0.000111s ]
INFO: Run Behavior\ParseTemplateBehavior [ RunTime:0.002645s ]
INFO: [ view_parse ] --END-- [ RunTime:0.002700s ]
INFO: [ view_filter ] --START--
INFO: Run Behavior\WriteHtmlCacheBehavior [ RunTime:0.000059s ]
INFO: [ view_filter ] --END-- [ RunTime:0.000093s ]
INFO: [ app_end ] --START--
INFO: Run Behavior\ShowPageTraceBehavior [ RunTime:0.000047s ]
INFO: [ app_end ] --END-- [ RunTime:0.000081s ]

[ 2019-12-02T13:34:44+08:00 ] 10.6.0.11 /Experiment/index.php/Admin/Teacher/showTeacher
INFO: [ app_init ] --START--
INFO: Run Behavior\BuildLiteBehavior [ RunTime:0.000015s ]
INFO: [ app_init ] --END-- [ RunTime:0.000106s ]
INFO: [ app_begin ] --START--
INFO: Run Behavior\ReadHtmlCacheBehavior [ RunTime:0.000047s ]
INFO: [ app_begin ] --END-- [ RunTime:0.000087s ]
SQL: SHOW COLUMNS FROM `teacher` [ RunTime:0.0007s ]
SQL: SELECT * FROM `teacher`  [ RunTime:0.0001s ]
SQL: SELECT COUNT(*) AS tp_count FROM `teacher` LIMIT 1   [ RunTime:0.0001s ]
INFO: [ view_parse ] --START--
INFO: [ template_filter ] --START--
INFO: Run Behavior\ContentReplaceBehavior [ RunTime:0.000061s ]
INFO: [ template_filter ] --END-- [ RunTime:0.000107s ]
INFO: Run Behavior\ParseTemplateBehavior [ RunTime:0.003955s ]
INFO: [ view_parse ] --END-- [ RunTime:0.004000s ]
INFO: [ view_filter ] --START--
INFO: Run Behavior\WriteHtmlCacheBehavior [ RunTime:0.000051s ]
INFO: [ view_filter ] --END-- [ RunTime:0.000080s ]
INFO: [ app_end ] --START--
INFO: Run Behavior\ShowPageTraceBehavior [ RunTime:0.000044s ]
INFO: [ app_end ] --END-- [ RunTime:0.000074s ]

