[ 2019-11-28T21:10:54+08:00 ] 10.6.0.32 /Experiment/index.php/Admin
INFO: [ app_init ] --START--
INFO: Run Behavior\BuildLiteBehavior [ RunTime:0.000018s ]
INFO: [ app_init ] --END-- [ RunTime:0.000126s ]
INFO: [ app_begin ] --START--
INFO: Run Behavior\ReadHtmlCacheBehavior [ RunTime:0.000056s ]
INFO: [ app_begin ] --END-- [ RunTime:0.000099s ]

[ 2019-11-28T21:10:54+08:00 ] 10.6.0.32 /Experiment/index.php/Admin/Login/login
INFO: [ app_init ] --START--
INFO: Run Behavior\BuildLiteBehavior [ RunTime:0.000012s ]
INFO: [ app_init ] --END-- [ RunTime:0.000084s ]
INFO: [ app_begin ] --START--
INFO: Run Behavior\ReadHtmlCacheBehavior [ RunTime:0.000039s ]
INFO: [ app_begin ] --END-- [ RunTime:0.000081s ]
INFO: [ view_parse ] --START--
INFO: [ template_filter ] --START--
INFO: Run Behavior\ContentReplaceBehavior [ RunTime:0.000057s ]
INFO: [ template_filter ] --END-- [ RunTime:0.000101s ]
INFO: Run Behavior\ParseTemplateBehavior [ RunTime:0.001684s ]
INFO: [ view_parse ] --END-- [ RunTime:0.001730s ]
INFO: [ view_filter ] --START--
INFO: Run Behavior\WriteHtmlCacheBehavior [ RunTime:0.000056s ]
INFO: [ view_filter ] --END-- [ RunTime:0.000085s ]
INFO: [ app_end ] --START--
INFO: Run Behavior\ShowPageTraceBehavior [ RunTime:0.000044s ]
INFO: [ app_end ] --END-- [ RunTime:0.000075s ]

[ 2019-11-28T21:10:56+08:00 ] 10.6.0.32 /Experiment/index.php/Admin/Login/login
INFO: [ app_init ] --START--
INFO: Run Behavior\BuildLiteBehavior [ RunTime:0.000015s ]
INFO: [ app_init ] --END-- [ RunTime:0.000098s ]
INFO: [ app_begin ] --START--
INFO: Run Behavior\ReadHtmlCacheBehavior [ RunTime:0.000042s ]
INFO: [ app_begin ] --END-- [ RunTime:0.000090s ]
SQL: SHOW COLUMNS FROM `admin` [ RunTime:0.0007s ]
SQL: SELECT * FROM `admin` WHERE `Aid` = 1 AND `Apwd` = '1' LIMIT 1   [ RunTime:0.0001s ]

[ 2019-11-28T21:10:56+08:00 ] 10.6.0.32 /Experiment/index.php/Admin/Index/index
INFO: [ app_init ] --START--
INFO: Run Behavior\BuildLiteBehavior [ RunTime:0.000011s ]
INFO: [ app_init ] --END-- [ RunTime:0.000071s ]
INFO: [ app_begin ] --START--
INFO: Run Behavior\ReadHtmlCacheBehavior [ RunTime:0.000034s ]
INFO: [ app_begin ] --END-- [ RunTime:0.000069s ]
INFO: [ view_parse ] --START--
INFO: [ template_filter ] --START--
INFO: Run Behavior\ContentReplaceBehavior [ RunTime:0.000049s ]
INFO: [ template_filter ] --END-- [ RunTime:0.000093s ]
INFO: Run Behavior\ParseTemplateBehavior [ RunTime:0.004540s ]
INFO: [ view_parse ] --END-- [ RunTime:0.004583s ]
INFO: [ view_filter ] --START--
INFO: Run Behavior\WriteHtmlCacheBehavior [ RunTime:0.000039s ]
INFO: [ view_filter ] --END-- [ RunTime:0.000066s ]
INFO: [ app_end ] --START--
INFO: Run Behavior\ShowPageTraceBehavior [ RunTime:0.000033s ]
INFO: [ app_end ] --END-- [ RunTime:0.000059s ]

[ 2019-11-28T21:10:56+08:00 ] 10.6.0.32 /Experiment/index.php/Admin/Index/home
INFO: [ app_init ] --START--
INFO: Run Behavior\BuildLiteBehavior [ RunTime:0.000014s ]
INFO: [ app_init ] --END-- [ RunTime:0.000112s ]
INFO: [ app_begin ] --START--
INFO: Run Behavior\ReadHtmlCacheBehavior [ RunTime:0.000039s ]
INFO: [ app_begin ] --END-- [ RunTime:0.000083s ]
INFO: [ view_parse ] --START--
INFO: [ template_filter ] --START--
INFO: Run Behavior\ContentReplaceBehavior [ RunTime:0.000038s ]
INFO: [ template_filter ] --END-- [ RunTime:0.000086s ]
INFO: Run Behavior\ParseTemplateBehavior [ RunTime:0.001225s ]
INFO: [ view_parse ] --END-- [ RunTime:0.001277s ]
INFO: [ view_filter ] --START--
INFO: Run Behavior\WriteHtmlCacheBehavior [ RunTime:0.000043s ]
INFO: [ view_filter ] --END-- [ RunTime:0.000073s ]
INFO: [ app_end ] --START--
INFO: Run Behavior\ShowPageTraceBehavior [ RunTime:0.000034s ]
INFO: [ app_end ] --END-- [ RunTime:0.000065s ]

[ 2019-11-28T21:10:57+08:00 ] 10.6.0.32 /Experiment/index.php/Admin/Docker/handleContainer
INFO: [ app_init ] --START--
INFO: Run Behavior\BuildLiteBehavior [ RunTime:0.000014s ]
INFO: [ app_init ] --END-- [ RunTime:0.000109s ]
INFO: [ app_begin ] --START--
INFO: Run Behavior\ReadHtmlCacheBehavior [ RunTime:0.000053s ]
INFO: [ app_begin ] --END-- [ RunTime:0.000101s ]
SQL: SHOW COLUMNS FROM `docker_container` [ RunTime:0.0008s ]
SQL: SELECT * FROM `docker_container` ORDER BY id desc  [ RunTime:0.0004s ]
SQL: SELECT COUNT(*) AS tp_count FROM `docker_container` LIMIT 1   [ RunTime:0.0002s ]
INFO: [ view_parse ] --START--
INFO: [ template_filter ] --START--
INFO: Run Behavior\ContentReplaceBehavior [ RunTime:0.000057s ]
INFO: [ template_filter ] --END-- [ RunTime:0.000098s ]
INFO: Run Behavior\ParseTemplateBehavior [ RunTime:0.003380s ]
INFO: [ view_parse ] --END-- [ RunTime:0.003426s ]
INFO: [ view_filter ] --START--
INFO: Run Behavior\WriteHtmlCacheBehavior [ RunTime:0.000047s ]
INFO: [ view_filter ] --END-- [ RunTime:0.000073s ]
INFO: [ app_end ] --START--
INFO: Run Behavior\ShowPageTraceBehavior [ RunTime:0.000046s ]
INFO: [ app_end ] --END-- [ RunTime:0.000076s ]

[ 2019-11-28T21:10:57+08:00 ] 10.6.0.32 /Experiment/index.php/Admin/Docker/showAllContainer
INFO: [ app_init ] --START--
INFO: Run Behavior\BuildLiteBehavior [ RunTime:0.000014s ]
INFO: [ app_init ] --END-- [ RunTime:0.000091s ]
INFO: [ app_begin ] --START--
INFO: Run Behavior\ReadHtmlCacheBehavior [ RunTime:0.000043s ]
INFO: [ app_begin ] --END-- [ RunTime:0.000087s ]
INFO: [ view_parse ] --START--
INFO: [ template_filter ] --START--
INFO: Run Behavior\ContentReplaceBehavior [ RunTime:0.000052s ]
INFO: [ template_filter ] --END-- [ RunTime:0.000094s ]
NOTIC: [8] Undefined index: container_id /home/jianhanke/Experiment/Application/Runtime/Cache/Admin/a2267acda43b486ba422b37a22173c70.php 第 54 行.
NOTIC: [8] Undefined index: container_id /home/jianhanke/Experiment/Application/Runtime/Cache/Admin/a2267acda43b486ba422b37a22173c70.php 第 56 行.
NOTIC: [8] Undefined index: container_id /home/jianhanke/Experiment/Application/Runtime/Cache/Admin/a2267acda43b486ba422b37a22173c70.php 第 54 行.
NOTIC: [8] Undefined index: container_id /home/jianhanke/Experiment/Application/Runtime/Cache/Admin/a2267acda43b486ba422b37a22173c70.php 第 56 行.
NOTIC: [8] Undefined index: container_id /home/jianhanke/Experiment/Application/Runtime/Cache/Admin/a2267acda43b486ba422b37a22173c70.php 第 54 行.
NOTIC: [8] Undefined index: container_id /home/jianhanke/Experiment/Application/Runtime/Cache/Admin/a2267acda43b486ba422b37a22173c70.php 第 56 行.
NOTIC: [8] Undefined index: container_id /home/jianhanke/Experiment/Application/Runtime/Cache/Admin/a2267acda43b486ba422b37a22173c70.php 第 54 行.
NOTIC: [8] Undefined index: container_id /home/jianhanke/Experiment/Application/Runtime/Cache/Admin/a2267acda43b486ba422b37a22173c70.php 第 56 行.
NOTIC: [8] Undefined index: container_id /home/jianhanke/Experiment/Application/Runtime/Cache/Admin/a2267acda43b486ba422b37a22173c70.php 第 54 行.
NOTIC: [8] Undefined index: container_id /home/jianhanke/Experiment/Application/Runtime/Cache/Admin/a2267acda43b486ba422b37a22173c70.php 第 56 行.
NOTIC: [8] Undefined index: container_id /home/jianhanke/Experiment/Application/Runtime/Cache/Admin/a2267acda43b486ba422b37a22173c70.php 第 54 行.
NOTIC: [8] Undefined index: container_id /home/jianhanke/Experiment/Application/Runtime/Cache/Admin/a2267acda43b486ba422b37a22173c70.php 第 56 行.
NOTIC: [8] Undefined index: container_id /home/jianhanke/Experiment/Application/Runtime/Cache/Admin/a2267acda43b486ba422b37a22173c70.php 第 54 行.
NOTIC: [8] Undefined index: container_id /home/jianhanke/Experiment/Application/Runtime/Cache/Admin/a2267acda43b486ba422b37a22173c70.php 第 56 行.
NOTIC: [8] Undefined index: container_id /home/jianhanke/Experiment/Application/Runtime/Cache/Admin/a2267acda43b486ba422b37a22173c70.php 第 54 行.
NOTIC: [8] Undefined index: container_id /home/jianhanke/Experiment/Application/Runtime/Cache/Admin/a2267acda43b486ba422b37a22173c70.php 第 56 行.
NOTIC: [8] Undefined index: container_id /home/jianhanke/Experiment/Application/Runtime/Cache/Admin/a2267acda43b486ba422b37a22173c70.php 第 54 行.
NOTIC: [8] Undefined index: container_id /home/jianhanke/Experiment/Application/Runtime/Cache/Admin/a2267acda43b486ba422b37a22173c70.php 第 56 行.
NOTIC: [8] Undefined index: container_id /home/jianhanke/Experiment/Application/Runtime/Cache/Admin/a2267acda43b486ba422b37a22173c70.php 第 54 行.
NOTIC: [8] Undefined index: container_id /home/jianhanke/Experiment/Application/Runtime/Cache/Admin/a2267acda43b486ba422b37a22173c70.php 第 56 行.
NOTIC: [8] Undefined index: container_id /home/jianhanke/Experiment/Application/Runtime/Cache/Admin/a2267acda43b486ba422b37a22173c70.php 第 54 行.
NOTIC: [8] Undefined index: container_id /home/jianhanke/Experiment/Application/Runtime/Cache/Admin/a2267acda43b486ba422b37a22173c70.php 第 56 行.
NOTIC: [8] Undefined index: container_id /home/jianhanke/Experiment/Application/Runtime/Cache/Admin/a2267acda43b486ba422b37a22173c70.php 第 54 行.
NOTIC: [8] Undefined index: container_id /home/jianhanke/Experiment/Application/Runtime/Cache/Admin/a2267acda43b486ba422b37a22173c70.php 第 56 行.
NOTIC: [8] Undefined index: container_id /home/jianhanke/Experiment/Application/Runtime/Cache/Admin/a2267acda43b486ba422b37a22173c70.php 第 54 行.
NOTIC: [8] Undefined index: container_id /home/jianhanke/Experiment/Application/Runtime/Cache/Admin/a2267acda43b486ba422b37a22173c70.php 第 56 行.
NOTIC: [8] Undefined index: container_id /home/jianhanke/Experiment/Application/Runtime/Cache/Admin/a2267acda43b486ba422b37a22173c70.php 第 54 行.
NOTIC: [8] Undefined index: container_id /home/jianhanke/Experiment/Application/Runtime/Cache/Admin/a2267acda43b486ba422b37a22173c70.php 第 56 行.
NOTIC: [8] Undefined index: container_id /home/jianhanke/Experiment/Application/Runtime/Cache/Admin/a2267acda43b486ba422b37a22173c70.php 第 54 行.
NOTIC: [8] Undefined index: container_id /home/jianhanke/Experiment/Application/Runtime/Cache/Admin/a2267acda43b486ba422b37a22173c70.php 第 56 行.
NOTIC: [8] Undefined index: container_id /home/jianhanke/Experiment/Application/Runtime/Cache/Admin/a2267acda43b486ba422b37a22173c70.php 第 54 行.
NOTIC: [8] Undefined index: container_id /home/jianhanke/Experiment/Application/Runtime/Cache/Admin/a2267acda43b486ba422b37a22173c70.php 第 56 行.
NOTIC: [8] Undefined index: container_id /home/jianhanke/Experiment/Application/Runtime/Cache/Admin/a2267acda43b486ba422b37a22173c70.php 第 54 行.
NOTIC: [8] Undefined index: container_id /home/jianhanke/Experiment/Application/Runtime/Cache/Admin/a2267acda43b486ba422b37a22173c70.php 第 56 行.
NOTIC: [8] Undefined index: container_id /home/jianhanke/Experiment/Application/Runtime/Cache/Admin/a2267acda43b486ba422b37a22173c70.php 第 54 行.
NOTIC: [8] Undefined index: container_id /home/jianhanke/Experiment/Application/Runtime/Cache/Admin/a2267acda43b486ba422b37a22173c70.php 第 56 行.
NOTIC: [8] Undefined index: container_id /home/jianhanke/Experiment/Application/Runtime/Cache/Admin/a2267acda43b486ba422b37a22173c70.php 第 54 行.
NOTIC: [8] Undefined index: container_id /home/jianhanke/Experiment/Application/Runtime/Cache/Admin/a2267acda43b486ba422b37a22173c70.php 第 56 行.
NOTIC: [8] Undefined index: container_id /home/jianhanke/Experiment/Application/Runtime/Cache/Admin/a2267acda43b486ba422b37a22173c70.php 第 60 行.
NOTIC: [8] Undefined index: container_id /home/jianhanke/Experiment/Application/Runtime/Cache/Admin/a2267acda43b486ba422b37a22173c70.php 第 60 行.
NOTIC: [8] Undefined index: container_id /home/jianhanke/Experiment/Application/Runtime/Cache/Admin/a2267acda43b486ba422b37a22173c70.php 第 60 行.
NOTIC: [8] Undefined index: container_id /home/jianhanke/Experiment/Application/Runtime/Cache/Admin/a2267acda43b486ba422b37a22173c70.php 第 60 行.
NOTIC: [8] Undefined index: container_id /home/jianhanke/Experiment/Application/Runtime/Cache/Admin/a2267acda43b486ba422b37a22173c70.php 第 60 行.
NOTIC: [8] Undefined index: container_id /home/jianhanke/Experiment/Application/Runtime/Cache/Admin/a2267acda43b486ba422b37a22173c70.php 第 60 行.
NOTIC: [8] Undefined index: container_id /home/jianhanke/Experiment/Application/Runtime/Cache/Admin/a2267acda43b486ba422b37a22173c70.php 第 60 行.
NOTIC: [8] Undefined index: container_id /home/jianhanke/Experiment/Application/Runtime/Cache/Admin/a2267acda43b486ba422b37a22173c70.php 第 60 行.
NOTIC: [8] Undefined index: container_id /home/jianhanke/Experiment/Application/Runtime/Cache/Admin/a2267acda43b486ba422b37a22173c70.php 第 54 行.
NOTIC: [8] Undefined index: container_id /home/jianhanke/Experiment/Application/Runtime/Cache/Admin/a2267acda43b486ba422b37a22173c70.php 第 56 行.
NOTIC: [8] Undefined index: container_id /home/jianhanke/Experiment/Application/Runtime/Cache/Admin/a2267acda43b486ba422b37a22173c70.php 第 54 行.
NOTIC: [8] Undefined index: container_id /home/jianhanke/Experiment/Application/Runtime/Cache/Admin/a2267acda43b486ba422b37a22173c70.php 第 56 行.
NOTIC: [8] Undefined index: container_id /home/jianhanke/Experiment/Application/Runtime/Cache/Admin/a2267acda43b486ba422b37a22173c70.php 第 60 行.
NOTIC: [8] Undefined index: container_id /home/jianhanke/Experiment/Application/Runtime/Cache/Admin/a2267acda43b486ba422b37a22173c70.php 第 60 行.
NOTIC: [8] Undefined index: container_id /home/jianhanke/Experiment/Application/Runtime/Cache/Admin/a2267acda43b486ba422b37a22173c70.php 第 60 行.
NOTIC: [8] Undefined index: container_id /home/jianhanke/Experiment/Application/Runtime/Cache/Admin/a2267acda43b486ba422b37a22173c70.php 第 60 行.
NOTIC: [8] Undefined index: myNet /home/jianhanke/Experiment/Application/Runtime/Cache/Admin/a2267acda43b486ba422b37a22173c70.php 第 47 行.
NOTIC: [8] Undefined index: container_id /home/jianhanke/Experiment/Application/Runtime/Cache/Admin/a2267acda43b486ba422b37a22173c70.php 第 60 行.
NOTIC: [8] Undefined index: myNet /home/jianhanke/Experiment/Application/Runtime/Cache/Admin/a2267acda43b486ba422b37a22173c70.php 第 47 行.
NOTIC: [8] Undefined index: container_id /home/jianhanke/Experiment/Application/Runtime/Cache/Admin/a2267acda43b486ba422b37a22173c70.php 第 60 行.
NOTIC: [8] Undefined index: myNet /home/jianhanke/Experiment/Application/Runtime/Cache/Admin/a2267acda43b486ba422b37a22173c70.php 第 47 行.
NOTIC: [8] Undefined index: container_id /home/jianhanke/Experiment/Application/Runtime/Cache/Admin/a2267acda43b486ba422b37a22173c70.php 第 60 行.
NOTIC: [8] Undefined index: myNet /home/jianhanke/Experiment/Application/Runtime/Cache/Admin/a2267acda43b486ba422b37a22173c70.php 第 47 行.
NOTIC: [8] Undefined index: container_id /home/jianhanke/Experiment/Application/Runtime/Cache/Admin/a2267acda43b486ba422b37a22173c70.php 第 54 行.
NOTIC: [8] Undefined index: container_id /home/jianhanke/Experiment/Application/Runtime/Cache/Admin/a2267acda43b486ba422b37a22173c70.php 第 56 行.
NOTIC: [8] Undefined index: myNet /home/jianhanke/Experiment/Application/Runtime/Cache/Admin/a2267acda43b486ba422b37a22173c70.php 第 47 行.
NOTIC: [8] Undefined index: container_id /home/jianhanke/Experiment/Application/Runtime/Cache/Admin/a2267acda43b486ba422b37a22173c70.php 第 54 行.
NOTIC: [8] Undefined index: container_id /home/jianhanke/Experiment/Application/Runtime/Cache/Admin/a2267acda43b486ba422b37a22173c70.php 第 56 行.
NOTIC: [8] Undefined index: myNet /home/jianhanke/Experiment/Application/Runtime/Cache/Admin/a2267acda43b486ba422b37a22173c70.php 第 47 行.
NOTIC: [8] Undefined index: container_id /home/jianhanke/Experiment/Application/Runtime/Cache/Admin/a2267acda43b486ba422b37a22173c70.php 第 54 行.
NOTIC: [8] Undefined index: container_id /home/jianhanke/Experiment/Application/Runtime/Cache/Admin/a2267acda43b486ba422b37a22173c70.php 第 56 行.
NOTIC: [8] Undefined index: myNet /home/jianhanke/Experiment/Application/Runtime/Cache/Admin/a2267acda43b486ba422b37a22173c70.php 第 47 行.
NOTIC: [8] Undefined index: container_id /home/jianhanke/Experiment/Application/Runtime/Cache/Admin/a2267acda43b486ba422b37a22173c70.php 第 54 行.
NOTIC: [8] Undefined index: container_id /home/jianhanke/Experiment/Application/Runtime/Cache/Admin/a2267acda43b486ba422b37a22173c70.php 第 56 行.
NOTIC: [8] Undefined index: container_id /home/jianhanke/Experiment/Application/Runtime/Cache/Admin/a2267acda43b486ba422b37a22173c70.php 第 60 行.
NOTIC: [8] Undefined index: myNet /home/jianhanke/Experiment/Application/Runtime/Cache/Admin/a2267acda43b486ba422b37a22173c70.php 第 47 行.
NOTIC: [8] Undefined index: container_id /home/jianhanke/Experiment/Application/Runtime/Cache/Admin/a2267acda43b486ba422b37a22173c70.php 第 60 行.
NOTIC: [8] Undefined index: myNet /home/jianhanke/Experiment/Application/Runtime/Cache/Admin/a2267acda43b486ba422b37a22173c70.php 第 47 行.
NOTIC: [8] Undefined index: container_id /home/jianhanke/Experiment/Application/Runtime/Cache/Admin/a2267acda43b486ba422b37a22173c70.php 第 60 行.
NOTIC: [8] Undefined index: myNet /home/jianhanke/Experiment/Application/Runtime/Cache/Admin/a2267acda43b486ba422b37a22173c70.php 第 47 行.
NOTIC: [8] Undefined index: container_id /home/jianhanke/Experiment/Application/Runtime/Cache/Admin/a2267acda43b486ba422b37a22173c70.php 第 60 行.
NOTIC: [8] Undefined index: myNet /home/jianhanke/Experiment/Application/Runtime/Cache/Admin/a2267acda43b486ba422b37a22173c70.php 第 47 行.
NOTIC: [8] Undefined index: container_id /home/jianhanke/Experiment/Application/Runtime/Cache/Admin/a2267acda43b486ba422b37a22173c70.php 第 60 行.
NOTIC: [8] Undefined index: myNet /home/jianhanke/Experiment/Application/Runtime/Cache/Admin/a2267acda43b486ba422b37a22173c70.php 第 47 行.
NOTIC: [8] Undefined index: container_id /home/jianhanke/Experiment/Application/Runtime/Cache/Admin/a2267acda43b486ba422b37a22173c70.php 第 60 行.
NOTIC: [8] Undefined variable: count /home/jianhanke/Experiment/Application/Runtime/Cache/Admin/a2267acda43b486ba422b37a22173c70.php 第 72 行.
INFO: Run Behavior\ParseTemplateBehavior [ RunTime:0.005449s ]
INFO: [ view_parse ] --END-- [ RunTime:0.005495s ]
INFO: [ view_filter ] --START--
INFO: Run Behavior\WriteHtmlCacheBehavior [ RunTime:0.000038s ]
INFO: [ view_filter ] --END-- [ RunTime:0.000064s ]
INFO: [ app_end ] --START--
INFO: Run Behavior\ShowPageTraceBehavior [ RunTime:0.000038s ]
INFO: [ app_end ] --END-- [ RunTime:0.000071s ]

[ 2019-11-28T21:10:58+08:00 ] 10.6.0.32 /Experiment/index.php/Admin/Docker/addImage
INFO: [ app_init ] --START--
INFO: Run Behavior\BuildLiteBehavior [ RunTime:0.000016s ]
INFO: [ app_init ] --END-- [ RunTime:0.000100s ]
INFO: [ app_begin ] --START--
INFO: Run Behavior\ReadHtmlCacheBehavior [ RunTime:0.000046s ]
INFO: [ app_begin ] --END-- [ RunTime:0.000094s ]
INFO: [ view_parse ] --START--
INFO: [ template_filter ] --START--
INFO: Run Behavior\ContentReplaceBehavior [ RunTime:0.000058s ]
INFO: [ template_filter ] --END-- [ RunTime:0.000125s ]
INFO: Run Behavior\ParseTemplateBehavior [ RunTime:0.002612s ]
INFO: [ view_parse ] --END-- [ RunTime:0.002661s ]
INFO: [ view_filter ] --START--
INFO: Run Behavior\WriteHtmlCacheBehavior [ RunTime:0.000044s ]
INFO: [ view_filter ] --END-- [ RunTime:0.000075s ]
INFO: [ app_end ] --START--
INFO: Run Behavior\ShowPageTraceBehavior [ RunTime:0.000039s ]
INFO: [ app_end ] --END-- [ RunTime:0.000070s ]

[ 2019-11-28T21:10:59+08:00 ] 10.6.0.32 /Experiment/index.php/Admin/Docker/dockerController
INFO: [ app_init ] --START--
INFO: Run Behavior\BuildLiteBehavior [ RunTime:0.000015s ]
INFO: [ app_init ] --END-- [ RunTime:0.000094s ]
INFO: [ app_begin ] --START--
INFO: Run Behavior\ReadHtmlCacheBehavior [ RunTime:0.000040s ]
INFO: [ app_begin ] --END-- [ RunTime:0.000080s ]
INFO: [ view_parse ] --START--
INFO: [ template_filter ] --START--
INFO: Run Behavior\ContentReplaceBehavior [ RunTime:0.000041s ]
INFO: [ template_filter ] --END-- [ RunTime:0.000093s ]
INFO: Run Behavior\ParseTemplateBehavior [ RunTime:0.002216s ]
INFO: [ view_parse ] --END-- [ RunTime:0.002262s ]
INFO: [ view_filter ] --START--
INFO: Run Behavior\WriteHtmlCacheBehavior [ RunTime:0.000044s ]
INFO: [ view_filter ] --END-- [ RunTime:0.000073s ]
INFO: [ app_end ] --START--
INFO: Run Behavior\ShowPageTraceBehavior [ RunTime:0.000034s ]
INFO: [ app_end ] --END-- [ RunTime:0.000065s ]

[ 2019-11-28T21:10:59+08:00 ] 10.6.0.32 /Experiment/index.php/Admin/Docker/chooseMakeImage
INFO: [ app_init ] --START--
INFO: Run Behavior\BuildLiteBehavior [ RunTime:0.000012s ]
INFO: [ app_init ] --END-- [ RunTime:0.000085s ]
INFO: [ app_begin ] --START--
INFO: Run Behavior\ReadHtmlCacheBehavior [ RunTime:0.000040s ]
INFO: [ app_begin ] --END-- [ RunTime:0.000079s ]
INFO: [ view_parse ] --START--
INFO: [ template_filter ] --START--
INFO: Run Behavior\ContentReplaceBehavior [ RunTime:0.000042s ]
INFO: [ template_filter ] --END-- [ RunTime:0.000090s ]
INFO: Run Behavior\ParseTemplateBehavior [ RunTime:0.001461s ]
INFO: [ view_parse ] --END-- [ RunTime:0.001510s ]
INFO: [ view_filter ] --START--
INFO: Run Behavior\WriteHtmlCacheBehavior [ RunTime:0.000042s ]
INFO: [ view_filter ] --END-- [ RunTime:0.000071s ]
INFO: [ app_end ] --START--
INFO: Run Behavior\ShowPageTraceBehavior [ RunTime:0.000035s ]
INFO: [ app_end ] --END-- [ RunTime:0.000066s ]

[ 2019-11-28T21:11:00+08:00 ] 10.6.0.32 /Experiment/index.php/Admin/Student/showStudent
INFO: [ app_init ] --START--
INFO: Run Behavior\BuildLiteBehavior [ RunTime:0.000017s ]
INFO: [ app_init ] --END-- [ RunTime:0.000116s ]
INFO: [ app_begin ] --START--
INFO: Run Behavior\ReadHtmlCacheBehavior [ RunTime:0.000057s ]
INFO: [ app_begin ] --END-- [ RunTime:0.000101s ]
SQL: SHOW COLUMNS FROM `student` [ RunTime:0.0013s ]
SQL: SELECT * FROM `student`  [ RunTime:0.0003s ]
SQL: SELECT COUNT(*) AS tp_count FROM `student` LIMIT 1   [ RunTime:0.0002s ]
INFO: [ view_parse ] --START--
INFO: [ template_filter ] --START--
INFO: Run Behavior\ContentReplaceBehavior [ RunTime:0.000049s ]
INFO: [ template_filter ] --END-- [ RunTime:0.000082s ]
INFO: Run Behavior\ParseTemplateBehavior [ RunTime:0.004320s ]
INFO: [ view_parse ] --END-- [ RunTime:0.004362s ]
INFO: [ view_filter ] --START--
INFO: Run Behavior\WriteHtmlCacheBehavior [ RunTime:0.000040s ]
INFO: [ view_filter ] --END-- [ RunTime:0.000063s ]
INFO: [ app_end ] --START--
INFO: Run Behavior\ShowPageTraceBehavior [ RunTime:0.000050s ]
INFO: [ app_end ] --END-- [ RunTime:0.000082s ]

[ 2019-11-28T21:11:02+08:00 ] 10.6.0.32 /Experiment/index.php/Admin/Class/showAllClassInfo
INFO: [ app_init ] --START--
INFO: Run Behavior\BuildLiteBehavior [ RunTime:0.000018s ]
INFO: [ app_init ] --END-- [ RunTime:0.000115s ]
INFO: [ app_begin ] --START--
INFO: Run Behavior\ReadHtmlCacheBehavior [ RunTime:0.000047s ]
INFO: [ app_begin ] --END-- [ RunTime:0.000095s ]
SQL: SHOW COLUMNS FROM `view_classwithdepartment` [ RunTime:0.0012s ]
SQL: SELECT * FROM `view_classwithdepartment`  [ RunTime:0.0005s ]
SQL: SELECT COUNT(*) AS tp_count FROM `view_classwithdepartment` LIMIT 1   [ RunTime:0.0003s ]
INFO: [ view_parse ] --START--
INFO: [ template_filter ] --START--
INFO: Run Behavior\ContentReplaceBehavior [ RunTime:0.000069s ]
INFO: [ template_filter ] --END-- [ RunTime:0.000123s ]
INFO: Run Behavior\ParseTemplateBehavior [ RunTime:0.005724s ]
INFO: [ view_parse ] --END-- [ RunTime:0.005780s ]
INFO: [ view_filter ] --START--
INFO: Run Behavior\WriteHtmlCacheBehavior [ RunTime:0.000048s ]
INFO: [ view_filter ] --END-- [ RunTime:0.000084s ]
INFO: [ app_end ] --START--
INFO: Run Behavior\ShowPageTraceBehavior [ RunTime:0.000040s ]
INFO: [ app_end ] --END-- [ RunTime:0.000076s ]

[ 2019-11-28T21:11:03+08:00 ] 10.6.0.32 /Experiment/index.php/Admin/Class/addClassInfo
INFO: [ app_init ] --START--
INFO: Run Behavior\BuildLiteBehavior [ RunTime:0.000015s ]
INFO: [ app_init ] --END-- [ RunTime:0.000113s ]
INFO: [ app_begin ] --START--
INFO: Run Behavior\ReadHtmlCacheBehavior [ RunTime:0.000060s ]
INFO: [ app_begin ] --END-- [ RunTime:0.000112s ]
SQL: SHOW COLUMNS FROM `department` [ RunTime:0.0016s ]
SQL: SELECT * FROM `department`  [ RunTime:0.0001s ]
INFO: [ view_parse ] --START--
INFO: [ template_filter ] --START--
INFO: Run Behavior\ContentReplaceBehavior [ RunTime:0.000041s ]
INFO: [ template_filter ] --END-- [ RunTime:0.000076s ]
INFO: Run Behavior\ParseTemplateBehavior [ RunTime:0.003324s ]
INFO: [ view_parse ] --END-- [ RunTime:0.003368s ]
INFO: [ view_filter ] --START--
INFO: Run Behavior\WriteHtmlCacheBehavior [ RunTime:0.000039s ]
INFO: [ view_filter ] --END-- [ RunTime:0.000060s ]
INFO: [ app_end ] --START--
INFO: Run Behavior\ShowPageTraceBehavior [ RunTime:0.000033s ]
INFO: [ app_end ] --END-- [ RunTime:0.000053s ]

