[ 2019-12-04T20:02:35+08:00 ] 10.6.0.32 /Experiment/index.php/Admin/Index/index
INFO: [ app_init ] --START--
INFO: Run Behavior\BuildLiteBehavior [ RunTime:0.000017s ]
INFO: [ app_init ] --END-- [ RunTime:0.000123s ]
INFO: [ app_begin ] --START--
INFO: Run Behavior\ReadHtmlCacheBehavior [ RunTime:0.000056s ]
INFO: [ app_begin ] --END-- [ RunTime:0.000102s ]

[ 2019-12-04T20:03:15+08:00 ] 10.6.0.32 /Experiment/index.php/Admin/Index/index
INFO: [ app_init ] --START--
INFO: Run Behavior\BuildLiteBehavior [ RunTime:0.000016s ]
INFO: [ app_init ] --END-- [ RunTime:0.000120s ]
INFO: [ app_begin ] --START--
INFO: Run Behavior\ReadHtmlCacheBehavior [ RunTime:0.000053s ]
INFO: [ app_begin ] --END-- [ RunTime:0.000098s ]

[ 2019-12-04T20:03:15+08:00 ] 10.6.0.32 /Experiment/index.php/Admin/Login/login
INFO: [ app_init ] --START--
INFO: Run Behavior\BuildLiteBehavior [ RunTime:0.000013s ]
INFO: [ app_init ] --END-- [ RunTime:0.000087s ]
INFO: [ app_begin ] --START--
INFO: Run Behavior\ReadHtmlCacheBehavior [ RunTime:0.000044s ]
INFO: [ app_begin ] --END-- [ RunTime:0.000084s ]
INFO: [ view_parse ] --START--
INFO: [ template_filter ] --START--
INFO: Run Behavior\ContentReplaceBehavior [ RunTime:0.000058s ]
INFO: [ template_filter ] --END-- [ RunTime:0.000109s ]
INFO: Run Behavior\ParseTemplateBehavior [ RunTime:0.002337s ]
INFO: [ view_parse ] --END-- [ RunTime:0.002385s ]
INFO: [ view_filter ] --START--
INFO: Run Behavior\WriteHtmlCacheBehavior [ RunTime:0.000054s ]
INFO: [ view_filter ] --END-- [ RunTime:0.000083s ]
INFO: [ app_end ] --START--
INFO: Run Behavior\ShowPageTraceBehavior [ RunTime:0.000044s ]
INFO: [ app_end ] --END-- [ RunTime:0.000075s ]

[ 2019-12-04T20:07:57+08:00 ] 10.6.0.32 /Experiment/index.php/Admin/Index/index
INFO: [ app_init ] --START--
INFO: Run Behavior\BuildLiteBehavior [ RunTime:0.000017s ]
INFO: [ app_init ] --END-- [ RunTime:0.000114s ]
INFO: [ app_begin ] --START--
INFO: Run Behavior\ReadHtmlCacheBehavior [ RunTime:0.000052s ]
INFO: [ app_begin ] --END-- [ RunTime:0.000095s ]

[ 2019-12-04T20:07:57+08:00 ] 10.6.0.32 /Experiment/index.php/Admin/Login/login
INFO: [ app_init ] --START--
INFO: Run Behavior\BuildLiteBehavior [ RunTime:0.000010s ]
INFO: [ app_init ] --END-- [ RunTime:0.000064s ]
INFO: [ app_begin ] --START--
INFO: Run Behavior\ReadHtmlCacheBehavior [ RunTime:0.000032s ]
INFO: [ app_begin ] --END-- [ RunTime:0.000064s ]
INFO: [ view_parse ] --START--
INFO: [ template_filter ] --START--
INFO: Run Behavior\ContentReplaceBehavior [ RunTime:0.000047s ]
INFO: [ template_filter ] --END-- [ RunTime:0.000083s ]
INFO: Run Behavior\ParseTemplateBehavior [ RunTime:0.001445s ]
INFO: [ view_parse ] --END-- [ RunTime:0.001484s ]
INFO: [ view_filter ] --START--
INFO: Run Behavior\WriteHtmlCacheBehavior [ RunTime:0.000044s ]
INFO: [ view_filter ] --END-- [ RunTime:0.000068s ]
INFO: [ app_end ] --START--
INFO: Run Behavior\ShowPageTraceBehavior [ RunTime:0.000037s ]
INFO: [ app_end ] --END-- [ RunTime:0.000062s ]

[ 2019-12-04T20:07:58+08:00 ] 10.6.0.32 /Experiment/index.php/Admin/Login/login
INFO: [ app_init ] --START--
INFO: Run Behavior\BuildLiteBehavior [ RunTime:0.000014s ]
INFO: [ app_init ] --END-- [ RunTime:0.000096s ]
INFO: [ app_begin ] --START--
INFO: Run Behavior\ReadHtmlCacheBehavior [ RunTime:0.000040s ]
INFO: [ app_begin ] --END-- [ RunTime:0.000082s ]
SQL: SHOW COLUMNS FROM `admin` [ RunTime:0.0007s ]
SQL: SELECT * FROM `admin` WHERE `Aid` = 1 AND `Apwd` = '1' LIMIT 1   [ RunTime:0.0001s ]

[ 2019-12-04T20:07:58+08:00 ] 10.6.0.32 /Experiment/index.php/Admin/Index/index
INFO: [ app_init ] --START--
INFO: Run Behavior\BuildLiteBehavior [ RunTime:0.000012s ]
INFO: [ app_init ] --END-- [ RunTime:0.000079s ]
INFO: [ app_begin ] --START--
INFO: Run Behavior\ReadHtmlCacheBehavior [ RunTime:0.000038s ]
INFO: [ app_begin ] --END-- [ RunTime:0.000078s ]
INFO: [ view_parse ] --START--
INFO: [ template_filter ] --START--
INFO: Run Behavior\ContentReplaceBehavior [ RunTime:0.000057s ]
INFO: [ template_filter ] --END-- [ RunTime:0.000104s ]
INFO: Run Behavior\ParseTemplateBehavior [ RunTime:0.004838s ]
INFO: [ view_parse ] --END-- [ RunTime:0.004885s ]
INFO: [ view_filter ] --START--
INFO: Run Behavior\WriteHtmlCacheBehavior [ RunTime:0.000045s ]
INFO: [ view_filter ] --END-- [ RunTime:0.000075s ]
INFO: [ app_end ] --START--
INFO: Run Behavior\ShowPageTraceBehavior [ RunTime:0.000038s ]
INFO: [ app_end ] --END-- [ RunTime:0.000070s ]

[ 2019-12-04T20:07:58+08:00 ] 10.6.0.32 /Experiment/index.php/Admin/Index/home
INFO: [ app_init ] --START--
INFO: Run Behavior\BuildLiteBehavior [ RunTime:0.000011s ]
INFO: [ app_init ] --END-- [ RunTime:0.000078s ]
INFO: [ app_begin ] --START--
INFO: Run Behavior\ReadHtmlCacheBehavior [ RunTime:0.000040s ]
INFO: [ app_begin ] --END-- [ RunTime:0.000082s ]
INFO: [ view_parse ] --START--
INFO: [ template_filter ] --START--
INFO: Run Behavior\ContentReplaceBehavior [ RunTime:0.000037s ]
INFO: [ template_filter ] --END-- [ RunTime:0.000082s ]
INFO: Run Behavior\ParseTemplateBehavior [ RunTime:0.001139s ]
INFO: [ view_parse ] --END-- [ RunTime:0.001189s ]
INFO: [ view_filter ] --START--
INFO: Run Behavior\WriteHtmlCacheBehavior [ RunTime:0.000040s ]
INFO: [ view_filter ] --END-- [ RunTime:0.000069s ]
INFO: [ app_end ] --START--
INFO: Run Behavior\ShowPageTraceBehavior [ RunTime:0.000032s ]
INFO: [ app_end ] --END-- [ RunTime:0.000062s ]

[ 2019-12-04T20:07:59+08:00 ] 10.6.0.32 /Experiment/index.php/Admin/Docker/handleContainer
INFO: [ app_init ] --START--
INFO: Run Behavior\BuildLiteBehavior [ RunTime:0.000019s ]
INFO: [ app_init ] --END-- [ RunTime:0.000113s ]
INFO: [ app_begin ] --START--
INFO: Run Behavior\ReadHtmlCacheBehavior [ RunTime:0.000049s ]
INFO: [ app_begin ] --END-- [ RunTime:0.000096s ]
SQL: SHOW COLUMNS FROM `docker_container` [ RunTime:0.0007s ]
SQL: SELECT * FROM `docker_container` ORDER BY id desc  [ RunTime:0.0004s ]
SQL: SELECT COUNT(*) AS tp_count FROM `docker_container` LIMIT 1   [ RunTime:0.0003s ]
INFO: [ view_parse ] --START--
INFO: [ template_filter ] --START--
INFO: Run Behavior\ContentReplaceBehavior [ RunTime:0.000060s ]
INFO: [ template_filter ] --END-- [ RunTime:0.000103s ]
INFO: Run Behavior\ParseTemplateBehavior [ RunTime:0.003426s ]
INFO: [ view_parse ] --END-- [ RunTime:0.003472s ]
INFO: [ view_filter ] --START--
INFO: Run Behavior\WriteHtmlCacheBehavior [ RunTime:0.000038s ]
INFO: [ view_filter ] --END-- [ RunTime:0.000065s ]
INFO: [ app_end ] --START--
INFO: Run Behavior\ShowPageTraceBehavior [ RunTime:0.000041s ]
INFO: [ app_end ] --END-- [ RunTime:0.000075s ]

[ 2019-12-04T20:08:00+08:00 ] 10.6.0.32 /Experiment/index.php/Admin/Docker/showAllContainer
INFO: [ app_init ] --START--
INFO: Run Behavior\BuildLiteBehavior [ RunTime:0.000016s ]
INFO: [ app_init ] --END-- [ RunTime:0.000102s ]
INFO: [ app_begin ] --START--
INFO: Run Behavior\ReadHtmlCacheBehavior [ RunTime:0.000048s ]
INFO: [ app_begin ] --END-- [ RunTime:0.000089s ]
INFO: [ view_parse ] --START--
INFO: [ template_filter ] --START--
INFO: Run Behavior\ContentReplaceBehavior [ RunTime:0.000054s ]
INFO: [ template_filter ] --END-- [ RunTime:0.000096s ]
NOTIC: [8] Undefined index: container_id /home/jianhanke/Experiment/Application/Runtime/Cache/Admin/a2267acda43b486ba422b37a22173c70.php 第 54 行.
NOTIC: [8] Undefined index: container_id /home/jianhanke/Experiment/Application/Runtime/Cache/Admin/a2267acda43b486ba422b37a22173c70.php 第 56 行.
NOTIC: [8] Undefined index: container_id /home/jianhanke/Experiment/Application/Runtime/Cache/Admin/a2267acda43b486ba422b37a22173c70.php 第 54 行.
NOTIC: [8] Undefined index: container_id /home/jianhanke/Experiment/Application/Runtime/Cache/Admin/a2267acda43b486ba422b37a22173c70.php 第 56 行.
NOTIC: [8] Undefined index: container_id /home/jianhanke/Experiment/Application/Runtime/Cache/Admin/a2267acda43b486ba422b37a22173c70.php 第 54 行.
NOTIC: [8] Undefined index: container_id /home/jianhanke/Experiment/Application/Runtime/Cache/Admin/a2267acda43b486ba422b37a22173c70.php 第 56 行.
NOTIC: [8] Undefined index: container_id /home/jianhanke/Experiment/Application/Runtime/Cache/Admin/a2267acda43b486ba422b37a22173c70.php 第 54 行.
NOTIC: [8] Undefined index: container_id /home/jianhanke/Experiment/Application/Runtime/Cache/Admin/a2267acda43b486ba422b37a22173c70.php 第 56 行.
NOTIC: [8] Undefined index: container_id /home/jianhanke/Experiment/Application/Runtime/Cache/Admin/a2267acda43b486ba422b37a22173c70.php 第 54 行.
NOTIC: [8] Undefined index: container_id /home/jianhanke/Experiment/Application/Runtime/Cache/Admin/a2267acda43b486ba422b37a22173c70.php 第 56 行.
NOTIC: [8] Undefined index: container_id /home/jianhanke/Experiment/Application/Runtime/Cache/Admin/a2267acda43b486ba422b37a22173c70.php 第 54 行.
NOTIC: [8] Undefined index: container_id /home/jianhanke/Experiment/Application/Runtime/Cache/Admin/a2267acda43b486ba422b37a22173c70.php 第 56 行.
NOTIC: [8] Undefined index: container_id /home/jianhanke/Experiment/Application/Runtime/Cache/Admin/a2267acda43b486ba422b37a22173c70.php 第 60 行.
NOTIC: [8] Undefined index: container_id /home/jianhanke/Experiment/Application/Runtime/Cache/Admin/a2267acda43b486ba422b37a22173c70.php 第 54 行.
NOTIC: [8] Undefined index: container_id /home/jianhanke/Experiment/Application/Runtime/Cache/Admin/a2267acda43b486ba422b37a22173c70.php 第 56 行.
NOTIC: [8] Undefined index: container_id /home/jianhanke/Experiment/Application/Runtime/Cache/Admin/a2267acda43b486ba422b37a22173c70.php 第 54 行.
NOTIC: [8] Undefined index: container_id /home/jianhanke/Experiment/Application/Runtime/Cache/Admin/a2267acda43b486ba422b37a22173c70.php 第 56 行.
NOTIC: [8] Undefined index: container_id /home/jianhanke/Experiment/Application/Runtime/Cache/Admin/a2267acda43b486ba422b37a22173c70.php 第 54 行.
NOTIC: [8] Undefined index: container_id /home/jianhanke/Experiment/Application/Runtime/Cache/Admin/a2267acda43b486ba422b37a22173c70.php 第 56 行.
NOTIC: [8] Undefined index: container_id /home/jianhanke/Experiment/Application/Runtime/Cache/Admin/a2267acda43b486ba422b37a22173c70.php 第 54 行.
NOTIC: [8] Undefined index: container_id /home/jianhanke/Experiment/Application/Runtime/Cache/Admin/a2267acda43b486ba422b37a22173c70.php 第 56 行.
NOTIC: [8] Undefined index: container_id /home/jianhanke/Experiment/Application/Runtime/Cache/Admin/a2267acda43b486ba422b37a22173c70.php 第 54 行.
NOTIC: [8] Undefined index: container_id /home/jianhanke/Experiment/Application/Runtime/Cache/Admin/a2267acda43b486ba422b37a22173c70.php 第 56 行.
NOTIC: [8] Undefined index: container_id /home/jianhanke/Experiment/Application/Runtime/Cache/Admin/a2267acda43b486ba422b37a22173c70.php 第 54 行.
NOTIC: [8] Undefined index: container_id /home/jianhanke/Experiment/Application/Runtime/Cache/Admin/a2267acda43b486ba422b37a22173c70.php 第 56 行.
NOTIC: [8] Undefined index: container_id /home/jianhanke/Experiment/Application/Runtime/Cache/Admin/a2267acda43b486ba422b37a22173c70.php 第 54 行.
NOTIC: [8] Undefined index: container_id /home/jianhanke/Experiment/Application/Runtime/Cache/Admin/a2267acda43b486ba422b37a22173c70.php 第 56 行.
NOTIC: [8] Undefined index: container_id /home/jianhanke/Experiment/Application/Runtime/Cache/Admin/a2267acda43b486ba422b37a22173c70.php 第 54 行.
NOTIC: [8] Undefined index: container_id /home/jianhanke/Experiment/Application/Runtime/Cache/Admin/a2267acda43b486ba422b37a22173c70.php 第 56 行.
NOTIC: [8] Undefined index: container_id /home/jianhanke/Experiment/Application/Runtime/Cache/Admin/a2267acda43b486ba422b37a22173c70.php 第 54 行.
NOTIC: [8] Undefined index: container_id /home/jianhanke/Experiment/Application/Runtime/Cache/Admin/a2267acda43b486ba422b37a22173c70.php 第 56 行.
NOTIC: [8] Undefined index: container_id /home/jianhanke/Experiment/Application/Runtime/Cache/Admin/a2267acda43b486ba422b37a22173c70.php 第 54 行.
NOTIC: [8] Undefined index: container_id /home/jianhanke/Experiment/Application/Runtime/Cache/Admin/a2267acda43b486ba422b37a22173c70.php 第 56 行.
NOTIC: [8] Undefined index: container_id /home/jianhanke/Experiment/Application/Runtime/Cache/Admin/a2267acda43b486ba422b37a22173c70.php 第 60 行.
NOTIC: [8] Undefined index: container_id /home/jianhanke/Experiment/Application/Runtime/Cache/Admin/a2267acda43b486ba422b37a22173c70.php 第 60 行.
NOTIC: [8] Undefined index: container_id /home/jianhanke/Experiment/Application/Runtime/Cache/Admin/a2267acda43b486ba422b37a22173c70.php 第 54 行.
NOTIC: [8] Undefined index: container_id /home/jianhanke/Experiment/Application/Runtime/Cache/Admin/a2267acda43b486ba422b37a22173c70.php 第 56 行.
NOTIC: [8] Undefined index: container_id /home/jianhanke/Experiment/Application/Runtime/Cache/Admin/a2267acda43b486ba422b37a22173c70.php 第 54 行.
NOTIC: [8] Undefined index: container_id /home/jianhanke/Experiment/Application/Runtime/Cache/Admin/a2267acda43b486ba422b37a22173c70.php 第 56 行.
NOTIC: [8] Undefined index: container_id /home/jianhanke/Experiment/Application/Runtime/Cache/Admin/a2267acda43b486ba422b37a22173c70.php 第 54 行.
NOTIC: [8] Undefined index: container_id /home/jianhanke/Experiment/Application/Runtime/Cache/Admin/a2267acda43b486ba422b37a22173c70.php 第 56 行.
NOTIC: [8] Undefined index: container_id /home/jianhanke/Experiment/Application/Runtime/Cache/Admin/a2267acda43b486ba422b37a22173c70.php 第 54 行.
NOTIC: [8] Undefined index: container_id /home/jianhanke/Experiment/Application/Runtime/Cache/Admin/a2267acda43b486ba422b37a22173c70.php 第 56 行.
NOTIC: [8] Undefined index: container_id /home/jianhanke/Experiment/Application/Runtime/Cache/Admin/a2267acda43b486ba422b37a22173c70.php 第 54 行.
NOTIC: [8] Undefined index: container_id /home/jianhanke/Experiment/Application/Runtime/Cache/Admin/a2267acda43b486ba422b37a22173c70.php 第 56 行.
NOTIC: [8] Undefined index: container_id /home/jianhanke/Experiment/Application/Runtime/Cache/Admin/a2267acda43b486ba422b37a22173c70.php 第 54 行.
NOTIC: [8] Undefined index: container_id /home/jianhanke/Experiment/Application/Runtime/Cache/Admin/a2267acda43b486ba422b37a22173c70.php 第 56 行.
NOTIC: [8] Undefined index: container_id /home/jianhanke/Experiment/Application/Runtime/Cache/Admin/a2267acda43b486ba422b37a22173c70.php 第 54 行.
NOTIC: [8] Undefined index: container_id /home/jianhanke/Experiment/Application/Runtime/Cache/Admin/a2267acda43b486ba422b37a22173c70.php 第 56 行.
NOTIC: [8] Undefined index: container_id /home/jianhanke/Experiment/Application/Runtime/Cache/Admin/a2267acda43b486ba422b37a22173c70.php 第 54 行.
NOTIC: [8] Undefined index: container_id /home/jianhanke/Experiment/Application/Runtime/Cache/Admin/a2267acda43b486ba422b37a22173c70.php 第 56 行.
NOTIC: [8] Undefined index: container_id /home/jianhanke/Experiment/Application/Runtime/Cache/Admin/a2267acda43b486ba422b37a22173c70.php 第 54 行.
NOTIC: [8] Undefined index: container_id /home/jianhanke/Experiment/Application/Runtime/Cache/Admin/a2267acda43b486ba422b37a22173c70.php 第 56 行.
NOTIC: [8] Undefined index: container_id /home/jianhanke/Experiment/Application/Runtime/Cache/Admin/a2267acda43b486ba422b37a22173c70.php 第 54 行.
NOTIC: [8] Undefined index: container_id /home/jianhanke/Experiment/Application/Runtime/Cache/Admin/a2267acda43b486ba422b37a22173c70.php 第 56 行.
NOTIC: [8] Undefined index: container_id /home/jianhanke/Experiment/Application/Runtime/Cache/Admin/a2267acda43b486ba422b37a22173c70.php 第 54 行.
NOTIC: [8] Undefined index: container_id /home/jianhanke/Experiment/Application/Runtime/Cache/Admin/a2267acda43b486ba422b37a22173c70.php 第 56 行.
NOTIC: [8] Undefined index: container_id /home/jianhanke/Experiment/Application/Runtime/Cache/Admin/a2267acda43b486ba422b37a22173c70.php 第 54 行.
NOTIC: [8] Undefined index: container_id /home/jianhanke/Experiment/Application/Runtime/Cache/Admin/a2267acda43b486ba422b37a22173c70.php 第 56 行.
NOTIC: [8] Undefined index: container_id /home/jianhanke/Experiment/Application/Runtime/Cache/Admin/a2267acda43b486ba422b37a22173c70.php 第 54 行.
NOTIC: [8] Undefined index: container_id /home/jianhanke/Experiment/Application/Runtime/Cache/Admin/a2267acda43b486ba422b37a22173c70.php 第 56 行.
NOTIC: [8] Undefined index: container_id /home/jianhanke/Experiment/Application/Runtime/Cache/Admin/a2267acda43b486ba422b37a22173c70.php 第 54 行.
NOTIC: [8] Undefined index: container_id /home/jianhanke/Experiment/Application/Runtime/Cache/Admin/a2267acda43b486ba422b37a22173c70.php 第 56 行.
NOTIC: [8] Undefined index: container_id /home/jianhanke/Experiment/Application/Runtime/Cache/Admin/a2267acda43b486ba422b37a22173c70.php 第 54 行.
NOTIC: [8] Undefined index: container_id /home/jianhanke/Experiment/Application/Runtime/Cache/Admin/a2267acda43b486ba422b37a22173c70.php 第 56 行.
NOTIC: [8] Undefined index: container_id /home/jianhanke/Experiment/Application/Runtime/Cache/Admin/a2267acda43b486ba422b37a22173c70.php 第 54 行.
NOTIC: [8] Undefined index: container_id /home/jianhanke/Experiment/Application/Runtime/Cache/Admin/a2267acda43b486ba422b37a22173c70.php 第 56 行.
NOTIC: [8] Undefined index: container_id /home/jianhanke/Experiment/Application/Runtime/Cache/Admin/a2267acda43b486ba422b37a22173c70.php 第 54 行.
NOTIC: [8] Undefined index: container_id /home/jianhanke/Experiment/Application/Runtime/Cache/Admin/a2267acda43b486ba422b37a22173c70.php 第 56 行.
NOTIC: [8] Undefined index: container_id /home/jianhanke/Experiment/Application/Runtime/Cache/Admin/a2267acda43b486ba422b37a22173c70.php 第 60 行.
NOTIC: [8] Undefined index: container_id /home/jianhanke/Experiment/Application/Runtime/Cache/Admin/a2267acda43b486ba422b37a22173c70.php 第 60 行.
NOTIC: [8] Undefined index: container_id /home/jianhanke/Experiment/Application/Runtime/Cache/Admin/a2267acda43b486ba422b37a22173c70.php 第 60 行.
NOTIC: [8] Undefined index: container_id /home/jianhanke/Experiment/Application/Runtime/Cache/Admin/a2267acda43b486ba422b37a22173c70.php 第 60 行.
NOTIC: [8] Undefined index: container_id /home/jianhanke/Experiment/Application/Runtime/Cache/Admin/a2267acda43b486ba422b37a22173c70.php 第 60 行.
NOTIC: [8] Undefined index: container_id /home/jianhanke/Experiment/Application/Runtime/Cache/Admin/a2267acda43b486ba422b37a22173c70.php 第 60 行.
NOTIC: [8] Undefined index: container_id /home/jianhanke/Experiment/Application/Runtime/Cache/Admin/a2267acda43b486ba422b37a22173c70.php 第 60 行.
NOTIC: [8] Undefined index: container_id /home/jianhanke/Experiment/Application/Runtime/Cache/Admin/a2267acda43b486ba422b37a22173c70.php 第 60 行.
NOTIC: [8] Undefined index: container_id /home/jianhanke/Experiment/Application/Runtime/Cache/Admin/a2267acda43b486ba422b37a22173c70.php 第 54 行.
NOTIC: [8] Undefined index: container_id /home/jianhanke/Experiment/Application/Runtime/Cache/Admin/a2267acda43b486ba422b37a22173c70.php 第 56 行.
NOTIC: [8] Undefined index: container_id /home/jianhanke/Experiment/Application/Runtime/Cache/Admin/a2267acda43b486ba422b37a22173c70.php 第 54 行.
NOTIC: [8] Undefined index: container_id /home/jianhanke/Experiment/Application/Runtime/Cache/Admin/a2267acda43b486ba422b37a22173c70.php 第 56 行.
NOTIC: [8] Undefined index: container_id /home/jianhanke/Experiment/Application/Runtime/Cache/Admin/a2267acda43b486ba422b37a22173c70.php 第 60 行.
NOTIC: [8] Undefined index: container_id /home/jianhanke/Experiment/Application/Runtime/Cache/Admin/a2267acda43b486ba422b37a22173c70.php 第 60 行.
NOTIC: [8] Undefined index: container_id /home/jianhanke/Experiment/Application/Runtime/Cache/Admin/a2267acda43b486ba422b37a22173c70.php 第 60 行.
NOTIC: [8] Undefined index: container_id /home/jianhanke/Experiment/Application/Runtime/Cache/Admin/a2267acda43b486ba422b37a22173c70.php 第 60 行.
NOTIC: [8] Undefined index: myNet /home/jianhanke/Experiment/Application/Runtime/Cache/Admin/a2267acda43b486ba422b37a22173c70.php 第 47 行.
NOTIC: [8] Undefined index: container_id /home/jianhanke/Experiment/Application/Runtime/Cache/Admin/a2267acda43b486ba422b37a22173c70.php 第 60 行.
NOTIC: [8] Undefined index: myNet /home/jianhanke/Experiment/Application/Runtime/Cache/Admin/a2267acda43b486ba422b37a22173c70.php 第 47 行.
NOTIC: [8] Undefined index: container_id /home/jianhanke/Experiment/Application/Runtime/Cache/Admin/a2267acda43b486ba422b37a22173c70.php 第 60 行.
NOTIC: [8] Undefined index: myNet /home/jianhanke/Experiment/Application/Runtime/Cache/Admin/a2267acda43b486ba422b37a22173c70.php 第 47 行.
NOTIC: [8] Undefined index: container_id /home/jianhanke/Experiment/Application/Runtime/Cache/Admin/a2267acda43b486ba422b37a22173c70.php 第 60 行.
NOTIC: [8] Undefined index: myNet /home/jianhanke/Experiment/Application/Runtime/Cache/Admin/a2267acda43b486ba422b37a22173c70.php 第 47 行.
NOTIC: [8] Undefined index: container_id /home/jianhanke/Experiment/Application/Runtime/Cache/Admin/a2267acda43b486ba422b37a22173c70.php 第 54 行.
NOTIC: [8] Undefined index: container_id /home/jianhanke/Experiment/Application/Runtime/Cache/Admin/a2267acda43b486ba422b37a22173c70.php 第 56 行.
NOTIC: [8] Undefined index: myNet /home/jianhanke/Experiment/Application/Runtime/Cache/Admin/a2267acda43b486ba422b37a22173c70.php 第 47 行.
NOTIC: [8] Undefined index: container_id /home/jianhanke/Experiment/Application/Runtime/Cache/Admin/a2267acda43b486ba422b37a22173c70.php 第 54 行.
NOTIC: [8] Undefined index: container_id /home/jianhanke/Experiment/Application/Runtime/Cache/Admin/a2267acda43b486ba422b37a22173c70.php 第 56 行.
NOTIC: [8] Undefined index: myNet /home/jianhanke/Experiment/Application/Runtime/Cache/Admin/a2267acda43b486ba422b37a22173c70.php 第 47 行.
NOTIC: [8] Undefined index: container_id /home/jianhanke/Experiment/Application/Runtime/Cache/Admin/a2267acda43b486ba422b37a22173c70.php 第 54 行.
NOTIC: [8] Undefined index: container_id /home/jianhanke/Experiment/Application/Runtime/Cache/Admin/a2267acda43b486ba422b37a22173c70.php 第 56 行.
NOTIC: [8] Undefined index: myNet /home/jianhanke/Experiment/Application/Runtime/Cache/Admin/a2267acda43b486ba422b37a22173c70.php 第 47 行.
NOTIC: [8] Undefined index: container_id /home/jianhanke/Experiment/Application/Runtime/Cache/Admin/a2267acda43b486ba422b37a22173c70.php 第 54 行.
NOTIC: [8] Undefined index: container_id /home/jianhanke/Experiment/Application/Runtime/Cache/Admin/a2267acda43b486ba422b37a22173c70.php 第 56 行.
NOTIC: [8] Undefined index: container_id /home/jianhanke/Experiment/Application/Runtime/Cache/Admin/a2267acda43b486ba422b37a22173c70.php 第 60 行.
NOTIC: [8] Undefined index: myNet /home/jianhanke/Experiment/Application/Runtime/Cache/Admin/a2267acda43b486ba422b37a22173c70.php 第 47 行.
NOTIC: [8] Undefined index: container_id /home/jianhanke/Experiment/Application/Runtime/Cache/Admin/a2267acda43b486ba422b37a22173c70.php 第 60 行.
NOTIC: [8] Undefined index: myNet /home/jianhanke/Experiment/Application/Runtime/Cache/Admin/a2267acda43b486ba422b37a22173c70.php 第 47 行.
NOTIC: [8] Undefined index: container_id /home/jianhanke/Experiment/Application/Runtime/Cache/Admin/a2267acda43b486ba422b37a22173c70.php 第 60 行.
NOTIC: [8] Undefined index: myNet /home/jianhanke/Experiment/Application/Runtime/Cache/Admin/a2267acda43b486ba422b37a22173c70.php 第 47 行.
NOTIC: [8] Undefined index: container_id /home/jianhanke/Experiment/Application/Runtime/Cache/Admin/a2267acda43b486ba422b37a22173c70.php 第 60 行.
NOTIC: [8] Undefined index: myNet /home/jianhanke/Experiment/Application/Runtime/Cache/Admin/a2267acda43b486ba422b37a22173c70.php 第 47 行.
NOTIC: [8] Undefined index: container_id /home/jianhanke/Experiment/Application/Runtime/Cache/Admin/a2267acda43b486ba422b37a22173c70.php 第 60 行.
NOTIC: [8] Undefined index: myNet /home/jianhanke/Experiment/Application/Runtime/Cache/Admin/a2267acda43b486ba422b37a22173c70.php 第 47 行.
NOTIC: [8] Undefined index: container_id /home/jianhanke/Experiment/Application/Runtime/Cache/Admin/a2267acda43b486ba422b37a22173c70.php 第 60 行.
NOTIC: [8] Undefined variable: count /home/jianhanke/Experiment/Application/Runtime/Cache/Admin/a2267acda43b486ba422b37a22173c70.php 第 72 行.
INFO: Run Behavior\ParseTemplateBehavior [ RunTime:0.008931s ]
INFO: [ view_parse ] --END-- [ RunTime:0.008974s ]
INFO: [ view_filter ] --START--
INFO: Run Behavior\WriteHtmlCacheBehavior [ RunTime:0.000043s ]
INFO: [ view_filter ] --END-- [ RunTime:0.000070s ]
INFO: [ app_end ] --START--
INFO: Run Behavior\ShowPageTraceBehavior [ RunTime:0.000043s ]
INFO: [ app_end ] --END-- [ RunTime:0.000075s ]

[ 2019-12-04T20:08:00+08:00 ] 10.6.0.32 /Experiment/index.php/Admin/Docker/addImage
INFO: [ app_init ] --START--
INFO: Run Behavior\BuildLiteBehavior [ RunTime:0.000013s ]
INFO: [ app_init ] --END-- [ RunTime:0.000079s ]
INFO: [ app_begin ] --START--
INFO: Run Behavior\ReadHtmlCacheBehavior [ RunTime:0.000038s ]
INFO: [ app_begin ] --END-- [ RunTime:0.000075s ]
INFO: [ view_parse ] --START--
INFO: [ template_filter ] --START--
INFO: Run Behavior\ContentReplaceBehavior [ RunTime:0.000047s ]
INFO: [ template_filter ] --END-- [ RunTime:0.000090s ]
INFO: Run Behavior\ParseTemplateBehavior [ RunTime:0.002868s ]
INFO: [ view_parse ] --END-- [ RunTime:0.002909s ]
INFO: [ view_filter ] --START--
INFO: Run Behavior\WriteHtmlCacheBehavior [ RunTime:0.000043s ]
INFO: [ view_filter ] --END-- [ RunTime:0.000068s ]
INFO: [ app_end ] --START--
INFO: Run Behavior\ShowPageTraceBehavior [ RunTime:0.000034s ]
INFO: [ app_end ] --END-- [ RunTime:0.000059s ]

[ 2019-12-04T20:08:00+08:00 ] 10.6.0.32 /Experiment/index.php/Admin/Docker/chooseMakeImage
INFO: [ app_init ] --START--
INFO: Run Behavior\BuildLiteBehavior [ RunTime:0.000012s ]
INFO: [ app_init ] --END-- [ RunTime:0.000079s ]
INFO: [ app_begin ] --START--
INFO: Run Behavior\ReadHtmlCacheBehavior [ RunTime:0.000038s ]
INFO: [ app_begin ] --END-- [ RunTime:0.000076s ]
INFO: [ view_parse ] --START--
INFO: [ template_filter ] --START--
INFO: Run Behavior\ContentReplaceBehavior [ RunTime:0.000043s ]
INFO: [ template_filter ] --END-- [ RunTime:0.000087s ]
INFO: Run Behavior\ParseTemplateBehavior [ RunTime:0.001386s ]
INFO: [ view_parse ] --END-- [ RunTime:0.001432s ]
INFO: [ view_filter ] --START--
INFO: Run Behavior\WriteHtmlCacheBehavior [ RunTime:0.000041s ]
INFO: [ view_filter ] --END-- [ RunTime:0.000068s ]
INFO: [ app_end ] --START--
INFO: Run Behavior\ShowPageTraceBehavior [ RunTime:0.000037s ]
INFO: [ app_end ] --END-- [ RunTime:0.000065s ]

[ 2019-12-04T20:08:01+08:00 ] 10.6.0.32 /Experiment/index.php/Admin/Student/showStudent
INFO: [ app_init ] --START--
INFO: Run Behavior\BuildLiteBehavior [ RunTime:0.000012s ]
INFO: [ app_init ] --END-- [ RunTime:0.000079s ]
INFO: [ app_begin ] --START--
INFO: Run Behavior\ReadHtmlCacheBehavior [ RunTime:0.000038s ]
INFO: [ app_begin ] --END-- [ RunTime:0.000076s ]
SQL: SHOW COLUMNS FROM `student` [ RunTime:0.0010s ]
SQL: SELECT * FROM `student`  [ RunTime:0.0003s ]
SQL: SELECT COUNT(*) AS tp_count FROM `student` LIMIT 1   [ RunTime:0.0002s ]
INFO: [ view_parse ] --START--
INFO: [ template_filter ] --START--
INFO: Run Behavior\ContentReplaceBehavior [ RunTime:0.000045s ]
INFO: [ template_filter ] --END-- [ RunTime:0.000078s ]
INFO: Run Behavior\ParseTemplateBehavior [ RunTime:0.004224s ]
INFO: [ view_parse ] --END-- [ RunTime:0.004261s ]
INFO: [ view_filter ] --START--
INFO: Run Behavior\WriteHtmlCacheBehavior [ RunTime:0.000031s ]
INFO: [ view_filter ] --END-- [ RunTime:0.000053s ]
INFO: [ app_end ] --START--
INFO: Run Behavior\ShowPageTraceBehavior [ RunTime:0.000032s ]
INFO: [ app_end ] --END-- [ RunTime:0.000055s ]

[ 2019-12-04T20:08:01+08:00 ] 10.6.0.32 /Experiment/index.php/Admin/Class/addClassInfo
INFO: [ app_init ] --START--
INFO: Run Behavior\BuildLiteBehavior [ RunTime:0.000015s ]
INFO: [ app_init ] --END-- [ RunTime:0.000093s ]
INFO: [ app_begin ] --START--
INFO: Run Behavior\ReadHtmlCacheBehavior [ RunTime:0.000045s ]
INFO: [ app_begin ] --END-- [ RunTime:0.000090s ]
SQL: SHOW COLUMNS FROM `department` [ RunTime:0.0009s ]
SQL: SELECT * FROM `department`  [ RunTime:0.0001s ]
INFO: [ view_parse ] --START--
INFO: [ template_filter ] --START--
INFO: Run Behavior\ContentReplaceBehavior [ RunTime:0.000057s ]
INFO: [ template_filter ] --END-- [ RunTime:0.000108s ]
INFO: Run Behavior\ParseTemplateBehavior [ RunTime:0.003380s ]
INFO: [ view_parse ] --END-- [ RunTime:0.003441s ]
INFO: [ view_filter ] --START--
INFO: Run Behavior\WriteHtmlCacheBehavior [ RunTime:0.000041s ]
INFO: [ view_filter ] --END-- [ RunTime:0.000069s ]
INFO: [ app_end ] --START--
INFO: Run Behavior\ShowPageTraceBehavior [ RunTime:0.000034s ]
INFO: [ app_end ] --END-- [ RunTime:0.000062s ]

[ 2019-12-04T20:08:02+08:00 ] 10.6.0.32 /Experiment/index.php/Admin/Class/addClassInfo
INFO: [ app_init ] --START--
INFO: Run Behavior\BuildLiteBehavior [ RunTime:0.000013s ]
INFO: [ app_init ] --END-- [ RunTime:0.000084s ]
INFO: [ app_begin ] --START--
INFO: Run Behavior\ReadHtmlCacheBehavior [ RunTime:0.000040s ]
INFO: [ app_begin ] --END-- [ RunTime:0.000082s ]
SQL: SHOW COLUMNS FROM `department` [ RunTime:0.0006s ]
SQL: SELECT * FROM `department`  [ RunTime:0.0001s ]
INFO: [ view_parse ] --START--
INFO: [ template_filter ] --START--
INFO: Run Behavior\ContentReplaceBehavior [ RunTime:0.000055s ]
INFO: [ template_filter ] --END-- [ RunTime:0.000106s ]
INFO: Run Behavior\ParseTemplateBehavior [ RunTime:0.003459s ]
INFO: [ view_parse ] --END-- [ RunTime:0.003738s ]
INFO: [ view_filter ] --START--
INFO: Run Behavior\WriteHtmlCacheBehavior [ RunTime:0.000045s ]
INFO: [ view_filter ] --END-- [ RunTime:0.000077s ]
INFO: [ app_end ] --START--
INFO: Run Behavior\ShowPageTraceBehavior [ RunTime:0.000038s ]
INFO: [ app_end ] --END-- [ RunTime:0.000068s ]

[ 2019-12-04T21:13:43+08:00 ] 10.6.0.32 /Experiment/index.php/Admin/Index/index.html
INFO: [ app_init ] --START--
INFO: Run Behavior\BuildLiteBehavior [ RunTime:0.000023s ]
INFO: [ app_init ] --END-- [ RunTime:0.000171s ]
INFO: [ app_begin ] --START--
INFO: Run Behavior\ReadHtmlCacheBehavior [ RunTime:0.000057s ]
INFO: [ app_begin ] --END-- [ RunTime:0.000103s ]
INFO: [ view_parse ] --START--
INFO: [ template_filter ] --START--
INFO: Run Behavior\ContentReplaceBehavior [ RunTime:0.000074s ]
INFO: [ template_filter ] --END-- [ RunTime:0.000125s ]
INFO: Run Behavior\ParseTemplateBehavior [ RunTime:0.005873s ]
INFO: [ view_parse ] --END-- [ RunTime:0.005925s ]
INFO: [ view_filter ] --START--
INFO: Run Behavior\WriteHtmlCacheBehavior [ RunTime:0.000055s ]
INFO: [ view_filter ] --END-- [ RunTime:0.000086s ]
INFO: [ app_end ] --START--
INFO: Run Behavior\ShowPageTraceBehavior [ RunTime:0.000054s ]
INFO: [ app_end ] --END-- [ RunTime:0.000085s ]

[ 2019-12-04T21:13:43+08:00 ] 10.6.0.32 /Experiment/index.php/Admin/Index/home
INFO: [ app_init ] --START--
INFO: Run Behavior\BuildLiteBehavior [ RunTime:0.000012s ]
INFO: [ app_init ] --END-- [ RunTime:0.000080s ]
INFO: [ app_begin ] --START--
INFO: Run Behavior\ReadHtmlCacheBehavior [ RunTime:0.000039s ]
INFO: [ app_begin ] --END-- [ RunTime:0.000079s ]
INFO: [ view_parse ] --START--
INFO: [ template_filter ] --START--
INFO: Run Behavior\ContentReplaceBehavior [ RunTime:0.000036s ]
INFO: [ template_filter ] --END-- [ RunTime:0.000080s ]
INFO: Run Behavior\ParseTemplateBehavior [ RunTime:0.001258s ]
INFO: [ view_parse ] --END-- [ RunTime:0.001308s ]
INFO: [ view_filter ] --START--
INFO: Run Behavior\WriteHtmlCacheBehavior [ RunTime:0.000042s ]
INFO: [ view_filter ] --END-- [ RunTime:0.000070s ]
INFO: [ app_end ] --START--
INFO: Run Behavior\ShowPageTraceBehavior [ RunTime:0.000032s ]
INFO: [ app_end ] --END-- [ RunTime:0.000063s ]

[ 2019-12-04T21:13:45+08:00 ] 10.6.0.32 /Experiment/index.php/Admin/Docker/addImage
INFO: [ app_init ] --START--
INFO: Run Behavior\BuildLiteBehavior [ RunTime:0.000017s ]
INFO: [ app_init ] --END-- [ RunTime:0.000114s ]
INFO: [ app_begin ] --START--
INFO: Run Behavior\ReadHtmlCacheBehavior [ RunTime:0.000049s ]
INFO: [ app_begin ] --END-- [ RunTime:0.000095s ]
INFO: [ view_parse ] --START--
INFO: [ template_filter ] --START--
INFO: Run Behavior\ContentReplaceBehavior [ RunTime:0.000062s ]
INFO: [ template_filter ] --END-- [ RunTime:0.000116s ]
INFO: Run Behavior\ParseTemplateBehavior [ RunTime:0.002761s ]
INFO: [ view_parse ] --END-- [ RunTime:0.002815s ]
INFO: [ view_filter ] --START--
INFO: Run Behavior\WriteHtmlCacheBehavior [ RunTime:0.000050s ]
INFO: [ view_filter ] --END-- [ RunTime:0.000084s ]
INFO: [ app_end ] --START--
INFO: Run Behavior\ShowPageTraceBehavior [ RunTime:0.000042s ]
INFO: [ app_end ] --END-- [ RunTime:0.000077s ]

