[ 2019-12-20T21:35:32+08:00 ] 10.6.248.29 /Experiment/index.php/Teacher
INFO: [ app_init ] --START--
INFO: Run Behavior\BuildLiteBehavior [ RunTime:0.000015s ]
INFO: [ app_init ] --END-- [ RunTime:0.000111s ]
INFO: [ app_begin ] --START--
INFO: Run Behavior\ReadHtmlCacheBehavior [ RunTime:0.000051s ]
INFO: [ app_begin ] --END-- [ RunTime:0.000097s ]

[ 2019-12-20T21:35:32+08:00 ] 10.6.248.29 /Experiment/index.php/Teacher/Login/login
INFO: [ app_init ] --START--
INFO: Run Behavior\BuildLiteBehavior [ RunTime:0.000010s ]
INFO: [ app_init ] --END-- [ RunTime:0.000061s ]
INFO: [ app_begin ] --START--
INFO: Run Behavior\ReadHtmlCacheBehavior [ RunTime:0.000032s ]
INFO: [ app_begin ] --END-- [ RunTime:0.000066s ]
INFO: [ view_parse ] --START--
INFO: [ template_filter ] --START--
INFO: Run Behavior\ContentReplaceBehavior [ RunTime:0.000039s ]
INFO: [ template_filter ] --END-- [ RunTime:0.000099s ]
INFO: Run Behavior\ParseTemplateBehavior [ RunTime:0.001429s ]
INFO: [ view_parse ] --END-- [ RunTime:0.001466s ]
INFO: [ view_filter ] --START--
INFO: Run Behavior\WriteHtmlCacheBehavior [ RunTime:0.000045s ]
INFO: [ view_filter ] --END-- [ RunTime:0.000068s ]
INFO: [ app_end ] --START--
INFO: Run Behavior\ShowPageTraceBehavior [ RunTime:0.000037s ]
INFO: [ app_end ] --END-- [ RunTime:0.000060s ]

[ 2019-12-20T21:35:34+08:00 ] 10.6.248.29 /Experiment/index.php/Teacher/Login/login
INFO: [ app_init ] --START--
INFO: Run Behavior\BuildLiteBehavior [ RunTime:0.000014s ]
INFO: [ app_init ] --END-- [ RunTime:0.000089s ]
INFO: [ app_begin ] --START--
INFO: Run Behavior\ReadHtmlCacheBehavior [ RunTime:0.000041s ]
INFO: [ app_begin ] --END-- [ RunTime:0.000089s ]
SQL: SHOW COLUMNS FROM `teacher` [ RunTime:0.0010s ]
SQL: SELECT * FROM `teacher` WHERE `Tid` = 1 AND `Tpwd` = '1' LIMIT 1   [ RunTime:0.0001s ]

[ 2019-12-20T21:35:34+08:00 ] 10.6.248.29 /Experiment/index.php/Teacher/Index/index
INFO: [ app_init ] --START--
INFO: Run Behavior\BuildLiteBehavior [ RunTime:0.000011s ]
INFO: [ app_init ] --END-- [ RunTime:0.000081s ]
INFO: [ app_begin ] --START--
INFO: Run Behavior\ReadHtmlCacheBehavior [ RunTime:0.000040s ]
INFO: [ app_begin ] --END-- [ RunTime:0.000084s ]
INFO: [ view_parse ] --START--
INFO: [ template_filter ] --START--
INFO: Run Behavior\ContentReplaceBehavior [ RunTime:0.000045s ]
INFO: [ template_filter ] --END-- [ RunTime:0.000098s ]
INFO: Run Behavior\ParseTemplateBehavior [ RunTime:0.003483s ]
INFO: [ view_parse ] --END-- [ RunTime:0.003533s ]
INFO: [ view_filter ] --START--
INFO: Run Behavior\WriteHtmlCacheBehavior [ RunTime:0.000045s ]
INFO: [ view_filter ] --END-- [ RunTime:0.000076s ]
INFO: [ app_end ] --START--
INFO: Run Behavior\ShowPageTraceBehavior [ RunTime:0.000036s ]
INFO: [ app_end ] --END-- [ RunTime:0.000066s ]

[ 2019-12-20T21:35:34+08:00 ] 10.6.248.29 /Experiment/index.php/Teacher/Index/home
INFO: [ app_init ] --START--
INFO: Run Behavior\BuildLiteBehavior [ RunTime:0.000012s ]
INFO: [ app_init ] --END-- [ RunTime:0.000084s ]
INFO: [ app_begin ] --START--
INFO: Run Behavior\ReadHtmlCacheBehavior [ RunTime:0.000041s ]
INFO: [ app_begin ] --END-- [ RunTime:0.000085s ]
INFO: [ view_parse ] --START--
INFO: [ template_filter ] --START--
INFO: Run Behavior\ContentReplaceBehavior [ RunTime:0.000043s ]
INFO: [ template_filter ] --END-- [ RunTime:0.000108s ]
INFO: Run Behavior\ParseTemplateBehavior [ RunTime:0.001273s ]
INFO: [ view_parse ] --END-- [ RunTime:0.001325s ]
INFO: [ view_filter ] --START--
INFO: Run Behavior\WriteHtmlCacheBehavior [ RunTime:0.000043s ]
INFO: [ view_filter ] --END-- [ RunTime:0.000074s ]
INFO: [ app_end ] --START--
INFO: Run Behavior\ShowPageTraceBehavior [ RunTime:0.000033s ]
INFO: [ app_end ] --END-- [ RunTime:0.000065s ]

[ 2019-12-20T21:35:36+08:00 ] 10.6.248.29 /Experiment/index.php/Teacher/Course/showMyCourse
INFO: [ app_init ] --START--
INFO: Run Behavior\BuildLiteBehavior [ RunTime:0.000015s ]
INFO: [ app_init ] --END-- [ RunTime:0.000107s ]
INFO: [ app_begin ] --START--
INFO: Run Behavior\ReadHtmlCacheBehavior [ RunTime:0.000057s ]
INFO: [ app_begin ] --END-- [ RunTime:0.000110s ]
SQL: SHOW COLUMNS FROM `course_teacher` [ RunTime:0.0006s ]
SQL: SELECT course_id  as cid FROM `course_teacher` WHERE ( teacher_id=1 )  [ RunTime:0.0001s ]
SQL: SHOW COLUMNS FROM `course` [ RunTime:0.0006s ]
SQL: SELECT * FROM `course` WHERE (  `cid` = '1' )  [ RunTime:0.0004s ]
SQL: SHOW COLUMNS FROM `view_course_teacher_class` [ RunTime:0.0007s ]
SQL: SHOW COLUMNS FROM `view_course_teacher_class` [ RunTime:0.0006s ]
SQL: SELECT t2.id,t2.class_name FROM view_course_teacher_class as t1,class as t2 WHERE ( t1.course_id=1 and t1.teacher_id=1 and t1.class_id=t2.id )  [ RunTime:0.0001s ]
INFO: [ view_parse ] --START--
INFO: [ template_filter ] --START--
INFO: Run Behavior\ContentReplaceBehavior [ RunTime:0.000047s ]
INFO: [ template_filter ] --END-- [ RunTime:0.000089s ]
NOTIC: [8] Undefined index: name /home/jianhanke/Experiment/Runtime/Cache/Teacher/62ad9855c24fb02f422ed820980edea9.php 第 61 行.
INFO: Run Behavior\ParseTemplateBehavior [ RunTime:0.005076s ]
INFO: [ view_parse ] --END-- [ RunTime:0.005115s ]
INFO: [ view_filter ] --START--
INFO: Run Behavior\WriteHtmlCacheBehavior [ RunTime:0.000290s ]
INFO: [ view_filter ] --END-- [ RunTime:0.000321s ]
INFO: [ app_end ] --START--
INFO: Run Behavior\ShowPageTraceBehavior [ RunTime:0.000041s ]
INFO: [ app_end ] --END-- [ RunTime:0.000068s ]

[ 2019-12-20T21:35:38+08:00 ] 10.6.248.29 /Experiment/index.php/Teacher/Class/showMyClass
INFO: [ app_init ] --START--
INFO: Run Behavior\BuildLiteBehavior [ RunTime:0.000014s ]
INFO: [ app_init ] --END-- [ RunTime:0.000088s ]
INFO: [ app_begin ] --START--
INFO: Run Behavior\ReadHtmlCacheBehavior [ RunTime:0.000041s ]
INFO: [ app_begin ] --END-- [ RunTime:0.000085s ]
SQL: SHOW COLUMNS FROM `view_course_teacher_class` [ RunTime:0.0008s ]
SQL: SHOW COLUMNS FROM `view_course_teacher_class` [ RunTime:0.0006s ]
SQL: SELECT * FROM view_course_teacher_class as t1,view_classwithdepartment as t2,course as t3 WHERE ( t1.teacher_id=1 and t1.class_id=t2.id and t3.cid=t1.course_id  )  [ RunTime:0.0001s ]
INFO: [ view_parse ] --START--
INFO: [ template_filter ] --START--
INFO: Run Behavior\ContentReplaceBehavior [ RunTime:0.000045s ]
INFO: [ template_filter ] --END-- [ RunTime:0.000097s ]
NOTIC: [8] Undefined variable: count /home/jianhanke/Experiment/Runtime/Cache/Teacher/837be61514aedca62f1ca8f948e88cb9.php 第 35 行.
INFO: Run Behavior\ParseTemplateBehavior [ RunTime:0.003173s ]
INFO: [ view_parse ] --END-- [ RunTime:0.003219s ]
INFO: [ view_filter ] --START--
INFO: Run Behavior\WriteHtmlCacheBehavior [ RunTime:0.000043s ]
INFO: [ view_filter ] --END-- [ RunTime:0.000076s ]
INFO: [ app_end ] --START--
INFO: Run Behavior\ShowPageTraceBehavior [ RunTime:0.000035s ]
INFO: [ app_end ] --END-- [ RunTime:0.000064s ]

[ 2019-12-20T21:35:42+08:00 ] 10.6.248.29 /Experiment/index.php/Teacher/Class/showClassToStudent/classId/1
INFO: [ app_init ] --START--
INFO: Run Behavior\BuildLiteBehavior [ RunTime:0.000014s ]
INFO: [ app_init ] --END-- [ RunTime:0.000096s ]
INFO: [ app_begin ] --START--
INFO: Run Behavior\ReadHtmlCacheBehavior [ RunTime:0.000045s ]
INFO: [ app_begin ] --END-- [ RunTime:0.000086s ]
SQL: SHOW COLUMNS FROM `student` [ RunTime:0.0006s ]
SQL: SELECT `sid`,`sname`,`sage`,`ssex`,`stele` FROM `student` WHERE ( Class_id=1 )  [ RunTime:0.0004s ]
INFO: [ view_parse ] --START--
INFO: [ template_filter ] --START--
INFO: Run Behavior\ContentReplaceBehavior [ RunTime:0.000045s ]
INFO: [ template_filter ] --END-- [ RunTime:0.000091s ]
NOTIC: [8] Undefined variable: count /home/jianhanke/Experiment/Runtime/Cache/Teacher/aad6ddfd11151d1a9d5dd8c7738b6fe9.php 第 69 行.
INFO: Run Behavior\ParseTemplateBehavior [ RunTime:0.003875s ]
INFO: [ view_parse ] --END-- [ RunTime:0.003920s ]
INFO: [ view_filter ] --START--
INFO: Run Behavior\WriteHtmlCacheBehavior [ RunTime:0.000048s ]
INFO: [ view_filter ] --END-- [ RunTime:0.000078s ]
INFO: [ app_end ] --START--
INFO: Run Behavior\ShowPageTraceBehavior [ RunTime:0.000040s ]
INFO: [ app_end ] --END-- [ RunTime:0.000069s ]

[ 2019-12-20T21:35:44+08:00 ] 10.6.248.29 /Experiment/index.php/Teacher/Course/showMyCourse
INFO: [ app_init ] --START--
INFO: Run Behavior\BuildLiteBehavior [ RunTime:0.000013s ]
INFO: [ app_init ] --END-- [ RunTime:0.000082s ]
INFO: [ app_begin ] --START--
INFO: Run Behavior\ReadHtmlCacheBehavior [ RunTime:0.000043s ]
INFO: [ app_begin ] --END-- [ RunTime:0.000088s ]
SQL: SHOW COLUMNS FROM `course_teacher` [ RunTime:0.0006s ]
SQL: SELECT course_id  as cid FROM `course_teacher` WHERE ( teacher_id=1 )  [ RunTime:0.0001s ]
SQL: SHOW COLUMNS FROM `course` [ RunTime:0.0005s ]
SQL: SELECT * FROM `course` WHERE (  `cid` = '1' )  [ RunTime:0.0001s ]
SQL: SHOW COLUMNS FROM `view_course_teacher_class` [ RunTime:0.0007s ]
SQL: SHOW COLUMNS FROM `view_course_teacher_class` [ RunTime:0.0006s ]
SQL: SELECT t2.id,t2.class_name FROM view_course_teacher_class as t1,class as t2 WHERE ( t1.course_id=1 and t1.teacher_id=1 and t1.class_id=t2.id )  [ RunTime:0.0001s ]
INFO: [ view_parse ] --START--
INFO: [ template_filter ] --START--
INFO: Run Behavior\ContentReplaceBehavior [ RunTime:0.000052s ]
INFO: [ template_filter ] --END-- [ RunTime:0.000100s ]
NOTIC: [8] Undefined index: name /home/jianhanke/Experiment/Runtime/Cache/Teacher/62ad9855c24fb02f422ed820980edea9.php 第 61 行.
INFO: Run Behavior\ParseTemplateBehavior [ RunTime:0.005949s ]
INFO: [ view_parse ] --END-- [ RunTime:0.005992s ]
INFO: [ view_filter ] --START--
INFO: Run Behavior\WriteHtmlCacheBehavior [ RunTime:0.000042s ]
INFO: [ view_filter ] --END-- [ RunTime:0.000072s ]
INFO: [ app_end ] --START--
INFO: Run Behavior\ShowPageTraceBehavior [ RunTime:0.000035s ]
INFO: [ app_end ] --END-- [ RunTime:0.000064s ]

[ 2019-12-20T21:35:44+08:00 ] 10.6.248.29 /Experiment/index.php/Teacher/Class/showMyClass
INFO: [ app_init ] --START--
INFO: Run Behavior\BuildLiteBehavior [ RunTime:0.000012s ]
INFO: [ app_init ] --END-- [ RunTime:0.000079s ]
INFO: [ app_begin ] --START--
INFO: Run Behavior\ReadHtmlCacheBehavior [ RunTime:0.000039s ]
INFO: [ app_begin ] --END-- [ RunTime:0.000083s ]
SQL: SHOW COLUMNS FROM `view_course_teacher_class` [ RunTime:0.0007s ]
SQL: SHOW COLUMNS FROM `view_course_teacher_class` [ RunTime:0.0006s ]
SQL: SELECT * FROM view_course_teacher_class as t1,view_classwithdepartment as t2,course as t3 WHERE ( t1.teacher_id=1 and t1.class_id=t2.id and t3.cid=t1.course_id  )  [ RunTime:0.0001s ]
INFO: [ view_parse ] --START--
INFO: [ template_filter ] --START--
INFO: Run Behavior\ContentReplaceBehavior [ RunTime:0.000045s ]
INFO: [ template_filter ] --END-- [ RunTime:0.000095s ]
NOTIC: [8] Undefined variable: count /home/jianhanke/Experiment/Runtime/Cache/Teacher/837be61514aedca62f1ca8f948e88cb9.php 第 35 行.
INFO: Run Behavior\ParseTemplateBehavior [ RunTime:0.003620s ]
INFO: [ view_parse ] --END-- [ RunTime:0.003666s ]
INFO: [ view_filter ] --START--
INFO: Run Behavior\WriteHtmlCacheBehavior [ RunTime:0.000043s ]
INFO: [ view_filter ] --END-- [ RunTime:0.000076s ]
INFO: [ app_end ] --START--
INFO: Run Behavior\ShowPageTraceBehavior [ RunTime:0.000035s ]
INFO: [ app_end ] --END-- [ RunTime:0.000066s ]

[ 2019-12-20T21:35:45+08:00 ] 10.6.248.29 /Experiment/index.php/Teacher/Course/otherCourse
INFO: [ app_init ] --START--
INFO: Run Behavior\BuildLiteBehavior [ RunTime:0.000014s ]
INFO: [ app_init ] --END-- [ RunTime:0.000097s ]
INFO: [ app_begin ] --START--
INFO: Run Behavior\ReadHtmlCacheBehavior [ RunTime:0.000052s ]
INFO: [ app_begin ] --END-- [ RunTime:0.000101s ]
SQL: SHOW COLUMNS FROM `course_teacher` [ RunTime:0.0006s ]
SQL: SELECT course_id  as cid FROM `course_teacher` WHERE ( teacher_id=1 )  [ RunTime:0.0001s ]
SQL: SHOW COLUMNS FROM `course` [ RunTime:0.0005s ]
SQL: SELECT * FROM `course` WHERE (  `cid` <> '1' )  [ RunTime:0.0001s ]
INFO: [ view_parse ] --START--
INFO: [ template_filter ] --START--
INFO: Run Behavior\ContentReplaceBehavior [ RunTime:0.000047s ]
INFO: [ template_filter ] --END-- [ RunTime:0.000103s ]
NOTIC: [8] Undefined index: name /home/jianhanke/Experiment/Runtime/Cache/Teacher/6505cf68f3b659c4c994b35c1ca15e70.php 第 61 行.
INFO: Run Behavior\ParseTemplateBehavior [ RunTime:0.004878s ]
INFO: [ view_parse ] --END-- [ RunTime:0.004926s ]
INFO: [ view_filter ] --START--
INFO: Run Behavior\WriteHtmlCacheBehavior [ RunTime:0.000056s ]
INFO: [ view_filter ] --END-- [ RunTime:0.000092s ]
INFO: [ app_end ] --START--
INFO: Run Behavior\ShowPageTraceBehavior [ RunTime:0.000043s ]
INFO: [ app_end ] --END-- [ RunTime:0.000077s ]

[ 2019-12-20T21:35:49+08:00 ] 10.6.248.29 /Experiment/index.php/Teacher/Course/showMyCourse
INFO: [ app_init ] --START--
INFO: Run Behavior\BuildLiteBehavior [ RunTime:0.000017s ]
INFO: [ app_init ] --END-- [ RunTime:0.000117s ]
INFO: [ app_begin ] --START--
INFO: Run Behavior\ReadHtmlCacheBehavior [ RunTime:0.000050s ]
INFO: [ app_begin ] --END-- [ RunTime:0.000097s ]
SQL: SHOW COLUMNS FROM `course_teacher` [ RunTime:0.0007s ]
SQL: SELECT course_id  as cid FROM `course_teacher` WHERE ( teacher_id=1 )  [ RunTime:0.0001s ]
SQL: SHOW COLUMNS FROM `course` [ RunTime:0.0006s ]
SQL: SELECT * FROM `course` WHERE (  `cid` = '1' )  [ RunTime:0.0001s ]
SQL: SHOW COLUMNS FROM `view_course_teacher_class` [ RunTime:0.0008s ]
SQL: SHOW COLUMNS FROM `view_course_teacher_class` [ RunTime:0.0008s ]
SQL: SELECT t2.id,t2.class_name FROM view_course_teacher_class as t1,class as t2 WHERE ( t1.course_id=1 and t1.teacher_id=1 and t1.class_id=t2.id )  [ RunTime:0.0001s ]
INFO: [ view_parse ] --START--
INFO: [ template_filter ] --START--
INFO: Run Behavior\ContentReplaceBehavior [ RunTime:0.000058s ]
INFO: [ template_filter ] --END-- [ RunTime:0.000108s ]
NOTIC: [8] Undefined index: name /home/jianhanke/Experiment/Runtime/Cache/Teacher/62ad9855c24fb02f422ed820980edea9.php 第 61 行.
INFO: Run Behavior\ParseTemplateBehavior [ RunTime:0.007029s ]
INFO: [ view_parse ] --END-- [ RunTime:0.007080s ]
INFO: [ view_filter ] --START--
INFO: Run Behavior\WriteHtmlCacheBehavior [ RunTime:0.000057s ]
INFO: [ view_filter ] --END-- [ RunTime:0.000090s ]
INFO: [ app_end ] --START--
INFO: Run Behavior\ShowPageTraceBehavior [ RunTime:0.000043s ]
INFO: [ app_end ] --END-- [ RunTime:0.000075s ]

[ 2019-12-20T21:36:26+08:00 ] 10.6.248.29 /Experiment/index.php/Teacher/Class/showMyClass
INFO: [ app_init ] --START--
INFO: Run Behavior\BuildLiteBehavior [ RunTime:0.000018s ]
INFO: [ app_init ] --END-- [ RunTime:0.000127s ]
INFO: [ app_begin ] --START--
INFO: Run Behavior\ReadHtmlCacheBehavior [ RunTime:0.000055s ]
INFO: [ app_begin ] --END-- [ RunTime:0.000103s ]
SQL: SHOW COLUMNS FROM `view_course_teacher_class` [ RunTime:0.0009s ]
SQL: SHOW COLUMNS FROM `view_course_teacher_class` [ RunTime:0.0006s ]
SQL: SELECT * FROM view_course_teacher_class as t1,view_classwithdepartment as t2,course as t3 WHERE ( t1.teacher_id=1 and t1.class_id=t2.id and t3.cid=t1.course_id  )  [ RunTime:0.0001s ]
INFO: [ view_parse ] --START--
INFO: [ template_filter ] --START--
INFO: Run Behavior\ContentReplaceBehavior [ RunTime:0.000046s ]
INFO: [ template_filter ] --END-- [ RunTime:0.000091s ]
NOTIC: [8] Undefined variable: count /home/jianhanke/Experiment/Runtime/Cache/Teacher/837be61514aedca62f1ca8f948e88cb9.php 第 35 行.
INFO: Run Behavior\ParseTemplateBehavior [ RunTime:0.003356s ]
INFO: [ view_parse ] --END-- [ RunTime:0.003397s ]
INFO: [ view_filter ] --START--
INFO: Run Behavior\WriteHtmlCacheBehavior [ RunTime:0.000051s ]
INFO: [ view_filter ] --END-- [ RunTime:0.000081s ]
INFO: [ app_end ] --START--
INFO: Run Behavior\ShowPageTraceBehavior [ RunTime:0.000043s ]
INFO: [ app_end ] --END-- [ RunTime:0.000071s ]

[ 2019-12-20T21:36:27+08:00 ] 10.6.248.29 /Experiment/index.php/Teacher/Class/showMyClass
INFO: [ app_init ] --START--
INFO: Run Behavior\BuildLiteBehavior [ RunTime:0.000014s ]
INFO: [ app_init ] --END-- [ RunTime:0.000089s ]
INFO: [ app_begin ] --START--
INFO: Run Behavior\ReadHtmlCacheBehavior [ RunTime:0.000042s ]
INFO: [ app_begin ] --END-- [ RunTime:0.000087s ]
SQL: SHOW COLUMNS FROM `view_course_teacher_class` [ RunTime:0.0013s ]
SQL: SHOW COLUMNS FROM `view_course_teacher_class` [ RunTime:0.0007s ]
SQL: SELECT * FROM view_course_teacher_class as t1,view_classwithdepartment as t2,course as t3 WHERE ( t1.teacher_id=1 and t1.class_id=t2.id and t3.cid=t1.course_id  )  [ RunTime:0.0001s ]
INFO: [ view_parse ] --START--
INFO: [ template_filter ] --START--
INFO: Run Behavior\ContentReplaceBehavior [ RunTime:0.000042s ]
INFO: [ template_filter ] --END-- [ RunTime:0.000086s ]
NOTIC: [8] Undefined variable: count /home/jianhanke/Experiment/Runtime/Cache/Teacher/837be61514aedca62f1ca8f948e88cb9.php 第 35 行.
INFO: Run Behavior\ParseTemplateBehavior [ RunTime:0.002904s ]
INFO: [ view_parse ] --END-- [ RunTime:0.002946s ]
INFO: [ view_filter ] --START--
INFO: Run Behavior\WriteHtmlCacheBehavior [ RunTime:0.000040s ]
INFO: [ view_filter ] --END-- [ RunTime:0.000070s ]
INFO: [ app_end ] --START--
INFO: Run Behavior\ShowPageTraceBehavior [ RunTime:0.000033s ]
INFO: [ app_end ] --END-- [ RunTime:0.000062s ]

[ 2019-12-20T21:36:28+08:00 ] 10.6.248.29 /Experiment/index.php/Teacher/Class/showMyClass
INFO: [ app_init ] --START--
INFO: Run Behavior\BuildLiteBehavior [ RunTime:0.000013s ]
INFO: [ app_init ] --END-- [ RunTime:0.000090s ]
INFO: [ app_begin ] --START--
INFO: Run Behavior\ReadHtmlCacheBehavior [ RunTime:0.000044s ]
INFO: [ app_begin ] --END-- [ RunTime:0.000090s ]
SQL: SHOW COLUMNS FROM `view_course_teacher_class` [ RunTime:0.0007s ]
SQL: SHOW COLUMNS FROM `view_course_teacher_class` [ RunTime:0.0009s ]
SQL: SELECT * FROM view_course_teacher_class as t1,view_classwithdepartment as t2,course as t3 WHERE ( t1.teacher_id=1 and t1.class_id=t2.id and t3.cid=t1.course_id  )  [ RunTime:0.0001s ]
INFO: [ view_parse ] --START--
INFO: [ template_filter ] --START--
INFO: Run Behavior\ContentReplaceBehavior [ RunTime:0.000036s ]
INFO: [ template_filter ] --END-- [ RunTime:0.000077s ]
NOTIC: [8] Undefined variable: count /home/jianhanke/Experiment/Runtime/Cache/Teacher/837be61514aedca62f1ca8f948e88cb9.php 第 35 行.
INFO: Run Behavior\ParseTemplateBehavior [ RunTime:0.002604s ]
INFO: [ view_parse ] --END-- [ RunTime:0.002644s ]
INFO: [ view_filter ] --START--
INFO: Run Behavior\WriteHtmlCacheBehavior [ RunTime:0.000037s ]
INFO: [ view_filter ] --END-- [ RunTime:0.000065s ]
INFO: [ app_end ] --START--
INFO: Run Behavior\ShowPageTraceBehavior [ RunTime:0.000029s ]
INFO: [ app_end ] --END-- [ RunTime:0.000056s ]

[ 2019-12-20T21:36:28+08:00 ] 10.6.248.29 /Experiment/index.php/Teacher/Class/showMyClass
INFO: [ app_init ] --START--
INFO: Run Behavior\BuildLiteBehavior [ RunTime:0.000010s ]
INFO: [ app_init ] --END-- [ RunTime:0.000071s ]
INFO: [ app_begin ] --START--
INFO: Run Behavior\ReadHtmlCacheBehavior [ RunTime:0.000034s ]
INFO: [ app_begin ] --END-- [ RunTime:0.000071s ]
SQL: SHOW COLUMNS FROM `view_course_teacher_class` [ RunTime:0.0007s ]
SQL: SHOW COLUMNS FROM `view_course_teacher_class` [ RunTime:0.0006s ]
SQL: SELECT * FROM view_course_teacher_class as t1,view_classwithdepartment as t2,course as t3 WHERE ( t1.teacher_id=1 and t1.class_id=t2.id and t3.cid=t1.course_id  )  [ RunTime:0.0001s ]
INFO: [ view_parse ] --START--
INFO: [ template_filter ] --START--
INFO: Run Behavior\ContentReplaceBehavior [ RunTime:0.000036s ]
INFO: [ template_filter ] --END-- [ RunTime:0.000077s ]
NOTIC: [8] Undefined variable: count /home/jianhanke/Experiment/Runtime/Cache/Teacher/837be61514aedca62f1ca8f948e88cb9.php 第 35 行.
INFO: Run Behavior\ParseTemplateBehavior [ RunTime:0.002606s ]
INFO: [ view_parse ] --END-- [ RunTime:0.002645s ]
INFO: [ view_filter ] --START--
INFO: Run Behavior\WriteHtmlCacheBehavior [ RunTime:0.000038s ]
INFO: [ view_filter ] --END-- [ RunTime:0.000065s ]
INFO: [ app_end ] --START--
INFO: Run Behavior\ShowPageTraceBehavior [ RunTime:0.000029s ]
INFO: [ app_end ] --END-- [ RunTime:0.000056s ]

[ 2019-12-20T21:36:28+08:00 ] 10.6.248.29 /Experiment/index.php/Teacher/Class/showMyClass
INFO: [ app_init ] --START--
INFO: Run Behavior\BuildLiteBehavior [ RunTime:0.000013s ]
INFO: [ app_init ] --END-- [ RunTime:0.000085s ]
INFO: [ app_begin ] --START--
INFO: Run Behavior\ReadHtmlCacheBehavior [ RunTime:0.000042s ]
INFO: [ app_begin ] --END-- [ RunTime:0.000088s ]
SQL: SHOW COLUMNS FROM `view_course_teacher_class` [ RunTime:0.0007s ]
SQL: SHOW COLUMNS FROM `view_course_teacher_class` [ RunTime:0.0006s ]
SQL: SELECT * FROM view_course_teacher_class as t1,view_classwithdepartment as t2,course as t3 WHERE ( t1.teacher_id=1 and t1.class_id=t2.id and t3.cid=t1.course_id  )  [ RunTime:0.0001s ]
INFO: [ view_parse ] --START--
INFO: [ template_filter ] --START--
INFO: Run Behavior\ContentReplaceBehavior [ RunTime:0.000043s ]
INFO: [ template_filter ] --END-- [ RunTime:0.000095s ]
NOTIC: [8] Undefined variable: count /home/jianhanke/Experiment/Runtime/Cache/Teacher/837be61514aedca62f1ca8f948e88cb9.php 第 35 行.
INFO: Run Behavior\ParseTemplateBehavior [ RunTime:0.003177s ]
INFO: [ view_parse ] --END-- [ RunTime:0.003224s ]
INFO: [ view_filter ] --START--
INFO: Run Behavior\WriteHtmlCacheBehavior [ RunTime:0.000044s ]
INFO: [ view_filter ] --END-- [ RunTime:0.000079s ]
INFO: [ app_end ] --START--
INFO: Run Behavior\ShowPageTraceBehavior [ RunTime:0.000035s ]
INFO: [ app_end ] --END-- [ RunTime:0.000067s ]

[ 2019-12-20T21:36:32+08:00 ] 10.6.248.29 /Experiment/index.php/Teacher/Course/showMyCourse
INFO: [ app_init ] --START--
INFO: Run Behavior\BuildLiteBehavior [ RunTime:0.000017s ]
INFO: [ app_init ] --END-- [ RunTime:0.000118s ]
INFO: [ app_begin ] --START--
INFO: Run Behavior\ReadHtmlCacheBehavior [ RunTime:0.000053s ]
INFO: [ app_begin ] --END-- [ RunTime:0.000102s ]
SQL: SHOW COLUMNS FROM `course_teacher` [ RunTime:0.0006s ]
SQL: SELECT course_id  as cid FROM `course_teacher` WHERE ( teacher_id=1 )  [ RunTime:0.0001s ]
SQL: SHOW COLUMNS FROM `course` [ RunTime:0.0006s ]
SQL: SELECT * FROM `course` WHERE (  `cid` = '1' )  [ RunTime:0.0001s ]
SQL: SHOW COLUMNS FROM `view_course_teacher_class` [ RunTime:0.0007s ]
SQL: SHOW COLUMNS FROM `view_course_teacher_class` [ RunTime:0.0006s ]
SQL: SELECT t2.id,t2.class_name FROM view_course_teacher_class as t1,class as t2 WHERE ( t1.course_id=1 and t1.teacher_id=1 and t1.class_id=t2.id )  [ RunTime:0.0001s ]
INFO: [ view_parse ] --START--
INFO: [ template_filter ] --START--
INFO: Run Behavior\ContentReplaceBehavior [ RunTime:0.000042s ]
INFO: [ template_filter ] --END-- [ RunTime:0.000079s ]
NOTIC: [8] Undefined index: name /home/jianhanke/Experiment/Runtime/Cache/Teacher/62ad9855c24fb02f422ed820980edea9.php 第 61 行.
INFO: Run Behavior\ParseTemplateBehavior [ RunTime:0.005219s ]
INFO: [ view_parse ] --END-- [ RunTime:0.005260s ]
INFO: [ view_filter ] --START--
INFO: Run Behavior\WriteHtmlCacheBehavior [ RunTime:0.000039s ]
INFO: [ view_filter ] --END-- [ RunTime:0.000064s ]
INFO: [ app_end ] --START--
INFO: Run Behavior\ShowPageTraceBehavior [ RunTime:0.000033s ]
INFO: [ app_end ] --END-- [ RunTime:0.000056s ]

[ 2019-12-20T21:36:33+08:00 ] 10.6.248.29 /Experiment/index.php/Teacher/Course/courseToClassProgress/courseId/1/classId/1
INFO: [ app_init ] --START--
INFO: Run Behavior\BuildLiteBehavior [ RunTime:0.000013s ]
INFO: [ app_init ] --END-- [ RunTime:0.000090s ]
INFO: [ app_begin ] --START--
INFO: Run Behavior\ReadHtmlCacheBehavior [ RunTime:0.000044s ]
INFO: [ app_begin ] --END-- [ RunTime:0.000091s ]
SQL: SHOW COLUMNS FROM `chapter` [ RunTime:0.0006s ]
SQL: SHOW COLUMNS FROM `chapter` [ RunTime:0.0008s ]
SQL: SELECT t1.*,(select count(*) from chapter_report where chapter_id = t1.id ) as report_nums FROM chapter as t1 WHERE ( t1.to_course=1 )  [ RunTime:0.0005s ]
SQL: SHOW COLUMNS FROM `view_classwithdepartment` [ RunTime:0.0008s ]
ERR: Think\Model:show_ClassInfo_ById方法不存在！

[ 2019-12-20T21:36:36+08:00 ] 10.6.248.29 /Experiment/index.php/Teacher/Class/showMyClass
INFO: [ app_init ] --START--
INFO: Run Behavior\BuildLiteBehavior [ RunTime:0.000015s ]
INFO: [ app_init ] --END-- [ RunTime:0.000101s ]
INFO: [ app_begin ] --START--
INFO: Run Behavior\ReadHtmlCacheBehavior [ RunTime:0.000046s ]
INFO: [ app_begin ] --END-- [ RunTime:0.000090s ]
SQL: SHOW COLUMNS FROM `view_course_teacher_class` [ RunTime:0.0007s ]
SQL: SHOW COLUMNS FROM `view_course_teacher_class` [ RunTime:0.0006s ]
SQL: SELECT * FROM view_course_teacher_class as t1,view_classwithdepartment as t2,course as t3 WHERE ( t1.teacher_id=1 and t1.class_id=t2.id and t3.cid=t1.course_id  )  [ RunTime:0.0001s ]
INFO: [ view_parse ] --START--
INFO: [ template_filter ] --START--
INFO: Run Behavior\ContentReplaceBehavior [ RunTime:0.000046s ]
INFO: [ template_filter ] --END-- [ RunTime:0.000092s ]
NOTIC: [8] Undefined variable: count /home/jianhanke/Experiment/Runtime/Cache/Teacher/837be61514aedca62f1ca8f948e88cb9.php 第 35 行.
INFO: Run Behavior\ParseTemplateBehavior [ RunTime:0.003197s ]
INFO: [ view_parse ] --END-- [ RunTime:0.003241s ]
INFO: [ view_filter ] --START--
INFO: Run Behavior\WriteHtmlCacheBehavior [ RunTime:0.000049s ]
INFO: [ view_filter ] --END-- [ RunTime:0.000080s ]
INFO: [ app_end ] --START--
INFO: Run Behavior\ShowPageTraceBehavior [ RunTime:0.000041s ]
INFO: [ app_end ] --END-- [ RunTime:0.000070s ]

[ 2019-12-20T21:36:37+08:00 ] 10.6.248.29 /Experiment/index.php/Teacher/Course/otherCourse
INFO: [ app_init ] --START--
INFO: Run Behavior\BuildLiteBehavior [ RunTime:0.000013s ]
INFO: [ app_init ] --END-- [ RunTime:0.000085s ]
INFO: [ app_begin ] --START--
INFO: Run Behavior\ReadHtmlCacheBehavior [ RunTime:0.000042s ]
INFO: [ app_begin ] --END-- [ RunTime:0.000088s ]
SQL: SHOW COLUMNS FROM `course_teacher` [ RunTime:0.0006s ]
SQL: SELECT course_id  as cid FROM `course_teacher` WHERE ( teacher_id=1 )  [ RunTime:0.0001s ]
SQL: SHOW COLUMNS FROM `course` [ RunTime:0.0006s ]
SQL: SELECT * FROM `course` WHERE (  `cid` <> '1' )  [ RunTime:0.0001s ]
INFO: [ view_parse ] --START--
INFO: [ template_filter ] --START--
INFO: Run Behavior\ContentReplaceBehavior [ RunTime:0.000048s ]
INFO: [ template_filter ] --END-- [ RunTime:0.000101s ]
NOTIC: [8] Undefined index: name /home/jianhanke/Experiment/Runtime/Cache/Teacher/6505cf68f3b659c4c994b35c1ca15e70.php 第 61 行.
INFO: Run Behavior\ParseTemplateBehavior [ RunTime:0.004664s ]
INFO: [ view_parse ] --END-- [ RunTime:0.004712s ]
INFO: [ view_filter ] --START--
INFO: Run Behavior\WriteHtmlCacheBehavior [ RunTime:0.000045s ]
INFO: [ view_filter ] --END-- [ RunTime:0.000077s ]
INFO: [ app_end ] --START--
INFO: Run Behavior\ShowPageTraceBehavior [ RunTime:0.000035s ]
INFO: [ app_end ] --END-- [ RunTime:0.000067s ]

[ 2019-12-20T21:36:37+08:00 ] 10.6.248.29 /Experiment/index.php/Teacher/Class/showMyClass
INFO: [ app_init ] --START--
INFO: Run Behavior\BuildLiteBehavior [ RunTime:0.000013s ]
INFO: [ app_init ] --END-- [ RunTime:0.000084s ]
INFO: [ app_begin ] --START--
INFO: Run Behavior\ReadHtmlCacheBehavior [ RunTime:0.000044s ]
INFO: [ app_begin ] --END-- [ RunTime:0.000090s ]
SQL: SHOW COLUMNS FROM `view_course_teacher_class` [ RunTime:0.0007s ]
SQL: SHOW COLUMNS FROM `view_course_teacher_class` [ RunTime:0.0006s ]
SQL: SELECT * FROM view_course_teacher_class as t1,view_classwithdepartment as t2,course as t3 WHERE ( t1.teacher_id=1 and t1.class_id=t2.id and t3.cid=t1.course_id  )  [ RunTime:0.0001s ]
INFO: [ view_parse ] --START--
INFO: [ template_filter ] --START--
INFO: Run Behavior\ContentReplaceBehavior [ RunTime:0.000044s ]
INFO: [ template_filter ] --END-- [ RunTime:0.000092s ]
NOTIC: [8] Undefined variable: count /home/jianhanke/Experiment/Runtime/Cache/Teacher/837be61514aedca62f1ca8f948e88cb9.php 第 35 行.
INFO: Run Behavior\ParseTemplateBehavior [ RunTime:0.003152s ]
INFO: [ view_parse ] --END-- [ RunTime:0.003199s ]
INFO: [ view_filter ] --START--
INFO: Run Behavior\WriteHtmlCacheBehavior [ RunTime:0.000043s ]
INFO: [ view_filter ] --END-- [ RunTime:0.000094s ]
INFO: [ app_end ] --START--
INFO: Run Behavior\ShowPageTraceBehavior [ RunTime:0.000037s ]
INFO: [ app_end ] --END-- [ RunTime:0.000069s ]

[ 2019-12-20T21:36:38+08:00 ] 10.6.248.29 /Experiment/index.php/Teacher/Course/showMyCourse
INFO: [ app_init ] --START--
INFO: Run Behavior\BuildLiteBehavior [ RunTime:0.000011s ]
INFO: [ app_init ] --END-- [ RunTime:0.000074s ]
INFO: [ app_begin ] --START--
INFO: Run Behavior\ReadHtmlCacheBehavior [ RunTime:0.000037s ]
INFO: [ app_begin ] --END-- [ RunTime:0.000077s ]
SQL: SHOW COLUMNS FROM `course_teacher` [ RunTime:0.0005s ]
SQL: SELECT course_id  as cid FROM `course_teacher` WHERE ( teacher_id=1 )  [ RunTime:0.0001s ]
SQL: SHOW COLUMNS FROM `course` [ RunTime:0.0005s ]
SQL: SELECT * FROM `course` WHERE (  `cid` = '1' )  [ RunTime:0.0001s ]
SQL: SHOW COLUMNS FROM `view_course_teacher_class` [ RunTime:0.0006s ]
SQL: SHOW COLUMNS FROM `view_course_teacher_class` [ RunTime:0.0005s ]
SQL: SELECT t2.id,t2.class_name FROM view_course_teacher_class as t1,class as t2 WHERE ( t1.course_id=1 and t1.teacher_id=1 and t1.class_id=t2.id )  [ RunTime:0.0001s ]
INFO: [ view_parse ] --START--
INFO: [ template_filter ] --START--
INFO: Run Behavior\ContentReplaceBehavior [ RunTime:0.000047s ]
INFO: [ template_filter ] --END-- [ RunTime:0.000092s ]
NOTIC: [8] Undefined index: name /home/jianhanke/Experiment/Runtime/Cache/Teacher/62ad9855c24fb02f422ed820980edea9.php 第 61 行.
INFO: Run Behavior\ParseTemplateBehavior [ RunTime:0.005322s ]
INFO: [ view_parse ] --END-- [ RunTime:0.005366s ]
INFO: [ view_filter ] --START--
INFO: Run Behavior\WriteHtmlCacheBehavior [ RunTime:0.000039s ]
INFO: [ view_filter ] --END-- [ RunTime:0.000067s ]
INFO: [ app_end ] --START--
INFO: Run Behavior\ShowPageTraceBehavior [ RunTime:0.000031s ]
INFO: [ app_end ] --END-- [ RunTime:0.000058s ]

[ 2019-12-20T21:36:39+08:00 ] 10.6.248.29 /Experiment/index.php/Teacher/Course/courseToClassProgress/courseId/1/classId/1
INFO: [ app_init ] --START--
INFO: Run Behavior\BuildLiteBehavior [ RunTime:0.000012s ]
INFO: [ app_init ] --END-- [ RunTime:0.000088s ]
INFO: [ app_begin ] --START--
INFO: Run Behavior\ReadHtmlCacheBehavior [ RunTime:0.000044s ]
INFO: [ app_begin ] --END-- [ RunTime:0.000087s ]
SQL: SHOW COLUMNS FROM `chapter` [ RunTime:0.0009s ]
SQL: SHOW COLUMNS FROM `chapter` [ RunTime:0.0005s ]
SQL: SELECT t1.*,(select count(*) from chapter_report where chapter_id = t1.id ) as report_nums FROM chapter as t1 WHERE ( t1.to_course=1 )  [ RunTime:0.0001s ]
SQL: SHOW COLUMNS FROM `view_classwithdepartment` [ RunTime:0.0006s ]
ERR: Think\Model:show_ClassInfo_ById方法不存在！

